2023-03-18 16:22:05,722 - INFO - --batch_size 128
2023-03-18 16:22:05,722 - INFO - --data inat21_mini
2023-03-18 16:22:05,722 - INFO - --data_dir ./datasets/iNat2021
2023-03-18 16:22:05,722 - INFO - --device_name NVIDIA GeForce RTX 3090
2023-03-18 16:22:05,722 - INFO - --evaluate False
2023-03-18 16:22:05,722 - INFO - --fold 1
2023-03-18 16:22:05,722 - INFO - --image_only False
2023-03-18 16:22:05,723 - INFO - --metadata geo_temporal
2023-03-18 16:22:05,723 - INFO - --mlp_cin 6
2023-03-18 16:22:05,723 - INFO - --mlp_hidden 64
2023-03-18 16:22:05,723 - INFO - --mlp_num_layers 2
2023-03-18 16:22:05,723 - INFO - --mlp_out_channel 256
2023-03-18 16:22:05,723 - INFO - --mlp_type c
2023-03-18 16:22:05,723 - INFO - --model_file resnet_dynamic_mlp
2023-03-18 16:22:05,723 - INFO - --model_name resnet50
2023-03-18 16:22:05,723 - INFO - --name res50_dynamic_mlp_c
2023-03-18 16:22:05,723 - INFO - --num_classes 10000
2023-03-18 16:22:05,723 - INFO - --num_workers 8
2023-03-18 16:22:05,723 - INFO - --path_log ./outputs/inat21_mini/res50_dynamic_mlp_c
2023-03-18 16:22:05,723 - INFO - --pretrained True
2023-03-18 16:22:05,723 - INFO - --random_seed 37
2023-03-18 16:22:05,723 - INFO - --resume Latest
2023-03-18 16:22:05,723 - INFO - --save_dir ./outputs
2023-03-18 16:22:05,723 - INFO - --start_lr 0.04
2023-03-18 16:22:05,723 - INFO - --stop_epoch 90
2023-03-18 16:22:05,723 - INFO - --storeinfo 3090_3
2023-03-18 16:22:05,723 - INFO - --tencrop False
2023-03-18 16:22:05,723 - INFO - --warmup 2
2023-03-18 16:22:05,723 - INFO - Creating model:resnet_dynamic_mlp -> resnet50
2023-03-18 16:22:05,723 - INFO - type: c, cin: 6, d: 256, h: 64, N: 2
2023-03-18 16:22:10,594 - INFO - => loading checkpoint './outputs/inat21_mini/res50_dynamic_mlp_c/res50_dynamic_mlp_c-Latest.pth'
2023-03-18 16:22:10,984 - INFO - => loaded checkpoint './outputs/inat21_mini/res50_dynamic_mlp_c/res50_dynamic_mlp_c-Latest.pth' (epoch 36)
2023-03-18 16:22:10,984 - INFO - eval epoch 36
2023-03-18 16:22:12,139 - INFO - Test: [0/782]	Time 1.153 (1.153)	Loss 2.5539 (2.5539)	Acc@1 66.406 (66.406)	Acc@5 92.969 (92.969)
