2023-03-22 00:54:27,732 - INFO - --batch_size 128
2023-03-22 00:54:27,733 - INFO - --data inat21_mini
2023-03-22 00:54:27,733 - INFO - --data_dir ./datasets/iNat2021
2023-03-22 00:54:27,733 - INFO - --device_name NVIDIA GeForce RTX 3090
2023-03-22 00:54:27,733 - INFO - --evaluate False
2023-03-22 00:54:27,733 - INFO - --fold 1
2023-03-22 00:54:27,733 - INFO - --image_only False
2023-03-22 00:54:27,733 - INFO - --metadata geo_temporal
2023-03-22 00:54:27,733 - INFO - --mlp_cin 6
2023-03-22 00:54:27,733 - INFO - --mlp_hidden 64
2023-03-22 00:54:27,733 - INFO - --mlp_num_layers 2
2023-03-22 00:54:27,733 - INFO - --mlp_out_channel 256
2023-03-22 00:54:27,733 - INFO - --mlp_type c
2023-03-22 00:54:27,733 - INFO - --model_file resnet_dynamic_mlp
2023-03-22 00:54:27,733 - INFO - --model_name resnet50
2023-03-22 00:54:27,733 - INFO - --name res50_dynamic_mlp_c
2023-03-22 00:54:27,733 - INFO - --num_classes 10000
2023-03-22 00:54:27,733 - INFO - --num_workers 8
2023-03-22 00:54:27,733 - INFO - --path_log ./outputs/inat21_mini/res50_dynamic_mlp_c
2023-03-22 00:54:27,734 - INFO - --pretrained True
2023-03-22 00:54:27,734 - INFO - --random_seed 37
2023-03-22 00:54:27,734 - INFO - --resume Latest
2023-03-22 00:54:27,734 - INFO - --save_dir ./outputs
2023-03-22 00:54:27,734 - INFO - --start_lr 0.04
2023-03-22 00:54:27,734 - INFO - --stop_epoch 130
2023-03-22 00:54:27,734 - INFO - --storeinfo 3090_3
2023-03-22 00:54:27,734 - INFO - --tencrop False
2023-03-22 00:54:27,734 - INFO - --warmup 2
2023-03-22 00:54:27,734 - INFO - Creating model:resnet_dynamic_mlp -> resnet50
2023-03-22 00:54:27,734 - INFO - type: c, cin: 6, d: 256, h: 64, N: 2
2023-03-22 00:54:32,937 - INFO - => loading checkpoint './outputs/inat21_mini/res50_dynamic_mlp_c/res50_dynamic_mlp_c-Latest.pth'
2023-03-22 00:54:33,318 - INFO - => loaded checkpoint './outputs/inat21_mini/res50_dynamic_mlp_c/res50_dynamic_mlp_c-Latest.pth' (epoch 110)
2023-03-22 00:54:33,318 - INFO - eval epoch 110
2023-03-22 00:54:34,504 - INFO - Test: [0/782]	Time 1.185 (1.185)	Loss 2.1708 (2.1708)	Acc@1 80.469 (80.469)	Acc@5 95.312 (95.312)
2023-03-22 00:56:48,696 - INFO - Test: [200/782]	Time 0.662 (0.674)	Loss 2.3511 (2.4249)	Acc@1 74.219 (76.003)	Acc@5 90.625 (91.527)
2023-03-22 00:59:02,704 - INFO - Test: [400/782]	Time 0.699 (0.672)	Loss 2.3560 (2.4039)	Acc@1 77.344 (76.707)	Acc@5 91.406 (91.905)
2023-03-22 01:01:17,802 - INFO - Test: [600/782]	Time 0.664 (0.673)	Loss 2.5391 (2.3737)	Acc@1 71.875 (77.479)	Acc@5 89.062 (92.221)
2023-03-22 01:03:18,443 - INFO -  * Acc@1 77.939 Acc@5 92.491
2023-03-22 01:03:18,443 - INFO - Max accuracy: 78.3730%
2023-03-22 01:03:18,443 - INFO - Start training
2023-03-22 01:03:23,408 - INFO - Train: [111/130][0/3907]	eta 5:23:08 lr 0.00229088	time 4.9626 (4.9626)	loss 2.2875 (2.2875)	acc@1: 89.0060	acc@5: 93.4149	
2023-03-22 01:04:18,336 - INFO - Train: [111/130][300/3907]	eta 0:11:57 lr 0.00229088	time 0.1978 (0.1990)	loss 4.7109 (3.1524)	acc@1: 44.2426	acc@5: 60.0060	
2023-03-22 01:05:14,250 - INFO - Train: [111/130][600/3907]	eta 0:10:37 lr 0.00229088	time 0.1926 (0.1927)	loss 2.7160 (3.1492)	acc@1: 79.3358	acc@5: 88.0506	
2023-03-22 01:06:10,399 - INFO - Train: [111/130][900/3907]	eta 0:09:33 lr 0.00229088	time 0.1943 (0.1908)	loss 3.4193 (3.1264)	acc@1: 72.0876	acc@5: 79.8578	
2023-03-22 01:07:06,592 - INFO - Train: [111/130][1200/3907]	eta 0:08:34 lr 0.00229088	time 0.1860 (0.1900)	loss 2.5877 (3.0930)	acc@1: 85.9833	acc@5: 90.2792	
2023-03-22 01:08:02,788 - INFO - Train: [111/130][1500/3907]	eta 0:07:35 lr 0.00229088	time 0.1979 (0.1894)	loss 2.3038 (3.0965)	acc@1: 91.8719	acc@5: 93.3537	
2023-03-22 01:08:58,751 - INFO - Train: [111/130][1800/3907]	eta 0:06:38 lr 0.00229088	time 0.1819 (0.1889)	loss 2.4242 (3.1043)	acc@1: 81.2404	acc@5: 89.5119	
2023-03-22 01:09:54,147 - INFO - Train: [111/130][2100/3907]	eta 0:05:40 lr 0.00229088	time 0.1739 (0.1883)	loss 4.5118 (3.0989)	acc@1: 43.3973	acc@5: 62.4131	
2023-03-22 01:10:46,146 - INFO - Train: [111/130][2400/3907]	eta 0:04:40 lr 0.00229088	time 0.1835 (0.1865)	loss 3.5701 (3.1062)	acc@1: 69.6514	acc@5: 76.2794	
2023-03-22 01:11:38,067 - INFO - Train: [111/130][2700/3907]	eta 0:03:43 lr 0.00229088	time 0.1698 (0.1850)	loss 2.5709 (3.1260)	acc@1: 83.4045	acc@5: 89.9891	
2023-03-22 01:12:29,999 - INFO - Train: [111/130][3000/3907]	eta 0:02:46 lr 0.00229088	time 0.1760 (0.1838)	loss 3.1884 (3.1415)	acc@1: 73.4401	acc@5: 84.6116	
2023-03-22 01:13:22,311 - INFO - Train: [111/130][3300/3907]	eta 0:01:51 lr 0.00229088	time 0.1743 (0.1829)	loss 2.0504 (3.1572)	acc@1: 89.8162	acc@5: 93.7212	
2023-03-22 01:14:14,390 - INFO - Train: [111/130][3600/3907]	eta 0:00:55 lr 0.00229088	time 0.1770 (0.1822)	loss 4.3742 (3.1701)	acc@1: 51.9232	acc@5: 65.8749	
2023-03-22 01:15:06,332 - INFO - Train: [111/130][3900/3907]	eta 0:00:01 lr 0.00229088	time 0.1756 (0.1815)	loss 4.3182 (3.1788)	acc@1: 52.9973	acc@5: 69.2359	
2023-03-22 01:15:08,031 - INFO - EPOCH 111 training takes 0:11:49
2023-03-22 01:15:09,543 - INFO - ./outputs/inat21_mini/res50_dynamic_mlp_c/res50_dynamic_mlp_c-Latest.pth saved !!!
2023-03-22 01:15:09,543 - INFO - **********Latest test***********
2023-03-22 01:15:09,543 - INFO - eval epoch 111
2023-03-22 01:15:10,224 - INFO - Test: [0/782]	Time 0.677 (0.677)	Loss 2.2546 (2.2546)	Acc@1 79.688 (79.688)	Acc@5 95.312 (95.312)
2023-03-22 01:17:22,371 - INFO - Test: [200/782]	Time 0.653 (0.661)	Loss 2.3988 (2.5103)	Acc@1 75.000 (74.580)	Acc@5 90.625 (90.590)
2023-03-22 01:19:35,526 - INFO - Test: [400/782]	Time 0.664 (0.663)	Loss 2.4102 (2.4865)	Acc@1 75.781 (75.181)	Acc@5 90.625 (91.063)
2023-03-22 01:21:49,909 - INFO - Test: [600/782]	Time 0.639 (0.666)	Loss 2.6315 (2.4569)	Acc@1 71.875 (76.026)	Acc@5 89.062 (91.436)
2023-03-22 01:23:48,620 - INFO -  * Acc@1 76.431 Acc@5 91.735
2023-03-22 01:23:48,621 - INFO - Max accuracy: 78.3730%
2023-03-22 01:23:50,074 - INFO - ./outputs/inat21_mini/res50_dynamic_mlp_c/res50_dynamic_mlp_c-Best.pth saved !!!
2023-03-22 01:23:50,074 - INFO - Exp path: ./outputs/inat21_mini/res50_dynamic_mlp_c
2023-03-22 01:23:52,422 - INFO - Train: [112/130][0/3907]	eta 2:32:21 lr 0.00207146	time 2.3398 (2.3398)	loss 3.6195 (3.6195)	acc@1: 68.6662	acc@5: 77.3697	
2023-03-22 01:24:47,862 - INFO - Train: [112/130][300/3907]	eta 0:11:32 lr 0.00207146	time 0.1915 (0.1920)	loss 4.6978 (3.0354)	acc@1: 39.0632	acc@5: 55.9282	
2023-03-22 01:25:43,898 - INFO - Train: [112/130][600/3907]	eta 0:10:26 lr 0.00207146	time 0.2019 (0.1894)	loss 4.7888 (3.0663)	acc@1: 38.0484	acc@5: 55.1785	
2023-03-22 01:26:39,894 - INFO - Train: [112/130][900/3907]	eta 0:09:26 lr 0.00207146	time 0.1813 (0.1885)	loss 3.5360 (3.0759)	acc@1: 71.5790	acc@5: 78.3964	
2023-03-22 01:27:35,803 - INFO - Train: [112/130][1200/3907]	eta 0:08:28 lr 0.00207146	time 0.1999 (0.1879)	loss 1.9006 (3.0675)	acc@1: 91.7704	acc@5: 97.1680	
2023-03-22 01:28:31,471 - INFO - Train: [112/130][1500/3907]	eta 0:07:31 lr 0.00207146	time 0.1820 (0.1875)	loss 2.1132 (3.1064)	acc@1: 89.2178	acc@5: 94.5556	
2023-03-22 01:29:27,368 - INFO - Train: [112/130][1800/3907]	eta 0:06:34 lr 0.00207146	time 0.1816 (0.1873)	loss 1.9234 (3.0933)	acc@1: 89.3547	acc@5: 97.9017	
2023-03-22 01:30:22,508 - INFO - Train: [112/130][2100/3907]	eta 0:05:37 lr 0.00207146	time 0.1737 (0.1868)	loss 3.0297 (3.1061)	acc@1: 79.0177	acc@5: 85.1867	
2023-03-22 01:31:14,872 - INFO - Train: [112/130][2400/3907]	eta 0:04:39 lr 0.00207146	time 0.1688 (0.1852)	loss 2.8677 (3.1242)	acc@1: 78.1772	acc@5: 86.7691	
2023-03-22 01:32:07,121 - INFO - Train: [112/130][2700/3907]	eta 0:03:42 lr 0.00207146	time 0.1741 (0.1840)	loss 4.7702 (3.1342)	acc@1: 38.0717	acc@5: 59.2949	
2023-03-22 01:32:59,323 - INFO - Train: [112/130][3000/3907]	eta 0:02:45 lr 0.00207146	time 0.1905 (0.1830)	loss 3.6027 (3.1547)	acc@1: 68.7285	acc@5: 76.8513	
2023-03-22 01:33:51,314 - INFO - Train: [112/130][3300/3907]	eta 0:01:50 lr 0.00207146	time 0.1735 (0.1821)	loss 3.4654 (3.1653)	acc@1: 73.9039	acc@5: 80.7365	
2023-03-22 01:34:43,566 - INFO - Train: [112/130][3600/3907]	eta 0:00:55 lr 0.00207146	time 0.1775 (0.1815)	loss 3.2190 (3.1774)	acc@1: 76.9956	acc@5: 83.3566	
2023-03-22 01:35:35,612 - INFO - Train: [112/130][3900/3907]	eta 0:00:01 lr 0.00207146	time 0.1679 (0.1809)	loss 3.3945 (3.1833)	acc@1: 69.7520	acc@5: 78.1124	
2023-03-22 01:35:36,783 - INFO - EPOCH 112 training takes 0:11:46
2023-03-22 01:35:37,478 - INFO - ./outputs/inat21_mini/res50_dynamic_mlp_c/res50_dynamic_mlp_c-Latest.pth saved !!!
2023-03-22 01:35:37,479 - INFO - **********Latest test***********
2023-03-22 01:35:37,479 - INFO - eval epoch 112
2023-03-22 01:35:38,132 - INFO - Test: [0/782]	Time 0.652 (0.652)	Loss 2.2289 (2.2289)	Acc@1 78.906 (78.906)	Acc@5 94.531 (94.531)
2023-03-22 01:37:50,802 - INFO - Test: [200/782]	Time 0.655 (0.663)	Loss 2.4406 (2.5089)	Acc@1 73.438 (74.502)	Acc@5 89.062 (90.745)
2023-03-22 01:40:02,817 - INFO - Test: [400/782]	Time 0.678 (0.662)	Loss 2.4058 (2.4843)	Acc@1 77.344 (75.148)	Acc@5 91.406 (91.091)
2023-03-22 01:42:15,862 - INFO - Test: [600/782]	Time 0.644 (0.663)	Loss 2.6204 (2.4549)	Acc@1 71.875 (75.888)	Acc@5 89.062 (91.458)
2023-03-22 01:44:13,760 - INFO -  * Acc@1 76.361 Acc@5 91.748
2023-03-22 01:44:13,760 - INFO - Max accuracy: 78.3730%
2023-03-22 01:44:13,760 - INFO - Exp path: ./outputs/inat21_mini/res50_dynamic_mlp_c
2023-03-22 01:44:16,151 - INFO - Train: [113/130][0/3907]	eta 2:35:29 lr 0.00186251	time 2.3879 (2.3879)	loss 2.6385 (2.6385)	acc@1: 84.2385	acc@5: 88.5553	
2023-03-22 01:45:11,096 - INFO - Train: [113/130][300/3907]	eta 0:11:27 lr 0.00186251	time 0.1791 (0.1905)	loss 2.6960 (3.0730)	acc@1: 84.5991	acc@5: 88.2241	
2023-03-22 01:46:06,717 - INFO - Train: [113/130][600/3907]	eta 0:10:21 lr 0.00186251	time 0.1971 (0.1879)	loss 2.3733 (3.0574)	acc@1: 88.1076	acc@5: 92.5106	
2023-03-22 01:47:02,694 - INFO - Train: [113/130][900/3907]	eta 0:09:23 lr 0.00186251	time 0.1763 (0.1875)	loss 2.2400 (3.0780)	acc@1: 88.0484	acc@5: 93.3127	
2023-03-22 01:47:58,522 - INFO - Train: [113/130][1200/3907]	eta 0:08:26 lr 0.00186251	time 0.1780 (0.1871)	loss 3.1888 (3.0999)	acc@1: 73.2090	acc@5: 83.3624	
2023-03-22 01:48:54,633 - INFO - Train: [113/130][1500/3907]	eta 0:07:30 lr 0.00186251	time 0.1953 (0.1871)	loss 1.9394 (3.1071)	acc@1: 91.4488	acc@5: 96.1111	
2023-03-22 01:49:50,603 - INFO - Train: [113/130][1800/3907]	eta 0:06:34 lr 0.00186251	time 0.1908 (0.1870)	loss 1.8808 (3.0975)	acc@1: 90.6713	acc@5: 96.0961	
2023-03-22 01:50:46,388 - INFO - Train: [113/130][2100/3907]	eta 0:05:37 lr 0.00186251	time 0.1908 (0.1869)	loss 2.5760 (3.0976)	acc@1: 85.2070	acc@5: 89.4998	
2023-03-22 01:51:42,452 - INFO - Train: [113/130][2400/3907]	eta 0:04:41 lr 0.00186251	time 0.1951 (0.1869)	loss 4.0848 (3.1114)	acc@1: 57.6522	acc@5: 69.4536	
2023-03-22 01:52:35,533 - INFO - Train: [113/130][2700/3907]	eta 0:03:44 lr 0.00186251	time 0.1858 (0.1858)	loss 2.2982 (3.1337)	acc@1: 87.6556	acc@5: 92.1507	
2023-03-22 01:53:27,876 - INFO - Train: [113/130][3000/3907]	eta 0:02:47 lr 0.00186251	time 0.1704 (0.1846)	loss 4.2419 (3.1354)	acc@1: 56.3414	acc@5: 68.1750	
2023-03-22 01:54:19,873 - INFO - Train: [113/130][3300/3907]	eta 0:01:51 lr 0.00186251	time 0.1686 (0.1836)	loss 2.7520 (3.1332)	acc@1: 81.4860	acc@5: 86.4895	
2023-03-22 01:55:12,218 - INFO - Train: [113/130][3600/3907]	eta 0:00:56 lr 0.00186251	time 0.1737 (0.1828)	loss 1.9070 (3.1405)	acc@1: 89.4219	acc@5: 94.8647	
2023-03-22 01:56:04,563 - INFO - Train: [113/130][3900/3907]	eta 0:00:01 lr 0.00186251	time 0.1737 (0.1822)	loss 2.5255 (3.1540)	acc@1: 82.2430	acc@5: 89.6926	
2023-03-22 01:56:05,744 - INFO - EPOCH 113 training takes 0:11:51
2023-03-22 01:56:07,249 - INFO - ./outputs/inat21_mini/res50_dynamic_mlp_c/res50_dynamic_mlp_c-Latest.pth saved !!!
2023-03-22 01:56:07,250 - INFO - **********Latest test***********
2023-03-22 01:56:07,250 - INFO - eval epoch 113
2023-03-22 01:56:07,927 - INFO - Test: [0/782]	Time 0.676 (0.676)	Loss 2.2000 (2.2000)	Acc@1 78.906 (78.906)	Acc@5 94.531 (94.531)
2023-03-22 01:58:20,713 - INFO - Test: [200/782]	Time 0.661 (0.664)	Loss 2.4465 (2.4924)	Acc@1 72.656 (74.569)	Acc@5 89.062 (90.563)
2023-03-22 02:00:33,138 - INFO - Test: [400/782]	Time 0.673 (0.663)	Loss 2.3780 (2.4687)	Acc@1 77.344 (75.245)	Acc@5 91.406 (91.095)
2023-03-22 02:02:46,540 - INFO - Test: [600/782]	Time 0.654 (0.664)	Loss 2.5722 (2.4369)	Acc@1 72.656 (76.165)	Acc@5 89.062 (91.479)
2023-03-22 02:04:45,496 - INFO -  * Acc@1 76.602 Acc@5 91.765
2023-03-22 02:04:45,496 - INFO - Max accuracy: 78.3730%
2023-03-22 02:04:46,972 - INFO - ./outputs/inat21_mini/res50_dynamic_mlp_c/res50_dynamic_mlp_c-Best.pth saved !!!
2023-03-22 02:04:46,972 - INFO - Exp path: ./outputs/inat21_mini/res50_dynamic_mlp_c
2023-03-22 02:04:49,226 - INFO - Train: [114/130][0/3907]	eta 2:26:25 lr 0.00166416	time 2.2486 (2.2486)	loss 1.7911 (1.7911)	acc@1: 92.8892	acc@5: 97.5727	
2023-03-22 02:05:44,521 - INFO - Train: [114/130][300/3907]	eta 0:11:29 lr 0.00166416	time 0.1809 (0.1912)	loss 2.2365 (3.0623)	acc@1: 88.1822	acc@5: 92.6643	
2023-03-22 02:06:40,533 - INFO - Train: [114/130][600/3907]	eta 0:10:24 lr 0.00166416	time 0.1945 (0.1889)	loss 4.9441 (3.1422)	acc@1: 32.7832	acc@5: 53.0957	
2023-03-22 02:07:36,835 - INFO - Train: [114/130][900/3907]	eta 0:09:26 lr 0.00166416	time 0.1798 (0.1885)	loss 4.8077 (3.1176)	acc@1: 37.0772	acc@5: 56.4335	
2023-03-22 02:08:33,000 - INFO - Train: [114/130][1200/3907]	eta 0:08:29 lr 0.00166416	time 0.1820 (0.1882)	loss 3.0569 (3.1072)	acc@1: 76.2893	acc@5: 81.9755	
2023-03-22 02:09:28,930 - INFO - Train: [114/130][1500/3907]	eta 0:07:32 lr 0.00166416	time 0.1837 (0.1878)	loss 4.7337 (3.0847)	acc@1: 42.4155	acc@5: 60.1919	
2023-03-22 02:10:24,948 - INFO - Train: [114/130][1800/3907]	eta 0:06:35 lr 0.00166416	time 0.1969 (0.1877)	loss 1.9629 (3.1052)	acc@1: 88.1140	acc@5: 94.3522	
2023-03-22 02:11:20,586 - INFO - Train: [114/130][2100/3907]	eta 0:05:38 lr 0.00166416	time 0.1773 (0.1873)	loss 3.7553 (3.1012)	acc@1: 66.4716	acc@5: 75.9906	
2023-03-22 02:12:16,231 - INFO - Train: [114/130][2400/3907]	eta 0:04:41 lr 0.00166416	time 0.1971 (0.1871)	loss 3.1923 (3.1031)	acc@1: 76.2069	acc@5: 83.8303	
2023-03-22 02:13:12,035 - INFO - Train: [114/130][2700/3907]	eta 0:03:45 lr 0.00166416	time 0.2076 (0.1870)	loss 1.9969 (3.1069)	acc@1: 91.3019	acc@5: 95.9039	
2023-03-22 02:14:05,970 - INFO - Train: [114/130][3000/3907]	eta 0:02:48 lr 0.00166416	time 0.1737 (0.1863)	loss 1.7781 (3.1108)	acc@1: 93.7335	acc@5: 96.8579	
2023-03-22 02:14:57,902 - INFO - Train: [114/130][3300/3907]	eta 0:01:52 lr 0.00166416	time 0.1689 (0.1851)	loss 5.1202 (3.1144)	acc@1: 30.7549	acc@5: 47.6587	
2023-03-22 02:15:50,155 - INFO - Train: [114/130][3600/3907]	eta 0:00:56 lr 0.00166416	time 0.1736 (0.1842)	loss 3.1715 (3.1078)	acc@1: 76.6400	acc@5: 81.5540	
2023-03-22 02:16:42,179 - INFO - Train: [114/130][3900/3907]	eta 0:00:01 lr 0.00166416	time 0.1684 (0.1833)	loss 4.5672 (3.1140)	acc@1: 45.2531	acc@5: 57.3577	
2023-03-22 02:16:43,363 - INFO - EPOCH 114 training takes 0:11:56
2023-03-22 02:16:44,880 - INFO - ./outputs/inat21_mini/res50_dynamic_mlp_c/res50_dynamic_mlp_c-Latest.pth saved !!!
2023-03-22 02:16:44,880 - INFO - **********Latest test***********
2023-03-22 02:16:44,880 - INFO - eval epoch 114
2023-03-22 02:16:45,556 - INFO - Test: [0/782]	Time 0.675 (0.675)	Loss 2.2007 (2.2007)	Acc@1 78.125 (78.125)	Acc@5 95.312 (95.312)
2023-03-22 02:18:57,247 - INFO - Test: [200/782]	Time 0.704 (0.659)	Loss 2.4372 (2.5036)	Acc@1 71.094 (74.110)	Acc@5 88.281 (90.501)
2023-03-22 02:21:09,969 - INFO - Test: [400/782]	Time 0.680 (0.661)	Loss 2.4493 (2.4812)	Acc@1 75.000 (74.829)	Acc@5 90.625 (90.880)
2023-03-22 02:23:22,912 - INFO - Test: [600/782]	Time 0.687 (0.662)	Loss 2.5876 (2.4513)	Acc@1 73.438 (75.621)	Acc@5 88.281 (91.300)
2023-03-22 02:25:21,108 - INFO -  * Acc@1 76.064 Acc@5 91.632
2023-03-22 02:25:21,108 - INFO - Max accuracy: 78.3730%
2023-03-22 02:25:21,109 - INFO - Exp path: ./outputs/inat21_mini/res50_dynamic_mlp_c
2023-03-22 02:25:23,432 - INFO - Train: [115/130][0/3907]	eta 2:31:08 lr 0.00147651	time 2.3211 (2.3211)	loss 1.8449 (1.8449)	acc@1: 89.7860	acc@5: 96.0319	
2023-03-22 02:26:18,804 - INFO - Train: [115/130][300/3907]	eta 0:11:31 lr 0.00147651	time 0.1829 (0.1917)	loss 2.7898 (3.0548)	acc@1: 82.8556	acc@5: 86.4455	
2023-03-22 02:27:14,846 - INFO - Train: [115/130][600/3907]	eta 0:10:25 lr 0.00147651	time 0.1775 (0.1892)	loss 3.6102 (3.1082)	acc@1: 67.7176	acc@5: 76.8232	
2023-03-22 02:28:10,561 - INFO - Train: [115/130][900/3907]	eta 0:09:25 lr 0.00147651	time 0.2044 (0.1881)	loss 1.8959 (3.0885)	acc@1: 91.4050	acc@5: 97.5498	
2023-03-22 02:29:06,284 - INFO - Train: [115/130][1200/3907]	eta 0:08:27 lr 0.00147651	time 0.1764 (0.1875)	loss 1.8291 (3.1074)	acc@1: 91.1896	acc@5: 96.6451	
2023-03-22 02:30:02,030 - INFO - Train: [115/130][1500/3907]	eta 0:07:30 lr 0.00147651	time 0.2001 (0.1871)	loss 4.8249 (3.1054)	acc@1: 30.9386	acc@5: 53.3784	
2023-03-22 02:30:57,912 - INFO - Train: [115/130][1800/3907]	eta 0:06:34 lr 0.00147651	time 0.1949 (0.1870)	loss 3.3487 (3.0977)	acc@1: 71.6514	acc@5: 79.4049	
2023-03-22 02:31:53,852 - INFO - Train: [115/130][2100/3907]	eta 0:05:37 lr 0.00147651	time 0.2004 (0.1869)	loss 4.8402 (3.1013)	acc@1: 39.0710	acc@5: 53.4598	
2023-03-22 02:32:49,697 - INFO - Train: [115/130][2400/3907]	eta 0:04:41 lr 0.00147651	time 0.1890 (0.1868)	loss 1.9470 (3.1101)	acc@1: 92.6196	acc@5: 97.2123	
2023-03-22 02:33:45,557 - INFO - Train: [115/130][2700/3907]	eta 0:03:45 lr 0.00147651	time 0.1839 (0.1868)	loss 2.0561 (3.1068)	acc@1: 90.5924	acc@5: 93.6765	
2023-03-22 02:34:41,687 - INFO - Train: [115/130][3000/3907]	eta 0:02:49 lr 0.00147651	time 0.1822 (0.1868)	loss 2.5899 (3.1040)	acc@1: 79.8105	acc@5: 90.0614	
2023-03-22 02:35:34,110 - INFO - Train: [115/130][3300/3907]	eta 0:01:52 lr 0.00147651	time 0.1753 (0.1857)	loss 1.8101 (3.1177)	acc@1: 89.8339	acc@5: 97.6455	
2023-03-22 02:36:26,382 - INFO - Train: [115/130][3600/3907]	eta 0:00:56 lr 0.00147651	time 0.1689 (0.1847)	loss 2.3472 (3.1130)	acc@1: 81.5296	acc@5: 93.4873	
2023-03-22 02:37:18,201 - INFO - Train: [115/130][3900/3907]	eta 0:00:01 lr 0.00147651	time 0.1730 (0.1838)	loss 2.5740 (3.1202)	acc@1: 82.0170	acc@5: 89.4059	
2023-03-22 02:37:19,371 - INFO - EPOCH 115 training takes 0:11:58
2023-03-22 02:37:20,861 - INFO - ./outputs/inat21_mini/res50_dynamic_mlp_c/res50_dynamic_mlp_c-Latest.pth saved !!!
2023-03-22 02:37:20,862 - INFO - **********Latest test***********
2023-03-22 02:37:20,862 - INFO - eval epoch 115
2023-03-22 02:37:21,541 - INFO - Test: [0/782]	Time 0.678 (0.678)	Loss 2.1703 (2.1703)	Acc@1 78.906 (78.906)	Acc@5 95.312 (95.312)
2023-03-22 02:39:34,786 - INFO - Test: [200/782]	Time 0.660 (0.666)	Loss 2.3819 (2.4206)	Acc@1 72.656 (75.684)	Acc@5 89.844 (91.084)
2023-03-22 02:41:48,148 - INFO - Test: [400/782]	Time 0.673 (0.667)	Loss 2.3523 (2.3969)	Acc@1 78.906 (76.198)	Acc@5 92.188 (91.548)
2023-03-22 02:44:02,416 - INFO - Test: [600/782]	Time 0.667 (0.668)	Loss 2.4709 (2.3638)	Acc@1 75.000 (77.008)	Acc@5 89.062 (91.951)
2023-03-22 02:46:01,554 - INFO -  * Acc@1 77.415 Acc@5 92.239
2023-03-22 02:46:01,554 - INFO - Max accuracy: 78.3730%
2023-03-22 02:46:03,047 - INFO - ./outputs/inat21_mini/res50_dynamic_mlp_c/res50_dynamic_mlp_c-Best.pth saved !!!
2023-03-22 02:46:03,047 - INFO - Exp path: ./outputs/inat21_mini/res50_dynamic_mlp_c
2023-03-22 02:46:05,349 - INFO - Train: [116/130][0/3907]	eta 2:29:42 lr 0.00129968	time 2.2991 (2.2991)	loss 2.7741 (2.7741)	acc@1: 80.5596	acc@5: 84.8753	
2023-03-22 02:47:00,446 - INFO - Train: [116/130][300/3907]	eta 0:11:27 lr 0.00129968	time 0.1896 (0.1907)	loss 1.8517 (3.1080)	acc@1: 90.5673	acc@5: 97.5335	
2023-03-22 02:47:56,060 - INFO - Train: [116/130][600/3907]	eta 0:10:21 lr 0.00129968	time 0.1769 (0.1880)	loss 3.2007 (3.1399)	acc@1: 76.1640	acc@5: 81.1527	
2023-03-22 02:48:51,965 - INFO - Train: [116/130][900/3907]	eta 0:09:23 lr 0.00129968	time 0.1841 (0.1875)	loss 4.8033 (3.1369)	acc@1: 35.9822	acc@5: 54.5489	
2023-03-22 02:49:48,056 - INFO - Train: [116/130][1200/3907]	eta 0:08:27 lr 0.00129968	time 0.1774 (0.1873)	loss 3.0301 (3.1218)	acc@1: 77.8933	acc@5: 84.2810	
2023-03-22 02:50:44,108 - INFO - Train: [116/130][1500/3907]	eta 0:07:30 lr 0.00129968	time 0.1812 (0.1872)	loss 1.8398 (3.1099)	acc@1: 91.7691	acc@5: 94.1057	
2023-03-22 02:51:40,256 - INFO - Train: [116/130][1800/3907]	eta 0:06:34 lr 0.00129968	time 0.1965 (0.1872)	loss 3.0272 (3.1152)	acc@1: 82.5209	acc@5: 84.5669	
2023-03-22 02:52:36,400 - INFO - Train: [116/130][2100/3907]	eta 0:05:38 lr 0.00129968	time 0.1771 (0.1872)	loss 2.7563 (3.1145)	acc@1: 82.2541	acc@5: 87.9667	
2023-03-22 02:53:32,465 - INFO - Train: [116/130][2400/3907]	eta 0:04:42 lr 0.00129968	time 0.1809 (0.1872)	loss 3.2477 (3.1244)	acc@1: 78.5341	acc@5: 80.2189	
2023-03-22 02:54:28,200 - INFO - Train: [116/130][2700/3907]	eta 0:03:45 lr 0.00129968	time 0.1942 (0.1870)	loss 2.8391 (3.1156)	acc@1: 81.3316	acc@5: 85.6185	
2023-03-22 02:55:24,009 - INFO - Train: [116/130][3000/3907]	eta 0:02:49 lr 0.00129968	time 0.1841 (0.1869)	loss 3.5739 (3.1142)	acc@1: 68.5127	acc@5: 77.0810	
2023-03-22 02:56:19,644 - INFO - Train: [116/130][3300/3907]	eta 0:01:53 lr 0.00129968	time 0.1788 (0.1868)	loss 3.3402 (3.1109)	acc@1: 75.3846	acc@5: 80.9083	
2023-03-22 02:57:14,585 - INFO - Train: [116/130][3600/3907]	eta 0:00:57 lr 0.00129968	time 0.1770 (0.1865)	loss 4.8635 (3.1089)	acc@1: 33.8915	acc@5: 55.5248	
2023-03-22 02:58:06,509 - INFO - Train: [116/130][3900/3907]	eta 0:00:01 lr 0.00129968	time 0.1718 (0.1854)	loss 4.6078 (3.1223)	acc@1: 41.9880	acc@5: 60.1952	
2023-03-22 02:58:07,704 - INFO - EPOCH 116 training takes 0:12:04
2023-03-22 02:58:09,225 - INFO - ./outputs/inat21_mini/res50_dynamic_mlp_c/res50_dynamic_mlp_c-Latest.pth saved !!!
2023-03-22 02:58:09,226 - INFO - **********Latest test***********
2023-03-22 02:58:09,226 - INFO - eval epoch 116
2023-03-22 02:58:09,905 - INFO - Test: [0/782]	Time 0.676 (0.676)	Loss 2.1954 (2.1954)	Acc@1 81.250 (81.250)	Acc@5 94.531 (94.531)
2023-03-22 03:00:23,114 - INFO - Test: [200/782]	Time 0.662 (0.666)	Loss 2.3876 (2.4575)	Acc@1 73.438 (75.194)	Acc@5 89.062 (91.126)
2023-03-22 03:02:35,966 - INFO - Test: [400/782]	Time 0.666 (0.665)	Loss 2.3767 (2.4356)	Acc@1 77.344 (75.859)	Acc@5 92.188 (91.492)
2023-03-22 03:04:50,467 - INFO - Test: [600/782]	Time 0.676 (0.668)	Loss 2.5463 (2.4047)	Acc@1 71.094 (76.676)	Acc@5 88.281 (91.856)
2023-03-22 03:06:48,964 - INFO -  * Acc@1 77.106 Acc@5 92.135
2023-03-22 03:06:48,965 - INFO - Max accuracy: 78.3730%
2023-03-22 03:06:48,965 - INFO - Exp path: ./outputs/inat21_mini/res50_dynamic_mlp_c
2023-03-22 03:06:51,363 - INFO - Train: [117/130][0/3907]	eta 2:35:59 lr 0.00113376	time 2.3956 (2.3956)	loss 4.1292 (4.1292)	acc@1: 56.2136	acc@5: 66.4366	
2023-03-22 03:07:46,701 - INFO - Train: [117/130][300/3907]	eta 0:11:31 lr 0.00113376	time 0.1837 (0.1918)	loss 1.9367 (2.9451)	acc@1: 91.3940	acc@5: 96.0404	
2023-03-22 03:08:42,850 - INFO - Train: [117/130][600/3907]	eta 0:10:26 lr 0.00113376	time 0.1819 (0.1895)	loss 4.5639 (3.0365)	acc@1: 42.5034	acc@5: 60.8666	
2023-03-22 03:09:38,981 - INFO - Train: [117/130][900/3907]	eta 0:09:27 lr 0.00113376	time 0.1831 (0.1887)	loss 1.7632 (3.0515)	acc@1: 91.2725	acc@5: 98.2934	
2023-03-22 03:10:35,200 - INFO - Train: [117/130][1200/3907]	eta 0:08:29 lr 0.00113376	time 0.1826 (0.1884)	loss 1.8194 (3.0849)	acc@1: 89.8330	acc@5: 96.8634	
2023-03-22 03:11:30,904 - INFO - Train: [117/130][1500/3907]	eta 0:07:32 lr 0.00113376	time 0.1795 (0.1878)	loss 2.7701 (3.1001)	acc@1: 84.3307	acc@5: 87.8970	
2023-03-22 03:12:26,638 - INFO - Train: [117/130][1800/3907]	eta 0:06:35 lr 0.00113376	time 0.1763 (0.1875)	loss 3.8684 (3.1139)	acc@1: 67.0372	acc@5: 73.4382	
2023-03-22 03:13:22,506 - INFO - Train: [117/130][2100/3907]	eta 0:05:38 lr 0.00113376	time 0.1992 (0.1873)	loss 4.1616 (3.1340)	acc@1: 59.3475	acc@5: 70.1127	
2023-03-22 03:14:18,482 - INFO - Train: [117/130][2400/3907]	eta 0:04:42 lr 0.00113376	time 0.1996 (0.1872)	loss 1.7027 (3.1255)	acc@1: 95.1242	acc@5: 97.4634	
2023-03-22 03:15:14,225 - INFO - Train: [117/130][2700/3907]	eta 0:03:45 lr 0.00113376	time 0.1941 (0.1871)	loss 2.1696 (3.1227)	acc@1: 87.4051	acc@5: 94.2455	
2023-03-22 03:16:08,214 - INFO - Train: [117/130][3000/3907]	eta 0:02:49 lr 0.00113376	time 0.1690 (0.1863)	loss 2.3706 (3.1260)	acc@1: 83.9006	acc@5: 93.4682	
2023-03-22 03:17:00,637 - INFO - Train: [117/130][3300/3907]	eta 0:01:52 lr 0.00113376	time 0.1730 (0.1853)	loss 1.9512 (3.1264)	acc@1: 90.4961	acc@5: 95.1768	
2023-03-22 03:17:53,193 - INFO - Train: [117/130][3600/3907]	eta 0:00:56 lr 0.00113376	time 0.1725 (0.1845)	loss 2.0307 (3.1321)	acc@1: 89.6170	acc@5: 93.4798	
2023-03-22 03:18:45,722 - INFO - Train: [117/130][3900/3907]	eta 0:00:01 lr 0.00113376	time 0.1730 (0.1837)	loss 3.2143 (3.1352)	acc@1: 74.5530	acc@5: 82.7606	
2023-03-22 03:18:46,913 - INFO - EPOCH 117 training takes 0:11:57
2023-03-22 03:18:48,418 - INFO - ./outputs/inat21_mini/res50_dynamic_mlp_c/res50_dynamic_mlp_c-Latest.pth saved !!!
2023-03-22 03:18:48,418 - INFO - **********Latest test***********
2023-03-22 03:18:48,418 - INFO - eval epoch 117
2023-03-22 03:18:49,114 - INFO - Test: [0/782]	Time 0.695 (0.695)	Loss 2.1741 (2.1741)	Acc@1 79.688 (79.688)	Acc@5 95.312 (95.312)
2023-03-22 03:21:00,272 - INFO - Test: [200/782]	Time 0.643 (0.656)	Loss 2.4095 (2.4684)	Acc@1 74.219 (75.039)	Acc@5 91.406 (90.850)
2023-03-22 03:23:11,771 - INFO - Test: [400/782]	Time 0.661 (0.657)	Loss 2.3894 (2.4440)	Acc@1 75.781 (75.705)	Acc@5 91.406 (91.282)
2023-03-22 03:25:24,769 - INFO - Test: [600/782]	Time 0.664 (0.659)	Loss 2.4986 (2.4128)	Acc@1 72.656 (76.469)	Acc@5 89.062 (91.726)
2023-03-22 03:27:22,604 - INFO -  * Acc@1 76.947 Acc@5 92.037
2023-03-22 03:27:22,604 - INFO - Max accuracy: 78.3730%
2023-03-22 03:27:22,604 - INFO - Exp path: ./outputs/inat21_mini/res50_dynamic_mlp_c
2023-03-22 03:27:24,979 - INFO - Train: [118/130][0/3907]	eta 2:34:26 lr 0.00097887	time 2.3718 (2.3718)	loss 3.5715 (3.5715)	acc@1: 69.7644	acc@5: 76.4152	
2023-03-22 03:28:20,668 - INFO - Train: [118/130][300/3907]	eta 0:11:35 lr 0.00097887	time 0.1760 (0.1929)	loss 4.6818 (3.1117)	acc@1: 43.9544	acc@5: 59.2138	
2023-03-22 03:29:16,363 - INFO - Train: [118/130][600/3907]	eta 0:10:25 lr 0.00097887	time 0.1779 (0.1893)	loss 1.9155 (3.1114)	acc@1: 91.2756	acc@5: 96.6898	
2023-03-22 03:30:12,126 - INFO - Train: [118/130][900/3907]	eta 0:09:25 lr 0.00097887	time 0.1818 (0.1881)	loss 2.6359 (3.0878)	acc@1: 79.3624	acc@5: 89.5558	
2023-03-22 03:31:07,850 - INFO - Train: [118/130][1200/3907]	eta 0:08:27 lr 0.00097887	time 0.1930 (0.1875)	loss 4.3793 (3.0989)	acc@1: 47.3373	acc@5: 64.4371	
2023-03-22 03:32:03,707 - INFO - Train: [118/130][1500/3907]	eta 0:07:30 lr 0.00097887	time 0.1763 (0.1873)	loss 2.3067 (3.1032)	acc@1: 83.9079	acc@5: 93.6435	
2023-03-22 03:32:59,587 - INFO - Train: [118/130][1800/3907]	eta 0:06:34 lr 0.00097887	time 0.1825 (0.1871)	loss 4.6405 (3.1042)	acc@1: 34.5599	acc@5: 58.9328	
2023-03-22 03:33:55,401 - INFO - Train: [118/130][2100/3907]	eta 0:05:37 lr 0.00097887	time 0.1771 (0.1870)	loss 2.2627 (3.1039)	acc@1: 88.1657	acc@5: 94.1431	
2023-03-22 03:34:51,328 - INFO - Train: [118/130][2400/3907]	eta 0:04:41 lr 0.00097887	time 0.1765 (0.1869)	loss 1.9065 (3.0944)	acc@1: 93.2224	acc@5: 93.9992	
2023-03-22 03:35:47,268 - INFO - Train: [118/130][2700/3907]	eta 0:03:45 lr 0.00097887	time 0.2013 (0.1868)	loss 3.4486 (3.0941)	acc@1: 69.1662	acc@5: 79.3104	
2023-03-22 03:36:43,061 - INFO - Train: [118/130][3000/3907]	eta 0:02:49 lr 0.00097887	time 0.1973 (0.1868)	loss 2.7935 (3.0941)	acc@1: 82.7471	acc@5: 86.9906	
2023-03-22 03:37:38,640 - INFO - Train: [118/130][3300/3907]	eta 0:01:53 lr 0.00097887	time 0.1699 (0.1866)	loss 4.5689 (3.1037)	acc@1: 41.4299	acc@5: 58.9672	
2023-03-22 03:38:30,937 - INFO - Train: [118/130][3600/3907]	eta 0:00:56 lr 0.00097887	time 0.1687 (0.1856)	loss 4.8710 (3.1116)	acc@1: 34.3750	acc@5: 54.1144	
2023-03-22 03:39:23,221 - INFO - Train: [118/130][3900/3907]	eta 0:00:01 lr 0.00097887	time 0.1728 (0.1847)	loss 1.7508 (3.1065)	acc@1: 93.1885	acc@5: 97.8524	
2023-03-22 03:39:24,384 - INFO - EPOCH 118 training takes 0:12:01
2023-03-22 03:39:25,884 - INFO - ./outputs/inat21_mini/res50_dynamic_mlp_c/res50_dynamic_mlp_c-Latest.pth saved !!!
2023-03-22 03:39:25,885 - INFO - **********Latest test***********
2023-03-22 03:39:25,885 - INFO - eval epoch 118
2023-03-22 03:39:26,571 - INFO - Test: [0/782]	Time 0.685 (0.685)	Loss 2.1677 (2.1677)	Acc@1 80.469 (80.469)	Acc@5 94.531 (94.531)
2023-03-22 03:41:38,400 - INFO - Test: [200/782]	Time 0.651 (0.659)	Loss 2.3796 (2.4458)	Acc@1 75.000 (75.400)	Acc@5 90.625 (91.103)
2023-03-22 03:43:49,788 - INFO - Test: [400/782]	Time 0.660 (0.658)	Loss 2.3683 (2.4237)	Acc@1 77.344 (76.036)	Acc@5 92.969 (91.529)
2023-03-22 03:46:02,548 - INFO - Test: [600/782]	Time 0.673 (0.660)	Loss 2.5447 (2.3910)	Acc@1 73.438 (76.886)	Acc@5 88.281 (91.908)
2023-03-22 03:48:00,592 - INFO -  * Acc@1 77.345 Acc@5 92.189
2023-03-22 03:48:00,592 - INFO - Max accuracy: 78.3730%
2023-03-22 03:48:00,592 - INFO - Exp path: ./outputs/inat21_mini/res50_dynamic_mlp_c
2023-03-22 03:48:02,857 - INFO - Train: [119/130][0/3907]	eta 2:27:17 lr 0.00083508	time 2.2620 (2.2620)	loss 3.3427 (3.3427)	acc@1: 73.7909	acc@5: 79.2932	
2023-03-22 03:48:58,616 - INFO - Train: [119/130][300/3907]	eta 0:11:35 lr 0.00083508	time 0.1810 (0.1928)	loss 4.7976 (3.0224)	acc@1: 34.7090	acc@5: 55.3620	
2023-03-22 03:49:54,300 - INFO - Train: [119/130][600/3907]	eta 0:10:25 lr 0.00083508	time 0.1973 (0.1892)	loss 3.7413 (3.0389)	acc@1: 65.0385	acc@5: 75.9645	
2023-03-22 03:50:50,502 - INFO - Train: [119/130][900/3907]	eta 0:09:27 lr 0.00083508	time 0.1847 (0.1886)	loss 4.4150 (3.0426)	acc@1: 49.9512	acc@5: 64.3193	
2023-03-22 03:51:46,520 - INFO - Train: [119/130][1200/3907]	eta 0:08:29 lr 0.00083508	time 0.2115 (0.1881)	loss 1.8009 (3.0670)	acc@1: 92.2650	acc@5: 98.4677	
2023-03-22 03:52:42,508 - INFO - Train: [119/130][1500/3907]	eta 0:07:32 lr 0.00083508	time 0.1856 (0.1878)	loss 2.4962 (3.0749)	acc@1: 83.1620	acc@5: 90.5215	
2023-03-22 03:53:38,505 - INFO - Train: [119/130][1800/3907]	eta 0:06:35 lr 0.00083508	time 0.1851 (0.1876)	loss 2.5330 (3.0818)	acc@1: 84.6086	acc@5: 88.9822	
2023-03-22 03:54:34,339 - INFO - Train: [119/130][2100/3907]	eta 0:05:38 lr 0.00083508	time 0.1767 (0.1874)	loss 3.2675 (3.0750)	acc@1: 73.4333	acc@5: 81.6688	
2023-03-22 03:55:30,086 - INFO - Train: [119/130][2400/3907]	eta 0:04:42 lr 0.00083508	time 0.1834 (0.1872)	loss 3.6879 (3.0795)	acc@1: 65.5802	acc@5: 74.5183	
2023-03-22 03:56:25,872 - INFO - Train: [119/130][2700/3907]	eta 0:03:45 lr 0.00083508	time 0.2016 (0.1871)	loss 3.6284 (3.0862)	acc@1: 68.5257	acc@5: 75.2848	
2023-03-22 03:57:21,537 - INFO - Train: [119/130][3000/3907]	eta 0:02:49 lr 0.00083508	time 0.1848 (0.1869)	loss 2.9881 (3.0923)	acc@1: 79.9179	acc@5: 84.7825	
2023-03-22 03:58:16,152 - INFO - Train: [119/130][3300/3907]	eta 0:01:53 lr 0.00083508	time 0.1755 (0.1865)	loss 2.9624 (3.1032)	acc@1: 79.4652	acc@5: 85.9071	
2023-03-22 03:59:08,188 - INFO - Train: [119/130][3600/3907]	eta 0:00:56 lr 0.00083508	time 0.1690 (0.1854)	loss 2.7860 (3.1053)	acc@1: 80.7521	acc@5: 86.5158	
2023-03-22 04:00:00,261 - INFO - Train: [119/130][3900/3907]	eta 0:00:01 lr 0.00083508	time 0.1684 (0.1845)	loss 1.9220 (3.1113)	acc@1: 87.7079	acc@5: 95.4697	
2023-03-22 04:00:01,448 - INFO - EPOCH 119 training takes 0:12:00
2023-03-22 04:00:02,950 - INFO - ./outputs/inat21_mini/res50_dynamic_mlp_c/res50_dynamic_mlp_c-Latest.pth saved !!!
2023-03-22 04:00:02,951 - INFO - **********Latest test***********
2023-03-22 04:00:02,951 - INFO - eval epoch 119
2023-03-22 04:00:03,624 - INFO - Test: [0/782]	Time 0.672 (0.672)	Loss 2.1492 (2.1492)	Acc@1 81.250 (81.250)	Acc@5 97.656 (97.656)
2023-03-22 04:02:15,928 - INFO - Test: [200/782]	Time 0.648 (0.662)	Loss 2.3735 (2.4148)	Acc@1 75.781 (75.976)	Acc@5 90.625 (91.255)
2023-03-22 04:04:28,420 - INFO - Test: [400/782]	Time 0.660 (0.662)	Loss 2.3467 (2.3906)	Acc@1 77.344 (76.648)	Acc@5 92.188 (91.640)
2023-03-22 04:06:42,346 - INFO - Test: [600/782]	Time 0.692 (0.665)	Loss 2.4824 (2.3586)	Acc@1 73.438 (77.405)	Acc@5 87.500 (92.029)
2023-03-22 04:08:40,579 - INFO -  * Acc@1 77.863 Acc@5 92.289
2023-03-22 04:08:40,579 - INFO - Max accuracy: 78.3730%
2023-03-22 04:08:42,031 - INFO - ./outputs/inat21_mini/res50_dynamic_mlp_c/res50_dynamic_mlp_c-Best.pth saved !!!
2023-03-22 04:08:42,031 - INFO - Exp path: ./outputs/inat21_mini/res50_dynamic_mlp_c
2023-03-22 04:08:44,299 - INFO - Train: [120/130][0/3907]	eta 2:27:28 lr 0.00070249	time 2.2648 (2.2648)	loss 4.2613 (4.2613)	acc@1: 55.6608	acc@5: 64.1974	
2023-03-22 04:09:40,073 - INFO - Train: [120/130][300/3907]	eta 0:11:35 lr 0.00070249	time 0.1844 (0.1928)	loss 3.5138 (3.0962)	acc@1: 69.3469	acc@5: 77.9437	
2023-03-22 04:10:35,945 - INFO - Train: [120/130][600/3907]	eta 0:10:26 lr 0.00070249	time 0.1823 (0.1895)	loss 4.8312 (3.0746)	acc@1: 32.6953	acc@5: 55.5199	
2023-03-22 04:11:31,609 - INFO - Train: [120/130][900/3907]	eta 0:09:25 lr 0.00070249	time 0.1884 (0.1882)	loss 3.5440 (3.0787)	acc@1: 69.0931	acc@5: 76.9944	
2023-03-22 04:12:27,423 - INFO - Train: [120/130][1200/3907]	eta 0:08:28 lr 0.00070249	time 0.1971 (0.1877)	loss 4.7396 (3.0774)	acc@1: 40.7032	acc@5: 57.7383	
2023-03-22 04:13:23,229 - INFO - Train: [120/130][1500/3907]	eta 0:07:30 lr 0.00070249	time 0.1773 (0.1873)	loss 4.9377 (3.0847)	acc@1: 30.4462	acc@5: 53.2604	
2023-03-22 04:14:18,786 - INFO - Train: [120/130][1800/3907]	eta 0:06:33 lr 0.00070249	time 0.1823 (0.1870)	loss 4.5216 (3.0844)	acc@1: 49.4442	acc@5: 61.7807	
2023-03-22 04:15:14,489 - INFO - Train: [120/130][2100/3907]	eta 0:05:37 lr 0.00070249	time 0.2052 (0.1868)	loss 1.8843 (3.0793)	acc@1: 92.4612	acc@5: 96.3458	
2023-03-22 04:16:10,316 - INFO - Train: [120/130][2400/3907]	eta 0:04:41 lr 0.00070249	time 0.1702 (0.1867)	loss 1.8696 (3.0776)	acc@1: 91.4052	acc@5: 98.4363	
2023-03-22 04:17:02,569 - INFO - Train: [120/130][2700/3907]	eta 0:03:43 lr 0.00070249	time 0.1689 (0.1853)	loss 4.0304 (3.0840)	acc@1: 56.1011	acc@5: 68.2525	
2023-03-22 04:17:54,597 - INFO - Train: [120/130][3000/3907]	eta 0:02:46 lr 0.00070249	time 0.1730 (0.1841)	loss 4.6174 (3.0955)	acc@1: 43.4027	acc@5: 60.2955	
2023-03-22 04:18:46,876 - INFO - Train: [120/130][3300/3907]	eta 0:01:51 lr 0.00070249	time 0.1752 (0.1832)	loss 4.3279 (3.1032)	acc@1: 52.8882	acc@5: 62.6495	
2023-03-22 04:19:39,015 - INFO - Train: [120/130][3600/3907]	eta 0:00:56 lr 0.00070249	time 0.1741 (0.1824)	loss 3.0440 (3.1163)	acc@1: 78.1495	acc@5: 83.8568	
2023-03-22 04:20:31,046 - INFO - Train: [120/130][3900/3907]	eta 0:00:01 lr 0.00070249	time 0.1688 (0.1817)	loss 4.1547 (3.1228)	acc@1: 59.0554	acc@5: 68.2956	
2023-03-22 04:20:32,187 - INFO - EPOCH 120 training takes 0:11:50
2023-03-22 04:20:32,902 - INFO - ./outputs/inat21_mini/res50_dynamic_mlp_c/res50_dynamic_mlp_c-Latest.pth saved !!!
2023-03-22 04:20:32,903 - INFO - **********Latest test***********
2023-03-22 04:20:32,903 - INFO - eval epoch 120
2023-03-22 04:20:33,589 - INFO - Test: [0/782]	Time 0.685 (0.685)	Loss 2.1772 (2.1772)	Acc@1 82.031 (82.031)	Acc@5 94.531 (94.531)
2023-03-22 04:22:46,110 - INFO - Test: [200/782]	Time 0.658 (0.663)	Loss 2.3871 (2.4649)	Acc@1 71.094 (75.159)	Acc@5 89.844 (91.072)
2023-03-22 04:24:58,732 - INFO - Test: [400/782]	Time 0.658 (0.663)	Loss 2.3863 (2.4433)	Acc@1 79.688 (75.830)	Acc@5 91.406 (91.461)
2023-03-22 04:27:12,061 - INFO - Test: [600/782]	Time 0.662 (0.664)	Loss 2.5713 (2.4115)	Acc@1 72.656 (76.621)	Acc@5 88.281 (91.827)
2023-03-22 04:29:10,475 - INFO -  * Acc@1 77.119 Acc@5 92.095
2023-03-22 04:29:10,476 - INFO - Max accuracy: 78.3730%
2023-03-22 04:29:10,476 - INFO - Exp path: ./outputs/inat21_mini/res50_dynamic_mlp_c
2023-03-22 04:29:12,859 - INFO - Train: [121/130][0/3907]	eta 2:35:00 lr 0.00058116	time 2.3806 (2.3806)	loss 4.7415 (4.7415)	acc@1: 35.1528	acc@5: 57.9314	
2023-03-22 04:30:08,168 - INFO - Train: [121/130][300/3907]	eta 0:11:31 lr 0.00058116	time 0.1764 (0.1917)	loss 1.9309 (3.0911)	acc@1: 88.2696	acc@5: 94.5188	
2023-03-22 04:31:03,802 - INFO - Train: [121/130][600/3907]	eta 0:10:23 lr 0.00058116	time 0.1957 (0.1886)	loss 4.6897 (3.1834)	acc@1: 40.9280	acc@5: 57.6442	
2023-03-22 04:31:59,819 - INFO - Train: [121/130][900/3907]	eta 0:09:25 lr 0.00058116	time 0.1784 (0.1879)	loss 2.1219 (3.1488)	acc@1: 89.6876	acc@5: 93.4852	
2023-03-22 04:32:55,739 - INFO - Train: [121/130][1200/3907]	eta 0:08:27 lr 0.00058116	time 0.1823 (0.1876)	loss 3.4126 (3.1542)	acc@1: 71.7124	acc@5: 79.4876	
2023-03-22 04:33:51,574 - INFO - Train: [121/130][1500/3907]	eta 0:07:30 lr 0.00058116	time 0.2008 (0.1873)	loss 2.5002 (3.1567)	acc@1: 85.1023	acc@5: 90.2830	
2023-03-22 04:34:47,567 - INFO - Train: [121/130][1800/3907]	eta 0:06:34 lr 0.00058116	time 0.1864 (0.1872)	loss 3.6903 (3.1534)	acc@1: 66.3401	acc@5: 77.4251	
2023-03-22 04:35:43,584 - INFO - Train: [121/130][2100/3907]	eta 0:05:38 lr 0.00058116	time 0.1786 (0.1871)	loss 2.1052 (3.1368)	acc@1: 88.8185	acc@5: 95.7241	
2023-03-22 04:36:39,466 - INFO - Train: [121/130][2400/3907]	eta 0:04:41 lr 0.00058116	time 0.1854 (0.1870)	loss 1.8095 (3.1296)	acc@1: 88.2663	acc@5: 98.4208	
2023-03-22 04:37:35,333 - INFO - Train: [121/130][2700/3907]	eta 0:03:45 lr 0.00058116	time 0.1814 (0.1869)	loss 1.9181 (3.1232)	acc@1: 90.1533	acc@5: 96.3177	
2023-03-22 04:38:30,869 - INFO - Train: [121/130][3000/3907]	eta 0:02:49 lr 0.00058116	time 0.1804 (0.1867)	loss 2.9363 (3.1178)	acc@1: 83.2374	acc@5: 85.9860	
2023-03-22 04:39:24,023 - INFO - Train: [121/130][3300/3907]	eta 0:01:52 lr 0.00058116	time 0.1692 (0.1859)	loss 1.9121 (3.1249)	acc@1: 92.8349	acc@5: 96.6705	
2023-03-22 04:40:16,030 - INFO - Train: [121/130][3600/3907]	eta 0:00:56 lr 0.00058116	time 0.1718 (0.1848)	loss 4.7287 (3.1362)	acc@1: 42.2435	acc@5: 56.1690	
2023-03-22 04:41:08,408 - INFO - Train: [121/130][3900/3907]	eta 0:00:01 lr 0.00058116	time 0.1723 (0.1840)	loss 3.4217 (3.1342)	acc@1: 75.9157	acc@5: 79.7361	
2023-03-22 04:41:09,571 - INFO - EPOCH 121 training takes 0:11:59
2023-03-22 04:41:11,063 - INFO - ./outputs/inat21_mini/res50_dynamic_mlp_c/res50_dynamic_mlp_c-Latest.pth saved !!!
2023-03-22 04:41:11,064 - INFO - **********Latest test***********
2023-03-22 04:41:11,064 - INFO - eval epoch 121
2023-03-22 04:41:11,759 - INFO - Test: [0/782]	Time 0.693 (0.693)	Loss 2.1514 (2.1514)	Acc@1 80.469 (80.469)	Acc@5 96.094 (96.094)
2023-03-22 04:43:23,437 - INFO - Test: [200/782]	Time 0.647 (0.659)	Loss 2.3552 (2.4217)	Acc@1 71.875 (75.925)	Acc@5 91.406 (91.348)
2023-03-22 04:45:34,977 - INFO - Test: [400/782]	Time 0.653 (0.658)	Loss 2.3569 (2.3994)	Acc@1 77.344 (76.679)	Acc@5 91.406 (91.722)
2023-03-22 04:47:47,968 - INFO - Test: [600/782]	Time 0.665 (0.660)	Loss 2.5322 (2.3683)	Acc@1 71.875 (77.397)	Acc@5 88.281 (92.065)
2023-03-22 04:49:46,793 - INFO -  * Acc@1 77.854 Acc@5 92.323
2023-03-22 04:49:46,794 - INFO - Max accuracy: 78.3730%
2023-03-22 04:49:46,794 - INFO - Exp path: ./outputs/inat21_mini/res50_dynamic_mlp_c
2023-03-22 04:49:49,035 - INFO - Train: [122/130][0/3907]	eta 2:25:44 lr 0.00047118	time 2.2382 (2.2382)	loss 4.8866 (4.8866)	acc@1: 30.8400	acc@5: 51.9596	
2023-03-22 04:50:44,605 - INFO - Train: [122/130][300/3907]	eta 0:11:32 lr 0.00047118	time 0.1884 (0.1920)	loss 1.9434 (3.0142)	acc@1: 90.2633	acc@5: 96.4345	
2023-03-22 04:51:40,310 - INFO - Train: [122/130][600/3907]	eta 0:10:24 lr 0.00047118	time 0.1775 (0.1889)	loss 1.9543 (3.0154)	acc@1: 87.1413	acc@5: 94.8520	
2023-03-22 04:52:36,294 - INFO - Train: [122/130][900/3907]	eta 0:09:25 lr 0.00047118	time 0.1937 (0.1881)	loss 2.0411 (3.0740)	acc@1: 87.7960	acc@5: 94.7264	
2023-03-22 04:53:32,214 - INFO - Train: [122/130][1200/3907]	eta 0:08:28 lr 0.00047118	time 0.1969 (0.1877)	loss 4.5820 (3.0795)	acc@1: 37.1111	acc@5: 59.9355	
2023-03-22 04:54:28,141 - INFO - Train: [122/130][1500/3907]	eta 0:07:31 lr 0.00047118	time 0.1808 (0.1874)	loss 4.7239 (3.1091)	acc@1: 43.9458	acc@5: 58.3644	
2023-03-22 04:55:24,060 - INFO - Train: [122/130][1800/3907]	eta 0:06:34 lr 0.00047118	time 0.1830 (0.1873)	loss 4.7358 (3.1011)	acc@1: 37.4211	acc@5: 60.2042	
2023-03-22 04:56:19,685 - INFO - Train: [122/130][2100/3907]	eta 0:05:37 lr 0.00047118	time 0.1798 (0.1870)	loss 1.9436 (3.1029)	acc@1: 85.9335	acc@5: 95.3081	
2023-03-22 04:57:15,541 - INFO - Train: [122/130][2400/3907]	eta 0:04:41 lr 0.00047118	time 0.2008 (0.1869)	loss 2.4078 (3.0939)	acc@1: 86.2148	acc@5: 90.6722	
2023-03-22 04:58:11,441 - INFO - Train: [122/130][2700/3907]	eta 0:03:45 lr 0.00047118	time 0.1801 (0.1868)	loss 4.7989 (3.0977)	acc@1: 38.6899	acc@5: 54.7765	
2023-03-22 04:59:07,433 - INFO - Train: [122/130][3000/3907]	eta 0:02:49 lr 0.00047118	time 0.1810 (0.1868)	loss 4.6516 (3.0997)	acc@1: 43.9759	acc@5: 58.9481	
2023-03-22 05:00:03,654 - INFO - Train: [122/130][3300/3907]	eta 0:01:53 lr 0.00047118	time 0.1769 (0.1869)	loss 4.5684 (3.1051)	acc@1: 45.8849	acc@5: 58.8661	
2023-03-22 05:00:59,586 - INFO - Train: [122/130][3600/3907]	eta 0:00:57 lr 0.00047118	time 0.1765 (0.1868)	loss 2.8793 (3.1121)	acc@1: 77.7752	acc@5: 84.8457	
2023-03-22 05:01:55,045 - INFO - Train: [122/130][3900/3907]	eta 0:00:01 lr 0.00047118	time 0.1812 (0.1867)	loss 1.8715 (3.1058)	acc@1: 91.7126	acc@5: 96.3362	
2023-03-22 05:01:56,275 - INFO - EPOCH 122 training takes 0:12:09
2023-03-22 05:01:57,778 - INFO - ./outputs/inat21_mini/res50_dynamic_mlp_c/res50_dynamic_mlp_c-Latest.pth saved !!!
2023-03-22 05:01:57,778 - INFO - **********Latest test***********
2023-03-22 05:01:57,778 - INFO - eval epoch 122
2023-03-22 05:01:58,459 - INFO - Test: [0/782]	Time 0.680 (0.680)	Loss 2.1949 (2.1949)	Acc@1 78.125 (78.125)	Acc@5 96.094 (96.094)
2023-03-22 05:04:10,132 - INFO - Test: [200/782]	Time 0.649 (0.658)	Loss 2.4095 (2.4654)	Acc@1 71.875 (75.330)	Acc@5 89.062 (91.111)
2023-03-22 05:06:22,338 - INFO - Test: [400/782]	Time 0.666 (0.660)	Loss 2.3915 (2.4429)	Acc@1 75.781 (76.093)	Acc@5 91.406 (91.498)
2023-03-22 05:08:36,306 - INFO - Test: [600/782]	Time 0.656 (0.663)	Loss 2.5765 (2.4122)	Acc@1 71.094 (76.815)	Acc@5 89.062 (91.825)
2023-03-22 05:10:34,368 - INFO -  * Acc@1 77.273 Acc@5 92.123
2023-03-22 05:10:34,368 - INFO - Max accuracy: 78.3730%
2023-03-22 05:10:34,368 - INFO - Exp path: ./outputs/inat21_mini/res50_dynamic_mlp_c
2023-03-22 05:10:36,724 - INFO - Train: [123/130][0/3907]	eta 2:33:14 lr 0.00037260	time 2.3533 (2.3533)	loss 1.7704 (1.7704)	acc@1: 95.7471	acc@5: 97.3040	
2023-03-22 05:11:32,312 - INFO - Train: [123/130][300/3907]	eta 0:11:34 lr 0.00037260	time 0.1842 (0.1925)	loss 4.6502 (3.0469)	acc@1: 46.7342	acc@5: 59.0352	
2023-03-22 05:12:28,286 - INFO - Train: [123/130][600/3907]	eta 0:10:26 lr 0.00037260	time 0.1772 (0.1895)	loss 4.0287 (3.0653)	acc@1: 62.0576	acc@5: 70.6514	
2023-03-22 05:13:23,898 - INFO - Train: [123/130][900/3907]	eta 0:09:25 lr 0.00037260	time 0.1769 (0.1881)	loss 4.6356 (3.0812)	acc@1: 40.6855	acc@5: 58.4290	
2023-03-22 05:14:19,521 - INFO - Train: [123/130][1200/3907]	eta 0:08:27 lr 0.00037260	time 0.1813 (0.1875)	loss 1.8598 (3.0730)	acc@1: 89.0158	acc@5: 96.8243	
2023-03-22 05:15:15,510 - INFO - Train: [123/130][1500/3907]	eta 0:07:30 lr 0.00037260	time 0.1886 (0.1873)	loss 2.4822 (3.0892)	acc@1: 85.5135	acc@5: 92.0915	
2023-03-22 05:16:11,557 - INFO - Train: [123/130][1800/3907]	eta 0:06:34 lr 0.00037260	time 0.1816 (0.1872)	loss 2.6308 (3.0728)	acc@1: 84.6615	acc@5: 88.3060	
2023-03-22 05:17:07,737 - INFO - Train: [123/130][2100/3907]	eta 0:05:38 lr 0.00037260	time 0.1830 (0.1872)	loss 1.8716 (3.0775)	acc@1: 89.0088	acc@5: 96.0358	
2023-03-22 05:18:03,539 - INFO - Train: [123/130][2400/3907]	eta 0:04:41 lr 0.00037260	time 0.1806 (0.1871)	loss 2.8787 (3.0719)	acc@1: 78.5862	acc@5: 84.2689	
2023-03-22 05:18:59,260 - INFO - Train: [123/130][2700/3907]	eta 0:03:45 lr 0.00037260	time 0.1835 (0.1869)	loss 2.4315 (3.0721)	acc@1: 82.8064	acc@5: 89.3937	
2023-03-22 05:19:55,273 - INFO - Train: [123/130][3000/3907]	eta 0:02:49 lr 0.00037260	time 0.1814 (0.1869)	loss 1.7202 (3.0683)	acc@1: 95.7438	acc@5: 98.8574	
2023-03-22 05:20:51,399 - INFO - Train: [123/130][3300/3907]	eta 0:01:53 lr 0.00037260	time 0.1949 (0.1869)	loss 3.1800 (3.0787)	acc@1: 75.7101	acc@5: 82.5667	
2023-03-22 05:21:47,077 - INFO - Train: [123/130][3600/3907]	eta 0:00:57 lr 0.00037260	time 0.1879 (0.1868)	loss 4.8746 (3.0691)	acc@1: 29.4278	acc@5: 54.8746	
2023-03-22 05:22:39,833 - INFO - Train: [123/130][3900/3907]	eta 0:00:01 lr 0.00037260	time 0.1676 (0.1860)	loss 1.8797 (3.0794)	acc@1: 92.6818	acc@5: 95.7456	
2023-03-22 05:22:41,030 - INFO - EPOCH 123 training takes 0:12:06
2023-03-22 05:22:42,528 - INFO - ./outputs/inat21_mini/res50_dynamic_mlp_c/res50_dynamic_mlp_c-Latest.pth saved !!!
2023-03-22 05:22:42,528 - INFO - **********Latest test***********
2023-03-22 05:22:42,528 - INFO - eval epoch 123
2023-03-22 05:22:43,206 - INFO - Test: [0/782]	Time 0.676 (0.676)	Loss 2.1607 (2.1607)	Acc@1 81.250 (81.250)	Acc@5 96.875 (96.875)
2023-03-22 05:24:54,332 - INFO - Test: [200/782]	Time 0.650 (0.656)	Loss 2.3730 (2.4388)	Acc@1 73.438 (75.797)	Acc@5 89.062 (91.332)
2023-03-22 05:27:06,387 - INFO - Test: [400/782]	Time 0.681 (0.658)	Loss 2.3536 (2.4171)	Acc@1 77.344 (76.483)	Acc@5 92.188 (91.642)
2023-03-22 05:29:18,423 - INFO - Test: [600/782]	Time 0.640 (0.659)	Loss 2.5376 (2.3861)	Acc@1 71.875 (77.250)	Acc@5 88.281 (92.012)
2023-03-22 05:31:15,213 - INFO -  * Acc@1 77.658 Acc@5 92.319
2023-03-22 05:31:15,214 - INFO - Max accuracy: 78.3730%
2023-03-22 05:31:15,214 - INFO - Exp path: ./outputs/inat21_mini/res50_dynamic_mlp_c
2023-03-22 05:31:17,359 - INFO - Train: [124/130][0/3907]	eta 2:19:29 lr 0.00028548	time 2.1421 (2.1421)	loss 2.0108 (2.0108)	acc@1: 87.6356	acc@5: 92.2882	
2023-03-22 05:32:12,889 - INFO - Train: [124/130][300/3907]	eta 0:11:31 lr 0.00028548	time 0.1812 (0.1916)	loss 3.5858 (3.0457)	acc@1: 72.2150	acc@5: 77.2333	
2023-03-22 05:33:08,725 - INFO - Train: [124/130][600/3907]	eta 0:10:24 lr 0.00028548	time 0.1779 (0.1888)	loss 2.1425 (3.0680)	acc@1: 87.9153	acc@5: 93.2426	
2023-03-22 05:34:04,421 - INFO - Train: [124/130][900/3907]	eta 0:09:24 lr 0.00028548	time 0.1764 (0.1878)	loss 5.0056 (3.0813)	acc@1: 34.4631	acc@5: 50.3466	
2023-03-22 05:35:00,148 - INFO - Train: [124/130][1200/3907]	eta 0:08:26 lr 0.00028548	time 0.1770 (0.1873)	loss 1.7095 (3.0803)	acc@1: 92.9382	acc@5: 96.8432	
2023-03-22 05:35:56,208 - INFO - Train: [124/130][1500/3907]	eta 0:07:30 lr 0.00028548	time 0.2014 (0.1872)	loss 1.6686 (3.0588)	acc@1: 96.0662	acc@5: 99.1904	
2023-03-22 05:36:52,123 - INFO - Train: [124/130][1800/3907]	eta 0:06:34 lr 0.00028548	time 0.1932 (0.1871)	loss 3.2202 (3.0798)	acc@1: 73.6423	acc@5: 82.0749	
2023-03-22 05:37:48,092 - INFO - Train: [124/130][2100/3907]	eta 0:05:37 lr 0.00028548	time 0.1795 (0.1870)	loss 3.0925 (3.0691)	acc@1: 78.0644	acc@5: 83.5847	
2023-03-22 05:38:43,765 - INFO - Train: [124/130][2400/3907]	eta 0:04:41 lr 0.00028548	time 0.1920 (0.1868)	loss 1.7656 (3.0801)	acc@1: 93.4914	acc@5: 97.3868	
2023-03-22 05:39:39,308 - INFO - Train: [124/130][2700/3907]	eta 0:03:45 lr 0.00028548	time 0.2075 (0.1866)	loss 3.9326 (3.0957)	acc@1: 60.9864	acc@5: 71.9124	
2023-03-22 05:40:34,828 - INFO - Train: [124/130][3000/3907]	eta 0:02:49 lr 0.00028548	time 0.1935 (0.1865)	loss 1.9208 (3.0954)	acc@1: 91.7143	acc@5: 96.3374	
2023-03-22 05:41:30,573 - INFO - Train: [124/130][3300/3907]	eta 0:01:53 lr 0.00028548	time 0.1845 (0.1864)	loss 2.6394 (3.0875)	acc@1: 81.4224	acc@5: 90.0537	
2023-03-22 05:42:24,073 - INFO - Train: [124/130][3600/3907]	eta 0:00:57 lr 0.00028548	time 0.1732 (0.1857)	loss 4.8695 (3.0921)	acc@1: 38.6640	acc@5: 53.1614	
2023-03-22 05:43:16,639 - INFO - Train: [124/130][3900/3907]	eta 0:00:01 lr 0.00028548	time 0.1693 (0.1849)	loss 2.7057 (3.1016)	acc@1: 83.3639	acc@5: 86.9205	
2023-03-22 05:43:17,841 - INFO - EPOCH 124 training takes 0:12:02
2023-03-22 05:43:19,364 - INFO - ./outputs/inat21_mini/res50_dynamic_mlp_c/res50_dynamic_mlp_c-Latest.pth saved !!!
2023-03-22 05:43:19,366 - INFO - **********Latest test***********
2023-03-22 05:43:19,367 - INFO - eval epoch 124
2023-03-22 05:43:20,069 - INFO - Test: [0/782]	Time 0.700 (0.700)	Loss 2.1415 (2.1415)	Acc@1 81.250 (81.250)	Acc@5 95.312 (95.312)
2023-03-22 05:45:31,343 - INFO - Test: [200/782]	Time 0.652 (0.657)	Loss 2.3504 (2.4124)	Acc@1 75.000 (76.030)	Acc@5 89.844 (91.430)
2023-03-22 05:47:43,294 - INFO - Test: [400/782]	Time 0.662 (0.658)	Loss 2.3261 (2.3911)	Acc@1 78.125 (76.779)	Acc@5 90.625 (91.825)
2023-03-22 05:49:56,141 - INFO - Test: [600/782]	Time 0.665 (0.660)	Loss 2.5185 (2.3597)	Acc@1 71.875 (77.574)	Acc@5 88.281 (92.169)
2023-03-22 05:51:53,503 - INFO -  * Acc@1 77.982 Acc@5 92.449
2023-03-22 05:51:53,503 - INFO - Max accuracy: 78.3730%
2023-03-22 05:51:54,955 - INFO - ./outputs/inat21_mini/res50_dynamic_mlp_c/res50_dynamic_mlp_c-Best.pth saved !!!
2023-03-22 05:51:54,955 - INFO - Exp path: ./outputs/inat21_mini/res50_dynamic_mlp_c
2023-03-22 05:51:57,380 - INFO - Train: [125/130][0/3907]	eta 2:37:40 lr 0.00020987	time 2.4213 (2.4213)	loss 4.7887 (4.7887)	acc@1: 35.0921	acc@5: 59.0550	
2023-03-22 05:52:53,173 - INFO - Train: [125/130][300/3907]	eta 0:11:37 lr 0.00020987	time 0.1825 (0.1934)	loss 1.8386 (3.1687)	acc@1: 89.4636	acc@5: 97.2428	
2023-03-22 05:53:49,142 - INFO - Train: [125/130][600/3907]	eta 0:10:28 lr 0.00020987	time 0.1982 (0.1900)	loss 1.8208 (3.1396)	acc@1: 91.8950	acc@5: 96.5672	
2023-03-22 05:54:45,193 - INFO - Train: [125/130][900/3907]	eta 0:09:28 lr 0.00020987	time 0.1766 (0.1889)	loss 4.1715 (3.1566)	acc@1: 54.6751	acc@5: 69.1781	
2023-03-22 05:55:41,071 - INFO - Train: [125/130][1200/3907]	eta 0:08:29 lr 0.00020987	time 0.1833 (0.1883)	loss 2.9225 (3.1297)	acc@1: 79.2633	acc@5: 85.6446	
2023-03-22 05:56:36,663 - INFO - Train: [125/130][1500/3907]	eta 0:07:31 lr 0.00020987	time 0.1786 (0.1877)	loss 1.7888 (3.1219)	acc@1: 92.8516	acc@5: 97.5332	
2023-03-22 05:57:32,363 - INFO - Train: [125/130][1800/3907]	eta 0:06:34 lr 0.00020987	time 0.1798 (0.1873)	loss 1.7300 (3.1189)	acc@1: 92.7148	acc@5: 98.9474	
2023-03-22 05:58:27,983 - INFO - Train: [125/130][2100/3907]	eta 0:05:38 lr 0.00020987	time 0.1794 (0.1871)	loss 1.7660 (3.1159)	acc@1: 92.9519	acc@5: 97.6385	
2023-03-22 05:59:24,044 - INFO - Train: [125/130][2400/3907]	eta 0:04:41 lr 0.00020987	time 0.1984 (0.1870)	loss 1.7545 (3.1221)	acc@1: 94.4204	acc@5: 97.5417	
2023-03-22 06:00:19,889 - INFO - Train: [125/130][2700/3907]	eta 0:03:45 lr 0.00020987	time 0.1972 (0.1869)	loss 2.9427 (3.1123)	acc@1: 80.4299	acc@5: 85.9096	
2023-03-22 06:01:15,606 - INFO - Train: [125/130][3000/3907]	eta 0:02:49 lr 0.00020987	time 0.1900 (0.1868)	loss 4.7023 (3.1208)	acc@1: 40.3996	acc@5: 59.1873	
2023-03-22 06:02:11,485 - INFO - Train: [125/130][3300/3907]	eta 0:01:53 lr 0.00020987	time 0.1891 (0.1868)	loss 4.8823 (3.1125)	acc@1: 31.7841	acc@5: 54.3079	
2023-03-22 06:03:07,489 - INFO - Train: [125/130][3600/3907]	eta 0:00:57 lr 0.00020987	time 0.1821 (0.1868)	loss 2.2546 (3.1205)	acc@1: 85.3807	acc@5: 90.7158	
2023-03-22 06:04:03,555 - INFO - Train: [125/130][3900/3907]	eta 0:00:01 lr 0.00020987	time 0.1837 (0.1868)	loss 3.4289 (3.1232)	acc@1: 73.0448	acc@5: 77.5975	
2023-03-22 06:04:04,804 - INFO - EPOCH 125 training takes 0:12:09
2023-03-22 06:04:06,345 - INFO - ./outputs/inat21_mini/res50_dynamic_mlp_c/res50_dynamic_mlp_c-Latest.pth saved !!!
2023-03-22 06:04:06,346 - INFO - **********Latest test***********
2023-03-22 06:04:06,346 - INFO - eval epoch 125
2023-03-22 06:04:07,068 - INFO - Test: [0/782]	Time 0.719 (0.719)	Loss 2.1475 (2.1475)	Acc@1 81.250 (81.250)	Acc@5 96.875 (96.875)
2023-03-22 06:06:15,888 - INFO - Test: [200/782]	Time 0.605 (0.644)	Loss 2.3565 (2.4207)	Acc@1 74.219 (76.038)	Acc@5 89.844 (91.472)
2023-03-22 06:08:24,667 - INFO - Test: [400/782]	Time 0.616 (0.644)	Loss 2.3565 (2.3985)	Acc@1 76.562 (76.748)	Acc@5 92.188 (91.813)
2023-03-22 06:10:34,809 - INFO - Test: [600/782]	Time 0.655 (0.646)	Loss 2.5323 (2.3673)	Acc@1 71.094 (77.554)	Acc@5 89.062 (92.159)
2023-03-22 06:12:29,629 - INFO -  * Acc@1 77.965 Acc@5 92.433
2023-03-22 06:12:29,629 - INFO - Max accuracy: 78.3730%
2023-03-22 06:12:29,629 - INFO - Exp path: ./outputs/inat21_mini/res50_dynamic_mlp_c
2023-03-22 06:12:32,648 - INFO - Train: [126/130][0/3907]	eta 3:16:23 lr 0.00014582	time 3.0159 (3.0159)	loss 2.8144 (2.8144)	acc@1: 82.4038	acc@5: 85.9220	
2023-03-22 06:13:28,054 - INFO - Train: [126/130][300/3907]	eta 0:11:40 lr 0.00014582	time 0.1846 (0.1941)	loss 2.1146 (3.0586)	acc@1: 92.5388	acc@5: 94.7759	
2023-03-22 06:14:23,298 - INFO - Train: [126/130][600/3907]	eta 0:10:25 lr 0.00014582	time 0.1781 (0.1891)	loss 2.2414 (3.0632)	acc@1: 87.9430	acc@5: 92.4128	
2023-03-22 06:15:18,833 - INFO - Train: [126/130][900/3907]	eta 0:09:24 lr 0.00014582	time 0.1924 (0.1878)	loss 2.4230 (3.1082)	acc@1: 85.5247	acc@5: 88.4738	
2023-03-22 06:16:14,324 - INFO - Train: [126/130][1200/3907]	eta 0:08:26 lr 0.00014582	time 0.1804 (0.1871)	loss 4.2107 (3.1068)	acc@1: 53.1416	acc@5: 67.2238	
2023-03-22 06:17:10,275 - INFO - Train: [126/130][1500/3907]	eta 0:07:30 lr 0.00014582	time 0.1803 (0.1870)	loss 2.3109 (3.1030)	acc@1: 85.1950	acc@5: 93.3402	
2023-03-22 06:18:06,029 - INFO - Train: [126/130][1800/3907]	eta 0:06:33 lr 0.00014582	time 0.1860 (0.1868)	loss 4.8740 (3.0901)	acc@1: 31.8652	acc@5: 56.6300	
2023-03-22 06:19:01,766 - INFO - Train: [126/130][2100/3907]	eta 0:05:37 lr 0.00014582	time 0.1800 (0.1866)	loss 2.1575 (3.0930)	acc@1: 88.3409	acc@5: 93.6246	
2023-03-22 06:19:57,840 - INFO - Train: [126/130][2400/3907]	eta 0:04:41 lr 0.00014582	time 0.1830 (0.1867)	loss 2.0248 (3.0891)	acc@1: 92.5362	acc@5: 95.5694	
2023-03-22 06:20:53,474 - INFO - Train: [126/130][2700/3907]	eta 0:03:45 lr 0.00014582	time 0.1884 (0.1865)	loss 4.4857 (3.0920)	acc@1: 47.6673	acc@5: 61.5966	
2023-03-22 06:21:49,073 - INFO - Train: [126/130][3000/3907]	eta 0:02:49 lr 0.00014582	time 0.1874 (0.1864)	loss 4.4029 (3.0752)	acc@1: 53.5370	acc@5: 63.5279	
2023-03-22 06:22:44,180 - INFO - Train: [126/130][3300/3907]	eta 0:01:53 lr 0.00014582	time 0.1757 (0.1862)	loss 1.7847 (3.0729)	acc@1: 89.0610	acc@5: 97.6546	
2023-03-22 06:23:39,814 - INFO - Train: [126/130][3600/3907]	eta 0:00:57 lr 0.00014582	time 0.1899 (0.1861)	loss 2.6801 (3.0769)	acc@1: 83.6948	acc@5: 87.9799	
2023-03-22 06:24:35,601 - INFO - Train: [126/130][3900/3907]	eta 0:00:01 lr 0.00014582	time 0.1752 (0.1861)	loss 3.7369 (3.0793)	acc@1: 67.9909	acc@5: 75.1285	
2023-03-22 06:24:36,865 - INFO - EPOCH 126 training takes 0:12:07
2023-03-22 06:24:37,580 - INFO - ./outputs/inat21_mini/res50_dynamic_mlp_c/res50_dynamic_mlp_c-Latest.pth saved !!!
2023-03-22 06:24:37,580 - INFO - **********Latest test***********
2023-03-22 06:24:37,580 - INFO - eval epoch 126
2023-03-22 06:24:38,317 - INFO - Test: [0/782]	Time 0.735 (0.735)	Loss 2.1616 (2.1616)	Acc@1 81.250 (81.250)	Acc@5 95.312 (95.312)
2023-03-22 06:26:50,205 - INFO - Test: [200/782]	Time 0.634 (0.660)	Loss 2.3539 (2.4342)	Acc@1 74.219 (76.030)	Acc@5 89.062 (91.449)
2023-03-22 06:29:01,187 - INFO - Test: [400/782]	Time 0.659 (0.657)	Loss 2.3601 (2.4124)	Acc@1 76.562 (76.691)	Acc@5 91.406 (91.811)
2023-03-22 06:31:14,098 - INFO - Test: [600/782]	Time 0.660 (0.660)	Loss 2.5277 (2.3809)	Acc@1 71.094 (77.444)	Acc@5 89.062 (92.154)
2023-03-22 06:33:08,834 - INFO -  * Acc@1 77.884 Acc@5 92.413
2023-03-22 06:33:08,834 - INFO - Max accuracy: 78.3730%
2023-03-22 06:33:08,834 - INFO - Exp path: ./outputs/inat21_mini/res50_dynamic_mlp_c
2023-03-22 06:33:11,705 - INFO - Train: [127/130][0/3907]	eta 3:06:44 lr 0.00009337	time 2.8679 (2.8679)	loss 4.3075 (4.3075)	acc@1: 49.0281	acc@5: 64.1408	
2023-03-22 06:34:07,104 - INFO - Train: [127/130][300/3907]	eta 0:11:38 lr 0.00009337	time 0.1898 (0.1936)	loss 3.0791 (3.0515)	acc@1: 78.1101	acc@5: 83.0855	
2023-03-22 06:35:02,639 - INFO - Train: [127/130][600/3907]	eta 0:10:26 lr 0.00009337	time 0.1786 (0.1893)	loss 3.2532 (3.0690)	acc@1: 77.0399	acc@5: 82.6707	
2023-03-22 06:35:58,144 - INFO - Train: [127/130][900/3907]	eta 0:09:25 lr 0.00009337	time 0.1768 (0.1879)	loss 4.2903 (3.0572)	acc@1: 51.6933	acc@5: 63.6503	
2023-03-22 06:36:53,654 - INFO - Train: [127/130][1200/3907]	eta 0:08:26 lr 0.00009337	time 0.1768 (0.1872)	loss 2.3190 (3.0793)	acc@1: 88.3962	acc@5: 91.4050	
2023-03-22 06:37:49,094 - INFO - Train: [127/130][1500/3907]	eta 0:07:29 lr 0.00009337	time 0.2148 (0.1867)	loss 4.8438 (3.0823)	acc@1: 33.6925	acc@5: 55.8964	
2023-03-22 06:38:44,687 - INFO - Train: [127/130][1800/3907]	eta 0:06:32 lr 0.00009337	time 0.1823 (0.1865)	loss 2.0226 (3.0791)	acc@1: 86.6563	acc@5: 93.6824	
2023-03-22 06:39:40,440 - INFO - Train: [127/130][2100/3907]	eta 0:05:36 lr 0.00009337	time 0.1771 (0.1864)	loss 4.6961 (3.0944)	acc@1: 40.7038	acc@5: 54.1798	
2023-03-22 06:40:35,763 - INFO - Train: [127/130][2400/3907]	eta 0:04:40 lr 0.00009337	time 0.1770 (0.1861)	loss 4.6354 (3.0918)	acc@1: 41.6651	acc@5: 59.0054	
2023-03-22 06:41:31,361 - INFO - Train: [127/130][2700/3907]	eta 0:03:44 lr 0.00009337	time 0.1826 (0.1860)	loss 4.1148 (3.0832)	acc@1: 57.3901	acc@5: 67.7846	
2023-03-22 06:42:27,360 - INFO - Train: [127/130][3000/3907]	eta 0:02:48 lr 0.00009337	time 0.1754 (0.1861)	loss 4.5525 (3.0853)	acc@1: 45.7839	acc@5: 61.0029	
2023-03-22 06:43:23,215 - INFO - Train: [127/130][3300/3907]	eta 0:01:52 lr 0.00009337	time 0.1796 (0.1861)	loss 4.7155 (3.0892)	acc@1: 35.5523	acc@5: 58.5938	
2023-03-22 06:44:19,049 - INFO - Train: [127/130][3600/3907]	eta 0:00:57 lr 0.00009337	time 0.2037 (0.1861)	loss 3.9946 (3.0961)	acc@1: 58.6596	acc@5: 73.9928	
2023-03-22 06:45:14,655 - INFO - Train: [127/130][3900/3907]	eta 0:00:01 lr 0.00009337	time 0.1790 (0.1861)	loss 1.7533 (3.1031)	acc@1: 92.9610	acc@5: 99.2104	
2023-03-22 06:45:15,934 - INFO - EPOCH 127 training takes 0:12:07
2023-03-22 06:45:17,458 - INFO - ./outputs/inat21_mini/res50_dynamic_mlp_c/res50_dynamic_mlp_c-Latest.pth saved !!!
2023-03-22 06:45:17,459 - INFO - **********Latest test***********
2023-03-22 06:45:17,459 - INFO - eval epoch 127
2023-03-22 06:45:18,148 - INFO - Test: [0/782]	Time 0.688 (0.688)	Loss 2.1098 (2.1098)	Acc@1 81.250 (81.250)	Acc@5 96.094 (96.094)
2023-03-22 06:47:28,569 - INFO - Test: [200/782]	Time 0.644 (0.652)	Loss 2.3192 (2.3781)	Acc@1 75.000 (76.539)	Acc@5 89.062 (91.744)
2023-03-22 06:49:40,892 - INFO - Test: [400/782]	Time 0.679 (0.657)	Loss 2.3067 (2.3557)	Acc@1 78.906 (77.260)	Acc@5 92.188 (92.078)
2023-03-22 06:51:53,506 - INFO - Test: [600/782]	Time 0.660 (0.659)	Loss 2.4937 (2.3247)	Acc@1 70.312 (78.009)	Acc@5 89.062 (92.405)
2023-03-22 06:53:51,458 - INFO -  * Acc@1 78.432 Acc@5 92.663
2023-03-22 06:53:51,458 - INFO - Max accuracy: 78.4320%
2023-03-22 06:53:52,938 - INFO - ./outputs/inat21_mini/res50_dynamic_mlp_c/res50_dynamic_mlp_c-Best.pth saved !!!
2023-03-22 06:53:52,938 - INFO - Exp path: ./outputs/inat21_mini/res50_dynamic_mlp_c
2023-03-22 06:53:55,390 - INFO - Train: [128/130][0/3907]	eta 2:39:19 lr 0.00005254	time 2.4467 (2.4467)	loss 3.6800 (3.6800)	acc@1: 69.2887	acc@5: 74.2697	
2023-03-22 06:54:50,689 - INFO - Train: [128/130][300/3907]	eta 0:11:31 lr 0.00005254	time 0.1905 (0.1918)	loss 1.9939 (3.1384)	acc@1: 92.6169	acc@5: 95.6781	
2023-03-22 06:55:46,595 - INFO - Train: [128/130][600/3907]	eta 0:10:25 lr 0.00005254	time 0.1821 (0.1891)	loss 1.8867 (3.1254)	acc@1: 91.8895	acc@5: 96.5211	
2023-03-22 06:56:42,371 - INFO - Train: [128/130][900/3907]	eta 0:09:25 lr 0.00005254	time 0.1841 (0.1880)	loss 3.7243 (3.1437)	acc@1: 63.4376	acc@5: 77.1636	
2023-03-22 06:57:37,783 - INFO - Train: [128/130][1200/3907]	eta 0:08:26 lr 0.00005254	time 0.1767 (0.1872)	loss 2.1452 (3.1123)	acc@1: 90.0928	acc@5: 94.6328	
2023-03-22 06:58:33,596 - INFO - Train: [128/130][1500/3907]	eta 0:07:30 lr 0.00005254	time 0.1976 (0.1870)	loss 4.3842 (3.1064)	acc@1: 50.0670	acc@5: 63.4782	
2023-03-22 06:59:29,457 - INFO - Train: [128/130][1800/3907]	eta 0:06:33 lr 0.00005254	time 0.1936 (0.1868)	loss 3.6307 (3.1007)	acc@1: 63.3498	acc@5: 76.7011	
2023-03-22 07:00:25,393 - INFO - Train: [128/130][2100/3907]	eta 0:05:37 lr 0.00005254	time 0.1866 (0.1868)	loss 4.1049 (3.1034)	acc@1: 57.6470	acc@5: 67.1266	
2023-03-22 07:01:21,333 - INFO - Train: [128/130][2400/3907]	eta 0:04:41 lr 0.00005254	time 0.1804 (0.1867)	loss 2.3653 (3.1078)	acc@1: 89.4363	acc@5: 90.9017	
2023-03-22 07:02:16,874 - INFO - Train: [128/130][2700/3907]	eta 0:03:45 lr 0.00005254	time 0.1896 (0.1866)	loss 2.3758 (3.1000)	acc@1: 88.7227	acc@5: 91.6557	
2023-03-22 07:03:12,586 - INFO - Train: [128/130][3000/3907]	eta 0:02:49 lr 0.00005254	time 0.1911 (0.1865)	loss 1.7563 (3.0872)	acc@1: 95.1679	acc@5: 98.2881	
2023-03-22 07:04:08,667 - INFO - Train: [128/130][3300/3907]	eta 0:01:53 lr 0.00005254	time 0.1873 (0.1865)	loss 4.5524 (3.0897)	acc@1: 46.5785	acc@5: 58.8254	
2023-03-22 07:05:04,541 - INFO - Train: [128/130][3600/3907]	eta 0:00:57 lr 0.00005254	time 0.1993 (0.1865)	loss 2.2872 (3.0853)	acc@1: 88.2132	acc@5: 92.6589	
2023-03-22 07:06:00,102 - INFO - Train: [128/130][3900/3907]	eta 0:00:01 lr 0.00005254	time 0.1753 (0.1864)	loss 5.0806 (3.0837)	acc@1: 31.3587	acc@5: 52.4524	
2023-03-22 07:06:01,350 - INFO - EPOCH 128 training takes 0:12:08
2023-03-22 07:06:02,839 - INFO - ./outputs/inat21_mini/res50_dynamic_mlp_c/res50_dynamic_mlp_c-Latest.pth saved !!!
2023-03-22 07:06:02,840 - INFO - **********Latest test***********
2023-03-22 07:06:02,840 - INFO - eval epoch 128
2023-03-22 07:06:03,514 - INFO - Test: [0/782]	Time 0.672 (0.672)	Loss 2.1904 (2.1904)	Acc@1 80.469 (80.469)	Acc@5 94.531 (94.531)
2023-03-22 07:08:14,309 - INFO - Test: [200/782]	Time 0.651 (0.654)	Loss 2.4029 (2.4773)	Acc@1 72.656 (75.482)	Acc@5 88.281 (91.091)
2023-03-22 07:10:25,549 - INFO - Test: [400/782]	Time 0.667 (0.655)	Loss 2.3920 (2.4549)	Acc@1 77.344 (76.196)	Acc@5 91.406 (91.476)
2023-03-22 07:12:37,610 - INFO - Test: [600/782]	Time 0.649 (0.657)	Loss 2.5828 (2.4233)	Acc@1 71.094 (76.998)	Acc@5 88.281 (91.868)
2023-03-22 07:14:35,826 - INFO -  * Acc@1 77.445 Acc@5 92.172
2023-03-22 07:14:35,826 - INFO - Max accuracy: 78.4320%
2023-03-22 07:14:35,826 - INFO - Exp path: ./outputs/inat21_mini/res50_dynamic_mlp_c
2023-03-22 07:14:38,306 - INFO - Train: [129/130][0/3907]	eta 2:41:20 lr 0.00002336	time 2.4777 (2.4777)	loss 2.1704 (2.1704)	acc@1: 89.7018	acc@5: 93.4708	
2023-03-22 07:15:33,354 - INFO - Train: [129/130][300/3907]	eta 0:11:29 lr 0.00002336	time 0.1832 (0.1911)	loss 1.7704 (3.1102)	acc@1: 92.6793	acc@5: 97.3521	
2023-03-22 07:16:29,283 - INFO - Train: [129/130][600/3907]	eta 0:10:24 lr 0.00002336	time 0.1943 (0.1888)	loss 4.8176 (3.1228)	acc@1: 38.8168	acc@5: 56.3070	
2023-03-22 07:17:25,289 - INFO - Train: [129/130][900/3907]	eta 0:09:25 lr 0.00002336	time 0.1948 (0.1881)	loss 4.6878 (3.1324)	acc@1: 40.3008	acc@5: 55.9422	
2023-03-22 07:18:21,234 - INFO - Train: [129/130][1200/3907]	eta 0:08:28 lr 0.00002336	time 0.1914 (0.1877)	loss 4.3688 (3.1277)	acc@1: 53.9329	acc@5: 65.7939	
2023-03-22 07:19:17,569 - INFO - Train: [129/130][1500/3907]	eta 0:07:31 lr 0.00002336	time 0.1924 (0.1877)	loss 4.5974 (3.1025)	acc@1: 46.1318	acc@5: 60.9002	
2023-03-22 07:20:13,379 - INFO - Train: [129/130][1800/3907]	eta 0:06:34 lr 0.00002336	time 0.1926 (0.1874)	loss 2.1672 (3.0889)	acc@1: 89.9350	acc@5: 94.4285	
2023-03-22 07:21:09,116 - INFO - Train: [129/130][2100/3907]	eta 0:05:38 lr 0.00002336	time 0.1788 (0.1872)	loss 2.0735 (3.0826)	acc@1: 90.6367	acc@5: 95.2046	
2023-03-22 07:22:05,086 - INFO - Train: [129/130][2400/3907]	eta 0:04:41 lr 0.00002336	time 0.1806 (0.1871)	loss 2.5277 (3.0884)	acc@1: 86.3032	acc@5: 89.9270	
2023-03-22 07:23:00,572 - INFO - Train: [129/130][2700/3907]	eta 0:03:45 lr 0.00002336	time 0.1798 (0.1869)	loss 1.8174 (3.0854)	acc@1: 91.1194	acc@5: 96.5710	
2023-03-22 07:23:56,086 - INFO - Train: [129/130][3000/3907]	eta 0:02:49 lr 0.00002336	time 0.1848 (0.1867)	loss 4.2120 (3.0912)	acc@1: 48.8466	acc@5: 69.7166	
2023-03-22 07:24:52,159 - INFO - Train: [129/130][3300/3907]	eta 0:01:53 lr 0.00002336	time 0.1871 (0.1867)	loss 2.5737 (3.0900)	acc@1: 83.6232	acc@5: 88.7673	
2023-03-22 07:25:48,332 - INFO - Train: [129/130][3600/3907]	eta 0:00:57 lr 0.00002336	time 0.1801 (0.1867)	loss 4.4768 (3.0911)	acc@1: 43.6640	acc@5: 62.3763	
2023-03-22 07:26:44,349 - INFO - Train: [129/130][3900/3907]	eta 0:00:01 lr 0.00002336	time 0.1776 (0.1867)	loss 1.9579 (3.0924)	acc@1: 88.7219	acc@5: 93.3913	
2023-03-22 07:26:45,611 - INFO - EPOCH 129 training takes 0:12:09
2023-03-22 07:26:47,124 - INFO - ./outputs/inat21_mini/res50_dynamic_mlp_c/res50_dynamic_mlp_c-Latest.pth saved !!!
2023-03-22 07:26:47,125 - INFO - **********Latest test***********
2023-03-22 07:26:47,125 - INFO - eval epoch 129
2023-03-22 07:26:47,810 - INFO - Test: [0/782]	Time 0.682 (0.682)	Loss 2.1700 (2.1700)	Acc@1 79.688 (79.688)	Acc@5 94.531 (94.531)
2023-03-22 07:28:58,978 - INFO - Test: [200/782]	Time 0.650 (0.656)	Loss 2.3807 (2.4482)	Acc@1 73.438 (75.847)	Acc@5 88.281 (91.379)
2023-03-22 07:31:09,605 - INFO - Test: [400/782]	Time 0.632 (0.655)	Loss 2.3677 (2.4264)	Acc@1 75.781 (76.588)	Acc@5 92.188 (91.765)
2023-03-22 07:33:21,184 - INFO - Test: [600/782]	Time 0.654 (0.656)	Loss 2.5451 (2.3952)	Acc@1 71.094 (77.327)	Acc@5 88.281 (92.097)
2023-03-22 07:35:18,579 - INFO -  * Acc@1 77.765 Acc@5 92.368
2023-03-22 07:35:18,579 - INFO - Max accuracy: 78.4320%
2023-03-22 07:35:18,579 - INFO - Exp path: ./outputs/inat21_mini/res50_dynamic_mlp_c
2023-03-22 07:35:20,908 - INFO - Train: [130/130][0/3907]	eta 2:31:25 lr 0.00000584	time 2.3255 (2.3255)	loss 2.2571 (2.2571)	acc@1: 89.7113	acc@5: 93.4493	
2023-03-22 07:36:16,465 - INFO - Train: [130/130][300/3907]	eta 0:11:33 lr 0.00000584	time 0.1830 (0.1923)	loss 3.8149 (3.0221)	acc@1: 65.2283	acc@5: 74.5401	
2023-03-22 07:37:11,998 - INFO - Train: [130/130][600/3907]	eta 0:10:24 lr 0.00000584	time 0.1877 (0.1887)	loss 2.4415 (3.0438)	acc@1: 85.9264	acc@5: 91.0645	
2023-03-22 07:38:07,534 - INFO - Train: [130/130][900/3907]	eta 0:09:23 lr 0.00000584	time 0.1765 (0.1875)	loss 2.2219 (3.0372)	acc@1: 86.6149	acc@5: 92.5835	
2023-03-22 07:39:02,993 - INFO - Train: [130/130][1200/3907]	eta 0:08:25 lr 0.00000584	time 0.1792 (0.1868)	loss 4.7512 (3.0482)	acc@1: 38.8671	acc@5: 56.9152	
2023-03-22 07:39:58,571 - INFO - Train: [130/130][1500/3907]	eta 0:07:28 lr 0.00000584	time 0.1769 (0.1865)	loss 4.6855 (3.0499)	acc@1: 43.2078	acc@5: 57.3150	
2023-03-22 07:40:53,675 - INFO - Train: [130/130][1800/3907]	eta 0:06:32 lr 0.00000584	time 0.1897 (0.1861)	loss 4.3571 (3.0722)	acc@1: 46.4388	acc@5: 64.2512	
2023-03-22 07:41:48,837 - INFO - Train: [130/130][2100/3907]	eta 0:05:35 lr 0.00000584	time 0.1763 (0.1857)	loss 2.3412 (3.0871)	acc@1: 88.0653	acc@5: 91.0255	
2023-03-22 07:42:44,552 - INFO - Train: [130/130][2400/3907]	eta 0:04:39 lr 0.00000584	time 0.1764 (0.1857)	loss 2.1124 (3.1045)	acc@1: 87.8116	acc@5: 93.9738	
2023-03-22 07:43:40,068 - INFO - Train: [130/130][2700/3907]	eta 0:03:44 lr 0.00000584	time 0.1832 (0.1857)	loss 1.9516 (3.1088)	acc@1: 86.3221	acc@5: 96.4319	
2023-03-22 07:44:35,477 - INFO - Train: [130/130][3000/3907]	eta 0:02:48 lr 0.00000584	time 0.1916 (0.1856)	loss 2.0259 (3.1171)	acc@1: 90.8014	acc@5: 92.3639	
2023-03-22 07:45:30,948 - INFO - Train: [130/130][3300/3907]	eta 0:01:52 lr 0.00000584	time 0.1821 (0.1855)	loss 3.0415 (3.1174)	acc@1: 81.5356	acc@5: 83.0078	
2023-03-22 07:46:26,524 - INFO - Train: [130/130][3600/3907]	eta 0:00:56 lr 0.00000584	time 0.1833 (0.1855)	loss 2.1138 (3.1145)	acc@1: 89.9681	acc@5: 96.0164	
2023-03-22 07:47:22,002 - INFO - Train: [130/130][3900/3907]	eta 0:00:01 lr 0.00000584	time 0.1751 (0.1854)	loss 4.1333 (3.1164)	acc@1: 54.7459	acc@5: 67.0018	
2023-03-22 07:47:23,207 - INFO - EPOCH 130 training takes 0:12:04
2023-03-22 07:47:24,681 - INFO - ./outputs/inat21_mini/res50_dynamic_mlp_c/res50_dynamic_mlp_c-Latest.pth saved !!!
2023-03-22 07:47:24,681 - INFO - **********Latest test***********
2023-03-22 07:47:24,682 - INFO - eval epoch 130
2023-03-22 07:47:25,350 - INFO - Test: [0/782]	Time 0.668 (0.668)	Loss 2.1599 (2.1599)	Acc@1 80.469 (80.469)	Acc@5 95.312 (95.312)
2023-03-22 07:49:38,549 - INFO - Test: [200/782]	Time 0.646 (0.666)	Loss 2.3586 (2.4239)	Acc@1 75.000 (76.042)	Acc@5 90.625 (91.515)
2023-03-22 07:51:52,149 - INFO - Test: [400/782]	Time 0.669 (0.667)	Loss 2.3455 (2.4027)	Acc@1 76.562 (76.802)	Acc@5 92.188 (91.858)
2023-03-22 07:54:06,109 - INFO - Test: [600/782]	Time 0.665 (0.668)	Loss 2.5407 (2.3721)	Acc@1 71.094 (77.596)	Acc@5 88.281 (92.184)
2023-03-22 07:56:05,759 - INFO -  * Acc@1 78.005 Acc@5 92.457
2023-03-22 07:56:05,759 - INFO - Max accuracy: 78.4320%
2023-03-22 07:56:05,759 - INFO - Exp path: ./outputs/inat21_mini/res50_dynamic_mlp_c
2023-03-22 07:56:05,759 - INFO - Training time 6:52:47
