2023-03-20 22:04:05,253 - INFO - --batch_size 128
2023-03-20 22:04:05,253 - INFO - --data inat21_mini
2023-03-20 22:04:05,253 - INFO - --data_dir ./datasets/iNat2021
2023-03-20 22:04:05,253 - INFO - --device_name NVIDIA GeForce RTX 3090
2023-03-20 22:04:05,253 - INFO - --evaluate False
2023-03-20 22:04:05,253 - INFO - --fold 1
2023-03-20 22:04:05,253 - INFO - --image_only False
2023-03-20 22:04:05,253 - INFO - --metadata geo_temporal
2023-03-20 22:04:05,253 - INFO - --mlp_cin 6
2023-03-20 22:04:05,253 - INFO - --mlp_hidden 64
2023-03-20 22:04:05,253 - INFO - --mlp_num_layers 2
2023-03-20 22:04:05,253 - INFO - --mlp_out_channel 256
2023-03-20 22:04:05,253 - INFO - --mlp_type c
2023-03-20 22:04:05,253 - INFO - --model_file resnet_dynamic_mlp
2023-03-20 22:04:05,253 - INFO - --model_name resnet50
2023-03-20 22:04:05,253 - INFO - --name res50_dynamic_mlp_c
2023-03-20 22:04:05,253 - INFO - --num_classes 10000
2023-03-20 22:04:05,253 - INFO - --num_workers 8
2023-03-20 22:04:05,253 - INFO - --path_log ./outputs/inat21_mini/res50_dynamic_mlp_c
2023-03-20 22:04:05,253 - INFO - --pretrained True
2023-03-20 22:04:05,254 - INFO - --random_seed 37
2023-03-20 22:04:05,254 - INFO - --resume Latest
2023-03-20 22:04:05,254 - INFO - --save_dir ./outputs
2023-03-20 22:04:05,254 - INFO - --start_lr 0.04
2023-03-20 22:04:05,254 - INFO - --stop_epoch 110
2023-03-20 22:04:05,254 - INFO - --storeinfo 3090_3
2023-03-20 22:04:05,254 - INFO - --tencrop False
2023-03-20 22:04:05,254 - INFO - --warmup 2
2023-03-20 22:04:05,254 - INFO - Creating model:resnet_dynamic_mlp -> resnet50
2023-03-20 22:04:05,254 - INFO - type: c, cin: 6, d: 256, h: 64, N: 2
2023-03-20 22:04:10,303 - INFO - => loading checkpoint './outputs/inat21_mini/res50_dynamic_mlp_c/res50_dynamic_mlp_c-Latest.pth'
2023-03-20 22:04:10,699 - INFO - => loaded checkpoint './outputs/inat21_mini/res50_dynamic_mlp_c/res50_dynamic_mlp_c-Latest.pth' (epoch 90)
2023-03-20 22:04:10,699 - INFO - eval epoch 90
2023-03-20 22:04:11,880 - INFO - Test: [0/782]	Time 1.180 (1.180)	Loss 2.1440 (2.1440)	Acc@1 79.688 (79.688)	Acc@5 95.312 (95.312)
2023-03-20 22:06:21,851 - INFO - Test: [200/782]	Time 0.631 (0.652)	Loss 2.3706 (2.4286)	Acc@1 77.344 (75.789)	Acc@5 91.406 (91.360)
2023-03-20 22:08:33,188 - INFO - Test: [400/782]	Time 0.669 (0.655)	Loss 2.3492 (2.4079)	Acc@1 78.125 (76.323)	Acc@5 91.406 (91.726)
2023-03-20 22:10:49,015 - INFO - Test: [600/782]	Time 0.728 (0.663)	Loss 2.4904 (2.3770)	Acc@1 76.562 (77.172)	Acc@5 89.062 (92.097)
2023-03-20 22:12:49,228 - INFO -  * Acc@1 77.598 Acc@5 92.382
2023-03-20 22:12:49,228 - INFO - Max accuracy: 77.9050%
2023-03-20 22:12:49,228 - INFO - Start training
2023-03-20 22:12:55,087 - INFO - Train: [91/110][0/3907]	eta 6:21:18 lr 0.00317493	time 5.8558 (5.8558)	loss 2.3915 (2.3915)	acc@1: 86.0202	acc@5: 92.6801	
2023-03-20 22:13:51,376 - INFO - Train: [91/110][300/3907]	eta 0:12:24 lr 0.00317493	time 0.1812 (0.2065)	loss 4.9894 (3.3183)	acc@1: 42.2369	acc@5: 56.4046	
2023-03-20 22:14:47,582 - INFO - Train: [91/110][600/3907]	eta 0:10:51 lr 0.00317493	time 0.1784 (0.1969)	loss 2.8922 (3.3173)	acc@1: 75.7296	acc@5: 86.6082	
2023-03-20 22:15:43,402 - INFO - Train: [91/110][900/3907]	eta 0:09:41 lr 0.00317493	time 0.1884 (0.1933)	loss 3.5711 (3.2943)	acc@1: 65.7340	acc@5: 79.7119	
2023-03-20 22:16:39,592 - INFO - Train: [91/110][1200/3907]	eta 0:08:39 lr 0.00317493	time 0.1815 (0.1918)	loss 2.7180 (3.2597)	acc@1: 83.1194	acc@5: 90.2792	
2023-03-20 22:17:35,762 - INFO - Train: [91/110][1500/3907]	eta 0:07:39 lr 0.00317493	time 0.1798 (0.1909)	loss 2.3982 (3.2647)	acc@1: 87.4265	acc@5: 93.3941	
2023-03-20 22:18:32,202 - INFO - Train: [91/110][1800/3907]	eta 0:06:41 lr 0.00317493	time 0.1804 (0.1904)	loss 2.5876 (3.2729)	acc@1: 78.2326	acc@5: 88.7600	
2023-03-20 22:19:28,790 - INFO - Train: [91/110][2100/3907]	eta 0:05:43 lr 0.00317493	time 0.1836 (0.1902)	loss 4.7219 (3.2671)	acc@1: 40.5770	acc@5: 57.4598	
2023-03-20 22:20:24,476 - INFO - Train: [91/110][2400/3907]	eta 0:04:45 lr 0.00317493	time 0.1849 (0.1896)	loss 3.6964 (3.2716)	acc@1: 66.6335	acc@5: 74.8240	
2023-03-20 22:21:18,583 - INFO - Train: [91/110][2700/3907]	eta 0:03:47 lr 0.00317493	time 0.1729 (0.1886)	loss 2.6592 (3.2831)	acc@1: 77.5516	acc@5: 89.9891	
2023-03-20 22:22:11,609 - INFO - Train: [91/110][3000/3907]	eta 0:02:49 lr 0.00317493	time 0.1757 (0.1874)	loss 3.2437 (3.2877)	acc@1: 73.5350	acc@5: 84.5167	
2023-03-20 22:23:04,589 - INFO - Train: [91/110][3300/3907]	eta 0:01:53 lr 0.00317493	time 0.1705 (0.1864)	loss 2.0487 (3.2949)	acc@1: 87.4731	acc@5: 92.1594	
2023-03-20 22:23:57,336 - INFO - Train: [91/110][3600/3907]	eta 0:00:56 lr 0.00317493	time 0.1762 (0.1855)	loss 4.4903 (3.3007)	acc@1: 48.6700	acc@5: 62.9249	
2023-03-20 22:24:50,380 - INFO - Train: [91/110][3900/3907]	eta 0:00:01 lr 0.00317493	time 0.1694 (0.1849)	loss 4.3735 (3.3033)	acc@1: 53.1200	acc@5: 67.7962	
2023-03-20 22:24:52,083 - INFO - EPOCH 91 training takes 0:12:02
2023-03-20 22:24:53,591 - INFO - ./outputs/inat21_mini/res50_dynamic_mlp_c/res50_dynamic_mlp_c-Latest.pth saved !!!
2023-03-20 22:24:53,592 - INFO - **********Latest test***********
2023-03-20 22:24:53,592 - INFO - eval epoch 91
2023-03-20 22:24:54,328 - INFO - Test: [0/782]	Time 0.735 (0.735)	Loss 2.2207 (2.2207)	Acc@1 78.906 (78.906)	Acc@5 94.531 (94.531)
2023-03-20 22:27:02,929 - INFO - Test: [200/782]	Time 0.624 (0.643)	Loss 2.4785 (2.5107)	Acc@1 72.656 (73.729)	Acc@5 89.844 (90.267)
2023-03-20 22:29:11,991 - INFO - Test: [400/782]	Time 0.628 (0.644)	Loss 2.4408 (2.4890)	Acc@1 75.781 (74.341)	Acc@5 90.625 (90.629)
2023-03-20 22:31:19,079 - INFO - Test: [600/782]	Time 0.644 (0.641)	Loss 2.5659 (2.4573)	Acc@1 69.531 (75.166)	Acc@5 89.844 (91.050)
2023-03-20 22:33:11,148 - INFO -  * Acc@1 75.661 Acc@5 91.366
2023-03-20 22:33:11,149 - INFO - Max accuracy: 77.9050%
2023-03-20 22:33:12,607 - INFO - ./outputs/inat21_mini/res50_dynamic_mlp_c/res50_dynamic_mlp_c-Best.pth saved !!!
2023-03-20 22:33:12,608 - INFO - Exp path: ./outputs/inat21_mini/res50_dynamic_mlp_c
2023-03-20 22:33:15,515 - INFO - Train: [92/110][0/3907]	eta 3:08:50 lr 0.00287302	time 2.9001 (2.9001)	loss 3.7626 (3.7626)	acc@1: 68.3434	acc@5: 76.2656	
2023-03-20 22:34:10,749 - INFO - Train: [92/110][300/3907]	eta 0:11:36 lr 0.00287302	time 0.1804 (0.1931)	loss 4.9582 (3.1842)	acc@1: 34.5120	acc@5: 52.4932	
2023-03-20 22:35:05,740 - INFO - Train: [92/110][600/3907]	eta 0:10:22 lr 0.00287302	time 0.1861 (0.1882)	loss 5.0357 (3.2179)	acc@1: 34.4611	acc@5: 52.0248	
2023-03-20 22:36:00,964 - INFO - Train: [92/110][900/3907]	eta 0:09:21 lr 0.00287302	time 0.1853 (0.1868)	loss 3.7190 (3.2298)	acc@1: 69.0226	acc@5: 76.1948	
2023-03-20 22:36:56,381 - INFO - Train: [92/110][1200/3907]	eta 0:08:24 lr 0.00287302	time 0.2026 (0.1863)	loss 2.0090 (3.2221)	acc@1: 87.9149	acc@5: 95.6258	
2023-03-20 22:37:51,419 - INFO - Train: [92/110][1500/3907]	eta 0:07:27 lr 0.00287302	time 0.1821 (0.1857)	loss 2.2093 (3.2637)	acc@1: 87.6927	acc@5: 93.7931	
2023-03-20 22:38:46,616 - INFO - Train: [92/110][1800/3907]	eta 0:06:30 lr 0.00287302	time 0.1797 (0.1854)	loss 2.0743 (3.2515)	acc@1: 87.0238	acc@5: 94.0167	
2023-03-20 22:39:41,705 - INFO - Train: [92/110][2100/3907]	eta 0:05:34 lr 0.00287302	time 0.1727 (0.1852)	loss 3.0777 (3.2634)	acc@1: 76.2759	acc@5: 85.9679	
2023-03-20 22:40:34,584 - INFO - Train: [92/110][2400/3907]	eta 0:04:37 lr 0.00287302	time 0.1746 (0.1841)	loss 2.8920 (3.2695)	acc@1: 78.1772	acc@5: 86.7691	
2023-03-20 22:41:27,598 - INFO - Train: [92/110][2700/3907]	eta 0:03:41 lr 0.00287302	time 0.1702 (0.1833)	loss 4.9367 (3.2702)	acc@1: 35.0762	acc@5: 58.6432	
2023-03-20 22:42:20,426 - INFO - Train: [92/110][3000/3907]	eta 0:02:45 lr 0.00287302	time 0.1704 (0.1825)	loss 3.6396 (3.2835)	acc@1: 70.6966	acc@5: 75.9449	
2023-03-20 22:43:13,176 - INFO - Train: [92/110][3300/3907]	eta 0:01:50 lr 0.00287302	time 0.1711 (0.1819)	loss 3.5347 (3.2879)	acc@1: 69.8289	acc@5: 80.6141	
2023-03-20 22:44:05,655 - INFO - Train: [92/110][3600/3907]	eta 0:00:55 lr 0.00287302	time 0.1835 (0.1813)	loss 3.2683 (3.2950)	acc@1: 72.9785	acc@5: 83.1331	
2023-03-20 22:44:58,583 - INFO - Train: [92/110][3900/3907]	eta 0:00:01 lr 0.00287302	time 0.1739 (0.1810)	loss 3.4138 (3.2966)	acc@1: 71.0890	acc@5: 77.9997	
2023-03-20 22:44:59,801 - INFO - EPOCH 92 training takes 0:11:47
2023-03-20 22:45:00,458 - INFO - ./outputs/inat21_mini/res50_dynamic_mlp_c/res50_dynamic_mlp_c-Latest.pth saved !!!
2023-03-20 22:45:00,458 - INFO - **********Latest test***********
2023-03-20 22:45:00,458 - INFO - eval epoch 92
2023-03-20 22:45:01,152 - INFO - Test: [0/782]	Time 0.693 (0.693)	Loss 2.2564 (2.2564)	Acc@1 78.906 (78.906)	Acc@5 96.094 (96.094)
2023-03-20 22:47:08,027 - INFO - Test: [200/782]	Time 0.628 (0.635)	Loss 2.5065 (2.5347)	Acc@1 72.656 (73.803)	Acc@5 89.062 (90.236)
2023-03-20 22:49:17,423 - INFO - Test: [400/782]	Time 0.651 (0.641)	Loss 2.4215 (2.5104)	Acc@1 78.906 (74.423)	Acc@5 92.188 (90.648)
2023-03-20 22:51:26,343 - INFO - Test: [600/782]	Time 0.626 (0.642)	Loss 2.6502 (2.4794)	Acc@1 68.750 (75.203)	Acc@5 86.719 (91.088)
2023-03-20 22:53:21,989 - INFO -  * Acc@1 75.653 Acc@5 91.392
2023-03-20 22:53:21,989 - INFO - Max accuracy: 77.9050%
2023-03-20 22:53:21,989 - INFO - Exp path: ./outputs/inat21_mini/res50_dynamic_mlp_c
2023-03-20 22:53:24,512 - INFO - Train: [93/110][0/3907]	eta 2:44:02 lr 0.00258508	time 2.5192 (2.5192)	loss 2.7368 (2.7368)	acc@1: 80.6412	acc@5: 87.8358	
2023-03-20 22:54:20,384 - INFO - Train: [93/110][300/3907]	eta 0:11:39 lr 0.00258508	time 0.1883 (0.1940)	loss 2.7981 (3.2149)	acc@1: 81.0446	acc@5: 88.1537	
2023-03-20 22:55:16,442 - INFO - Train: [93/110][600/3907]	eta 0:10:29 lr 0.00258508	time 0.1837 (0.1904)	loss 2.4725 (3.1990)	acc@1: 84.4384	acc@5: 91.7767	
2023-03-20 22:56:12,509 - INFO - Train: [93/110][900/3907]	eta 0:09:29 lr 0.00258508	time 0.1798 (0.1892)	loss 2.3400 (3.2220)	acc@1: 85.0402	acc@5: 92.5607	
2023-03-20 22:57:08,541 - INFO - Train: [93/110][1200/3907]	eta 0:08:30 lr 0.00258508	time 0.1927 (0.1886)	loss 3.3498 (3.2451)	acc@1: 68.4707	acc@5: 79.9780	
2023-03-20 22:58:04,464 - INFO - Train: [93/110][1500/3907]	eta 0:07:32 lr 0.00258508	time 0.1840 (0.1882)	loss 2.0736 (3.2532)	acc@1: 84.4744	acc@5: 95.3298	
2023-03-20 22:59:00,494 - INFO - Train: [93/110][1800/3907]	eta 0:06:36 lr 0.00258508	time 0.1810 (0.1879)	loss 1.9867 (3.2438)	acc@1: 86.7965	acc@5: 95.3211	
2023-03-20 22:59:56,200 - INFO - Train: [93/110][2100/3907]	eta 0:05:39 lr 0.00258508	time 0.1924 (0.1876)	loss 2.6632 (3.2441)	acc@1: 82.3451	acc@5: 88.7843	
2023-03-20 23:00:51,678 - INFO - Train: [93/110][2400/3907]	eta 0:04:42 lr 0.00258508	time 0.1832 (0.1873)	loss 4.2704 (3.2587)	acc@1: 55.9868	acc@5: 68.3434	
2023-03-20 23:01:45,078 - INFO - Train: [93/110][2700/3907]	eta 0:03:44 lr 0.00258508	time 0.1754 (0.1863)	loss 2.3317 (3.2720)	acc@1: 85.4080	acc@5: 92.8999	
2023-03-20 23:02:37,750 - INFO - Train: [93/110][3000/3907]	eta 0:02:47 lr 0.00258508	time 0.1702 (0.1852)	loss 4.2651 (3.2637)	acc@1: 55.7670	acc@5: 67.7614	
2023-03-20 23:03:30,332 - INFO - Train: [93/110][3300/3907]	eta 0:01:51 lr 0.00258508	time 0.1750 (0.1843)	loss 2.8072 (3.2534)	acc@1: 79.3416	acc@5: 87.2043	
2023-03-20 23:04:22,753 - INFO - Train: [93/110][3600/3907]	eta 0:00:56 lr 0.00258508	time 0.1757 (0.1835)	loss 1.9467 (3.2539)	acc@1: 90.1994	acc@5: 93.3096	
2023-03-20 23:05:15,013 - INFO - Train: [93/110][3900/3907]	eta 0:00:01 lr 0.00258508	time 0.1692 (0.1828)	loss 2.5877 (3.2617)	acc@1: 79.2793	acc@5: 90.4335	
2023-03-20 23:05:16,221 - INFO - EPOCH 93 training takes 0:11:54
2023-03-20 23:05:17,705 - INFO - ./outputs/inat21_mini/res50_dynamic_mlp_c/res50_dynamic_mlp_c-Latest.pth saved !!!
2023-03-20 23:05:17,706 - INFO - **********Latest test***********
2023-03-20 23:05:17,706 - INFO - eval epoch 93
2023-03-20 23:05:18,404 - INFO - Test: [0/782]	Time 0.696 (0.696)	Loss 2.2046 (2.2046)	Acc@1 77.344 (77.344)	Acc@5 94.531 (94.531)
2023-03-20 23:07:27,071 - INFO - Test: [200/782]	Time 0.619 (0.644)	Loss 2.4495 (2.4999)	Acc@1 72.656 (74.258)	Acc@5 90.625 (90.407)
2023-03-20 23:09:34,580 - INFO - Test: [400/782]	Time 0.643 (0.641)	Loss 2.3759 (2.4743)	Acc@1 76.562 (74.891)	Acc@5 90.625 (90.927)
2023-03-20 23:11:40,818 - INFO - Test: [600/782]	Time 0.597 (0.637)	Loss 2.5459 (2.4424)	Acc@1 74.219 (75.738)	Acc@5 89.062 (91.385)
2023-03-20 23:13:32,643 - INFO -  * Acc@1 76.210 Acc@5 91.644
2023-03-20 23:13:32,643 - INFO - Max accuracy: 77.9050%
2023-03-20 23:13:34,090 - INFO - ./outputs/inat21_mini/res50_dynamic_mlp_c/res50_dynamic_mlp_c-Best.pth saved !!!
2023-03-20 23:13:34,091 - INFO - Exp path: ./outputs/inat21_mini/res50_dynamic_mlp_c
2023-03-20 23:13:36,914 - INFO - Train: [94/110][0/3907]	eta 3:03:24 lr 0.00231134	time 2.8167 (2.8167)	loss 1.8493 (1.8493)	acc@1: 92.8892	acc@5: 96.7921	
2023-03-20 23:14:32,431 - INFO - Train: [94/110][300/3907]	eta 0:11:39 lr 0.00231134	time 0.1827 (0.1938)	loss 2.3149 (3.1898)	acc@1: 85.1942	acc@5: 92.6643	
2023-03-20 23:15:28,052 - INFO - Train: [94/110][600/3907]	eta 0:10:27 lr 0.00231134	time 0.1859 (0.1896)	loss 5.1947 (3.2734)	acc@1: 30.6331	acc@5: 48.7594	
2023-03-20 23:16:23,555 - INFO - Train: [94/110][900/3907]	eta 0:09:25 lr 0.00231134	time 0.1881 (0.1881)	loss 5.0551 (3.2485)	acc@1: 34.1242	acc@5: 51.7489	
2023-03-20 23:17:18,668 - INFO - Train: [94/110][1200/3907]	eta 0:08:26 lr 0.00231134	time 0.1781 (0.1870)	loss 3.1632 (3.2377)	acc@1: 74.2274	acc@5: 80.6009	
2023-03-20 23:18:13,796 - INFO - Train: [94/110][1500/3907]	eta 0:07:28 lr 0.00231134	time 0.1785 (0.1863)	loss 4.9400 (3.2145)	acc@1: 38.9940	acc@5: 55.6967	
2023-03-20 23:19:08,832 - INFO - Train: [94/110][1800/3907]	eta 0:06:31 lr 0.00231134	time 0.1814 (0.1859)	loss 2.0551 (3.2365)	acc@1: 87.3342	acc@5: 92.0129	
2023-03-20 23:20:04,509 - INFO - Train: [94/110][2100/3907]	eta 0:05:35 lr 0.00231134	time 0.1825 (0.1858)	loss 3.8908 (3.2326)	acc@1: 63.9751	acc@5: 73.9611	
2023-03-20 23:21:00,143 - INFO - Train: [94/110][2400/3907]	eta 0:04:39 lr 0.00231134	time 0.1904 (0.1858)	loss 3.3059 (3.2351)	acc@1: 70.8193	acc@5: 80.3553	
2023-03-20 23:21:55,971 - INFO - Train: [94/110][2700/3907]	eta 0:03:44 lr 0.00231134	time 0.1982 (0.1858)	loss 2.1055 (3.2392)	acc@1: 89.7679	acc@5: 95.1369	
2023-03-20 23:22:51,305 - INFO - Train: [94/110][3000/3907]	eta 0:02:48 lr 0.00231134	time 0.1780 (0.1857)	loss 1.8405 (3.2427)	acc@1: 92.1713	acc@5: 96.8579	
2023-03-20 23:23:46,496 - INFO - Train: [94/110][3300/3907]	eta 0:01:52 lr 0.00231134	time 0.1778 (0.1855)	loss 5.3027 (3.2452)	acc@1: 29.4762	acc@5: 46.2387	
2023-03-20 23:24:41,798 - INFO - Train: [94/110][3600/3907]	eta 0:00:56 lr 0.00231134	time 0.1784 (0.1854)	loss 3.2787 (3.2372)	acc@1: 70.3485	acc@5: 79.3951	
2023-03-20 23:25:35,366 - INFO - Train: [94/110][3900/3907]	eta 0:00:01 lr 0.00231134	time 0.1728 (0.1849)	loss 4.6564 (3.2381)	acc@1: 45.2531	acc@5: 56.5764	
2023-03-20 23:25:36,605 - INFO - EPOCH 94 training takes 0:12:02
2023-03-20 23:25:38,070 - INFO - ./outputs/inat21_mini/res50_dynamic_mlp_c/res50_dynamic_mlp_c-Latest.pth saved !!!
2023-03-20 23:25:38,071 - INFO - **********Latest test***********
2023-03-20 23:25:38,071 - INFO - eval epoch 94
2023-03-20 23:25:38,762 - INFO - Test: [0/782]	Time 0.690 (0.690)	Loss 2.2322 (2.2322)	Acc@1 77.344 (77.344)	Acc@5 94.531 (94.531)
2023-03-20 23:27:45,811 - INFO - Test: [200/782]	Time 0.601 (0.636)	Loss 2.4541 (2.5192)	Acc@1 71.094 (73.861)	Acc@5 89.844 (90.326)
2023-03-20 23:29:52,574 - INFO - Test: [400/782]	Time 0.638 (0.635)	Loss 2.4682 (2.4951)	Acc@1 73.438 (74.575)	Acc@5 90.625 (90.791)
2023-03-20 23:32:00,016 - INFO - Test: [600/782]	Time 0.613 (0.636)	Loss 2.5966 (2.4622)	Acc@1 72.656 (75.355)	Acc@5 87.500 (91.184)
2023-03-20 23:34:00,607 - INFO -  * Acc@1 75.831 Acc@5 91.473
2023-03-20 23:34:00,607 - INFO - Max accuracy: 77.9050%
2023-03-20 23:34:00,607 - INFO - Exp path: ./outputs/inat21_mini/res50_dynamic_mlp_c
2023-03-20 23:34:03,344 - INFO - Train: [95/110][0/3907]	eta 2:58:02 lr 0.00205203	time 2.7343 (2.7343)	loss 1.9307 (1.9307)	acc@1: 89.7860	acc@5: 96.0319	
2023-03-20 23:34:58,698 - INFO - Train: [95/110][300/3907]	eta 0:11:36 lr 0.00205203	time 0.1779 (0.1930)	loss 2.8696 (3.1614)	acc@1: 80.0469	acc@5: 85.6643	
2023-03-20 23:35:53,879 - INFO - Train: [95/110][600/3907]	eta 0:10:23 lr 0.00205203	time 0.1855 (0.1885)	loss 3.7365 (3.2200)	acc@1: 68.3462	acc@5: 73.6803	
2023-03-20 23:36:49,053 - INFO - Train: [95/110][900/3907]	eta 0:09:22 lr 0.00205203	time 0.1841 (0.1869)	loss 1.9588 (3.2011)	acc@1: 89.8687	acc@5: 96.7817	
2023-03-20 23:37:43,993 - INFO - Train: [95/110][1200/3907]	eta 0:08:23 lr 0.00205203	time 0.1784 (0.1860)	loss 1.8935 (3.2220)	acc@1: 88.0721	acc@5: 96.6451	
2023-03-20 23:38:38,892 - INFO - Train: [95/110][1500/3907]	eta 0:07:26 lr 0.00205203	time 0.1823 (0.1854)	loss 4.9965 (3.2203)	acc@1: 30.9702	acc@5: 50.7233	
2023-03-20 23:39:33,784 - INFO - Train: [95/110][1800/3907]	eta 0:06:29 lr 0.00205203	time 0.1830 (0.1850)	loss 3.4628 (3.2130)	acc@1: 70.9902	acc@5: 77.9625	
2023-03-20 23:40:28,995 - INFO - Train: [95/110][2100/3907]	eta 0:05:34 lr 0.00205203	time 0.1833 (0.1849)	loss 5.0329 (3.2175)	acc@1: 36.0920	acc@5: 51.4423	
2023-03-20 23:41:23,986 - INFO - Train: [95/110][2400/3907]	eta 0:04:38 lr 0.00205203	time 0.1786 (0.1847)	loss 2.0362 (3.2273)	acc@1: 88.7923	acc@5: 96.4468	
2023-03-20 23:42:18,783 - INFO - Train: [95/110][2700/3907]	eta 0:03:42 lr 0.00205203	time 0.1780 (0.1844)	loss 2.1541 (3.2243)	acc@1: 89.0571	acc@5: 92.9089	
2023-03-20 23:43:13,925 - INFO - Train: [95/110][3000/3907]	eta 0:02:47 lr 0.00205203	time 0.1797 (0.1844)	loss 2.6925 (3.2218)	acc@1: 76.8817	acc@5: 87.8648	
2023-03-20 23:44:08,876 - INFO - Train: [95/110][3300/3907]	eta 0:01:51 lr 0.00205203	time 0.1786 (0.1843)	loss 1.8595 (3.2362)	acc@1: 90.6150	acc@5: 96.0832	
2023-03-20 23:45:04,029 - INFO - Train: [95/110][3600/3907]	eta 0:00:56 lr 0.00205203	time 0.1710 (0.1842)	loss 2.3305 (3.2303)	acc@1: 86.7611	acc@5: 91.9926	
2023-03-20 23:45:56,733 - INFO - Train: [95/110][3900/3907]	eta 0:00:01 lr 0.00205203	time 0.1722 (0.1836)	loss 2.6203 (3.2313)	acc@1: 80.5392	acc@5: 88.6670	
2023-03-20 23:45:57,946 - INFO - EPOCH 95 training takes 0:11:57
2023-03-20 23:45:59,442 - INFO - ./outputs/inat21_mini/res50_dynamic_mlp_c/res50_dynamic_mlp_c-Latest.pth saved !!!
2023-03-20 23:45:59,443 - INFO - **********Latest test***********
2023-03-20 23:45:59,443 - INFO - eval epoch 95
2023-03-20 23:46:00,128 - INFO - Test: [0/782]	Time 0.682 (0.682)	Loss 2.1507 (2.1507)	Acc@1 78.125 (78.125)	Acc@5 95.312 (95.312)
2023-03-20 23:48:07,739 - INFO - Test: [200/782]	Time 0.622 (0.638)	Loss 2.3999 (2.4283)	Acc@1 74.219 (75.288)	Acc@5 89.062 (90.839)
2023-03-20 23:50:15,483 - INFO - Test: [400/782]	Time 0.662 (0.638)	Loss 2.3818 (2.4075)	Acc@1 76.562 (75.797)	Acc@5 90.625 (91.356)
2023-03-20 23:52:23,598 - INFO - Test: [600/782]	Time 0.650 (0.639)	Loss 2.4799 (2.3764)	Acc@1 73.438 (76.617)	Acc@5 89.062 (91.770)
2023-03-20 23:54:17,192 - INFO -  * Acc@1 77.053 Acc@5 92.079
2023-03-20 23:54:17,192 - INFO - Max accuracy: 77.9050%
2023-03-20 23:54:18,647 - INFO - ./outputs/inat21_mini/res50_dynamic_mlp_c/res50_dynamic_mlp_c-Best.pth saved !!!
2023-03-20 23:54:18,648 - INFO - Exp path: ./outputs/inat21_mini/res50_dynamic_mlp_c
2023-03-20 23:54:21,522 - INFO - Train: [96/110][0/3907]	eta 3:06:43 lr 0.00180736	time 2.8676 (2.8676)	loss 2.8121 (2.8121)	acc@1: 81.2789	acc@5: 85.5946	
2023-03-20 23:55:16,957 - INFO - Train: [96/110][300/3907]	eta 0:11:38 lr 0.00180736	time 0.1776 (0.1937)	loss 1.9296 (3.2102)	acc@1: 88.2452	acc@5: 95.9854	
2023-03-20 23:56:12,449 - INFO - Train: [96/110][600/3907]	eta 0:10:26 lr 0.00180736	time 0.1940 (0.1893)	loss 3.2925 (3.2433)	acc@1: 74.8415	acc@5: 80.3715	
2023-03-20 23:57:07,981 - INFO - Train: [96/110][900/3907]	eta 0:09:25 lr 0.00180736	time 0.1815 (0.1879)	loss 4.9782 (3.2418)	acc@1: 34.2822	acc@5: 51.4697	
2023-03-20 23:58:03,145 - INFO - Train: [96/110][1200/3907]	eta 0:08:25 lr 0.00180736	time 0.1838 (0.1869)	loss 3.1477 (3.2271)	acc@1: 75.1360	acc@5: 83.5917	
2023-03-20 23:58:58,338 - INFO - Train: [96/110][1500/3907]	eta 0:07:28 lr 0.00180736	time 0.1788 (0.1863)	loss 1.9082 (3.2148)	acc@1: 90.9914	acc@5: 94.8834	
2023-03-20 23:59:53,430 - INFO - Train: [96/110][1800/3907]	eta 0:06:31 lr 0.00180736	time 0.1784 (0.1859)	loss 3.1135 (3.2212)	acc@1: 80.4749	acc@5: 84.5669	
2023-03-21 00:00:48,446 - INFO - Train: [96/110][2100/3907]	eta 0:05:35 lr 0.00180736	time 0.1831 (0.1855)	loss 2.8578 (3.2211)	acc@1: 82.2541	acc@5: 86.5386	
2023-03-21 00:01:43,250 - INFO - Train: [96/110][2400/3907]	eta 0:04:39 lr 0.00180736	time 0.1832 (0.1852)	loss 3.3343 (3.2315)	acc@1: 77.2163	acc@5: 80.0966	
2023-03-21 00:02:37,862 - INFO - Train: [96/110][2700/3907]	eta 0:03:43 lr 0.00180736	time 0.1787 (0.1848)	loss 2.9079 (3.2229)	acc@1: 80.6304	acc@5: 84.8372	
2023-03-21 00:03:32,814 - INFO - Train: [96/110][3000/3907]	eta 0:02:47 lr 0.00180736	time 0.1803 (0.1847)	loss 3.6666 (3.2216)	acc@1: 66.0331	acc@5: 74.1173	
2023-03-21 00:04:27,849 - INFO - Train: [96/110][3300/3907]	eta 0:01:52 lr 0.00180736	time 0.1981 (0.1845)	loss 3.4480 (3.2185)	acc@1: 74.0642	acc@5: 80.9083	
2023-03-21 00:05:22,294 - INFO - Train: [96/110][3600/3907]	eta 0:00:56 lr 0.00180736	time 0.1808 (0.1843)	loss 4.9154 (3.2148)	acc@1: 33.3660	acc@5: 57.7786	
2023-03-21 00:06:15,300 - INFO - Train: [96/110][3900/3907]	eta 0:00:01 lr 0.00180736	time 0.1738 (0.1837)	loss 4.6549 (3.2223)	acc@1: 40.7007	acc@5: 58.6773	
2023-03-21 00:06:16,504 - INFO - EPOCH 96 training takes 0:11:57
2023-03-21 00:06:17,993 - INFO - ./outputs/inat21_mini/res50_dynamic_mlp_c/res50_dynamic_mlp_c-Latest.pth saved !!!
2023-03-21 00:06:17,993 - INFO - **********Latest test***********
2023-03-21 00:06:17,993 - INFO - eval epoch 96
2023-03-21 00:06:18,684 - INFO - Test: [0/782]	Time 0.689 (0.689)	Loss 2.1939 (2.1939)	Acc@1 80.469 (80.469)	Acc@5 95.312 (95.312)
2023-03-21 00:08:25,031 - INFO - Test: [200/782]	Time 0.616 (0.632)	Loss 2.4085 (2.4611)	Acc@1 73.438 (75.117)	Acc@5 89.844 (90.928)
2023-03-21 00:10:30,703 - INFO - Test: [400/782]	Time 0.613 (0.630)	Loss 2.3841 (2.4394)	Acc@1 75.781 (75.703)	Acc@5 92.188 (91.338)
2023-03-21 00:12:36,762 - INFO - Test: [600/782]	Time 0.642 (0.630)	Loss 2.5431 (2.4087)	Acc@1 71.094 (76.486)	Acc@5 88.281 (91.723)
2023-03-21 00:14:28,229 - INFO -  * Acc@1 76.928 Acc@5 92.032
2023-03-21 00:14:28,230 - INFO - Max accuracy: 77.9050%
2023-03-21 00:14:28,230 - INFO - Exp path: ./outputs/inat21_mini/res50_dynamic_mlp_c
2023-03-21 00:14:31,122 - INFO - Train: [97/110][0/3907]	eta 3:08:07 lr 0.00157753	time 2.8890 (2.8890)	loss 4.2620 (4.2620)	acc@1: 54.1080	acc@5: 65.1790	
2023-03-21 00:15:26,700 - INFO - Train: [97/110][300/3907]	eta 0:11:40 lr 0.00157753	time 0.1840 (0.1942)	loss 2.0231 (3.0382)	acc@1: 86.7475	acc@5: 94.4916	
2023-03-21 00:16:21,802 - INFO - Train: [97/110][600/3907]	eta 0:10:24 lr 0.00157753	time 0.1779 (0.1890)	loss 4.6952 (3.1318)	acc@1: 39.5410	acc@5: 60.3096	
2023-03-21 00:17:16,543 - INFO - Train: [97/110][900/3907]	eta 0:09:21 lr 0.00157753	time 0.1783 (0.1868)	loss 1.8233 (3.1477)	acc@1: 91.2725	acc@5: 98.2934	
2023-03-21 00:18:11,676 - INFO - Train: [97/110][1200/3907]	eta 0:08:23 lr 0.00157753	time 0.1828 (0.1860)	loss 1.9178 (3.1833)	acc@1: 86.7084	acc@5: 96.0823	
2023-03-21 00:19:06,456 - INFO - Train: [97/110][1500/3907]	eta 0:07:26 lr 0.00157753	time 0.2049 (0.1854)	loss 2.8270 (3.1989)	acc@1: 85.0270	acc@5: 87.8970	
2023-03-21 00:20:01,415 - INFO - Train: [97/110][1800/3907]	eta 0:06:29 lr 0.00157753	time 0.1778 (0.1850)	loss 3.9783 (3.2132)	acc@1: 64.1813	acc@5: 72.6569	
2023-03-21 00:20:56,379 - INFO - Train: [97/110][2100/3907]	eta 0:05:33 lr 0.00157753	time 0.1783 (0.1847)	loss 4.2865 (3.2344)	acc@1: 56.5256	acc@5: 68.1165	
2023-03-21 00:21:51,603 - INFO - Train: [97/110][2400/3907]	eta 0:04:38 lr 0.00157753	time 0.1892 (0.1847)	loss 1.7638 (3.2259)	acc@1: 94.3445	acc@5: 97.4634	
2023-03-21 00:22:46,730 - INFO - Train: [97/110][2700/3907]	eta 0:03:42 lr 0.00157753	time 0.1986 (0.1846)	loss 2.2587 (3.2233)	acc@1: 84.3649	acc@5: 90.4452	
2023-03-21 00:23:40,516 - INFO - Train: [97/110][3000/3907]	eta 0:02:46 lr 0.00157753	time 0.1753 (0.1840)	loss 2.3842 (3.2227)	acc@1: 83.9006	acc@5: 93.4682	
2023-03-21 00:24:33,324 - INFO - Train: [97/110][3300/3907]	eta 0:01:51 lr 0.00157753	time 0.1695 (0.1833)	loss 1.9685 (3.2166)	acc@1: 90.4961	acc@5: 93.6165	
2023-03-21 00:25:25,935 - INFO - Train: [97/110][3600/3907]	eta 0:00:56 lr 0.00157753	time 0.1696 (0.1826)	loss 2.0568 (3.2169)	acc@1: 91.1621	acc@5: 92.7073	
2023-03-21 00:26:18,285 - INFO - Train: [97/110][3900/3907]	eta 0:00:01 lr 0.00157753	time 0.1692 (0.1820)	loss 3.2358 (3.2155)	acc@1: 73.2823	acc@5: 83.5419	
2023-03-21 00:26:19,589 - INFO - EPOCH 97 training takes 0:11:51
2023-03-21 00:26:21,107 - INFO - ./outputs/inat21_mini/res50_dynamic_mlp_c/res50_dynamic_mlp_c-Latest.pth saved !!!
2023-03-21 00:26:21,107 - INFO - **********Latest test***********
2023-03-21 00:26:21,107 - INFO - eval epoch 97
2023-03-21 00:26:21,769 - INFO - Test: [0/782]	Time 0.661 (0.661)	Loss 2.1759 (2.1759)	Acc@1 79.688 (79.688)	Acc@5 95.312 (95.312)
2023-03-21 00:28:29,720 - INFO - Test: [200/782]	Time 0.649 (0.640)	Loss 2.4335 (2.4695)	Acc@1 72.656 (74.895)	Acc@5 87.500 (90.815)
2023-03-21 00:30:41,208 - INFO - Test: [400/782]	Time 0.655 (0.649)	Loss 2.4051 (2.4459)	Acc@1 75.000 (75.559)	Acc@5 92.188 (91.237)
2023-03-21 00:32:55,229 - INFO - Test: [600/782]	Time 0.666 (0.656)	Loss 2.4962 (2.4149)	Acc@1 71.094 (76.344)	Acc@5 89.062 (91.668)
2023-03-21 00:34:54,708 - INFO -  * Acc@1 76.811 Acc@5 91.973
2023-03-21 00:34:54,709 - INFO - Max accuracy: 77.9050%
2023-03-21 00:34:54,709 - INFO - Exp path: ./outputs/inat21_mini/res50_dynamic_mlp_c
2023-03-21 00:34:56,990 - INFO - Train: [98/110][0/3907]	eta 2:28:21 lr 0.00136272	time 2.2782 (2.2782)	loss 3.6783 (3.6783)	acc@1: 64.5308	acc@5: 74.5071	
2023-03-21 00:35:52,340 - INFO - Train: [98/110][300/3907]	eta 0:11:30 lr 0.00136272	time 0.1821 (0.1915)	loss 4.8115 (3.1971)	acc@1: 41.9763	acc@5: 57.3758	
2023-03-21 00:36:48,033 - INFO - Train: [98/110][600/3907]	eta 0:10:23 lr 0.00136272	time 0.1955 (0.1885)	loss 1.9824 (3.1977)	acc@1: 88.1817	acc@5: 95.9163	
2023-03-21 00:37:43,558 - INFO - Train: [98/110][900/3907]	eta 0:09:23 lr 0.00136272	time 0.1846 (0.1874)	loss 2.7145 (3.1739)	acc@1: 79.3624	acc@5: 88.0996	
2023-03-21 00:38:38,966 - INFO - Train: [98/110][1200/3907]	eta 0:08:25 lr 0.00136272	time 0.1786 (0.1867)	loss 4.4962 (3.1851)	acc@1: 44.9537	acc@5: 63.1217	
2023-03-21 00:39:34,403 - INFO - Train: [98/110][1500/3907]	eta 0:07:28 lr 0.00136272	time 0.1921 (0.1863)	loss 2.3538 (3.1896)	acc@1: 83.1591	acc@5: 92.1457	
2023-03-21 00:40:29,418 - INFO - Train: [98/110][1800/3907]	eta 0:06:31 lr 0.00136272	time 0.1778 (0.1858)	loss 4.8309 (3.1906)	acc@1: 32.2162	acc@5: 55.3401	
2023-03-21 00:41:24,484 - INFO - Train: [98/110][2100/3907]	eta 0:05:35 lr 0.00136272	time 0.1942 (0.1855)	loss 2.3069 (3.1906)	acc@1: 87.4186	acc@5: 94.8902	
2023-03-21 00:42:19,906 - INFO - Train: [98/110][2400/3907]	eta 0:04:39 lr 0.00136272	time 0.1784 (0.1854)	loss 1.9681 (3.1809)	acc@1: 92.4455	acc@5: 93.9992	
2023-03-21 00:43:15,269 - INFO - Train: [98/110][2700/3907]	eta 0:03:43 lr 0.00136272	time 0.1780 (0.1853)	loss 3.5362 (3.1807)	acc@1: 67.2161	acc@5: 77.3603	
2023-03-21 00:44:10,316 - INFO - Train: [98/110][3000/3907]	eta 0:02:47 lr 0.00136272	time 0.1905 (0.1851)	loss 2.8606 (3.1805)	acc@1: 81.3326	acc@5: 86.9906	
2023-03-21 00:45:05,425 - INFO - Train: [98/110][3300/3907]	eta 0:01:52 lr 0.00136272	time 0.1910 (0.1850)	loss 4.6884 (3.1908)	acc@1: 40.7219	acc@5: 57.1932	
2023-03-21 00:46:00,759 - INFO - Train: [98/110][3600/3907]	eta 0:00:56 lr 0.00136272	time 0.1793 (0.1850)	loss 5.0197 (3.1987)	acc@1: 32.1353	acc@5: 51.8054	
2023-03-21 00:46:56,235 - INFO - Train: [98/110][3900/3907]	eta 0:00:01 lr 0.00136272	time 0.1809 (0.1850)	loss 1.7850 (3.1934)	acc@1: 93.1885	acc@5: 97.0758	
2023-03-21 00:46:57,489 - INFO - EPOCH 98 training takes 0:12:02
2023-03-21 00:46:58,978 - INFO - ./outputs/inat21_mini/res50_dynamic_mlp_c/res50_dynamic_mlp_c-Latest.pth saved !!!
2023-03-21 00:46:58,979 - INFO - **********Latest test***********
2023-03-21 00:46:58,979 - INFO - eval epoch 98
2023-03-21 00:46:59,663 - INFO - Test: [0/782]	Time 0.680 (0.680)	Loss 2.1805 (2.1805)	Acc@1 79.688 (79.688)	Acc@5 94.531 (94.531)
2023-03-21 00:49:11,848 - INFO - Test: [200/782]	Time 0.654 (0.661)	Loss 2.4260 (2.4601)	Acc@1 72.656 (75.280)	Acc@5 89.062 (91.080)
2023-03-21 00:51:24,472 - INFO - Test: [400/782]	Time 0.665 (0.662)	Loss 2.3947 (2.4371)	Acc@1 75.781 (75.873)	Acc@5 90.625 (91.490)
2023-03-21 00:53:37,768 - INFO - Test: [600/782]	Time 0.669 (0.664)	Loss 2.5502 (2.4039)	Acc@1 72.656 (76.674)	Acc@5 88.281 (91.876)
2023-03-21 00:55:36,326 - INFO -  * Acc@1 77.155 Acc@5 92.152
2023-03-21 00:55:36,326 - INFO - Max accuracy: 77.9050%
2023-03-21 00:55:37,773 - INFO - ./outputs/inat21_mini/res50_dynamic_mlp_c/res50_dynamic_mlp_c-Best.pth saved !!!
2023-03-21 00:55:37,773 - INFO - Exp path: ./outputs/inat21_mini/res50_dynamic_mlp_c
2023-03-21 00:55:40,057 - INFO - Train: [99/110][0/3907]	eta 2:28:27 lr 0.00116311	time 2.2798 (2.2798)	loss 3.3872 (3.3872)	acc@1: 70.5078	acc@5: 78.6366	
2023-03-21 00:56:35,456 - INFO - Train: [99/110][300/3907]	eta 0:11:31 lr 0.00116311	time 0.1778 (0.1916)	loss 4.9567 (3.0915)	acc@1: 33.4870	acc@5: 52.6443	
2023-03-21 00:57:31,205 - INFO - Train: [99/110][600/3907]	eta 0:10:24 lr 0.00116311	time 0.1951 (0.1887)	loss 3.8161 (3.1107)	acc@1: 61.2953	acc@5: 74.7168	
2023-03-21 00:58:26,912 - INFO - Train: [99/110][900/3907]	eta 0:09:24 lr 0.00116311	time 0.1779 (0.1877)	loss 4.5443 (3.1156)	acc@1: 49.1428	acc@5: 61.9756	
2023-03-21 00:59:22,675 - INFO - Train: [99/110][1200/3907]	eta 0:08:26 lr 0.00116311	time 0.1922 (0.1873)	loss 1.8475 (3.1409)	acc@1: 92.2650	acc@5: 98.4677	
2023-03-21 01:00:18,373 - INFO - Train: [99/110][1500/3907]	eta 0:07:29 lr 0.00116311	time 0.1772 (0.1869)	loss 2.5675 (3.1496)	acc@1: 80.2182	acc@5: 89.0496	
2023-03-21 01:01:13,727 - INFO - Train: [99/110][1800/3907]	eta 0:06:33 lr 0.00116311	time 0.1815 (0.1865)	loss 2.5867 (3.1571)	acc@1: 83.1507	acc@5: 88.9822	
2023-03-21 01:02:08,987 - INFO - Train: [99/110][2100/3907]	eta 0:05:36 lr 0.00116311	time 0.1776 (0.1862)	loss 3.3367 (3.1503)	acc@1: 70.6881	acc@5: 80.2962	
2023-03-21 01:03:04,550 - INFO - Train: [99/110][2400/3907]	eta 0:04:40 lr 0.00116311	time 0.1827 (0.1861)	loss 3.7681 (3.1551)	acc@1: 64.3658	acc@5: 73.9111	
2023-03-21 01:03:59,472 - INFO - Train: [99/110][2700/3907]	eta 0:03:44 lr 0.00116311	time 0.1805 (0.1857)	loss 3.6626 (3.1609)	acc@1: 68.5257	acc@5: 73.0771	
2023-03-21 01:04:51,877 - INFO - Train: [99/110][3000/3907]	eta 0:02:47 lr 0.00116311	time 0.1738 (0.1846)	loss 3.0241 (3.1630)	acc@1: 79.9179	acc@5: 84.0876	
2023-03-21 01:05:44,183 - INFO - Train: [99/110][3300/3907]	eta 0:01:51 lr 0.00116311	time 0.1737 (0.1837)	loss 3.0035 (3.1706)	acc@1: 79.4652	acc@5: 85.9913	
2023-03-21 01:06:36,715 - INFO - Train: [99/110][3600/3907]	eta 0:00:56 lr 0.00116311	time 0.1986 (0.1830)	loss 2.7935 (3.1694)	acc@1: 80.0317	acc@5: 86.5158	
2023-03-21 01:07:29,391 - INFO - Train: [99/110][3900/3907]	eta 0:00:01 lr 0.00116311	time 0.1691 (0.1824)	loss 1.9193 (3.1727)	acc@1: 87.7079	acc@5: 97.0221	
2023-03-21 01:07:30,569 - INFO - EPOCH 99 training takes 0:11:52
2023-03-21 01:07:32,036 - INFO - ./outputs/inat21_mini/res50_dynamic_mlp_c/res50_dynamic_mlp_c-Latest.pth saved !!!
2023-03-21 01:07:32,037 - INFO - **********Latest test***********
2023-03-21 01:07:32,037 - INFO - eval epoch 99
2023-03-21 01:07:32,716 - INFO - Test: [0/782]	Time 0.678 (0.678)	Loss 2.1298 (2.1298)	Acc@1 79.688 (79.688)	Acc@5 97.656 (97.656)
2023-03-21 01:09:46,038 - INFO - Test: [200/782]	Time 0.638 (0.667)	Loss 2.3670 (2.4227)	Acc@1 74.219 (75.346)	Acc@5 89.844 (91.208)
2023-03-21 01:11:58,669 - INFO - Test: [400/782]	Time 0.657 (0.665)	Loss 2.3606 (2.3994)	Acc@1 76.562 (76.206)	Acc@5 91.406 (91.642)
2023-03-21 01:14:10,967 - INFO - Test: [600/782]	Time 0.688 (0.664)	Loss 2.4803 (2.3682)	Acc@1 75.000 (77.038)	Acc@5 87.500 (91.981)
2023-03-21 01:16:08,566 - INFO -  * Acc@1 77.571 Acc@5 92.260
2023-03-21 01:16:08,566 - INFO - Max accuracy: 77.9050%
2023-03-21 01:16:10,033 - INFO - ./outputs/inat21_mini/res50_dynamic_mlp_c/res50_dynamic_mlp_c-Best.pth saved !!!
2023-03-21 01:16:10,034 - INFO - Exp path: ./outputs/inat21_mini/res50_dynamic_mlp_c
2023-03-21 01:16:12,439 - INFO - Train: [100/110][0/3907]	eta 2:36:01 lr 0.00097887	time 2.3962 (2.3962)	loss 4.3618 (4.3618)	acc@1: 56.2325	acc@5: 65.7599	
2023-03-21 01:17:08,082 - INFO - Train: [100/110][300/3907]	eta 0:11:35 lr 0.00097887	time 0.1822 (0.1928)	loss 3.5788 (3.1614)	acc@1: 68.7075	acc@5: 77.1624	
2023-03-21 01:18:03,784 - INFO - Train: [100/110][600/3907]	eta 0:10:25 lr 0.00097887	time 0.1799 (0.1892)	loss 4.9290 (3.1391)	acc@1: 29.2007	acc@5: 53.2182	
2023-03-21 01:18:59,176 - INFO - Train: [100/110][900/3907]	eta 0:09:24 lr 0.00097887	time 0.1897 (0.1877)	loss 3.6184 (3.1439)	acc@1: 67.1915	acc@5: 76.9944	
2023-03-21 01:19:55,042 - INFO - Train: [100/110][1200/3907]	eta 0:08:27 lr 0.00097887	time 0.1804 (0.1873)	loss 4.8304 (3.1430)	acc@1: 40.3920	acc@5: 55.8647	
2023-03-21 01:20:51,017 - INFO - Train: [100/110][1500/3907]	eta 0:07:30 lr 0.00097887	time 0.1892 (0.1872)	loss 5.0492 (3.1508)	acc@1: 30.8707	acc@5: 52.0547	
2023-03-21 01:21:46,932 - INFO - Train: [100/110][1800/3907]	eta 0:06:34 lr 0.00097887	time 0.1965 (0.1871)	loss 4.6424 (3.1505)	acc@1: 46.5408	acc@5: 60.5270	
2023-03-21 01:22:42,994 - INFO - Train: [100/110][2100/3907]	eta 0:05:37 lr 0.00097887	time 0.1968 (0.1870)	loss 1.9267 (3.1456)	acc@1: 92.4612	acc@5: 96.3458	
2023-03-21 01:23:38,791 - INFO - Train: [100/110][2400/3907]	eta 0:04:41 lr 0.00097887	time 0.1778 (0.1869)	loss 1.9195 (3.1441)	acc@1: 88.2802	acc@5: 96.8738	
2023-03-21 01:24:34,701 - INFO - Train: [100/110][2700/3907]	eta 0:03:45 lr 0.00097887	time 0.2001 (0.1868)	loss 4.1102 (3.1503)	acc@1: 55.6492	acc@5: 69.2597	
2023-03-21 01:25:30,325 - INFO - Train: [100/110][3000/3907]	eta 0:02:49 lr 0.00097887	time 0.1700 (0.1867)	loss 4.6556 (3.1615)	acc@1: 42.8647	acc@5: 57.7085	
2023-03-21 01:26:22,489 - INFO - Train: [100/110][3300/3907]	eta 0:01:52 lr 0.00097887	time 0.1752 (0.1855)	loss 4.3377 (3.1653)	acc@1: 55.8535	acc@5: 63.3467	
2023-03-21 01:27:14,910 - INFO - Train: [100/110][3600/3907]	eta 0:00:56 lr 0.00097887	time 0.1759 (0.1846)	loss 3.0785 (3.1753)	acc@1: 77.4587	acc@5: 84.4571	
2023-03-21 01:28:07,162 - INFO - Train: [100/110][3900/3907]	eta 0:00:01 lr 0.00097887	time 0.1693 (0.1838)	loss 4.1953 (3.1790)	acc@1: 58.1394	acc@5: 67.6492	
2023-03-21 01:28:08,343 - INFO - EPOCH 100 training takes 0:11:58
2023-03-21 01:28:09,815 - INFO - ./outputs/inat21_mini/res50_dynamic_mlp_c/res50_dynamic_mlp_c-Latest.pth saved !!!
2023-03-21 01:28:09,816 - INFO - **********Latest test***********
2023-03-21 01:28:09,816 - INFO - eval epoch 100
2023-03-21 01:28:10,511 - INFO - Test: [0/782]	Time 0.694 (0.694)	Loss 2.2050 (2.2050)	Acc@1 81.250 (81.250)	Acc@5 96.094 (96.094)
2023-03-21 01:30:23,381 - INFO - Test: [200/782]	Time 0.660 (0.664)	Loss 2.3874 (2.4609)	Acc@1 75.000 (75.540)	Acc@5 90.625 (91.115)
2023-03-21 01:32:36,465 - INFO - Test: [400/782]	Time 0.677 (0.665)	Loss 2.4023 (2.4398)	Acc@1 76.562 (76.165)	Acc@5 91.406 (91.508)
2023-03-21 01:34:50,953 - INFO - Test: [600/782]	Time 0.649 (0.667)	Loss 2.5481 (2.4088)	Acc@1 71.094 (76.878)	Acc@5 88.281 (91.879)
2023-03-21 01:36:49,311 - INFO -  * Acc@1 77.317 Acc@5 92.156
2023-03-21 01:36:49,311 - INFO - Max accuracy: 77.9050%
2023-03-21 01:36:49,311 - INFO - Exp path: ./outputs/inat21_mini/res50_dynamic_mlp_c
2023-03-21 01:36:51,504 - INFO - Train: [101/110][0/3907]	eta 2:22:34 lr 0.00081014	time 2.1896 (2.1896)	loss 4.7952 (4.7952)	acc@1: 33.5496	acc@5: 56.0801	
2023-03-21 01:37:47,347 - INFO - Train: [101/110][300/3907]	eta 0:11:35 lr 0.00081014	time 0.1984 (0.1928)	loss 1.9713 (3.1452)	acc@1: 87.4885	acc@5: 93.7376	
2023-03-21 01:38:43,468 - INFO - Train: [101/110][600/3907]	eta 0:10:28 lr 0.00081014	time 0.1831 (0.1899)	loss 4.8008 (3.2406)	acc@1: 39.5269	acc@5: 56.7016	
2023-03-21 01:39:39,525 - INFO - Train: [101/110][900/3907]	eta 0:09:28 lr 0.00081014	time 0.2085 (0.1889)	loss 2.1538 (3.2061)	acc@1: 90.4471	acc@5: 93.4852	
2023-03-21 01:40:35,565 - INFO - Train: [101/110][1200/3907]	eta 0:08:29 lr 0.00081014	time 0.1971 (0.1884)	loss 3.4644 (3.2114)	acc@1: 72.3572	acc@5: 79.3512	
2023-03-21 01:41:31,572 - INFO - Train: [101/110][1500/3907]	eta 0:07:32 lr 0.00081014	time 0.1955 (0.1880)	loss 2.5329 (3.2141)	acc@1: 85.8356	acc@5: 89.5497	
2023-03-21 01:42:27,627 - INFO - Train: [101/110][1800/3907]	eta 0:06:35 lr 0.00081014	time 0.1826 (0.1878)	loss 3.7634 (3.2109)	acc@1: 63.8426	acc@5: 75.2382	
2023-03-21 01:43:23,595 - INFO - Train: [101/110][2100/3907]	eta 0:05:39 lr 0.00081014	time 0.1991 (0.1877)	loss 2.1666 (3.1943)	acc@1: 87.2874	acc@5: 94.1930	
2023-03-21 01:44:19,095 - INFO - Train: [101/110][2400/3907]	eta 0:04:42 lr 0.00081014	time 0.1842 (0.1873)	loss 1.8419 (3.1873)	acc@1: 86.7041	acc@5: 99.2020	
2023-03-21 01:45:14,610 - INFO - Train: [101/110][2700/3907]	eta 0:03:45 lr 0.00081014	time 0.1911 (0.1871)	loss 1.9546 (3.1809)	acc@1: 90.1533	acc@5: 96.3177	
2023-03-21 01:46:10,569 - INFO - Train: [101/110][3000/3907]	eta 0:02:49 lr 0.00081014	time 0.1844 (0.1870)	loss 2.9911 (3.1756)	acc@1: 80.4889	acc@5: 85.9860	
2023-03-21 01:47:03,404 - INFO - Train: [101/110][3300/3907]	eta 0:01:52 lr 0.00081014	time 0.1704 (0.1860)	loss 1.9266 (3.1799)	acc@1: 92.0678	acc@5: 96.6705	
2023-03-21 01:47:55,677 - INFO - Train: [101/110][3600/3907]	eta 0:00:56 lr 0.00081014	time 0.1717 (0.1850)	loss 4.7496 (3.1881)	acc@1: 41.2475	acc@5: 57.1651	
2023-03-21 01:48:47,807 - INFO - Train: [101/110][3900/3907]	eta 0:00:01 lr 0.00081014	time 0.1690 (0.1842)	loss 3.4330 (3.1835)	acc@1: 75.9157	acc@5: 79.8806	
2023-03-21 01:48:48,993 - INFO - EPOCH 101 training takes 0:11:59
2023-03-21 01:48:50,483 - INFO - ./outputs/inat21_mini/res50_dynamic_mlp_c/res50_dynamic_mlp_c-Latest.pth saved !!!
2023-03-21 01:48:50,484 - INFO - **********Latest test***********
2023-03-21 01:48:50,484 - INFO - eval epoch 101
2023-03-21 01:48:51,169 - INFO - Test: [0/782]	Time 0.683 (0.683)	Loss 2.1618 (2.1618)	Acc@1 78.906 (78.906)	Acc@5 94.531 (94.531)
2023-03-21 01:51:01,487 - INFO - Test: [200/782]	Time 0.673 (0.652)	Loss 2.3484 (2.4225)	Acc@1 71.875 (75.805)	Acc@5 91.406 (91.290)
2023-03-21 01:53:13,185 - INFO - Test: [400/782]	Time 0.662 (0.655)	Loss 2.3661 (2.4003)	Acc@1 75.781 (76.535)	Acc@5 90.625 (91.726)
2023-03-21 01:55:27,015 - INFO - Test: [600/782]	Time 0.647 (0.660)	Loss 2.5356 (2.3697)	Acc@1 71.875 (77.288)	Acc@5 88.281 (92.071)
2023-03-21 01:57:25,219 - INFO -  * Acc@1 77.760 Acc@5 92.315
2023-03-21 01:57:25,219 - INFO - Max accuracy: 77.9050%
2023-03-21 01:57:26,662 - INFO - ./outputs/inat21_mini/res50_dynamic_mlp_c/res50_dynamic_mlp_c-Best.pth saved !!!
2023-03-21 01:57:26,662 - INFO - Exp path: ./outputs/inat21_mini/res50_dynamic_mlp_c
2023-03-21 01:57:29,045 - INFO - Train: [102/110][0/3907]	eta 2:34:56 lr 0.00065706	time 2.3793 (2.3793)	loss 4.9707 (4.9707)	acc@1: 31.1984	acc@5: 51.1783	
2023-03-21 01:58:24,832 - INFO - Train: [102/110][300/3907]	eta 0:11:37 lr 0.00065706	time 0.1986 (0.1932)	loss 1.9720 (3.0611)	acc@1: 90.2633	acc@5: 96.4345	
2023-03-21 01:59:20,681 - INFO - Train: [102/110][600/3907]	eta 0:10:27 lr 0.00065706	time 0.1903 (0.1897)	loss 1.9779 (3.0630)	acc@1: 85.5992	acc@5: 94.8520	
2023-03-21 02:00:16,565 - INFO - Train: [102/110][900/3907]	eta 0:09:27 lr 0.00065706	time 0.1781 (0.1886)	loss 2.0702 (3.1222)	acc@1: 87.0260	acc@5: 94.7264	
2023-03-21 02:01:12,461 - INFO - Train: [102/110][1200/3907]	eta 0:08:28 lr 0.00065706	time 0.2009 (0.1880)	loss 4.6300 (3.1275)	acc@1: 35.7991	acc@5: 59.2103	
2023-03-21 02:02:08,010 - INFO - Train: [102/110][1500/3907]	eta 0:07:31 lr 0.00065706	time 0.1788 (0.1874)	loss 4.7748 (3.1575)	acc@1: 43.7333	acc@5: 57.0145	
2023-03-21 02:03:03,671 - INFO - Train: [102/110][1800/3907]	eta 0:06:34 lr 0.00065706	time 0.1846 (0.1871)	loss 4.8219 (3.1496)	acc@1: 36.2870	acc@5: 55.8696	
2023-03-21 02:03:59,660 - INFO - Train: [102/110][2100/3907]	eta 0:05:37 lr 0.00065706	time 0.1789 (0.1870)	loss 1.9781 (3.1514)	acc@1: 85.1523	acc@5: 94.5268	
2023-03-21 02:04:55,626 - INFO - Train: [102/110][2400/3907]	eta 0:04:41 lr 0.00065706	time 0.1967 (0.1870)	loss 2.4461 (3.1425)	acc@1: 83.2432	acc@5: 89.1864	
2023-03-21 02:05:51,529 - INFO - Train: [102/110][2700/3907]	eta 0:03:45 lr 0.00065706	time 0.1878 (0.1869)	loss 4.8645 (3.1463)	acc@1: 38.2193	acc@5: 53.0631	
2023-03-21 02:06:47,495 - INFO - Train: [102/110][3000/3907]	eta 0:02:49 lr 0.00065706	time 0.1820 (0.1869)	loss 4.7321 (3.1483)	acc@1: 44.2850	acc@5: 57.0766	
2023-03-21 02:07:43,459 - INFO - Train: [102/110][3300/3907]	eta 0:01:53 lr 0.00065706	time 0.1842 (0.1868)	loss 4.6597 (3.1538)	acc@1: 42.9976	acc@5: 59.5851	
2023-03-21 02:08:39,449 - INFO - Train: [102/110][3600/3907]	eta 0:00:57 lr 0.00065706	time 0.1781 (0.1868)	loss 2.9275 (3.1610)	acc@1: 77.0682	acc@5: 84.8457	
2023-03-21 02:09:35,089 - INFO - Train: [102/110][3900/3907]	eta 0:00:01 lr 0.00065706	time 0.1772 (0.1867)	loss 1.8865 (3.1547)	acc@1: 92.4832	acc@5: 95.5656	
2023-03-21 02:09:36,291 - INFO - EPOCH 102 training takes 0:12:09
2023-03-21 02:09:37,758 - INFO - ./outputs/inat21_mini/res50_dynamic_mlp_c/res50_dynamic_mlp_c-Latest.pth saved !!!
2023-03-21 02:09:37,759 - INFO - **********Latest test***********
2023-03-21 02:09:37,759 - INFO - eval epoch 102
2023-03-21 02:09:38,431 - INFO - Test: [0/782]	Time 0.671 (0.671)	Loss 2.2082 (2.2082)	Acc@1 78.906 (78.906)	Acc@5 96.094 (96.094)
2023-03-21 02:11:50,016 - INFO - Test: [200/782]	Time 0.647 (0.658)	Loss 2.4118 (2.4705)	Acc@1 75.000 (75.190)	Acc@5 89.844 (91.025)
2023-03-21 02:14:02,186 - INFO - Test: [400/782]	Time 0.662 (0.659)	Loss 2.3986 (2.4483)	Acc@1 75.781 (75.885)	Acc@5 91.406 (91.395)
2023-03-21 02:16:14,607 - INFO - Test: [600/782]	Time 0.654 (0.660)	Loss 2.5733 (2.4177)	Acc@1 71.094 (76.664)	Acc@5 89.062 (91.761)
2023-03-21 02:18:12,137 - INFO -  * Acc@1 77.124 Acc@5 92.055
2023-03-21 02:18:12,137 - INFO - Max accuracy: 77.9050%
2023-03-21 02:18:12,137 - INFO - Exp path: ./outputs/inat21_mini/res50_dynamic_mlp_c
2023-03-21 02:18:14,286 - INFO - Train: [103/110][0/3907]	eta 2:19:44 lr 0.00051976	time 2.1459 (2.1459)	loss 1.7976 (1.7976)	acc@1: 94.9687	acc@5: 97.3040	
2023-03-21 02:19:09,832 - INFO - Train: [103/110][300/3907]	eta 0:11:31 lr 0.00051976	time 0.1872 (0.1917)	loss 4.7028 (3.0872)	acc@1: 46.2625	acc@5: 58.4898	
2023-03-21 02:20:05,346 - INFO - Train: [103/110][600/3907]	eta 0:10:22 lr 0.00051976	time 0.1781 (0.1884)	loss 4.0823 (3.1058)	acc@1: 60.0698	acc@5: 70.4240	
2023-03-21 02:21:01,467 - INFO - Train: [103/110][900/3907]	eta 0:09:25 lr 0.00051976	time 0.1782 (0.1879)	loss 4.7113 (3.1217)	acc@1: 39.9794	acc@5: 56.3707	
2023-03-21 02:21:57,365 - INFO - Train: [103/110][1200/3907]	eta 0:08:27 lr 0.00051976	time 0.1821 (0.1875)	loss 1.8986 (3.1135)	acc@1: 89.7967	acc@5: 96.8243	
2023-03-21 02:22:53,426 - INFO - Train: [103/110][1500/3907]	eta 0:07:31 lr 0.00051976	time 0.1791 (0.1874)	loss 2.5151 (3.1301)	acc@1: 84.0517	acc@5: 91.3606	
2023-03-21 02:23:49,372 - INFO - Train: [103/110][1800/3907]	eta 0:06:34 lr 0.00051976	time 0.1791 (0.1872)	loss 2.6628 (3.1136)	acc@1: 83.8803	acc@5: 87.5902	
2023-03-21 02:24:45,318 - INFO - Train: [103/110][2100/3907]	eta 0:05:38 lr 0.00051976	time 0.2078 (0.1871)	loss 1.8934 (3.1183)	acc@1: 88.2280	acc@5: 95.2550	
2023-03-21 02:25:41,335 - INFO - Train: [103/110][2400/3907]	eta 0:04:41 lr 0.00051976	time 0.1829 (0.1871)	loss 2.9135 (3.1126)	acc@1: 76.4855	acc@5: 84.9691	
2023-03-21 02:26:37,093 - INFO - Train: [103/110][2700/3907]	eta 0:03:45 lr 0.00051976	time 0.1901 (0.1869)	loss 2.4582 (3.1128)	acc@1: 82.0744	acc@5: 90.1256	
2023-03-21 02:27:32,621 - INFO - Train: [103/110][3000/3907]	eta 0:02:49 lr 0.00051976	time 0.1936 (0.1868)	loss 1.7393 (3.1090)	acc@1: 95.7438	acc@5: 98.0790	
2023-03-21 02:28:28,278 - INFO - Train: [103/110][3300/3907]	eta 0:01:53 lr 0.00051976	time 0.1832 (0.1866)	loss 3.2152 (3.1195)	acc@1: 77.0602	acc@5: 82.5667	
2023-03-21 02:29:24,010 - INFO - Train: [103/110][3600/3907]	eta 0:00:57 lr 0.00051976	time 0.1844 (0.1866)	loss 4.9508 (3.1099)	acc@1: 29.0934	acc@5: 53.3495	
2023-03-21 02:30:17,124 - INFO - Train: [103/110][3900/3907]	eta 0:00:01 lr 0.00051976	time 0.1691 (0.1858)	loss 1.8994 (3.1186)	acc@1: 93.4477	acc@5: 95.7456	
2023-03-21 02:30:18,250 - INFO - EPOCH 103 training takes 0:12:06
2023-03-21 02:30:19,713 - INFO - ./outputs/inat21_mini/res50_dynamic_mlp_c/res50_dynamic_mlp_c-Latest.pth saved !!!
2023-03-21 02:30:19,713 - INFO - **********Latest test***********
2023-03-21 02:30:19,713 - INFO - eval epoch 103
2023-03-21 02:30:20,424 - INFO - Test: [0/782]	Time 0.709 (0.709)	Loss 2.1702 (2.1702)	Acc@1 79.688 (79.688)	Acc@5 95.312 (95.312)
2023-03-21 02:32:32,522 - INFO - Test: [200/782]	Time 0.652 (0.661)	Loss 2.3684 (2.4400)	Acc@1 75.781 (75.606)	Acc@5 89.062 (91.344)
2023-03-21 02:34:44,237 - INFO - Test: [400/782]	Time 0.644 (0.660)	Loss 2.3627 (2.4192)	Acc@1 77.344 (76.327)	Acc@5 90.625 (91.663)
2023-03-21 02:36:57,240 - INFO - Test: [600/782]	Time 0.648 (0.661)	Loss 2.5296 (2.3883)	Acc@1 71.875 (77.110)	Acc@5 88.281 (92.013)
2023-03-21 02:38:55,343 - INFO -  * Acc@1 77.543 Acc@5 92.305
2023-03-21 02:38:55,343 - INFO - Max accuracy: 77.9050%
2023-03-21 02:38:55,343 - INFO - Exp path: ./outputs/inat21_mini/res50_dynamic_mlp_c
2023-03-21 02:38:57,637 - INFO - Train: [104/110][0/3907]	eta 2:29:10 lr 0.00039835	time 2.2908 (2.2908)	loss 2.0313 (2.0313)	acc@1: 87.6356	acc@5: 92.2882	
2023-03-21 02:39:53,263 - INFO - Train: [104/110][300/3907]	eta 0:11:34 lr 0.00039835	time 0.1783 (0.1924)	loss 3.6206 (3.0776)	acc@1: 71.5991	acc@5: 77.2333	
2023-03-21 02:40:49,022 - INFO - Train: [104/110][600/3907]	eta 0:10:25 lr 0.00039835	time 0.2000 (0.1891)	loss 2.1595 (3.1003)	acc@1: 87.9153	acc@5: 93.2426	
2023-03-21 02:41:44,937 - INFO - Train: [104/110][900/3907]	eta 0:09:25 lr 0.00039835	time 0.1777 (0.1882)	loss 5.0522 (3.1138)	acc@1: 34.4807	acc@5: 49.5829	
2023-03-21 02:42:40,913 - INFO - Train: [104/110][1200/3907]	eta 0:08:28 lr 0.00039835	time 0.1917 (0.1878)	loss 1.7391 (3.1129)	acc@1: 92.9382	acc@5: 97.6242	
2023-03-21 02:43:36,537 - INFO - Train: [104/110][1500/3907]	eta 0:07:30 lr 0.00039835	time 0.1919 (0.1873)	loss 1.7021 (3.0916)	acc@1: 95.2852	acc@5: 98.4093	
2023-03-21 02:44:32,155 - INFO - Train: [104/110][1800/3907]	eta 0:06:34 lr 0.00039835	time 0.1813 (0.1870)	loss 3.2511 (3.1129)	acc@1: 73.6423	acc@5: 81.2936	
2023-03-21 02:45:28,003 - INFO - Train: [104/110][2100/3907]	eta 0:05:37 lr 0.00039835	time 0.1996 (0.1869)	loss 3.1146 (3.1022)	acc@1: 78.0644	acc@5: 82.9077	
2023-03-21 02:46:24,042 - INFO - Train: [104/110][2400/3907]	eta 0:04:41 lr 0.00039835	time 0.1775 (0.1869)	loss 1.7927 (3.1134)	acc@1: 91.1542	acc@5: 97.3868	
2023-03-21 02:47:19,984 - INFO - Train: [104/110][2700/3907]	eta 0:03:45 lr 0.00039835	time 0.1779 (0.1868)	loss 3.9811 (3.1292)	acc@1: 58.1295	acc@5: 71.7376	
2023-03-21 02:48:15,984 - INFO - Train: [104/110][3000/3907]	eta 0:02:49 lr 0.00039835	time 0.2012 (0.1868)	loss 1.9424 (3.1290)	acc@1: 91.7143	acc@5: 96.3374	
2023-03-21 02:49:11,888 - INFO - Train: [104/110][3300/3907]	eta 0:01:53 lr 0.00039835	time 0.1795 (0.1868)	loss 2.6656 (3.1210)	acc@1: 79.9951	acc@5: 89.3400	
2023-03-21 02:50:07,761 - INFO - Train: [104/110][3600/3907]	eta 0:00:57 lr 0.00039835	time 0.1820 (0.1867)	loss 4.9047 (3.1257)	acc@1: 38.4908	acc@5: 51.1358	
2023-03-21 02:51:03,420 - INFO - Train: [104/110][3900/3907]	eta 0:00:01 lr 0.00039835	time 0.1760 (0.1866)	loss 2.7167 (3.1354)	acc@1: 82.6526	acc@5: 86.2091	
2023-03-21 02:51:04,668 - INFO - EPOCH 104 training takes 0:12:09
2023-03-21 02:51:06,131 - INFO - ./outputs/inat21_mini/res50_dynamic_mlp_c/res50_dynamic_mlp_c-Latest.pth saved !!!
2023-03-21 02:51:06,131 - INFO - **********Latest test***********
2023-03-21 02:51:06,132 - INFO - eval epoch 104
2023-03-21 02:51:06,806 - INFO - Test: [0/782]	Time 0.673 (0.673)	Loss 2.1542 (2.1542)	Acc@1 78.906 (78.906)	Acc@5 96.094 (96.094)
2023-03-21 02:53:16,882 - INFO - Test: [200/782]	Time 0.660 (0.650)	Loss 2.3430 (2.4104)	Acc@1 75.000 (76.011)	Acc@5 89.062 (91.492)
2023-03-21 02:55:29,271 - INFO - Test: [400/782]	Time 0.675 (0.656)	Loss 2.3376 (2.3888)	Acc@1 78.906 (76.726)	Acc@5 90.625 (91.882)
2023-03-21 02:57:43,078 - INFO - Test: [600/782]	Time 0.648 (0.660)	Loss 2.5180 (2.3579)	Acc@1 71.875 (77.506)	Acc@5 89.062 (92.194)
2023-03-21 02:59:41,983 - INFO -  * Acc@1 77.978 Acc@5 92.467
2023-03-21 02:59:41,983 - INFO - Max accuracy: 77.9780%
2023-03-21 02:59:43,446 - INFO - ./outputs/inat21_mini/res50_dynamic_mlp_c/res50_dynamic_mlp_c-Best.pth saved !!!
2023-03-21 02:59:43,446 - INFO - Exp path: ./outputs/inat21_mini/res50_dynamic_mlp_c
2023-03-21 02:59:45,730 - INFO - Train: [105/110][0/3907]	eta 2:28:22 lr 0.00029292	time 2.2785 (2.2785)	loss 4.8055 (4.8055)	acc@1: 37.0901	acc@5: 58.6579	
2023-03-21 03:00:41,350 - INFO - Train: [105/110][300/3907]	eta 0:11:33 lr 0.00029292	time 0.1794 (0.1923)	loss 1.8500 (3.1959)	acc@1: 88.6857	acc@5: 95.6869	
2023-03-21 03:01:37,132 - INFO - Train: [105/110][600/3907]	eta 0:10:25 lr 0.00029292	time 0.1800 (0.1891)	loss 1.8505 (3.1661)	acc@1: 91.8950	acc@5: 96.5672	
2023-03-21 03:02:33,123 - INFO - Train: [105/110][900/3907]	eta 0:09:26 lr 0.00029292	time 0.1789 (0.1883)	loss 4.2211 (3.1834)	acc@1: 54.9806	acc@5: 68.5673	
2023-03-21 03:03:28,903 - INFO - Train: [105/110][1200/3907]	eta 0:08:28 lr 0.00029292	time 0.1937 (0.1877)	loss 2.9488 (3.1565)	acc@1: 77.1632	acc@5: 85.6446	
2023-03-21 03:04:24,747 - INFO - Train: [105/110][1500/3907]	eta 0:07:31 lr 0.00029292	time 0.1784 (0.1874)	loss 1.8161 (3.1485)	acc@1: 92.0714	acc@5: 96.7529	
2023-03-21 03:05:20,602 - INFO - Train: [105/110][1800/3907]	eta 0:06:34 lr 0.00029292	time 0.1829 (0.1872)	loss 1.7464 (3.1456)	acc@1: 91.1566	acc@5: 98.9474	
2023-03-21 03:06:16,490 - INFO - Train: [105/110][2100/3907]	eta 0:05:38 lr 0.00029292	time 0.1903 (0.1871)	loss 1.7860 (3.1427)	acc@1: 92.1708	acc@5: 97.6385	
2023-03-21 03:07:12,483 - INFO - Train: [105/110][2400/3907]	eta 0:04:41 lr 0.00029292	time 0.1876 (0.1870)	loss 1.7717 (3.1494)	acc@1: 93.6401	acc@5: 97.5417	
2023-03-21 03:08:08,332 - INFO - Train: [105/110][2700/3907]	eta 0:03:45 lr 0.00029292	time 0.1829 (0.1869)	loss 2.9593 (3.1401)	acc@1: 81.1149	acc@5: 85.9096	
2023-03-21 03:09:04,162 - INFO - Train: [105/110][3000/3907]	eta 0:02:49 lr 0.00029292	time 0.1805 (0.1868)	loss 4.7505 (3.1491)	acc@1: 38.0558	acc@5: 59.8462	
2023-03-21 03:09:59,823 - INFO - Train: [105/110][3300/3907]	eta 0:01:53 lr 0.00029292	time 0.1818 (0.1867)	loss 4.9290 (3.1411)	acc@1: 30.1995	acc@5: 53.9283	
2023-03-21 03:10:55,437 - INFO - Train: [105/110][3600/3907]	eta 0:00:57 lr 0.00029292	time 0.1853 (0.1866)	loss 2.2815 (3.1494)	acc@1: 85.3807	acc@5: 90.7158	
2023-03-21 03:11:50,983 - INFO - Train: [105/110][3900/3907]	eta 0:00:01 lr 0.00029292	time 0.1772 (0.1865)	loss 3.4516 (3.1525)	acc@1: 71.1056	acc@5: 77.4627	
2023-03-21 03:11:52,226 - INFO - EPOCH 105 training takes 0:12:08
2023-03-21 03:11:53,708 - INFO - ./outputs/inat21_mini/res50_dynamic_mlp_c/res50_dynamic_mlp_c-Latest.pth saved !!!
2023-03-21 03:11:53,708 - INFO - **********Latest test***********
2023-03-21 03:11:53,709 - INFO - eval epoch 105
2023-03-21 03:11:54,370 - INFO - Test: [0/782]	Time 0.661 (0.661)	Loss 2.1510 (2.1510)	Acc@1 81.250 (81.250)	Acc@5 95.312 (95.312)
2023-03-21 03:14:05,490 - INFO - Test: [200/782]	Time 0.654 (0.656)	Loss 2.3527 (2.4200)	Acc@1 75.781 (76.007)	Acc@5 89.844 (91.480)
2023-03-21 03:16:17,711 - INFO - Test: [400/782]	Time 0.662 (0.658)	Loss 2.3617 (2.3981)	Acc@1 76.562 (76.627)	Acc@5 91.406 (91.827)
2023-03-21 03:18:31,520 - INFO - Test: [600/782]	Time 0.654 (0.662)	Loss 2.5286 (2.3672)	Acc@1 71.094 (77.445)	Acc@5 89.844 (92.158)
2023-03-21 03:20:29,558 - INFO -  * Acc@1 77.897 Acc@5 92.434
2023-03-21 03:20:29,559 - INFO - Max accuracy: 77.9780%
2023-03-21 03:20:29,559 - INFO - Exp path: ./outputs/inat21_mini/res50_dynamic_mlp_c
2023-03-21 03:20:31,902 - INFO - Train: [106/110][0/3907]	eta 2:32:24 lr 0.00020357	time 2.3405 (2.3405)	loss 2.8186 (2.8186)	acc@1: 83.1074	acc@5: 85.2183	
2023-03-21 03:21:27,352 - INFO - Train: [106/110][300/3907]	eta 0:11:32 lr 0.00020357	time 0.1821 (0.1920)	loss 2.1285 (3.0806)	acc@1: 92.5388	acc@5: 94.0302	
2023-03-21 03:22:23,313 - INFO - Train: [106/110][600/3907]	eta 0:10:25 lr 0.00020357	time 0.1912 (0.1893)	loss 2.2568 (3.0850)	acc@1: 87.9430	acc@5: 92.4128	
2023-03-21 03:23:19,046 - INFO - Train: [106/110][900/3907]	eta 0:09:25 lr 0.00020357	time 0.2145 (0.1881)	loss 2.4542 (3.1304)	acc@1: 84.7874	acc@5: 87.7365	
2023-03-21 03:24:14,798 - INFO - Train: [106/110][1200/3907]	eta 0:08:27 lr 0.00020357	time 0.1864 (0.1875)	loss 4.2599 (3.1285)	acc@1: 52.0199	acc@5: 65.7814	
2023-03-21 03:25:10,531 - INFO - Train: [106/110][1500/3907]	eta 0:07:30 lr 0.00020357	time 0.1985 (0.1872)	loss 2.3272 (3.1247)	acc@1: 84.4545	acc@5: 94.0807	
2023-03-21 03:26:06,299 - INFO - Train: [106/110][1800/3907]	eta 0:06:33 lr 0.00020357	time 0.1863 (0.1870)	loss 4.9113 (3.1117)	acc@1: 30.6760	acc@5: 54.2172	
2023-03-21 03:27:01,955 - INFO - Train: [106/110][2100/3907]	eta 0:05:37 lr 0.00020357	time 0.1922 (0.1868)	loss 2.1632 (3.1147)	acc@1: 88.3409	acc@5: 92.8698	
2023-03-21 03:27:57,471 - INFO - Train: [106/110][2400/3907]	eta 0:04:41 lr 0.00020357	time 0.1852 (0.1865)	loss 2.0443 (3.1110)	acc@1: 92.5362	acc@5: 95.5694	
2023-03-21 03:28:53,513 - INFO - Train: [106/110][2700/3907]	eta 0:03:45 lr 0.00020357	time 0.1862 (0.1866)	loss 4.5046 (3.1138)	acc@1: 49.5098	acc@5: 61.8472	
2023-03-21 03:29:49,533 - INFO - Train: [106/110][3000/3907]	eta 0:02:49 lr 0.00020357	time 0.1941 (0.1866)	loss 4.4481 (3.0969)	acc@1: 52.6844	acc@5: 62.9833	
2023-03-21 03:30:45,581 - INFO - Train: [106/110][3300/3907]	eta 0:01:53 lr 0.00020357	time 0.1849 (0.1866)	loss 1.8022 (3.0946)	acc@1: 89.8422	acc@5: 97.6546	
2023-03-21 03:31:41,515 - INFO - Train: [106/110][3600/3907]	eta 0:00:57 lr 0.00020357	time 0.1906 (0.1866)	loss 2.7023 (3.0986)	acc@1: 83.6948	acc@5: 87.9799	
2023-03-21 03:32:37,326 - INFO - Train: [106/110][3900/3907]	eta 0:00:01 lr 0.00020357	time 0.1835 (0.1866)	loss 3.7620 (3.1010)	acc@1: 68.6034	acc@5: 74.9598	
2023-03-21 03:32:38,564 - INFO - EPOCH 106 training takes 0:12:09
2023-03-21 03:32:40,041 - INFO - ./outputs/inat21_mini/res50_dynamic_mlp_c/res50_dynamic_mlp_c-Latest.pth saved !!!
2023-03-21 03:32:40,042 - INFO - **********Latest test***********
2023-03-21 03:32:40,042 - INFO - eval epoch 106
2023-03-21 03:32:40,714 - INFO - Test: [0/782]	Time 0.671 (0.671)	Loss 2.1662 (2.1662)	Acc@1 81.250 (81.250)	Acc@5 93.750 (93.750)
2023-03-21 03:34:53,025 - INFO - Test: [200/782]	Time 0.651 (0.662)	Loss 2.3501 (2.4349)	Acc@1 73.438 (75.925)	Acc@5 90.625 (91.472)
2023-03-21 03:37:05,432 - INFO - Test: [400/782]	Time 0.676 (0.662)	Loss 2.3678 (2.4133)	Acc@1 77.344 (76.582)	Acc@5 90.625 (91.810)
2023-03-21 03:39:18,565 - INFO - Test: [600/782]	Time 0.661 (0.663)	Loss 2.5306 (2.3821)	Acc@1 72.656 (77.361)	Acc@5 89.844 (92.146)
2023-03-21 03:41:15,824 - INFO -  * Acc@1 77.819 Acc@5 92.403
2023-03-21 03:41:15,824 - INFO - Max accuracy: 77.9780%
2023-03-21 03:41:15,824 - INFO - Exp path: ./outputs/inat21_mini/res50_dynamic_mlp_c
2023-03-21 03:41:18,184 - INFO - Train: [107/110][0/3907]	eta 2:33:27 lr 0.00013037	time 2.3568 (2.3568)	loss 4.3323 (4.3323)	acc@1: 47.4527	acc@5: 64.6659	
2023-03-21 03:42:13,894 - INFO - Train: [107/110][300/3907]	eta 0:11:35 lr 0.00013037	time 0.1795 (0.1929)	loss 3.0962 (3.0682)	acc@1: 78.0114	acc@5: 83.0855	
2023-03-21 03:43:09,352 - INFO - Train: [107/110][600/3907]	eta 0:10:24 lr 0.00013037	time 0.1865 (0.1889)	loss 3.2736 (3.0861)	acc@1: 76.2587	acc@5: 82.0133	
2023-03-21 03:44:04,951 - INFO - Train: [107/110][900/3907]	eta 0:09:24 lr 0.00013037	time 0.1822 (0.1877)	loss 4.3143 (3.0744)	acc@1: 49.5212	acc@5: 62.8691	
2023-03-21 03:45:00,688 - INFO - Train: [107/110][1200/3907]	eta 0:08:26 lr 0.00013037	time 0.1779 (0.1872)	loss 2.3134 (3.0965)	acc@1: 88.3962	acc@5: 92.1475	
2023-03-21 03:45:56,689 - INFO - Train: [107/110][1500/3907]	eta 0:07:30 lr 0.00013037	time 0.1910 (0.1871)	loss 4.8697 (3.0994)	acc@1: 30.9951	acc@5: 58.2895	
2023-03-21 03:46:52,648 - INFO - Train: [107/110][1800/3907]	eta 0:06:34 lr 0.00013037	time 0.1913 (0.1870)	loss 2.0331 (3.0963)	acc@1: 86.6563	acc@5: 93.6824	
2023-03-21 03:47:48,557 - INFO - Train: [107/110][2100/3907]	eta 0:05:37 lr 0.00013037	time 0.1893 (0.1869)	loss 4.7302 (3.1117)	acc@1: 40.3144	acc@5: 54.7663	
2023-03-21 03:48:44,522 - INFO - Train: [107/110][2400/3907]	eta 0:04:41 lr 0.00013037	time 0.2003 (0.1869)	loss 4.6767 (3.1098)	acc@1: 42.4464	acc@5: 57.7264	
2023-03-21 03:49:40,361 - INFO - Train: [107/110][2700/3907]	eta 0:03:45 lr 0.00013037	time 0.1790 (0.1868)	loss 4.1327 (3.1016)	acc@1: 55.8277	acc@5: 66.4135	
2023-03-21 03:50:33,434 - INFO - Train: [107/110][3000/3907]	eta 0:02:48 lr 0.00013037	time 0.1740 (0.1858)	loss 4.5660 (3.1036)	acc@1: 45.0026	acc@5: 61.0029	
2023-03-21 03:51:25,682 - INFO - Train: [107/110][3300/3907]	eta 0:01:52 lr 0.00013037	time 0.1704 (0.1847)	loss 4.7331 (3.1072)	acc@1: 35.5501	acc@5: 57.4230	
2023-03-21 03:52:18,135 - INFO - Train: [107/110][3600/3907]	eta 0:00:56 lr 0.00013037	time 0.1739 (0.1839)	loss 4.0135 (3.1140)	acc@1: 56.6673	acc@5: 72.4303	
2023-03-21 03:53:10,301 - INFO - Train: [107/110][3900/3907]	eta 0:00:01 lr 0.00013037	time 0.1691 (0.1831)	loss 1.7615 (3.1207)	acc@1: 92.1798	acc@5: 99.2104	
2023-03-21 03:53:11,459 - INFO - EPOCH 107 training takes 0:11:55
2023-03-21 03:53:12,919 - INFO - ./outputs/inat21_mini/res50_dynamic_mlp_c/res50_dynamic_mlp_c-Latest.pth saved !!!
2023-03-21 03:53:12,919 - INFO - **********Latest test***********
2023-03-21 03:53:12,919 - INFO - eval epoch 107
2023-03-21 03:53:13,634 - INFO - Test: [0/782]	Time 0.713 (0.713)	Loss 2.1214 (2.1214)	Acc@1 79.688 (79.688)	Acc@5 96.094 (96.094)
2023-03-21 03:55:24,502 - INFO - Test: [200/782]	Time 0.647 (0.655)	Loss 2.3162 (2.3793)	Acc@1 75.000 (76.458)	Acc@5 89.844 (91.702)
2023-03-21 03:57:36,375 - INFO - Test: [400/782]	Time 0.658 (0.657)	Loss 2.3121 (2.3572)	Acc@1 78.906 (77.165)	Acc@5 91.406 (92.100)
2023-03-21 03:59:48,888 - INFO - Test: [600/782]	Time 0.653 (0.659)	Loss 2.4884 (2.3267)	Acc@1 71.094 (77.943)	Acc@5 89.062 (92.414)
2023-03-21 04:01:46,177 - INFO -  * Acc@1 78.373 Acc@5 92.674
2023-03-21 04:01:46,178 - INFO - Max accuracy: 78.3730%
2023-03-21 04:01:47,656 - INFO - ./outputs/inat21_mini/res50_dynamic_mlp_c/res50_dynamic_mlp_c-Best.pth saved !!!
2023-03-21 04:01:47,657 - INFO - Exp path: ./outputs/inat21_mini/res50_dynamic_mlp_c
2023-03-21 04:01:49,972 - INFO - Train: [108/110][0/3907]	eta 2:30:34 lr 0.00007337	time 2.3125 (2.3125)	loss 3.6936 (3.6936)	acc@1: 68.6701	acc@5: 74.1071	
2023-03-21 04:02:45,255 - INFO - Train: [108/110][300/3907]	eta 0:11:30 lr 0.00007337	time 0.1815 (0.1913)	loss 2.0047 (3.1526)	acc@1: 91.8516	acc@5: 95.6781	
2023-03-21 04:03:40,819 - INFO - Train: [108/110][600/3907]	eta 0:10:22 lr 0.00007337	time 0.1842 (0.1883)	loss 1.8974 (3.1399)	acc@1: 90.3456	acc@5: 95.7492	
2023-03-21 04:04:36,499 - INFO - Train: [108/110][900/3907]	eta 0:09:23 lr 0.00007337	time 0.1859 (0.1874)	loss 3.7492 (3.1585)	acc@1: 62.2477	acc@5: 76.6047	
2023-03-21 04:05:32,101 - INFO - Train: [108/110][1200/3907]	eta 0:08:25 lr 0.00007337	time 0.1981 (0.1869)	loss 2.1483 (3.1267)	acc@1: 90.8495	acc@5: 94.6328	
2023-03-21 04:06:27,560 - INFO - Train: [108/110][1500/3907]	eta 0:07:28 lr 0.00007337	time 0.1830 (0.1865)	loss 4.3956 (3.1210)	acc@1: 51.0956	acc@5: 62.6970	
2023-03-21 04:07:23,397 - INFO - Train: [108/110][1800/3907]	eta 0:06:32 lr 0.00007337	time 0.1776 (0.1864)	loss 3.6442 (3.1152)	acc@1: 65.8778	acc@5: 75.9199	
2023-03-21 04:08:19,312 - INFO - Train: [108/110][2100/3907]	eta 0:05:36 lr 0.00007337	time 0.2096 (0.1864)	loss 4.1177 (3.1178)	acc@1: 56.4577	acc@5: 68.5025	
2023-03-21 04:09:14,835 - INFO - Train: [108/110][2400/3907]	eta 0:04:40 lr 0.00007337	time 0.1835 (0.1862)	loss 2.3743 (3.1222)	acc@1: 89.4363	acc@5: 90.9017	
2023-03-21 04:10:10,450 - INFO - Train: [108/110][2700/3907]	eta 0:03:44 lr 0.00007337	time 0.1907 (0.1861)	loss 2.3886 (3.1143)	acc@1: 87.9895	acc@5: 91.6557	
2023-03-21 04:11:05,612 - INFO - Train: [108/110][3000/3907]	eta 0:02:48 lr 0.00007337	time 0.1992 (0.1859)	loss 1.7606 (3.1015)	acc@1: 95.1679	acc@5: 98.2881	
2023-03-21 04:12:01,102 - INFO - Train: [108/110][3300/3907]	eta 0:01:52 lr 0.00007337	time 0.1952 (0.1858)	loss 4.5664 (3.1041)	acc@1: 46.3144	acc@5: 58.5613	
2023-03-21 04:12:56,674 - INFO - Train: [108/110][3600/3907]	eta 0:00:57 lr 0.00007337	time 0.1884 (0.1858)	loss 2.3001 (3.0997)	acc@1: 88.9542	acc@5: 92.6589	
2023-03-21 04:13:52,198 - INFO - Train: [108/110][3900/3907]	eta 0:00:01 lr 0.00007337	time 0.1809 (0.1857)	loss 5.1119 (3.0980)	acc@1: 32.2214	acc@5: 52.8838	
2023-03-21 04:13:53,419 - INFO - EPOCH 108 training takes 0:12:05
2023-03-21 04:13:54,918 - INFO - ./outputs/inat21_mini/res50_dynamic_mlp_c/res50_dynamic_mlp_c-Latest.pth saved !!!
2023-03-21 04:13:54,918 - INFO - **********Latest test***********
2023-03-21 04:13:54,919 - INFO - eval epoch 108
2023-03-21 04:13:55,585 - INFO - Test: [0/782]	Time 0.665 (0.665)	Loss 2.2011 (2.2011)	Acc@1 80.469 (80.469)	Acc@5 95.312 (95.312)
2023-03-21 04:16:06,370 - INFO - Test: [200/782]	Time 0.657 (0.654)	Loss 2.3977 (2.4788)	Acc@1 75.781 (75.463)	Acc@5 89.062 (91.088)
2023-03-21 04:18:18,326 - INFO - Test: [400/782]	Time 0.639 (0.657)	Loss 2.4008 (2.4570)	Acc@1 77.344 (76.070)	Acc@5 91.406 (91.502)
2023-03-21 04:20:31,639 - INFO - Test: [600/782]	Time 0.663 (0.660)	Loss 2.5823 (2.4256)	Acc@1 70.312 (76.885)	Acc@5 88.281 (91.885)
2023-03-21 04:22:29,213 - INFO -  * Acc@1 77.336 Acc@5 92.169
2023-03-21 04:22:29,213 - INFO - Max accuracy: 78.3730%
2023-03-21 04:22:29,213 - INFO - Exp path: ./outputs/inat21_mini/res50_dynamic_mlp_c
2023-03-21 04:22:31,411 - INFO - Train: [109/110][0/3907]	eta 2:22:54 lr 0.00003262	time 2.1947 (2.1947)	loss 2.1840 (2.1840)	acc@1: 88.9480	acc@5: 92.7170	
2023-03-21 04:23:27,027 - INFO - Train: [109/110][300/3907]	eta 0:11:32 lr 0.00003262	time 0.1845 (0.1921)	loss 1.7872 (3.1220)	acc@1: 91.9006	acc@5: 97.3521	
2023-03-21 04:24:22,742 - INFO - Train: [109/110][600/3907]	eta 0:10:24 lr 0.00003262	time 0.1830 (0.1889)	loss 4.8370 (3.1348)	acc@1: 37.5570	acc@5: 55.5258	
2023-03-21 04:25:18,628 - INFO - Train: [109/110][900/3907]	eta 0:09:25 lr 0.00003262	time 0.1885 (0.1880)	loss 4.6884 (3.1443)	acc@1: 41.0984	acc@5: 56.4142	
2023-03-21 04:26:14,558 - INFO - Train: [109/110][1200/3907]	eta 0:08:27 lr 0.00003262	time 0.2001 (0.1876)	loss 4.3723 (3.1396)	acc@1: 53.9329	acc@5: 65.4860	
2023-03-21 04:27:10,183 - INFO - Train: [109/110][1500/3907]	eta 0:07:30 lr 0.00003262	time 0.1823 (0.1872)	loss 4.6306 (3.1143)	acc@1: 45.3506	acc@5: 60.9002	
2023-03-21 04:28:05,564 - INFO - Train: [109/110][1800/3907]	eta 0:06:33 lr 0.00003262	time 0.1977 (0.1868)	loss 2.1740 (3.1005)	acc@1: 89.1861	acc@5: 95.1775	
2023-03-21 04:29:01,377 - INFO - Train: [109/110][2100/3907]	eta 0:05:37 lr 0.00003262	time 0.1794 (0.1866)	loss 2.0876 (3.0942)	acc@1: 91.3980	acc@5: 94.4433	
2023-03-21 04:29:57,387 - INFO - Train: [109/110][2400/3907]	eta 0:04:41 lr 0.00003262	time 0.1782 (0.1867)	loss 2.5398 (3.0999)	acc@1: 85.5784	acc@5: 89.2022	
2023-03-21 04:30:53,374 - INFO - Train: [109/110][2700/3907]	eta 0:03:45 lr 0.00003262	time 0.1776 (0.1867)	loss 1.8248 (3.0969)	acc@1: 91.8982	acc@5: 96.5710	
2023-03-21 04:31:49,068 - INFO - Train: [109/110][3000/3907]	eta 0:02:49 lr 0.00003262	time 0.1792 (0.1865)	loss 4.2278 (3.1026)	acc@1: 49.6278	acc@5: 67.8754	
2023-03-21 04:32:44,907 - INFO - Train: [109/110][3300/3907]	eta 0:01:53 lr 0.00003262	time 0.1823 (0.1865)	loss 2.5913 (3.1014)	acc@1: 83.6232	acc@5: 88.7673	
2023-03-21 04:33:40,681 - INFO - Train: [109/110][3600/3907]	eta 0:00:57 lr 0.00003262	time 0.1985 (0.1865)	loss 4.4791 (3.1024)	acc@1: 44.9158	acc@5: 59.9572	
2023-03-21 04:34:36,152 - INFO - Train: [109/110][3900/3907]	eta 0:00:01 lr 0.00003262	time 0.1764 (0.1863)	loss 1.9687 (3.1040)	acc@1: 87.1654	acc@5: 94.1695	
2023-03-21 04:34:37,385 - INFO - EPOCH 109 training takes 0:12:08
2023-03-21 04:34:38,853 - INFO - ./outputs/inat21_mini/res50_dynamic_mlp_c/res50_dynamic_mlp_c-Latest.pth saved !!!
2023-03-21 04:34:38,855 - INFO - **********Latest test***********
2023-03-21 04:34:38,855 - INFO - eval epoch 109
2023-03-21 04:34:39,514 - INFO - Test: [0/782]	Time 0.657 (0.657)	Loss 2.1769 (2.1769)	Acc@1 81.250 (81.250)	Acc@5 95.312 (95.312)
2023-03-21 04:36:49,811 - INFO - Test: [200/782]	Time 0.634 (0.652)	Loss 2.3753 (2.4483)	Acc@1 74.219 (75.836)	Acc@5 89.844 (91.395)
2023-03-21 04:39:00,407 - INFO - Test: [400/782]	Time 0.639 (0.652)	Loss 2.3763 (2.4269)	Acc@1 76.562 (76.471)	Acc@5 90.625 (91.747)
2023-03-21 04:41:11,338 - INFO - Test: [600/782]	Time 0.643 (0.653)	Loss 2.5433 (2.3961)	Acc@1 71.875 (77.241)	Acc@5 88.281 (92.099)
2023-03-21 04:43:06,982 - INFO -  * Acc@1 77.669 Acc@5 92.374
2023-03-21 04:43:06,982 - INFO - Max accuracy: 78.3730%
2023-03-21 04:43:06,982 - INFO - Exp path: ./outputs/inat21_mini/res50_dynamic_mlp_c
2023-03-21 04:43:09,198 - INFO - Train: [110/110][0/3907]	eta 2:24:06 lr 0.00000816	time 2.2130 (2.2130)	loss 2.2556 (2.2556)	acc@1: 89.7113	acc@5: 93.4493	
2023-03-21 04:44:04,584 - INFO - Train: [110/110][300/3907]	eta 0:11:30 lr 0.00000816	time 0.1822 (0.1914)	loss 3.8300 (3.0319)	acc@1: 64.0271	acc@5: 74.9014	
2023-03-21 04:44:59,857 - INFO - Train: [110/110][600/3907]	eta 0:10:21 lr 0.00000816	time 0.1841 (0.1878)	loss 2.4474 (3.0536)	acc@1: 85.9264	acc@5: 91.0645	
2023-03-21 04:45:54,985 - INFO - Train: [110/110][900/3907]	eta 0:09:20 lr 0.00000816	time 0.1832 (0.1865)	loss 2.2266 (3.0470)	acc@1: 85.8688	acc@5: 93.3296	
2023-03-21 04:46:50,582 - INFO - Train: [110/110][1200/3907]	eta 0:08:23 lr 0.00000816	time 0.1774 (0.1862)	loss 4.7397 (3.0579)	acc@1: 39.9169	acc@5: 56.2682	
2023-03-21 04:47:46,301 - INFO - Train: [110/110][1500/3907]	eta 0:07:27 lr 0.00000816	time 0.1840 (0.1861)	loss 4.6876 (3.0596)	acc@1: 44.0587	acc@5: 57.1309	
2023-03-21 04:48:41,936 - INFO - Train: [110/110][1800/3907]	eta 0:06:31 lr 0.00000816	time 0.1873 (0.1860)	loss 4.3724 (3.0818)	acc@1: 45.4387	acc@5: 64.2512	
2023-03-21 04:49:37,551 - INFO - Train: [110/110][2100/3907]	eta 0:05:35 lr 0.00000816	time 0.1848 (0.1859)	loss 2.3490 (3.0967)	acc@1: 87.3253	acc@5: 91.0255	
2023-03-21 04:50:32,851 - INFO - Train: [110/110][2400/3907]	eta 0:04:39 lr 0.00000816	time 0.1812 (0.1857)	loss 2.1227 (3.1144)	acc@1: 89.3521	acc@5: 93.9738	
2023-03-21 04:51:28,418 - INFO - Train: [110/110][2700/3907]	eta 0:03:44 lr 0.00000816	time 0.1783 (0.1856)	loss 1.9599 (3.1193)	acc@1: 85.5444	acc@5: 94.8766	
2023-03-21 04:52:23,862 - INFO - Train: [110/110][3000/3907]	eta 0:02:48 lr 0.00000816	time 0.1836 (0.1856)	loss 2.0331 (3.1281)	acc@1: 89.2626	acc@5: 92.3639	
2023-03-21 04:53:18,935 - INFO - Train: [110/110][3300/3907]	eta 0:01:52 lr 0.00000816	time 0.1782 (0.1854)	loss 3.0598 (3.1288)	acc@1: 81.5356	acc@5: 82.3169	
2023-03-21 04:54:14,015 - INFO - Train: [110/110][3600/3907]	eta 0:00:56 lr 0.00000816	time 0.1893 (0.1852)	loss 2.1361 (3.1262)	acc@1: 87.7000	acc@5: 96.0164	
2023-03-21 04:55:09,320 - INFO - Train: [110/110][3900/3907]	eta 0:00:01 lr 0.00000816	time 0.1836 (0.1852)	loss 4.2415 (3.1286)	acc@1: 51.8158	acc@5: 65.9274	
2023-03-21 04:55:10,507 - INFO - EPOCH 110 training takes 0:12:03
2023-03-21 04:55:11,984 - INFO - ./outputs/inat21_mini/res50_dynamic_mlp_c/res50_dynamic_mlp_c-Latest.pth saved !!!
2023-03-21 04:55:11,985 - INFO - **********Latest test***********
2023-03-21 04:55:11,985 - INFO - eval epoch 110
2023-03-21 04:55:12,639 - INFO - Test: [0/782]	Time 0.653 (0.653)	Loss 2.1708 (2.1708)	Acc@1 80.469 (80.469)	Acc@5 95.312 (95.312)
2023-03-21 04:57:21,751 - INFO - Test: [200/782]	Time 0.633 (0.646)	Loss 2.3511 (2.4249)	Acc@1 74.219 (76.003)	Acc@5 90.625 (91.527)
2023-03-21 04:59:31,324 - INFO - Test: [400/782]	Time 0.654 (0.647)	Loss 2.3560 (2.4039)	Acc@1 77.344 (76.707)	Acc@5 91.406 (91.905)
2023-03-21 05:01:42,231 - INFO - Test: [600/782]	Time 0.654 (0.649)	Loss 2.5391 (2.3737)	Acc@1 71.875 (77.479)	Acc@5 89.062 (92.221)
2023-03-21 05:03:38,981 - INFO -  * Acc@1 77.939 Acc@5 92.491
2023-03-21 05:03:38,981 - INFO - Max accuracy: 78.3730%
2023-03-21 05:03:38,981 - INFO - Exp path: ./outputs/inat21_mini/res50_dynamic_mlp_c
2023-03-21 05:03:38,981 - INFO - Training time 6:50:49
