# 3090
2023-03-16 02:33:49,556 - INFO - --batch_size 128
2023-03-16 02:33:49,556 - INFO - --data inat21_mini
2023-03-16 02:33:49,556 - INFO - --data_dir ./datasets/iNat2021
2023-03-16 02:33:49,556 - INFO - --evaluate False
2023-03-16 02:33:49,556 - INFO - --fold 1
2023-03-16 02:33:49,556 - INFO - --image_only False
2023-03-16 02:33:49,556 - INFO - --metadata geo_temporal
2023-03-16 02:33:49,556 - INFO - --mlp_cin 6
2023-03-16 02:33:49,556 - INFO - --mlp_d 256
2023-03-16 02:33:49,556 - INFO - --mlp_h 64
2023-03-16 02:33:49,556 - INFO - --mlp_n 2
2023-03-16 02:33:49,556 - INFO - --mlp_type c
2023-03-16 02:33:49,556 - INFO - --model_file sk2res2net_dynamic_mlp
2023-03-16 02:33:49,557 - INFO - --model_name sk2res2net101
2023-03-16 02:33:49,557 - INFO - --name sk2_dynamic_mlp
2023-03-16 02:33:49,557 - INFO - --num_classes 10000
2023-03-16 02:33:49,557 - INFO - --num_workers 8
2023-03-16 02:33:49,557 - INFO - --path_log ./outputs/inat21_mini/sk2_dynamic_mlp
2023-03-16 02:33:49,557 - INFO - --pretrained True
2023-03-16 02:33:49,557 - INFO - --random_seed 37
2023-03-16 02:33:49,557 - INFO - --resume latest
2023-03-16 02:33:49,557 - INFO - --save_dir ./outputs
2023-03-16 02:33:49,557 - INFO - --start_lr 0.04
2023-03-16 02:33:49,557 - INFO - --stop_epoch 90
2023-03-16 02:33:49,557 - INFO - --tencrop False
2023-03-16 02:33:49,557 - INFO - --warmup 2
2023-03-16 02:33:49,557 - INFO - Creating model:sk2res2net_dynamic_mlp -> sk2res2net101
2023-03-16 02:33:50,283 - INFO - type: c, cin: 6, d: 256, h: 64, N: 2
2023-03-16 02:33:50,832 - INFO - Successfully load checkpoints/sk2res2net101_epoch_300.pth !
2023-03-16 02:33:54,907 - INFO - => no checkpoint found at './outputs/inat21_mini/sk2_dynamic_mlp/fold1_latest.pth'
2023-03-16 02:33:54,907 - INFO - Start training
2023-03-16 02:34:11,215 - INFO - Train: [1/90][0/3907]	eta 17:41:43 lr 0.00000000	time 16.3050 (16.3050)	loss 9.4347 (9.4347)	acc@1: 0.0000	acc@5: 0.0000	
2023-03-16 02:38:52,411 - INFO - Train: [1/90][300/3907]	eta 0:59:25 lr 0.00153571	time 0.9666 (0.9884)	loss 9.3581 (9.3750)	acc@1: 0.0000	acc@5: 0.0000	
2023-03-16 02:43:32,209 - INFO - Train: [1/90][600/3907]	eta 0:52:56 lr 0.00307141	time 0.9262 (0.9606)	loss 9.2077 (9.3245)	acc@1: 0.0000	acc@5: 0.0000	
2023-03-16 02:48:11,733 - INFO - Train: [1/90][900/3907]	eta 0:47:39 lr 0.00460712	time 0.8411 (0.9510)	loss 8.9373 (9.2463)	acc@1: 0.6354	acc@5: 0.6354	
2023-03-16 02:52:44,274 - INFO - Train: [1/90][1200/3907]	eta 0:42:25 lr 0.00614282	time 1.0426 (0.9403)	loss 8.4160 (9.1237)	acc@1: 0.7160	acc@5: 1.4320	
2023-03-16 02:57:14,743 - INFO - Train: [1/90][1500/3907]	eta 0:37:24 lr 0.00767853	time 0.9116 (0.9326)	loss 7.6954 (8.9433)	acc@1: 2.2227	acc@5: 8.1499	
2023-03-16 03:01:49,689 - INFO - Train: [1/90][1800/3907]	eta 0:32:39 lr 0.00921423	time 0.8950 (0.9299)	loss 6.9316 (8.7253)	acc@1: 5.2637	acc@5: 16.5723	
2023-03-16 03:06:26,316 - INFO - Train: [1/90][2100/3907]	eta 0:27:58 lr 0.01074994	time 0.9045 (0.9288)	loss 7.8696 (8.4989)	acc@1: 1.4296	acc@5: 6.9373	
2023-03-16 03:11:01,293 - INFO - Train: [1/90][2400/3907]	eta 0:23:17 lr 0.01228564	time 0.9138 (0.9273)	loss 6.7915 (8.2879)	acc@1: 7.5983	acc@5: 20.4103	
2023-03-16 03:15:37,224 - INFO - Train: [1/90][2700/3907]	eta 0:18:38 lr 0.01382135	time 0.9164 (0.9264)	loss 5.9654 (8.0999)	acc@1: 6.5846	acc@5: 30.7280	
2023-03-16 03:20:14,564 - INFO - Train: [1/90][3000/3907]	eta 0:14:00 lr 0.01535705	time 0.9278 (0.9262)	loss 6.1187 (7.9253)	acc@1: 8.9226	acc@5: 33.6315	
2023-03-16 03:24:50,630 - INFO - Train: [1/90][3300/3907]	eta 0:09:21 lr 0.01689276	time 1.0542 (0.9257)	loss 5.4490 (7.7692)	acc@1: 18.7442	acc@5: 36.7077	
2023-03-16 03:29:25,946 - INFO - Train: [1/90][3600/3907]	eta 0:04:43 lr 0.01842846	time 0.8806 (0.9250)	loss 7.0024 (7.6267)	acc@1: 7.2877	acc@5: 21.9272	
2023-03-16 03:33:58,166 - INFO - Train: [1/90][3900/3907]	eta 0:00:06 lr 0.01996417	time 0.8855 (0.9237)	loss 6.5913 (7.4915)	acc@1: 15.9483	acc@5: 31.8966	
2023-03-16 03:34:05,097 - INFO - EPOCH 1 training takes 1:00:10
2023-03-16 03:34:05,946 - INFO - ./outputs/inat21_mini/sk2_dynamic_mlp/fold1_latest.pth saved !!!
2023-03-16 03:34:05,947 - INFO - **********latest test***********
2023-03-16 03:34:05,947 - INFO - eval epoch 1
2023-03-16 03:34:07,274 - INFO - Test: [0/782]	Time 1.325 (1.325)	Loss 4.1454 (4.1454)	Acc@1 28.906 (28.906)	Acc@5 61.719 (61.719)
2023-03-16 03:36:41,983 - INFO - Test: [200/782]	Time 0.740 (0.776)	Loss 4.2775 (4.5382)	Acc@1 28.125 (26.088)	Acc@5 59.375 (52.981)
2023-03-16 03:39:23,269 - INFO - Test: [400/782]	Time 0.850 (0.791)	Loss 4.3478 (4.4973)	Acc@1 31.250 (26.839)	Acc@5 51.562 (53.893)
2023-03-16 03:42:16,133 - INFO - Test: [600/782]	Time 0.882 (0.816)	Loss 4.5540 (4.4859)	Acc@1 21.094 (26.895)	Acc@5 57.031 (54.099)
2023-03-16 03:44:49,630 - INFO -  * Acc@1 27.440 Acc@5 54.986
2023-03-16 03:44:49,631 - INFO - Max accuracy: 27.4400%
2023-03-16 03:44:50,390 - INFO - ./outputs/inat21_mini/sk2_dynamic_mlp/fold1_best.pth saved !!!
2023-03-16 03:44:50,391 - INFO - Exp path: ./outputs/inat21_mini/sk2_dynamic_mlp
2023-03-16 03:44:51,374 - INFO - Train: [2/90][0/3907]	eta 1:03:27 lr 0.02000000	time 0.9746 (0.9746)	loss 6.1818 (6.1818)	acc@1: 18.7565	acc@5: 33.0127	
2023-03-16 03:49:25,573 - INFO - Train: [2/90][300/3907]	eta 0:54:57 lr 0.02153571	time 0.8713 (0.9142)	loss 6.9026 (5.5432)	acc@1: 10.9873	acc@5: 22.2846	
2023-03-16 03:53:58,300 - INFO - Train: [2/90][600/3907]	eta 0:50:14 lr 0.02307141	time 0.9070 (0.9116)	loss 7.2715 (5.5346)	acc@1: 5.9024	acc@5: 14.9585	
2023-03-16 03:58:32,179 - INFO - Train: [2/90][900/3907]	eta 0:45:42 lr 0.02460712	time 0.8752 (0.9121)	loss 5.8771 (5.5137)	acc@1: 19.1729	acc@5: 38.9850	
2023-03-16 04:03:07,170 - INFO - Train: [2/90][1200/3907]	eta 0:41:12 lr 0.02614282	time 0.8931 (0.9132)	loss 4.4036 (5.4724)	acc@1: 33.1571	acc@5: 55.5188	
2023-03-16 04:07:40,781 - INFO - Train: [2/90][1500/3907]	eta 0:36:37 lr 0.02767853	time 1.1433 (0.9130)	loss 4.3718 (5.4726)	acc@1: 34.3145	acc@5: 61.7662	
2023-03-16 04:12:13,035 - INFO - Train: [2/90][1800/3907]	eta 0:32:01 lr 0.02921423	time 0.8811 (0.9121)	loss 4.1918 (5.4290)	acc@1: 34.1879	acc@5: 66.8218	
2023-03-16 04:16:46,085 - INFO - Train: [2/90][2100/3907]	eta 0:27:27 lr 0.03074994	time 0.8982 (0.9118)	loss 5.2279 (5.4066)	acc@1: 21.9342	acc@5: 51.4083	
2023-03-16 04:21:19,187 - INFO - Train: [2/90][2400/3907]	eta 0:22:53 lr 0.03228564	time 0.8870 (0.9116)	loss 4.8853 (5.3808)	acc@1: 29.1123	acc@5: 53.9642	
2023-03-16 04:25:51,809 - INFO - Train: [2/90][2700/3907]	eta 0:18:19 lr 0.03382135	time 0.8965 (0.9113)	loss 6.6696 (5.3535)	acc@1: 14.3796	acc@5: 26.0315	
2023-03-16 04:30:23,847 - INFO - Train: [2/90][3000/3907]	eta 0:13:46 lr 0.03535705	time 0.8811 (0.9108)	loss 5.1624 (5.3381)	acc@1: 34.1138	acc@5: 53.1388	
2023-03-16 04:34:57,639 - INFO - Train: [2/90][3300/3907]	eta 0:09:12 lr 0.03689276	time 0.8815 (0.9110)	loss 5.0935 (5.3154)	acc@1: 28.9856	acc@5: 55.3361	
2023-03-16 04:39:30,144 - INFO - Train: [2/90][3600/3907]	eta 0:04:39 lr 0.03842846	time 1.0171 (0.9108)	loss 5.1399 (5.2975)	acc@1: 33.4764	acc@5: 55.0130	
2023-03-16 04:44:02,934 - INFO - Train: [2/90][3900/3907]	eta 0:00:06 lr 0.03996417	time 0.8635 (0.9107)	loss 5.0845 (5.2750)	acc@1: 34.0947	acc@5: 56.2688	
2023-03-16 04:44:08,017 - INFO - EPOCH 2 training takes 0:59:17
2023-03-16 04:44:09,046 - INFO - ./outputs/inat21_mini/sk2_dynamic_mlp/fold1_latest.pth saved !!!
2023-03-16 04:44:09,052 - INFO - **********latest test***********
2023-03-16 04:44:09,052 - INFO - eval epoch 2
2023-03-16 04:44:09,888 - INFO - Test: [0/782]	Time 0.833 (0.833)	Loss 3.0298 (3.0298)	Acc@1 58.594 (58.594)	Acc@5 84.375 (84.375)
2023-03-16 04:47:00,672 - INFO - Test: [200/782]	Time 0.820 (0.854)	Loss 3.4383 (3.6758)	Acc@1 49.219 (43.486)	Acc@5 73.438 (70.931)
2023-03-16 04:49:52,447 - INFO - Test: [400/782]	Time 0.843 (0.856)	Loss 3.4136 (3.6407)	Acc@1 52.344 (44.032)	Acc@5 72.656 (71.752)
2023-03-16 04:52:45,098 - INFO - Test: [600/782]	Time 0.831 (0.859)	Loss 3.5777 (3.6114)	Acc@1 46.875 (44.735)	Acc@5 76.562 (72.297)
2023-03-16 04:55:18,387 - INFO -  * Acc@1 45.407 Acc@5 73.186
2023-03-16 04:55:18,387 - INFO - Max accuracy: 45.4070%
2023-03-16 04:55:19,427 - INFO - ./outputs/inat21_mini/sk2_dynamic_mlp/fold1_best.pth saved !!!
2023-03-16 04:55:19,428 - INFO - Exp path: ./outputs/inat21_mini/sk2_dynamic_mlp
2023-03-16 04:55:20,512 - INFO - Train: [3/90][0/3907]	eta 1:09:52 lr 0.03995128	time 1.0732 (1.0732)	loss 4.3792 (4.3792)	acc@1: 41.0710	acc@5: 64.8749	
2023-03-16 04:59:53,379 - INFO - Train: [3/90][300/3907]	eta 0:54:42 lr 0.03995128	time 0.8968 (0.9101)	loss 4.4402 (4.7825)	acc@1: 44.8581	acc@5: 64.0529	
2023-03-16 05:04:25,429 - INFO - Train: [3/90][600/3907]	eta 0:50:04 lr 0.03995128	time 0.8947 (0.9085)	loss 3.8887 (4.7450)	acc@1: 50.6346	acc@5: 75.5850	
2023-03-16 05:08:58,790 - INFO - Train: [3/90][900/3907]	eta 0:45:34 lr 0.03995128	time 0.8761 (0.9094)	loss 3.7909 (4.7603)	acc@1: 46.6272	acc@5: 74.4530	
2023-03-16 05:13:32,005 - INFO - Train: [3/90][1200/3907]	eta 0:41:02 lr 0.03995128	time 0.8913 (0.9097)	loss 4.8106 (4.7655)	acc@1: 37.9061	acc@5: 56.8592	
2023-03-16 05:18:03,991 - INFO - Train: [3/90][1500/3907]	eta 0:36:28 lr 0.03995128	time 0.8728 (0.9091)	loss 3.7068 (4.7569)	acc@1: 48.8273	acc@5: 70.5318	
2023-03-16 05:22:34,941 - INFO - Train: [3/90][1800/3907]	eta 0:31:53 lr 0.03995128	time 0.8846 (0.9081)	loss 3.4201 (4.7393)	acc@1: 55.7977	acc@5: 75.9469	
2023-03-16 05:27:07,954 - INFO - Train: [3/90][2100/3907]	eta 0:27:21 lr 0.03995128	time 1.0299 (0.9084)	loss 4.3448 (4.7258)	acc@1: 43.6438	acc@5: 63.6770	
2023-03-16 05:31:40,285 - INFO - Train: [3/90][2400/3907]	eta 0:22:48 lr 0.03995128	time 0.8900 (0.9083)	loss 5.6852 (4.7306)	acc@1: 27.0991	acc@5: 43.6505	
2023-03-16 05:36:12,609 - INFO - Train: [3/90][2700/3907]	eta 0:18:16 lr 0.03995128	time 0.8724 (0.9082)	loss 3.8011 (4.7300)	acc@1: 50.2280	acc@5: 68.2086	
2023-03-16 05:40:45,290 - INFO - Train: [3/90][3000/3907]	eta 0:13:43 lr 0.03995128	time 0.9046 (0.9083)	loss 5.7282 (4.7100)	acc@1: 31.2267	acc@5: 44.2781	
2023-03-16 05:45:17,219 - INFO - Train: [3/90][3300/3907]	eta 0:09:11 lr 0.03995128	time 0.8917 (0.9081)	loss 4.3199 (4.6897)	acc@1: 43.6021	acc@5: 65.0458	
2023-03-16 05:49:50,983 - INFO - Train: [3/90][3600/3907]	eta 0:04:38 lr 0.03995128	time 0.8756 (0.9085)	loss 3.4385 (4.6780)	acc@1: 53.6509	acc@5: 79.3100	
2023-03-16 05:54:24,020 - INFO - Train: [3/90][3900/3907]	eta 0:00:06 lr 0.03995128	time 0.8907 (0.9086)	loss 3.8511 (4.6728)	acc@1: 47.4597	acc@5: 68.2460	
2023-03-16 05:54:29,156 - INFO - EPOCH 3 training takes 0:59:09
2023-03-16 05:54:30,047 - INFO - ./outputs/inat21_mini/sk2_dynamic_mlp/fold1_latest.pth saved !!!
2023-03-16 05:54:30,048 - INFO - **********latest test***********
2023-03-16 05:54:30,048 - INFO - eval epoch 3
2023-03-16 05:54:31,019 - INFO - Test: [0/782]	Time 0.969 (0.969)	Loss 2.6075 (2.6075)	Acc@1 67.969 (67.969)	Acc@5 90.625 (90.625)
2023-03-16 05:57:22,647 - INFO - Test: [200/782]	Time 0.964 (0.859)	Loss 2.9327 (3.0714)	Acc@1 59.375 (56.370)	Acc@5 82.031 (81.301)
2023-03-16 06:00:15,701 - INFO - Test: [400/782]	Time 0.853 (0.862)	Loss 2.9308 (3.0436)	Acc@1 58.594 (56.983)	Acc@5 82.812 (81.819)
2023-03-16 06:03:09,470 - INFO - Test: [600/782]	Time 0.852 (0.864)	Loss 3.0491 (3.0147)	Acc@1 57.812 (57.698)	Acc@5 80.469 (82.342)
2023-03-16 06:05:43,993 - INFO -  * Acc@1 58.234 Acc@5 82.934
2023-03-16 06:05:43,993 - INFO - Max accuracy: 58.2340%
2023-03-16 06:05:45,016 - INFO - ./outputs/inat21_mini/sk2_dynamic_mlp/fold1_best.pth saved !!!
2023-03-16 06:05:45,017 - INFO - Exp path: ./outputs/inat21_mini/sk2_dynamic_mlp
2023-03-16 06:05:45,972 - INFO - Train: [4/90][0/3907]	eta 1:00:44 lr 0.03989044	time 0.9327 (0.9327)	loss 2.9226 (2.9226)	acc@1: 56.2022	acc@5: 85.8640	
2023-03-16 06:10:17,954 - INFO - Train: [4/90][300/3907]	eta 0:54:30 lr 0.03989044	time 0.8824 (0.9067)	loss 3.3313 (4.2802)	acc@1: 61.2896	acc@5: 79.2180	
2023-03-16 06:14:52,909 - INFO - Train: [4/90][600/3907]	eta 0:50:14 lr 0.03989044	time 1.0075 (0.9116)	loss 6.2302 (4.3763)	acc@1: 21.5665	acc@5: 33.7153	
2023-03-16 06:19:32,165 - INFO - Train: [4/90][900/3907]	eta 0:46:00 lr 0.03989044	time 0.8841 (0.9180)	loss 5.9887 (4.3607)	acc@1: 18.1465	acc@5: 37.5086	
2023-03-16 06:24:06,482 - INFO - Train: [4/90][1200/3907]	eta 0:41:22 lr 0.03989044	time 0.8724 (0.9171)	loss 4.4856 (4.3523)	acc@1: 41.9247	acc@5: 63.9180	
2023-03-16 06:28:39,943 - INFO - Train: [4/90][1500/3907]	eta 0:36:44 lr 0.03989044	time 0.8953 (0.9160)	loss 5.7904 (4.3272)	acc@1: 21.6945	acc@5: 39.2825	
2023-03-16 06:33:11,753 - INFO - Train: [4/90][1800/3907]	eta 0:32:06 lr 0.03989044	time 0.9011 (0.9143)	loss 3.3565 (4.3448)	acc@1: 50.6851	acc@5: 75.6377	
2023-03-16 06:37:44,303 - INFO - Train: [4/90][2100/3907]	eta 0:27:30 lr 0.03989044	time 0.9006 (0.9135)	loss 4.6551 (4.3374)	acc@1: 43.2218	acc@5: 64.4421	
2023-03-16 06:42:17,321 - INFO - Train: [4/90][2400/3907]	eta 0:22:55 lr 0.03989044	time 1.0134 (0.9131)	loss 4.5387 (4.3396)	acc@1: 41.7535	acc@5: 62.0646	
2023-03-16 06:46:49,819 - INFO - Train: [4/90][2700/3907]	eta 0:18:21 lr 0.03989044	time 0.8824 (0.9125)	loss 3.2283 (4.3429)	acc@1: 55.9912	acc@5: 79.7826	
