2023-03-15 13:33:43,246 - INFO - --batch_size 128
2023-03-15 13:33:43,246 - INFO - --data inat21_mini
2023-03-15 13:33:43,246 - INFO - --data_dir ./datasets/iNat2021
2023-03-15 13:33:43,246 - INFO - --evaluate False
2023-03-15 13:33:43,246 - INFO - --fold 1
2023-03-15 13:33:43,246 - INFO - --image_only True
2023-03-15 13:33:43,246 - INFO - --metadata geo_temporal
2023-03-15 13:33:43,246 - INFO - --mlp_cin 6
2023-03-15 13:33:43,246 - INFO - --mlp_d 256
2023-03-15 13:33:43,246 - INFO - --mlp_h 64
2023-03-15 13:33:43,246 - INFO - --mlp_n 2
2023-03-15 13:33:43,246 - INFO - --mlp_type c
2023-03-15 13:33:43,246 - INFO - --model_file sk2res2net
2023-03-15 13:33:43,246 - INFO - --model_name sk2res2net101
2023-03-15 13:33:43,246 - INFO - --name sk2_image_only
2023-03-15 13:33:43,246 - INFO - --num_classes 10000
2023-03-15 13:33:43,246 - INFO - --num_workers 8
2023-03-15 13:33:43,247 - INFO - --path_log ./outputs/inat21_mini/sk2_image_only
2023-03-15 13:33:43,247 - INFO - --pretrained True
2023-03-15 13:33:43,247 - INFO - --random_seed 37
2023-03-15 13:33:43,247 - INFO - --resume latest
2023-03-15 13:33:43,247 - INFO - --save_dir ./outputs
2023-03-15 13:33:43,247 - INFO - --start_lr 0.04
2023-03-15 13:33:43,247 - INFO - --stop_epoch 90
2023-03-15 13:33:43,247 - INFO - --tencrop False
2023-03-15 13:33:43,247 - INFO - --warmup 2
2023-03-15 13:33:43,247 - INFO - Creating model:sk2res2net -> sk2res2net101
2023-03-15 13:33:44,268 - INFO - Successfully load checkpoints/sk2res2net101_epoch_300.pth !
2023-03-15 13:33:48,441 - INFO - => no checkpoint found at './outputs/inat21_mini/sk2_image_only/fold1_latest.pth'
2023-03-15 13:33:48,442 - INFO - Start training
2023-03-15 13:33:57,264 - INFO - Train: [1/90][0/3907]	eta 9:34:14 lr 0.00000000	time 8.8188 (8.8188)	loss 9.2695 (9.2695)	acc@1: 0.0000	acc@5: 0.0000	
2023-03-15 13:34:35,250 - INFO - Train: [1/90][50/3907]	eta 0:58:59 lr 0.00025595	time 0.7881 (0.9177)	loss 9.2817 (9.2690)	acc@1: 0.0000	acc@5: 0.0000	
2023-03-15 13:35:12,131 - INFO - Train: [1/90][100/3907]	eta 0:52:34 lr 0.00051190	time 0.7689 (0.8286)	loss 9.2501 (9.2634)	acc@1: 0.0000	acc@5: 0.0000	
2023-03-15 13:35:49,003 - INFO - Train: [1/90][150/3907]	eta 0:49:59 lr 0.00076785	time 0.7384 (0.7984)	loss 9.3245 (9.2600)	acc@1: 0.0000	acc@5: 0.0000	
2023-03-15 13:36:25,689 - INFO - Train: [1/90][200/3907]	eta 0:48:20 lr 0.00102380	time 0.8713 (0.7823)	loss 9.2684 (9.2573)	acc@1: 0.0000	acc@5: 0.0000	
2023-03-15 13:37:05,627 - INFO - Train: [1/90][250/3907]	eta 0:47:52 lr 0.00127975	time 0.7936 (0.7856)	loss 9.2633 (9.2570)	acc@1: 0.0000	acc@5: 0.0000	
2023-03-15 13:37:46,887 - INFO - Train: [1/90][300/3907]	eta 0:47:37 lr 0.00153571	time 0.8209 (0.7922)	loss 9.2518 (9.2567)	acc@1: 0.0000	acc@5: 0.0000	
2023-03-15 13:38:26,707 - INFO - Train: [1/90][350/3907]	eta 0:46:59 lr 0.00179166	time 0.8094 (0.7928)	loss 9.2469 (9.2567)	acc@1: 0.0000	acc@5: 0.0000	
2023-03-15 13:39:07,806 - INFO - Train: [1/90][400/3907]	eta 0:46:33 lr 0.00204761	time 0.8046 (0.7964)	loss 9.2749 (9.2564)	acc@1: 0.0000	acc@5: 0.0000	
2023-03-15 13:39:48,200 - INFO - Train: [1/90][450/3907]	eta 0:45:57 lr 0.00230356	time 0.7826 (0.7977)	loss 9.2598 (9.2554)	acc@1: 0.7532	acc@5: 0.7532	
2023-03-15 13:40:28,929 - INFO - Train: [1/90][500/3907]	eta 0:45:23 lr 0.00255951	time 0.7486 (0.7994)	loss 9.2988 (9.2553)	acc@1: 0.0000	acc@5: 0.0000	
2023-03-15 13:41:08,534 - INFO - Train: [1/90][550/3907]	eta 0:44:41 lr 0.00281546	time 0.7606 (0.7987)	loss 9.2777 (9.2552)	acc@1: 0.0000	acc@5: 0.0000	
2023-03-15 13:41:49,270 - INFO - Train: [1/90][600/3907]	eta 0:44:05 lr 0.00307141	time 0.8267 (0.8000)	loss 9.2480 (9.2548)	acc@1: 0.0000	acc@5: 0.0000	
2023-03-15 13:42:29,239 - INFO - Train: [1/90][650/3907]	eta 0:43:25 lr 0.00332736	time 0.7443 (0.8000)	loss 9.2600 (9.2546)	acc@1: 0.0000	acc@5: 0.0000	
2023-03-15 13:43:08,082 - INFO - Train: [1/90][700/3907]	eta 0:42:40 lr 0.00358331	time 0.7473 (0.7983)	loss 9.2396 (9.2540)	acc@1: 0.0000	acc@5: 0.0000	
2023-03-15 13:43:47,087 - INFO - Train: [1/90][750/3907]	eta 0:41:56 lr 0.00383926	time 0.7660 (0.7971)	loss 9.2682 (9.2541)	acc@1: 0.0000	acc@5: 0.0000	
2023-03-15 13:44:25,942 - INFO - Train: [1/90][800/3907]	eta 0:41:12 lr 0.00409521	time 0.7489 (0.7959)	loss 9.2371 (9.2537)	acc@1: 0.0000	acc@5: 0.0000	
2023-03-15 13:45:04,480 - INFO - Train: [1/90][850/3907]	eta 0:40:28 lr 0.00435116	time 0.9212 (0.7944)	loss 9.2521 (9.2536)	acc@1: 0.0000	acc@5: 0.0000	
2023-03-15 13:45:43,045 - INFO - Train: [1/90][900/3907]	eta 0:39:44 lr 0.00460712	time 0.7707 (0.7931)	loss 9.3025 (9.2533)	acc@1: 0.0000	acc@5: 0.0000	
2023-03-15 13:46:21,835 - INFO - Train: [1/90][950/3907]	eta 0:39:02 lr 0.00486307	time 0.7516 (0.7922)	loss 9.2415 (9.2534)	acc@1: 0.0000	acc@5: 0.0000	
2023-03-15 13:47:00,878 - INFO - Train: [1/90][1000/3907]	eta 0:38:21 lr 0.00511902	time 0.7543 (0.7916)	loss 9.2503 (9.2532)	acc@1: 0.0000	acc@5: 0.0000	
2023-03-15 13:47:40,193 - INFO - Train: [1/90][1050/3907]	eta 0:37:40 lr 0.00537497	time 0.7338 (0.7914)	loss 9.2190 (9.2533)	acc@1: 0.0000	acc@5: 0.0000	
2023-03-15 13:48:18,688 - INFO - Train: [1/90][1100/3907]	eta 0:36:58 lr 0.00563092	time 0.7890 (0.7904)	loss 9.2700 (9.2531)	acc@1: 0.0000	acc@5: 0.0000	
2023-03-15 13:48:57,794 - INFO - Train: [1/90][1150/3907]	eta 0:36:18 lr 0.00588687	time 0.7312 (0.7900)	loss 9.2537 (9.2530)	acc@1: 0.0000	acc@5: 0.0000	
2023-03-15 13:49:37,082 - INFO - Train: [1/90][1200/3907]	eta 0:35:38 lr 0.00614282	time 0.7681 (0.7899)	loss 9.2386 (9.2530)	acc@1: 0.0000	acc@5: 0.0000	
2023-03-15 13:50:15,942 - INFO - Train: [1/90][1250/3907]	eta 0:34:57 lr 0.00639877	time 0.7512 (0.7894)	loss 9.2496 (9.2529)	acc@1: 0.0000	acc@5: 0.0000	
2023-03-15 13:50:54,747 - INFO - Train: [1/90][1300/3907]	eta 0:34:16 lr 0.00665472	time 0.8067 (0.7889)	loss 9.2626 (9.2528)	acc@1: 0.0000	acc@5: 0.0000	
2023-03-15 13:51:34,888 - INFO - Train: [1/90][1350/3907]	eta 0:33:38 lr 0.00691067	time 0.8239 (0.7894)	loss 9.2091 (9.2527)	acc@1: 0.0000	acc@5: 0.0000	
2023-03-15 13:52:14,291 - INFO - Train: [1/90][1400/3907]	eta 0:32:58 lr 0.00716662	time 0.8109 (0.7893)	loss 9.2630 (9.2527)	acc@1: 0.0000	acc@5: 0.0000	
2023-03-15 13:52:54,590 - INFO - Train: [1/90][1450/3907]	eta 0:32:20 lr 0.00742257	time 0.8166 (0.7899)	loss 9.2284 (9.2527)	acc@1: 0.0000	acc@5: 0.0000	
2023-03-15 13:53:35,222 - INFO - Train: [1/90][1500/3907]	eta 0:31:43 lr 0.00767853	time 0.9502 (0.7907)	loss 9.2348 (9.2528)	acc@1: 0.0000	acc@5: 0.7409	
2023-03-15 13:54:15,076 - INFO - Train: [1/90][1550/3907]	eta 0:31:04 lr 0.00793448	time 0.8226 (0.7909)	loss 9.2843 (9.2528)	acc@1: 0.0000	acc@5: 0.0000	
2023-03-15 13:54:55,460 - INFO - Train: [1/90][1600/3907]	eta 0:30:25 lr 0.00819043	time 0.7836 (0.7914)	loss 9.2793 (9.2528)	acc@1: 0.0000	acc@5: 0.0000	
2023-03-15 13:55:35,910 - INFO - Train: [1/90][1650/3907]	eta 0:29:47 lr 0.00844638	time 0.8199 (0.7919)	loss 9.2512 (9.2528)	acc@1: 0.0000	acc@5: 0.0000	
2023-03-15 13:56:16,651 - INFO - Train: [1/90][1700/3907]	eta 0:29:09 lr 0.00870233	time 0.8063 (0.7926)	loss 9.2662 (9.2527)	acc@1: 0.0000	acc@5: 0.0000	
2023-03-15 13:56:57,220 - INFO - Train: [1/90][1750/3907]	eta 0:28:30 lr 0.00895828	time 0.7514 (0.7931)	loss 9.2494 (9.2527)	acc@1: 0.0000	acc@5: 0.0000	
2023-03-15 13:57:36,744 - INFO - Train: [1/90][1800/3907]	eta 0:27:50 lr 0.00921423	time 0.7931 (0.7931)	loss 9.2674 (9.2528)	acc@1: 0.0000	acc@5: 0.0000	
2023-03-15 13:58:16,758 - INFO - Train: [1/90][1850/3907]	eta 0:27:11 lr 0.00947018	time 0.8076 (0.7932)	loss 9.2176 (9.2528)	acc@1: 0.0000	acc@5: 0.0000	
2023-03-15 13:58:57,117 - INFO - Train: [1/90][1900/3907]	eta 0:26:32 lr 0.00972613	time 0.7459 (0.7936)	loss 9.2266 (9.2528)	acc@1: 0.0000	acc@5: 0.0000	
2023-03-15 13:59:37,878 - INFO - Train: [1/90][1950/3907]	eta 0:25:54 lr 0.00998208	time 0.8004 (0.7942)	loss 9.2302 (9.2527)	acc@1: 0.0000	acc@5: 0.0000	
2023-03-15 14:00:18,540 - INFO - Train: [1/90][2000/3907]	eta 0:25:15 lr 0.01023803	time 0.8035 (0.7946)	loss 9.2687 (9.2527)	acc@1: 0.0000	acc@5: 0.0000	
2023-03-15 14:00:59,212 - INFO - Train: [1/90][2050/3907]	eta 0:24:36 lr 0.01049399	time 0.8203 (0.7951)	loss 9.2607 (9.2527)	acc@1: 0.0000	acc@5: 0.0000	
2023-03-15 14:01:39,565 - INFO - Train: [1/90][2100/3907]	eta 0:23:57 lr 0.01074994	time 0.7442 (0.7954)	loss 9.2663 (9.2527)	acc@1: 0.0000	acc@5: 0.0000	
2023-03-15 14:02:19,973 - INFO - Train: [1/90][2150/3907]	eta 0:23:18 lr 0.01100589	time 0.9672 (0.7957)	loss 9.2100 (9.2528)	acc@1: 0.0000	acc@5: 0.0000	
2023-03-15 14:03:00,088 - INFO - Train: [1/90][2200/3907]	eta 0:22:38 lr 0.01126184	time 0.8010 (0.7958)	loss 9.2452 (9.2530)	acc@1: 0.0000	acc@5: 0.0000	
2023-03-15 14:03:40,341 - INFO - Train: [1/90][2250/3907]	eta 0:21:59 lr 0.01151779	time 0.8103 (0.7960)	loss 9.2441 (9.2532)	acc@1: 0.6558	acc@5: 0.6558	
2023-03-15 14:04:20,982 - INFO - Train: [1/90][2300/3907]	eta 0:21:19 lr 0.01177374	time 0.7922 (0.7964)	loss 9.2664 (9.2532)	acc@1: 0.0000	acc@5: 0.0000	
2023-03-15 14:05:01,197 - INFO - Train: [1/90][2350/3907]	eta 0:20:40 lr 0.01202969	time 0.7627 (0.7966)	loss 9.2260 (9.2531)	acc@1: 0.0000	acc@5: 0.0000	
2023-03-15 14:05:42,159 - INFO - Train: [1/90][2400/3907]	eta 0:20:01 lr 0.01228564	time 0.7980 (0.7970)	loss 9.2714 (9.2531)	acc@1: 0.0000	acc@5: 0.0000	
2023-03-15 14:06:22,468 - INFO - Train: [1/90][2450/3907]	eta 0:19:21 lr 0.01254159	time 0.8215 (0.7972)	loss 9.2422 (9.2532)	acc@1: 0.0000	acc@5: 0.0000	
2023-03-15 14:07:02,041 - INFO - Train: [1/90][2500/3907]	eta 0:18:41 lr 0.01279754	time 0.7426 (0.7971)	loss 9.2702 (9.2532)	acc@1: 0.0000	acc@5: 0.0000	
2023-03-15 14:07:42,776 - INFO - Train: [1/90][2550/3907]	eta 0:18:02 lr 0.01305349	time 0.8644 (0.7975)	loss 9.2790 (9.2532)	acc@1: 0.0000	acc@5: 0.0000	
2023-03-15 14:08:23,660 - INFO - Train: [1/90][2600/3907]	eta 0:17:22 lr 0.01330944	time 0.7722 (0.7978)	loss 9.2737 (9.2532)	acc@1: 0.0000	acc@5: 0.0000	
2023-03-15 14:09:04,300 - INFO - Train: [1/90][2650/3907]	eta 0:16:43 lr 0.01356540	time 0.7842 (0.7981)	loss 9.2196 (9.2531)	acc@1: 0.0000	acc@5: 0.1922	
2023-03-15 14:09:45,040 - INFO - Train: [1/90][2700/3907]	eta 0:16:03 lr 0.01382135	time 0.7870 (0.7984)	loss 9.2413 (9.2529)	acc@1: 0.0000	acc@5: 0.0000	
2023-03-15 14:10:26,095 - INFO - Train: [1/90][2750/3907]	eta 0:15:24 lr 0.01407730	time 0.8072 (0.7989)	loss 9.2781 (9.2530)	acc@1: 0.0000	acc@5: 0.0000	
2023-03-15 14:11:07,009 - INFO - Train: [1/90][2800/3907]	eta 0:14:44 lr 0.01433325	time 0.9577 (0.7992)	loss 9.2481 (9.2529)	acc@1: 0.0000	acc@5: 0.0000	
2023-03-15 14:11:47,521 - INFO - Train: [1/90][2850/3907]	eta 0:14:04 lr 0.01458920	time 0.8123 (0.7994)	loss 9.2575 (9.2529)	acc@1: 0.0000	acc@5: 0.7320	
2023-03-15 14:12:27,840 - INFO - Train: [1/90][2900/3907]	eta 0:13:25 lr 0.01484515	time 0.7581 (0.7995)	loss 9.2862 (9.2529)	acc@1: 0.0000	acc@5: 0.0000	
2023-03-15 14:13:08,294 - INFO - Train: [1/90][2950/3907]	eta 0:12:45 lr 0.01510110	time 0.7818 (0.7997)	loss 9.2325 (9.2529)	acc@1: 0.0000	acc@5: 0.3328	
2023-03-15 14:13:48,517 - INFO - Train: [1/90][3000/3907]	eta 0:12:05 lr 0.01535705	time 0.7771 (0.7998)	loss 9.2335 (9.2529)	acc@1: 0.0000	acc@5: 0.0000	
2023-03-15 14:14:28,942 - INFO - Train: [1/90][3050/3907]	eta 0:11:25 lr 0.01561300	time 0.8059 (0.7999)	loss 9.2380 (9.2529)	acc@1: 0.0000	acc@5: 0.0000	
2023-03-15 14:15:09,613 - INFO - Train: [1/90][3100/3907]	eta 0:10:45 lr 0.01586895	time 0.7860 (0.8001)	loss 9.2435 (9.2529)	acc@1: 0.0000	acc@5: 0.0000	
2023-03-15 14:15:49,778 - INFO - Train: [1/90][3150/3907]	eta 0:10:05 lr 0.01612490	time 0.8162 (0.8002)	loss 9.2566 (9.2529)	acc@1: 0.0000	acc@5: 0.0000	
2023-03-15 14:16:30,463 - INFO - Train: [1/90][3200/3907]	eta 0:09:25 lr 0.01638085	time 0.7872 (0.8004)	loss 9.2546 (9.2529)	acc@1: 0.0000	acc@5: 0.0000	
2023-03-15 14:17:10,715 - INFO - Train: [1/90][3250/3907]	eta 0:08:45 lr 0.01663681	time 0.7955 (0.8004)	loss 9.2368 (9.2530)	acc@1: 0.0000	acc@5: 0.0000	
2023-03-15 14:17:51,337 - INFO - Train: [1/90][3300/3907]	eta 0:08:05 lr 0.01689276	time 0.8107 (0.8006)	loss 9.2411 (9.2530)	acc@1: 0.0000	acc@5: 0.0000	
2023-03-15 14:18:31,806 - INFO - Train: [1/90][3350/3907]	eta 0:07:26 lr 0.01714871	time 0.8404 (0.8008)	loss 9.2600 (9.2530)	acc@1: 0.0000	acc@5: 0.0000	
2023-03-15 14:19:12,497 - INFO - Train: [1/90][3400/3907]	eta 0:06:46 lr 0.01740466	time 0.7825 (0.8010)	loss 9.2332 (9.2530)	acc@1: 0.0000	acc@5: 0.0000	
2023-03-15 14:19:52,979 - INFO - Train: [1/90][3450/3907]	eta 0:06:06 lr 0.01766061	time 0.9385 (0.8011)	loss 9.2892 (9.2530)	acc@1: 0.0000	acc@5: 0.0000	
2023-03-15 14:20:33,535 - INFO - Train: [1/90][3500/3907]	eta 0:05:26 lr 0.01791656	time 0.8121 (0.8012)	loss 9.2407 (9.2530)	acc@1: 0.0000	acc@5: 0.0000	
2023-03-15 14:21:14,248 - INFO - Train: [1/90][3550/3907]	eta 0:04:46 lr 0.01817251	time 0.8290 (0.8014)	loss 9.2652 (9.2530)	acc@1: 0.0000	acc@5: 0.0000	
2023-03-15 14:21:54,270 - INFO - Train: [1/90][3600/3907]	eta 0:04:06 lr 0.01842846	time 0.8182 (0.8014)	loss 9.2055 (9.2530)	acc@1: 0.0000	acc@5: 0.2390	
2023-03-15 14:22:34,705 - INFO - Train: [1/90][3650/3907]	eta 0:03:25 lr 0.01868441	time 0.8082 (0.8015)	loss 9.2276 (9.2530)	acc@1: 0.0000	acc@5: 0.0081	
2023-03-15 14:23:15,012 - INFO - Train: [1/90][3700/3907]	eta 0:02:45 lr 0.01894036	time 0.8028 (0.8016)	loss 9.2662 (9.2530)	acc@1: 0.0000	acc@5: 0.0000	
2023-03-15 14:23:55,688 - INFO - Train: [1/90][3750/3907]	eta 0:02:05 lr 0.01919631	time 0.8199 (0.8017)	loss 9.2400 (9.2530)	acc@1: 0.0000	acc@5: 0.0000	
2023-03-15 14:24:35,438 - INFO - Train: [1/90][3800/3907]	eta 0:01:25 lr 0.01945227	time 0.8106 (0.8016)	loss 9.2710 (9.2529)	acc@1: 0.0000	acc@5: 0.0000	
2023-03-15 14:25:16,278 - INFO - Train: [1/90][3850/3907]	eta 0:00:45 lr 0.01970822	time 0.8145 (0.8018)	loss 9.2853 (9.2529)	acc@1: 0.0000	acc@5: 0.0000	
2023-03-15 14:25:55,444 - INFO - Train: [1/90][3900/3907]	eta 0:00:05 lr 0.01996417	time 0.7652 (0.8016)	loss 9.2272 (9.2528)	acc@1: 0.0000	acc@5: 0.0000	
2023-03-15 14:26:01,245 - INFO - EPOCH 1 training takes 0:52:12
2023-03-15 14:26:02,054 - INFO - ./outputs/inat21_mini/sk2_image_only/fold1_latest.pth saved !!!
2023-03-15 14:26:02,055 - INFO - **********latest test***********
2023-03-15 14:26:02,055 - INFO - eval epoch 1
