# 2080Ti
2023-03-15 08:59:29,347 - INFO - --batch_size 128
2023-03-15 08:59:29,348 - INFO - --data inat21_mini
2023-03-15 08:59:29,348 - INFO - --data_dir ./datasets/iNat2021
2023-03-15 08:59:29,348 - INFO - --evaluate False
2023-03-15 08:59:29,348 - INFO - --fold 1
2023-03-15 08:59:29,348 - INFO - --image_only True
2023-03-15 08:59:29,348 - INFO - --metadata geo_temporal
2023-03-15 08:59:29,348 - INFO - --mlp_cin 6
2023-03-15 08:59:29,348 - INFO - --mlp_d 256
2023-03-15 08:59:29,348 - INFO - --mlp_h 64
2023-03-15 08:59:29,348 - INFO - --mlp_n 2
2023-03-15 08:59:29,348 - INFO - --mlp_type c
2023-03-15 08:59:29,348 - INFO - --model_file resnet
2023-03-15 08:59:29,348 - INFO - --model_name resnet50
2023-03-15 08:59:29,348 - INFO - --name res50_image_only
2023-03-15 08:59:29,348 - INFO - --num_classes 10000
2023-03-15 08:59:29,348 - INFO - --num_workers 8
2023-03-15 08:59:29,348 - INFO - --path_log ./outputs/inat21_mini/res50_image_only
2023-03-15 08:59:29,348 - INFO - --pretrained True
2023-03-15 08:59:29,348 - INFO - --random_seed 37
2023-03-15 08:59:29,348 - INFO - --resume Latest
2023-03-15 08:59:29,349 - INFO - --save_dir ./outputs
2023-03-15 08:59:29,349 - INFO - --start_lr 0.04
2023-03-15 08:59:29,349 - INFO - --stop_epoch 90
2023-03-15 08:59:29,349 - INFO - --tencrop False
2023-03-15 08:59:29,349 - INFO - --warmup 2
2023-03-15 08:59:29,349 - INFO - Creating model:resnet -> resnet50
2023-03-15 08:59:33,811 - INFO - => loading checkpoint './outputs/inat21_mini/res50_image_only/fold1_latest.pth'
2023-03-15 08:59:34,083 - INFO - => loaded checkpoint './outputs/inat21_mini/res50_image_only/fold1_latest.pth' (epoch 4)
2023-03-15 08:59:34,083 - INFO - Start training
2023-03-15 08:59:39,034 - INFO - Train: [5/90][0/3907]	eta 5:22:10 lr 0.03980536	time 4.9478 (4.9478)	loss 5.5535 (5.5535)	acc@1: 17.6821	acc@5: 46.3400	
2023-03-15 09:05:57,005 - INFO - Train: [5/90][300/3907]	eta 1:16:28 lr 0.03980536	time 0.8184 (1.2721)	loss 7.0504 (5.8144)	acc@1: 12.2339	acc@5: 25.7920	
2023-03-15 09:10:48,417 - INFO - Train: [5/90][600/3907]	eta 1:01:50 lr 0.03980536	time 1.4188 (1.1220)	loss 5.2511 (5.7792)	acc@1: 26.6857	acc@5: 46.1590	
2023-03-15 09:31:11,733 - INFO - Train: [5/90][900/3907]	eta 1:45:33 lr 0.03980536	time 1.2843 (2.1062)	loss 5.8067 (5.7429)	acc@1: 24.7791	acc@5: 46.5273	
2023-03-15 09:38:25,466 - INFO - Train: [5/90][1200/3907]	eta 1:27:34 lr 0.03980536	time 2.0929 (1.9412)	loss 5.1178 (5.7008)	acc@1: 23.6275	acc@5: 53.6988	
2023-03-15 09:48:08,582 - INFO - Train: [5/90][1500/3907]	eta 1:17:53 lr 0.03980536	time 1.7458 (1.9417)	loss 5.0589 (5.6976)	acc@1: 20.0044	acc@5: 48.8996	
2023-03-15 10:12:21,421 - INFO - Train: [5/90][1800/3907]	eta 1:25:09 lr 0.03980536	time 5.4423 (2.4249)	loss 4.6381 (5.6942)	acc@1: 36.1524	acc@5: 55.7032	
2023-03-15 10:50:44,387 - INFO - Train: [5/90][2100/3907]	eta 1:35:36 lr 0.03980536	time 6.7823 (3.1748)	loss 7.2743 (5.6807)	acc@1: 8.3670	acc@5: 21.5383	
2023-03-15 11:19:39,917 - INFO - Train: [5/90][2400/3907]	eta 1:27:55 lr 0.03980536	time 5.6526 (3.5010)	loss 5.9316 (5.6749)	acc@1: 22.1618	acc@5: 39.4061	
2023-03-15 11:48:04,760 - INFO - Train: [5/90][2700/3907]	eta 1:15:18 lr 0.03980536	time 5.7871 (3.7433)	loss 5.1429 (5.6774)	acc@1: 29.2647	acc@5: 47.6048	
2023-03-15 12:07:01,785 - INFO - Train: [5/90][3000/3907]	eta 0:56:39 lr 0.03980536	time 2.3777 (3.7480)	loss 5.4872 (5.6707)	acc@1: 22.6498	acc@5: 46.6722	
2023-03-15 12:18:31,700 - INFO - Train: [5/90][3300/3907]	eta 0:36:35 lr 0.03980536	time 2.1629 (3.6164)	loss 4.4627 (5.6667)	acc@1: 29.6784	acc@5: 56.2327	
2023-03-15 12:30:01,320 - INFO - Train: [5/90][3600/3907]	eta 0:17:56 lr 0.03980536	time 2.2512 (3.5066)	loss 6.8570 (5.6625)	acc@1: 13.4910	acc@5: 25.6585	
2023-03-15 12:41:30,211 - INFO - Train: [5/90][3900/3907]	eta 0:00:23 lr 0.03980536	time 2.4166 (3.4135)	loss 6.6964 (5.6567)	acc@1: 17.2913	acc@5: 28.1839	
2023-03-15 12:41:43,271 - INFO - EPOCH 5 training takes 3:42:09
2023-03-15 12:41:46,669 - INFO - ./outputs/inat21_mini/res50_image_only/fold1_latest.pth saved !!!
2023-03-15 12:41:46,669 - INFO - **********Latest test***********
2023-03-15 12:41:46,669 - INFO - eval epoch 5
