# 2080Ti
2023-03-14 14:42:45,718 - INFO - --batch_size 128
2023-03-14 14:42:45,718 - INFO - --data inat21_mini
2023-03-14 14:42:45,718 - INFO - --data_dir ./datasets/iNat2021
2023-03-14 14:42:45,718 - INFO - --evaluate False
2023-03-14 14:42:45,718 - INFO - --fold 1
2023-03-14 14:42:45,718 - INFO - --image_only True
2023-03-14 14:42:45,718 - INFO - --metadata geo_temporal
2023-03-14 14:42:45,718 - INFO - --mlp_cin 6
2023-03-14 14:42:45,718 - INFO - --mlp_d 256
2023-03-14 14:42:45,718 - INFO - --mlp_h 64
2023-03-14 14:42:45,718 - INFO - --mlp_n 2
2023-03-14 14:42:45,718 - INFO - --mlp_type c
2023-03-14 14:42:45,718 - INFO - --model_file resnet
2023-03-14 14:42:45,718 - INFO - --model_name resnet50
2023-03-14 14:42:45,718 - INFO - --name res50_image_only
2023-03-14 14:42:45,718 - INFO - --num_classes 10000
2023-03-14 14:42:45,718 - INFO - --num_workers 8
2023-03-14 14:42:45,718 - INFO - --path_log ./outputs/inat21_mini/res50_image_only
2023-03-14 14:42:45,719 - INFO - --pretrained True
2023-03-14 14:42:45,719 - INFO - --random_seed 37
2023-03-14 14:42:45,719 - INFO - --resume latest
2023-03-14 14:42:45,719 - INFO - --save_dir ./outputs
2023-03-14 14:42:45,719 - INFO - --start_lr 0.04
2023-03-14 14:42:45,719 - INFO - --stop_epoch 90
2023-03-14 14:42:45,719 - INFO - --tencrop False
2023-03-14 14:42:45,719 - INFO - --warmup 2
2023-03-14 14:42:45,719 - INFO - Creating model:resnet -> resnet50
2023-03-14 14:42:48,478 - INFO - => loading checkpoint './outputs/inat21_mini/res50_image_only/fold1_latest.pth'
2023-03-14 14:42:48,703 - INFO - => loaded checkpoint './outputs/inat21_mini/res50_image_only/fold1_latest.pth' (epoch 3)
2023-03-14 14:42:48,703 - INFO - Start training
2023-03-14 14:42:51,575 - INFO - Train: [4/90][0/3907]	eta 3:06:49 lr 0.03989044	time 2.8692 (2.8692)	loss 5.8048 (5.8048)	acc@1: 16.9008	acc@5: 36.7874	
2023-03-14 14:50:41,076 - INFO - Train: [4/90][300/3907]	eta 1:34:20 lr 0.03989044	time 1.7631 (1.5693)	loss 7.3035 (6.2003)	acc@1: 11.7241	acc@5: 21.9855	
2023-03-14 15:00:07,414 - INFO - Train: [4/90][600/3907]	eta 1:35:15 lr 0.03989044	time 1.8568 (1.7283)	loss 5.7006 (6.1777)	acc@1: 21.6370	acc@5: 38.2254	
2023-03-14 15:09:41,448 - INFO - Train: [4/90][900/3907]	eta 1:29:42 lr 0.03989044	time 1.9894 (1.7899)	loss 6.2421 (6.1512)	acc@1: 16.5194	acc@5: 34.9449	
2023-03-14 15:19:37,010 - INFO - Train: [4/90][1200/3907]	eta 1:22:57 lr 0.03989044	time 1.9697 (1.8387)	loss 5.6093 (6.1158)	acc@1: 16.4676	acc@5: 37.9471	
2023-03-14 15:29:59,031 - INFO - Train: [4/90][1500/3907]	eta 1:15:38 lr 0.03989044	time 1.8643 (1.8856)	loss 5.5659 (6.1115)	acc@1: 16.2999	acc@5: 35.5633	
2023-03-14 15:40:41,138 - INFO - Train: [4/90][1800/3907]	eta 1:07:42 lr 0.03989044	time 1.9402 (1.9281)	loss 5.0549 (6.1051)	acc@1: 27.1290	acc@5: 45.9278	
2023-03-14 15:51:59,476 - INFO - Train: [4/90][2100/3907]	eta 0:59:29 lr 0.03989044	time 2.1724 (1.9756)	loss 7.5289 (6.0901)	acc@1: 7.9294	acc@5: 17.2494	
2023-03-14 16:03:53,395 - INFO - Train: [4/90][2400/3907]	eta 0:50:53 lr 0.03989044	time 2.3099 (2.0261)	loss 6.2599 (6.0814)	acc@1: 13.9303	acc@5: 34.8257	
2023-03-14 16:15:55,098 - INFO - Train: [4/90][2700/3907]	eta 0:41:36 lr 0.03989044	time 2.3675 (2.0683)	loss 5.5694 (6.0800)	acc@1: 21.2169	acc@5: 34.4357	
2023-03-14 16:27:56,219 - INFO - Train: [4/90][3000/3907]	eta 0:31:46 lr 0.03989044	time 2.4327 (2.1018)	loss 5.7982 (6.0700)	acc@1: 16.4726	acc@5: 40.4950	
2023-03-14 16:39:57,376 - INFO - Train: [4/90][3300/3907]	eta 0:21:32 lr 0.03989044	time 2.1604 (2.1293)	loss 4.9234 (6.0625)	acc@1: 24.2113	acc@5: 47.6416	
2023-03-14 16:51:52,085 - INFO - Train: [4/90][3600/3907]	eta 0:11:00 lr 0.03989044	time 2.1627 (2.1503)	loss 7.0667 (6.0547)	acc@1: 8.9143	acc@5: 24.5741	
2023-03-14 17:03:46,727 - INFO - Train: [4/90][3900/3907]	eta 0:00:15 lr 0.03989044	time 2.3617 (2.1682)	loss 6.9073 (6.0449)	acc@1: 15.8256	acc@5: 27.6221	
2023-03-14 17:04:01,516 - INFO - EPOCH 4 training takes 2:21:12
2023-03-14 17:04:04,742 - INFO - ./outputs/inat21_mini/res50_image_only/fold1_latest.pth saved !!!
2023-03-14 17:04:04,743 - INFO - **********latest test***********
2023-03-14 17:04:04,743 - INFO - eval epoch 4
