# 2080Ti
2023-03-15 13:16:06,395 - INFO - --batch_size 128
2023-03-15 13:16:06,395 - INFO - --data inat21_mini
2023-03-15 13:16:06,395 - INFO - --data_dir ./datasets/iNat2021
2023-03-15 13:16:06,396 - INFO - --evaluate False
2023-03-15 13:16:06,396 - INFO - --fold 1
2023-03-15 13:16:06,396 - INFO - --image_only True
2023-03-15 13:16:06,396 - INFO - --metadata geo_temporal
2023-03-15 13:16:06,396 - INFO - --mlp_cin 6
2023-03-15 13:16:06,396 - INFO - --mlp_d 256
2023-03-15 13:16:06,396 - INFO - --mlp_h 64
2023-03-15 13:16:06,396 - INFO - --mlp_n 2
2023-03-15 13:16:06,396 - INFO - --mlp_type c
2023-03-15 13:16:06,396 - INFO - --model_file resnet
2023-03-15 13:16:06,396 - INFO - --model_name resnet50
2023-03-15 13:16:06,396 - INFO - --name res50_image_only
2023-03-15 13:16:06,396 - INFO - --num_classes 10000
2023-03-15 13:16:06,396 - INFO - --num_workers 8
2023-03-15 13:16:06,396 - INFO - --path_log ./outputs/inat21_mini/res50_image_only
2023-03-15 13:16:06,396 - INFO - --pretrained True
2023-03-15 13:16:06,396 - INFO - --random_seed 37
2023-03-15 13:16:06,396 - INFO - --resume latest
2023-03-15 13:16:06,396 - INFO - --save_dir ./outputs
2023-03-15 13:16:06,396 - INFO - --start_lr 0.04
2023-03-15 13:16:06,396 - INFO - --stop_epoch 90
2023-03-15 13:16:06,396 - INFO - --tencrop False
2023-03-15 13:16:06,396 - INFO - --warmup 2
2023-03-15 13:16:06,396 - INFO - Creating model:resnet -> resnet50
2023-03-15 13:16:09,160 - INFO - => loading checkpoint './outputs/inat21_mini/res50_image_only/fold1_latest.pth'
2023-03-15 13:16:09,391 - INFO - => loaded checkpoint './outputs/inat21_mini/res50_image_only/fold1_latest.pth' (epoch 5)
2023-03-15 13:16:09,391 - INFO - eval epoch 5
2023-03-15 13:16:10,925 - INFO - Test: [0/782]	Time 1.534 (1.534)	Loss 4.4601 (4.4601)	Acc@1 28.125 (28.125)	Acc@5 56.250 (56.250)
2023-03-15 13:18:48,827 - INFO - Test: [200/782]	Time 0.764 (0.793)	Loss 4.8290 (4.9564)	Acc@1 26.562 (23.519)	Acc@5 50.781 (47.030)
2023-03-15 13:21:26,608 - INFO - Test: [400/782]	Time 0.781 (0.791)	Loss 4.8557 (4.9229)	Acc@1 22.656 (24.024)	Acc@5 50.000 (47.892)
2023-03-15 13:27:24,522 - INFO - Test: [600/782]	Time 2.325 (1.123)	Loss 4.8026 (4.8979)	Acc@1 24.219 (24.540)	Acc@5 44.531 (48.457)
2023-03-15 13:34:24,578 - INFO -  * Acc@1 24.796 Acc@5 48.696
2023-03-15 13:34:24,579 - INFO - Max accuracy: 24.7960%
2023-03-15 13:34:24,579 - INFO - Start training
2023-03-15 13:34:28,533 - INFO - Train: [6/90][0/3907]	eta 4:17:18 lr 0.03969616	time 3.9516 (3.9516)	loss 5.1166 (5.1166)	acc@1: 27.9231	acc@5: 51.4373	
2023-03-15 13:43:29,028 - INFO - Train: [6/90][300/3907]	eta 1:48:44 lr 0.03969616	time 1.8317 (1.8088)	loss 7.2745 (5.9181)	acc@1: 10.1949	acc@5: 20.9328	
2023-03-15 13:52:45,301 - INFO - Train: [6/90][600/3907]	eta 1:40:56 lr 0.03969616	time 1.8118 (1.8315)	loss 5.0464 (5.9029)	acc@1: 28.1281	acc@5: 54.1526	
2023-03-15 14:01:59,657 - INFO - Train: [6/90][900/3907]	eta 1:32:03 lr 0.03969616	time 1.8412 (1.8369)	loss 6.3531 (5.8695)	acc@1: 14.7592	acc@5: 32.5493	
2023-03-15 14:11:22,655 - INFO - Train: [6/90][1200/3907]	eta 1:23:19 lr 0.03969616	time 1.8880 (1.8469)	loss 5.2552 (5.8357)	acc@1: 25.2552	acc@5: 45.3028	
2023-03-15 14:21:01,919 - INFO - Train: [6/90][1500/3907]	eta 1:14:45 lr 0.03969616	time 1.9315 (1.8636)	loss 4.8439 (5.8327)	acc@1: 28.1543	acc@5: 57.0898	
2023-03-15 14:30:59,107 - INFO - Train: [6/90][1800/3907]	eta 1:06:11 lr 0.03969616	time 2.0272 (1.8848)	loss 4.7035 (5.8351)	acc@1: 31.5821	acc@5: 56.3966	
2023-03-15 14:41:22,188 - INFO - Train: [6/90][2100/3907]	eta 0:57:35 lr 0.03969616	time 2.0226 (1.9122)	loss 7.3748 (5.8224)	acc@1: 8.5388	acc@5: 21.1557	
2023-03-15 14:51:55,574 - INFO - Train: [6/90][2400/3907]	eta 0:48:39 lr 0.03969616	time 2.1400 (1.9371)	loss 6.0314 (5.8223)	acc@1: 20.8954	acc@5: 41.3057	
2023-03-15 15:02:31,554 - INFO - Train: [6/90][2700/3907]	eta 0:39:22 lr 0.03969616	time 2.0526 (1.9574)	loss 5.0639 (5.8279)	acc@1: 29.2647	acc@5: 49.0184	
2023-03-15 15:13:13,669 - INFO - Train: [6/90][3000/3907]	eta 0:29:51 lr 0.03969616	time 2.7529 (1.9757)	loss 5.4168 (5.8224)	acc@1: 24.7088	acc@5: 47.4535	
2023-03-15 15:24:01,792 - INFO - Train: [6/90][3300/3907]	eta 0:20:09 lr 0.03969616	time 2.0592 (1.9925)	loss 4.4940 (5.8203)	acc@1: 32.0214	acc@5: 55.4517	
2023-03-15 15:35:03,795 - INFO - Train: [6/90][3600/3907]	eta 0:10:17 lr 0.03969616	time 2.1477 (2.0103)	loss 6.7727 (5.8194)	acc@1: 13.1878	acc@5: 29.1507	
2023-03-15 15:46:29,523 - INFO - Train: [6/90][3900/3907]	eta 0:00:14 lr 0.03969616	time 2.3422 (2.0315)	loss 6.8093 (5.8178)	acc@1: 18.1953	acc@5: 32.1161	
2023-03-15 15:46:42,307 - INFO - EPOCH 6 training takes 2:12:17
2023-03-15 15:46:45,415 - INFO - ./outputs/inat21_mini/res50_image_only/fold1_latest.pth saved !!!
2023-03-15 15:46:45,416 - INFO - **********latest test***********
2023-03-15 15:46:45,416 - INFO - eval epoch 6
2023-03-15 15:46:46,872 - INFO - Test: [0/782]	Time 1.455 (1.455)	Loss 4.1284 (4.1284)	Acc@1 32.031 (32.031)	Acc@5 63.281 (63.281)
2023-03-15 15:49:28,682 - INFO - Test: [200/782]	Time 0.772 (0.812)	Loss 4.4206 (4.5725)	Acc@1 29.688 (30.146)	Acc@5 58.594 (55.014)
2023-03-15 15:52:11,890 - INFO - Test: [400/782]	Time 0.868 (0.814)	Loss 4.3198 (4.5467)	Acc@1 35.938 (30.334)	Acc@5 63.281 (55.597)
2023-03-15 15:57:55,778 - INFO - Test: [600/782]	Time 2.218 (1.115)	Loss 4.7022 (4.5112)	Acc@1 28.125 (30.965)	Acc@5 49.219 (56.240)
2023-03-15 16:04:38,633 - INFO -  * Acc@1 31.334 Acc@5 56.754
2023-03-15 16:04:38,633 - INFO - Max accuracy: 31.3340%
2023-03-15 16:04:41,701 - INFO - ./outputs/inat21_mini/res50_image_only/fold1_best.pth saved !!!
2023-03-15 16:04:41,701 - INFO - Exp path: ./outputs/inat21_mini/res50_image_only
2023-03-15 16:04:43,267 - INFO - Train: [7/90][0/3907]	eta 1:41:16 lr 0.03956295	time 1.5552 (1.5552)	loss 6.0780 (6.0780)	acc@1: 23.7152	acc@5: 40.4507	
2023-03-15 16:12:44,302 - INFO - Train: [7/90][300/3907]	eta 1:36:23 lr 0.03956295	time 1.6434 (1.6033)	loss 7.3075 (5.5471)	acc@1: 7.9986	acc@5: 19.2835	
2023-03-15 16:20:59,654 - INFO - Train: [7/90][600/3907]	eta 1:29:41 lr 0.03956295	time 2.9035 (1.6272)	loss 7.2967 (5.5818)	acc@1: 12.1237	acc@5: 22.7423	
2023-03-15 16:29:25,314 - INFO - Train: [7/90][900/3907]	eta 1:22:31 lr 0.03956295	time 1.6670 (1.6466)	loss 5.4965 (5.5985)	acc@1: 31.3158	acc@5: 53.0452	
2023-03-15 16:38:01,106 - INFO - Train: [7/90][1200/3907]	eta 1:15:06 lr 0.03956295	time 1.6846 (1.6648)	loss 4.5010 (5.5946)	acc@1: 30.8438	acc@5: 57.0610	
2023-03-15 16:46:52,326 - INFO - Train: [7/90][1500/3907]	eta 1:07:38 lr 0.03956295	time 1.7555 (1.6859)	loss 4.9972 (5.6369)	acc@1: 28.9954	acc@5: 48.0591	
2023-03-15 16:55:47,341 - INFO - Train: [7/90][1800/3907]	eta 0:59:46 lr 0.03956295	time 1.6830 (1.7022)	loss 4.4681 (5.6238)	acc@1: 30.3029	acc@5: 59.0518	
2023-03-15 17:04:52,341 - INFO - Train: [7/90][2100/3907]	eta 0:51:45 lr 0.03956295	time 1.7376 (1.7185)	loss 5.3691 (5.6367)	acc@1: 30.2554	acc@5: 52.1896	
2023-03-15 17:14:09,094 - INFO - Train: [7/90][2400/3907]	eta 0:43:35 lr 0.03956295	time 1.8112 (1.7357)	loss 5.2247 (5.6406)	acc@1: 33.3726	acc@5: 49.7038	
2023-03-15 17:23:36,145 - INFO - Train: [7/90][2700/3907]	eta 0:35:15 lr 0.03956295	time 1.7221 (1.7528)	loss 7.2845 (5.6389)	acc@1: 8.7189	acc@5: 22.5806	
2023-03-15 17:42:38,395 - INFO - Train: [7/90][3000/3907]	eta 0:29:36 lr 0.03956295	time 5.2827 (1.9582)	loss 6.0250 (5.6497)	acc@1: 19.6810	acc@5: 36.7380	
2023-03-15 18:02:52,926 - INFO - Train: [7/90][3300/3907]	eta 0:21:43 lr 0.03956295	time 1.8986 (2.1482)	loss 5.8238 (5.6527)	acc@1: 24.3742	acc@5: 42.4058	
2023-03-15 18:13:44,433 - INFO - Train: [7/90][3600/3907]	eta 0:11:00 lr 0.03956295	time 2.0921 (2.1502)	loss 5.5416 (5.6584)	acc@1: 30.1287	acc@5: 48.2060	
2023-03-15 18:24:47,576 - INFO - Train: [7/90][3900/3907]	eta 0:00:15 lr 0.03956295	time 2.1932 (2.1548)	loss 5.6350 (5.6577)	acc@1: 28.1907	acc@5: 44.9039	
2023-03-15 18:24:58,763 - INFO - EPOCH 7 training takes 2:20:17
2023-03-15 18:25:01,742 - INFO - ./outputs/inat21_mini/res50_image_only/fold1_latest.pth saved !!!
2023-03-15 18:25:01,742 - INFO - **********latest test***********
2023-03-15 18:25:01,742 - INFO - eval epoch 7
2023-03-15 18:25:02,875 - INFO - Test: [0/782]	Time 1.132 (1.132)	Loss 3.9934 (3.9934)	Acc@1 32.031 (32.031)	Acc@5 67.969 (67.969)
2023-03-15 18:31:03,302 - INFO - Test: [200/782]	Time 2.360 (1.799)	Loss 4.2200 (4.4454)	Acc@1 36.719 (31.868)	Acc@5 63.281 (56.973)
2023-03-15 18:38:28,928 - INFO - Test: [400/782]	Time 2.231 (2.013)	Loss 4.1988 (4.4188)	Acc@1 34.375 (32.421)	Acc@5 61.719 (57.528)
2023-03-15 18:42:55,966 - INFO - Test: [600/782]	Time 0.756 (1.787)	Loss 4.3681 (4.3791)	Acc@1 29.688 (33.105)	Acc@5 58.594 (58.409)
2023-03-15 18:45:14,671 - INFO -  * Acc@1 33.371 Acc@5 58.851
2023-03-15 18:45:14,672 - INFO - Max accuracy: 33.3710%
2023-03-15 18:45:17,670 - INFO - ./outputs/inat21_mini/res50_image_only/fold1_best.pth saved !!!
2023-03-15 18:45:17,671 - INFO - Exp path: ./outputs/inat21_mini/res50_image_only
2023-03-15 18:45:19,108 - INFO - Train: [8/90][0/3907]	eta 1:33:10 lr 0.03940591	time 1.4308 (1.4308)	loss 5.0180 (5.0180)	acc@1: 24.4616	acc@5: 55.3984	
2023-03-15 18:52:32,082 - INFO - Train: [8/90][300/3907]	eta 1:26:45 lr 0.03940591	time 1.5118 (1.4432)	loss 5.1343 (5.4710)	acc@1: 27.7258	acc@5: 51.9673	
2023-03-15 19:00:00,097 - INFO - Train: [8/90][600/3907]	eta 1:20:55 lr 0.03940591	time 1.4267 (1.4682)	loss 4.7661 (5.4586)	acc@1: 36.6917	acc@5: 55.7714	
2023-03-15 19:07:40,584 - INFO - Train: [8/90][900/3907]	eta 1:14:41 lr 0.03940591	time 1.5996 (1.4905)	loss 5.0726 (5.4894)	acc@1: 24.8177	acc@5: 47.4084	
2023-03-15 19:15:44,031 - INFO - Train: [8/90][1200/3907]	eta 1:08:36 lr 0.03940591	time 1.5842 (1.5207)	loss 5.4632 (5.5208)	acc@1: 27.7527	acc@5: 48.0595	
2023-03-15 19:24:10,284 - INFO - Train: [8/90][1500/3907]	eta 1:02:20 lr 0.03940591	time 1.8102 (1.5540)	loss 4.6113 (5.5331)	acc@1: 31.0164	acc@5: 49.6149	
2023-03-15 19:33:02,958 - INFO - Train: [8/90][1800/3907]	eta 0:55:52 lr 0.03940591	time 1.8289 (1.5909)	loss 4.2410 (5.5303)	acc@1: 39.5234	acc@5: 64.3224	
2023-03-15 19:42:10,778 - INFO - Train: [8/90][2100/3907]	eta 0:48:55 lr 0.03940591	time 1.8315 (1.6245)	loss 5.0150 (5.5298)	acc@1: 37.9200	acc@5: 53.7262	
2023-03-15 19:51:29,623 - INFO - Train: [8/90][2400/3907]	eta 0:41:33 lr 0.03940591	time 1.8575 (1.6543)	loss 6.5876 (5.5459)	acc@1: 20.2113	acc@5: 33.4318	
2023-03-15 20:01:00,723 - INFO - Train: [8/90][2700/3907]	eta 0:33:50 lr 0.03940591	time 1.8622 (1.6820)	loss 4.8820 (5.5594)	acc@1: 26.2217	acc@5: 50.1959	
2023-03-15 20:10:42,674 - INFO - Train: [8/90][3000/3907]	eta 0:25:48 lr 0.03940591	time 1.9587 (1.7078)	loss 6.4944 (5.5527)	acc@1: 19.1634	acc@5: 34.5126	
2023-03-15 20:20:33,684 - INFO - Train: [8/90][3300/3907]	eta 0:17:31 lr 0.03940591	time 2.6797 (1.7316)	loss 5.2476 (5.5445)	acc@1: 25.0176	acc@5: 51.4648	
2023-03-15 20:30:28,016 - INFO - Train: [8/90][3600/3907]	eta 0:08:57 lr 0.03940591	time 1.8890 (1.7524)	loss 4.6861 (5.5465)	acc@1: 30.3281	acc@5: 52.8770	
2023-03-15 20:40:25,051 - INFO - Train: [8/90][3900/3907]	eta 0:00:12 lr 0.03940591	time 1.9835 (1.7707)	loss 4.8928 (5.5563)	acc@1: 30.3780	acc@5: 53.3468	
2023-03-15 20:40:35,592 - INFO - EPOCH 8 training takes 1:55:17
2023-03-15 20:40:38,556 - INFO - ./outputs/inat21_mini/res50_image_only/fold1_latest.pth saved !!!
2023-03-15 20:40:38,556 - INFO - **********latest test***********
2023-03-15 20:40:38,556 - INFO - eval epoch 8
2023-03-15 20:40:40,965 - INFO - Test: [0/782]	Time 2.407 (2.407)	Loss 4.1364 (4.1364)	Acc@1 32.812 (32.812)	Acc@5 60.938 (60.938)
2023-03-15 20:48:07,508 - INFO - Test: [200/782]	Time 2.265 (2.234)	Loss 4.3959 (4.4835)	Acc@1 29.688 (31.339)	Acc@5 61.719 (56.650)
2023-03-15 20:53:24,257 - INFO - Test: [400/782]	Time 0.767 (1.909)	Loss 4.3485 (4.4408)	Acc@1 33.594 (32.008)	Acc@5 62.500 (57.419)
2023-03-15 20:58:06,771 - INFO - Test: [600/782]	Time 1.695 (1.744)	Loss 4.4566 (4.3976)	Acc@1 28.906 (32.885)	Acc@5 56.250 (58.273)
2023-03-15 21:03:12,757 - INFO -  * Acc@1 33.115 Acc@5 58.660
2023-03-15 21:03:12,757 - INFO - Max accuracy: 33.3710%
2023-03-15 21:03:12,757 - INFO - Exp path: ./outputs/inat21_mini/res50_image_only
2023-03-15 21:03:13,864 - INFO - Train: [9/90][0/3907]	eta 1:11:43 lr 0.03922523	time 1.1014 (1.1014)	loss 4.2207 (4.2207)	acc@1: 33.5648	acc@5: 61.6655	
2023-03-15 21:08:53,702 - INFO - Train: [9/90][300/3907]	eta 1:08:05 lr 0.03922523	time 1.0614 (1.1327)	loss 4.7487 (5.3942)	acc@1: 33.6158	acc@5: 53.0724	
2023-03-15 21:14:40,686 - INFO - Train: [9/90][600/3907]	eta 1:03:05 lr 0.03922523	time 1.2273 (1.1446)	loss 7.1932 (5.4781)	acc@1: 9.2602	acc@5: 19.7316	
2023-03-15 21:20:36,615 - INFO - Train: [9/90][900/3907]	eta 0:58:03 lr 0.03922523	time 1.2138 (1.1585)	loss 7.2569 (5.4630)	acc@1: 11.3747	acc@5: 21.1841	
2023-03-15 21:26:40,762 - INFO - Train: [9/90][1200/3907]	eta 0:52:53 lr 0.03922523	time 1.1472 (1.1724)	loss 5.2786 (5.4580)	acc@1: 31.0220	acc@5: 50.2662	
2023-03-15 21:32:55,579 - INFO - Train: [9/90][1500/3907]	eta 0:47:38 lr 0.03922523	time 1.3153 (1.1877)	loss 7.0509 (5.4422)	acc@1: 15.7370	acc@5: 26.5823	
2023-03-15 21:39:23,181 - INFO - Train: [9/90][1800/3907]	eta 0:42:19 lr 0.03922523	time 1.1636 (1.2051)	loss 4.3425 (5.4669)	acc@1: 33.5301	acc@5: 59.2625	
2023-03-15 21:46:11,145 - INFO - Train: [9/90][2100/3907]	eta 0:36:57 lr 0.03922523	time 1.3077 (1.2272)	loss 5.7887 (5.4652)	acc@1: 24.9650	acc@5: 41.8164	
2023-03-15 21:53:18,162 - INFO - Train: [9/90][2400/3907]	eta 0:31:26 lr 0.03922523	time 1.5019 (1.2517)	loss 5.4338 (5.4718)	acc@1: 28.2846	acc@5: 49.1613	
2023-03-15 22:01:03,699 - INFO - Train: [9/90][2700/3907]	eta 0:25:51 lr 0.03922523	time 1.6225 (1.2851)	loss 4.4070 (5.4779)	acc@1: 32.9954	acc@5: 59.8405	
2023-03-15 22:09:45,142 - INFO - Train: [9/90][3000/3907]	eta 0:20:06 lr 0.03922523	time 1.7728 (1.3303)	loss 4.3514 (5.4859)	acc@1: 35.9311	acc@5: 60.1457	
2023-03-15 22:19:02,274 - INFO - Train: [9/90][3300/3907]	eta 0:13:56 lr 0.03922523	time 1.8601 (1.3782)	loss 7.3135 (5.4899)	acc@1: 11.3650	acc@5: 23.0137	
2023-03-15 22:28:18,502 - INFO - Train: [9/90][3600/3907]	eta 0:07:15 lr 0.03922523	time 1.8177 (1.4179)	loss 5.1876 (5.4847)	acc@1: 27.6438	acc@5: 53.8176	
2023-03-15 22:37:37,362 - INFO - Train: [9/90][3900/3907]	eta 0:00:10 lr 0.03922523	time 1.9116 (1.4521)	loss 6.9530 (5.4861)	acc@1: 17.6559	acc@5: 26.2593	
2023-03-15 22:37:47,263 - INFO - EPOCH 9 training takes 1:34:34
2023-03-15 22:37:50,179 - INFO - ./outputs/inat21_mini/res50_image_only/fold1_latest.pth saved !!!
2023-03-15 22:37:50,179 - INFO - **********latest test***********
2023-03-15 22:37:50,179 - INFO - eval epoch 9
2023-03-15 22:37:51,533 - INFO - Test: [0/782]	Time 1.353 (1.353)	Loss 3.9655 (3.9655)	Acc@1 33.594 (33.594)	Acc@5 66.406 (66.406)
2023-03-15 22:40:27,292 - INFO - Test: [200/782]	Time 0.745 (0.782)	Loss 4.1559 (4.3141)	Acc@1 40.625 (34.597)	Acc@5 61.719 (60.222)
2023-03-15 22:44:26,903 - INFO - Test: [400/782]	Time 1.716 (0.989)	Loss 4.1780 (4.2920)	Acc@1 38.281 (34.940)	Acc@5 64.062 (60.745)
2023-03-15 22:51:20,590 - INFO - Test: [600/782]	Time 2.217 (1.348)	Loss 4.3480 (4.2544)	Acc@1 32.031 (35.727)	Acc@5 56.250 (61.591)
2023-03-15 22:58:01,727 - INFO -  * Acc@1 35.803 Acc@5 61.996
2023-03-15 22:58:01,727 - INFO - Max accuracy: 35.8030%
2023-03-15 22:58:04,650 - INFO - ./outputs/inat21_mini/res50_image_only/fold1_best.pth saved !!!
2023-03-15 22:58:04,651 - INFO - Exp path: ./outputs/inat21_mini/res50_image_only
2023-03-15 22:58:05,968 - INFO - Train: [10/90][0/3907]	eta 1:25:18 lr 0.03902113	time 1.3102 (1.3102)	loss 3.9175 (3.9175)	acc@1: 44.5031	acc@5: 69.4868	
2023-03-15 23:03:31,817 - INFO - Train: [10/90][300/3907]	eta 1:05:20 lr 0.03902113	time 1.1425 (1.0869)	loss 5.0534 (5.3166)	acc@1: 37.2148	acc@5: 54.7690	
2023-03-15 23:09:03,819 - INFO - Train: [10/90][600/3907]	eta 1:00:27 lr 0.03902113	time 1.0179 (1.0968)	loss 5.6607 (5.3674)	acc@1: 30.9538	acc@5: 48.7071	
2023-03-15 23:14:40,681 - INFO - Train: [10/90][900/3907]	eta 0:55:24 lr 0.03902113	time 1.0383 (1.1055)	loss 4.1952 (5.3616)	acc@1: 33.7968	acc@5: 63.7530	
2023-03-15 23:20:25,906 - INFO - Train: [10/90][1200/3907]	eta 0:50:23 lr 0.03902113	time 1.0941 (1.1168)	loss 4.3994 (5.3896)	acc@1: 34.2921	acc@5: 57.6731	
2023-03-15 23:26:20,409 - INFO - Train: [10/90][1500/3907]	eta 0:45:19 lr 0.03902113	time 1.1964 (1.1297)	loss 7.1748 (5.3946)	acc@1: 12.6267	acc@5: 22.5666	
2023-03-15 23:32:26,077 - INFO - Train: [10/90][1800/3907]	eta 0:40:11 lr 0.03902113	time 1.4248 (1.1446)	loss 5.4520 (5.3942)	acc@1: 31.0772	acc@5: 48.9300	
2023-03-15 23:38:46,361 - INFO - Train: [10/90][2100/3907]	eta 0:35:00 lr 0.03902113	time 1.2832 (1.1622)	loss 7.1279 (5.4028)	acc@1: 12.4055	acc@5: 25.9014	
2023-03-15 23:45:27,411 - INFO - Train: [10/90][2400/3907]	eta 0:29:44 lr 0.03902113	time 1.3134 (1.1840)	loss 4.6873 (5.4160)	acc@1: 26.7908	acc@5: 58.9397	
2023-03-15 23:52:38,132 - INFO - Train: [10/90][2700/3907]	eta 0:24:22 lr 0.03902113	time 1.4710 (1.2119)	loss 4.3629 (5.4183)	acc@1: 39.1484	acc@5: 63.7122	
2023-03-16 00:00:33,634 - INFO - Train: [10/90][3000/3907]	eta 0:18:53 lr 0.03902113	time 1.7405 (1.2492)	loss 4.5282 (5.4196)	acc@1: 41.0036	acc@5: 62.9698	
2023-03-16 00:09:32,418 - INFO - Train: [10/90][3300/3907]	eta 0:13:08 lr 0.03902113	time 1.8048 (1.2989)	loss 4.3131 (5.4364)	acc@1: 37.4958	acc@5: 61.7118	
2023-03-16 00:18:41,515 - INFO - Train: [10/90][3600/3907]	eta 0:06:52 lr 0.03902113	time 1.8990 (1.3432)	loss 4.9658 (5.4321)	acc@1: 25.4101	acc@5: 53.8096	
2023-03-16 00:27:51,436 - INFO - Train: [10/90][3900/3907]	eta 0:00:09 lr 0.03902113	time 1.7639 (1.3809)	loss 4.7585 (5.4342)	acc@1: 31.0758	acc@5: 55.4592	
2023-03-16 00:28:01,232 - INFO - EPOCH 10 training takes 1:29:56
2023-03-16 00:28:04,158 - INFO - ./outputs/inat21_mini/res50_image_only/fold1_latest.pth saved !!!
2023-03-16 00:28:04,158 - INFO - **********latest test***********
2023-03-16 00:28:04,159 - INFO - eval epoch 10
2023-03-16 00:28:06,391 - INFO - Test: [0/782]	Time 2.231 (2.231)	Loss 3.9595 (3.9595)	Acc@1 39.062 (39.062)	Acc@5 71.094 (71.094)
2023-03-16 00:35:30,498 - INFO - Test: [200/782]	Time 2.388 (2.221)	Loss 4.1994 (4.3688)	Acc@1 34.375 (33.473)	Acc@5 64.844 (59.220)
2023-03-16 00:43:41,098 - INFO - Test: [400/782]	Time 2.168 (2.337)	Loss 4.2405 (4.3335)	Acc@1 39.062 (34.330)	Acc@5 62.500 (59.887)
2023-03-16 00:51:01,086 - INFO - Test: [600/782]	Time 2.263 (2.291)	Loss 4.4179 (4.2917)	Acc@1 25.781 (35.200)	Acc@5 57.812 (60.697)
2023-03-16 00:57:15,543 - INFO -  * Acc@1 35.447 Acc@5 61.081
2023-03-16 00:57:15,543 - INFO - Max accuracy: 35.8030%
2023-03-16 00:57:15,543 - INFO - Exp path: ./outputs/inat21_mini/res50_image_only
2023-03-16 00:57:16,698 - INFO - Train: [11/90][0/3907]	eta 1:14:52 lr 0.03879385	time 1.1498 (1.1498)	loss 4.7808 (4.7808)	acc@1: 33.0870	acc@5: 60.4197	
2023-03-16 01:03:26,289 - INFO - Train: [11/90][300/3907]	eta 1:14:02 lr 0.03879385	time 1.2142 (1.2317)	loss 4.0197 (5.3138)	acc@1: 40.2489	acc@5: 68.1208	
2023-03-16 01:09:36,622 - INFO - Train: [11/90][600/3907]	eta 1:07:57 lr 0.03879385	time 1.2619 (1.2331)	loss 5.2989 (5.3533)	acc@1: 30.4176	acc@5: 49.5939	
2023-03-16 01:15:57,494 - INFO - Train: [11/90][900/3907]	eta 1:02:24 lr 0.03879385	time 1.3606 (1.2452)	loss 7.2464 (5.3668)	acc@1: 10.7531	acc@5: 18.1520	
2023-03-16 01:22:29,287 - INFO - Train: [11/90][1200/3907]	eta 0:56:51 lr 0.03879385	time 1.3230 (1.2604)	loss 5.0866 (5.3588)	acc@1: 31.1114	acc@5: 55.2376	
2023-03-16 01:29:15,606 - INFO - Train: [11/90][1500/3907]	eta 0:51:18 lr 0.03879385	time 1.3562 (1.2792)	loss 4.3392 (5.3539)	acc@1: 31.8882	acc@5: 57.5515	
2023-03-16 01:36:19,268 - INFO - Train: [11/90][1800/3907]	eta 0:45:41 lr 0.03879385	time 1.5708 (1.3013)	loss 5.2632 (5.3657)	acc@1: 32.0536	acc@5: 54.5593	
2023-03-16 01:43:47,506 - INFO - Train: [11/90][2100/3907]	eta 0:40:01 lr 0.03879385	time 1.4939 (1.3289)	loss 4.7642 (5.3731)	acc@1: 33.6291	acc@5: 56.5470	
2023-03-16 01:51:43,382 - INFO - Train: [11/90][2400/3907]	eta 0:34:11 lr 0.03879385	time 1.6506 (1.3610)	loss 5.8098 (5.3848)	acc@1: 23.0623	acc@5: 45.7103	
2023-03-16 02:00:42,699 - INFO - Train: [11/90][2700/3907]	eta 0:28:21 lr 0.03879385	time 1.9346 (1.4095)	loss 5.1855 (5.3818)	acc@1: 28.7465	acc@5: 49.7805	
2023-03-16 02:10:08,142 - INFO - Train: [11/90][3000/3907]	eta 0:22:01 lr 0.03879385	time 1.9497 (1.4570)	loss 6.0238 (5.3858)	acc@1: 24.4991	acc@5: 38.7571	
2023-03-16 02:19:45,091 - INFO - Train: [11/90][3300/3907]	eta 0:15:10 lr 0.03879385	time 1.9459 (1.4994)	loss 5.6294 (5.3839)	acc@1: 24.4276	acc@5: 46.2145	
2023-03-16 02:29:32,320 - INFO - Train: [11/90][3600/3907]	eta 0:07:52 lr 0.03879385	time 1.8957 (1.5376)	loss 7.2259 (5.3839)	acc@1: 10.0044	acc@5: 22.9400	
2023-03-16 02:39:36,326 - INFO - Train: [11/90][3900/3907]	eta 0:00:11 lr 0.03879385	time 2.0467 (1.5742)	loss 6.6621 (5.3937)	acc@1: 19.4053	acc@5: 31.8239	
2023-03-16 02:39:46,726 - INFO - EPOCH 11 training takes 1:42:31
2023-03-16 02:39:49,790 - INFO - ./outputs/inat21_mini/res50_image_only/fold1_latest.pth saved !!!
2023-03-16 02:39:49,791 - INFO - **********latest test***********
2023-03-16 02:39:49,791 - INFO - eval epoch 11
2023-03-16 02:39:51,091 - INFO - Test: [0/782]	Time 1.299 (1.299)	Loss 3.9221 (3.9221)	Acc@1 31.250 (31.250)	Acc@5 66.406 (66.406)
2023-03-16 02:42:55,820 - INFO - Test: [200/782]	Time 0.835 (0.926)	Loss 3.9464 (4.3110)	Acc@1 41.406 (33.979)	Acc@5 66.406 (59.305)
2023-03-16 02:46:42,122 - INFO - Test: [400/782]	Time 1.931 (1.028)	Loss 4.1099 (4.2709)	Acc@1 37.500 (34.681)	Acc@5 60.938 (60.037)
2023-03-16 02:50:19,684 - INFO - Test: [600/782]	Time 0.833 (1.048)	Loss 4.2497 (4.2142)	Acc@1 30.469 (35.884)	Acc@5 60.938 (61.214)
2023-03-16 02:52:51,777 - INFO -  * Acc@1 36.203 Acc@5 61.683
2023-03-16 02:52:51,778 - INFO - Max accuracy: 36.2030%
2023-03-16 02:52:54,940 - INFO - ./outputs/inat21_mini/res50_image_only/fold1_best.pth saved !!!
2023-03-16 02:52:54,941 - INFO - Exp path: ./outputs/inat21_mini/res50_image_only
2023-03-16 02:52:56,454 - INFO - Train: [12/90][0/3907]	eta 1:37:59 lr 0.03854368	time 1.5049 (1.5049)	loss 6.4461 (6.4461)	acc@1: 20.0941	acc@5: 34.6238	
2023-03-16 03:01:59,837 - INFO - Train: [12/90][300/3907]	eta 1:48:49 lr 0.03854368	time 2.5310 (1.8103)	loss 3.7641 (5.1249)	acc@1: 48.0134	acc@5: 68.9293	
2023-03-16 03:14:22,692 - INFO - Train: [12/90][600/3907]	eta 1:58:05 lr 0.03854368	time 2.9286 (2.1427)	loss 6.7820 (5.2092)	acc@1: 18.7108	acc@5: 29.8259	
2023-03-16 03:25:54,398 - INFO - Train: [12/90][900/3907]	eta 1:50:06 lr 0.03854368	time 2.3490 (2.1969)	loss 4.1099 (5.2329)	acc@1: 43.6860	acc@5: 63.1886	
2023-03-16 03:39:30,348 - INFO - Train: [12/90][1200/3907]	eta 1:45:00 lr 0.03854368	time 2.1871 (2.3276)	loss 4.2321 (5.2768)	acc@1: 40.6201	acc@5: 61.7113	
2023-03-16 03:53:04,347 - INFO - Train: [12/90][1500/3907]	eta 1:36:28 lr 0.03854368	time 1.9755 (2.4047)	loss 5.0181 (5.2970)	acc@1: 29.2423	acc@5: 51.5222	
2023-03-16 04:03:12,234 - INFO - Train: [12/90][1800/3907]	eta 1:22:13 lr 0.03854368	time 2.0246 (2.3416)	loss 6.1572 (5.3145)	acc@1: 21.1334	acc@5: 44.1903	
2023-03-16 04:13:28,354 - INFO - Train: [12/90][2100/3907]	eta 1:09:17 lr 0.03854368	time 2.0675 (2.3005)	loss 6.4057 (5.3424)	acc@1: 18.2775	acc@5: 37.1193	
2023-03-16 04:23:52,759 - INFO - Train: [12/90][2400/3907]	eta 0:57:05 lr 0.03854368	time 2.0545 (2.2731)	loss 4.4033 (5.3394)	acc@1: 35.8665	acc@5: 60.0374	
2023-03-16 04:34:33,237 - INFO - Train: [12/90][2700/3907]	eta 0:45:25 lr 0.03854368	time 2.1932 (2.2578)	loss 4.2529 (5.3417)	acc@1: 38.0446	acc@5: 63.1261	
2023-03-16 04:45:29,554 - INFO - Train: [12/90][3000/3907]	eta 0:34:01 lr 0.03854368	time 2.1068 (2.2508)	loss 4.6170 (5.3451)	acc@1: 33.1186	acc@5: 57.4056	
2023-03-16 04:56:44,779 - INFO - Train: [12/90][3300/3907]	eta 0:22:46 lr 0.03854368	time 2.2449 (2.2508)	loss 3.9671 (5.3412)	acc@1: 42.9066	acc@5: 70.9908	
