# 2080Ti
2023-03-16 05:21:29,399 - INFO - --batch_size 128
2023-03-16 05:21:29,399 - INFO - --data inat21_mini
2023-03-16 05:21:29,399 - INFO - --data_dir ./datasets/iNat2021
2023-03-16 05:21:29,399 - INFO - --evaluate False
2023-03-16 05:21:29,399 - INFO - --fold 1
2023-03-16 05:21:29,399 - INFO - --image_only True
2023-03-16 05:21:29,399 - INFO - --metadata geo_temporal
2023-03-16 05:21:29,399 - INFO - --mlp_cin 6
2023-03-16 05:21:29,399 - INFO - --mlp_d 256
2023-03-16 05:21:29,399 - INFO - --mlp_h 64
2023-03-16 05:21:29,399 - INFO - --mlp_n 2
2023-03-16 05:21:29,399 - INFO - --mlp_type c
2023-03-16 05:21:29,399 - INFO - --model_file resnet
2023-03-16 05:21:29,399 - INFO - --model_name resnet50
2023-03-16 05:21:29,399 - INFO - --name res50_image_only
2023-03-16 05:21:29,399 - INFO - --num_classes 10000
2023-03-16 05:21:29,399 - INFO - --num_workers 8
2023-03-16 05:21:29,399 - INFO - --path_log ./outputs/inat21_mini/res50_image_only
2023-03-16 05:21:29,400 - INFO - --pretrained True
2023-03-16 05:21:29,400 - INFO - --random_seed 37
2023-03-16 05:21:29,400 - INFO - --resume latest
2023-03-16 05:21:29,400 - INFO - --save_dir ./outputs
2023-03-16 05:21:29,400 - INFO - --start_lr 0.04
2023-03-16 05:21:29,400 - INFO - --stop_epoch 90
2023-03-16 05:21:29,400 - INFO - --tencrop False
2023-03-16 05:21:29,400 - INFO - --warmup 2
2023-03-16 05:21:29,400 - INFO - Creating model:resnet -> resnet50
2023-03-16 05:21:38,907 - INFO - => loading checkpoint './outputs/inat21_mini/res50_image_only/fold1_latest.pth'
2023-03-16 05:21:41,485 - INFO - => loaded checkpoint './outputs/inat21_mini/res50_image_only/fold1_latest.pth' (epoch 11)
2023-03-16 05:21:41,485 - INFO - eval epoch 11
2023-03-16 05:21:44,693 - INFO - Test: [0/782]	Time 3.207 (3.207)	Loss 3.9221 (3.9221)	Acc@1 31.250 (31.250)	Acc@5 66.406 (66.406)
2023-03-16 05:28:40,739 - INFO - Test: [200/782]	Time 0.744 (2.086)	Loss 3.9464 (4.3110)	Acc@1 41.406 (33.979)	Acc@5 66.406 (59.305)
2023-03-16 05:31:15,997 - INFO - Test: [400/782]	Time 0.796 (1.433)	Loss 4.1099 (4.2709)	Acc@1 37.500 (34.681)	Acc@5 60.938 (60.037)
2023-03-16 05:36:59,996 - INFO - Test: [600/782]	Time 2.302 (1.528)	Loss 4.2497 (4.2142)	Acc@1 30.469 (35.884)	Acc@5 60.938 (61.214)
2023-03-16 05:43:38,955 - INFO -  * Acc@1 36.203 Acc@5 61.683
2023-03-16 05:43:38,972 - INFO - Max accuracy: 36.2030%
2023-03-16 05:43:38,972 - INFO - Start training
2023-03-16 05:43:47,695 - INFO - Train: [12/90][0/3907]	eta 9:27:47 lr 0.03854368	time 8.7197 (8.7197)	loss 4.6248 (4.6248)	acc@1: 39.7267	acc@5: 59.5668	
2023-03-16 05:47:07,780 - INFO - Train: [12/90][300/3907]	eta 0:41:42 lr 0.03854368	time 0.2688 (0.6937)	loss 6.9522 (5.3633)	acc@1: 13.5249	acc@5: 26.8447	
2023-03-16 05:50:48,678 - INFO - Train: [12/90][600/3907]	eta 0:39:24 lr 0.03854368	time 0.2678 (0.7150)	loss 4.5865 (5.3648)	acc@1: 35.4005	acc@5: 60.6437	
2023-03-16 05:54:35,803 - INFO - Train: [12/90][900/3907]	eta 0:36:32 lr 0.03854368	time 0.2688 (0.7290)	loss 5.9425 (5.3419)	acc@1: 23.6543	acc@5: 40.1736	
2023-03-16 05:58:27,866 - INFO - Train: [12/90][1200/3907]	eta 0:33:23 lr 0.03854368	time 0.2689 (0.7401)	loss 4.7854 (5.3108)	acc@1: 37.2312	acc@5: 60.8586	
2023-03-16 06:02:30,946 - INFO - Train: [12/90][1500/3907]	eta 0:30:15 lr 0.03854368	time 0.2676 (0.7541)	loss 4.3763 (5.3182)	acc@1: 34.8224	acc@5: 62.2762	
2023-03-16 06:06:35,662 - INFO - Train: [12/90][1800/3907]	eta 0:26:50 lr 0.03854368	time 0.2688 (0.7644)	loss 4.3094 (5.3307)	acc@1: 37.6270	acc@5: 61.6896	
2023-03-16 06:11:05,717 - INFO - Train: [12/90][2100/3907]	eta 0:23:36 lr 0.03854368	time 1.3767 (0.7838)	loss 7.0287 (5.3258)	acc@1: 10.2731	acc@5: 26.4916	
2023-03-16 06:15:37,782 - INFO - Train: [12/90][2400/3907]	eta 0:20:04 lr 0.03854368	time 0.2682 (0.7992)	loss 5.6307 (5.3316)	acc@1: 29.1269	acc@5: 52.2181	
2023-03-16 06:20:19,366 - INFO - Train: [12/90][2700/3907]	eta 0:16:23 lr 0.03854368	time 0.2680 (0.8147)	loss 4.4339 (5.3436)	acc@1: 38.0938	acc@5: 61.5056	
2023-03-16 06:25:08,221 - INFO - Train: [12/90][3000/3907]	eta 0:12:32 lr 0.03854368	time 0.2676 (0.8295)	loss 5.0045 (5.3447)	acc@1: 34.4127	acc@5: 60.4943	
2023-03-16 06:30:21,516 - INFO - Train: [12/90][3300/3907]	eta 0:08:35 lr 0.03854368	time 0.2683 (0.8490)	loss 4.1727 (5.3485)	acc@1: 39.0505	acc@5: 63.2618	
2023-03-16 06:36:01,673 - INFO - Train: [12/90][3600/3907]	eta 0:04:27 lr 0.03854368	time 0.2669 (0.8727)	loss 6.5794 (5.3544)	acc@1: 16.8083	acc@5: 34.8759	
2023-03-16 06:41:47,389 - INFO - Train: [12/90][3900/3907]	eta 0:00:06 lr 0.03854368	time 0.2697 (0.8942)	loss 6.5719 (5.3578)	acc@1: 21.0040	acc@5: 36.1710	
2023-03-16 06:41:49,832 - INFO - EPOCH 12 training takes 0:58:10
2023-03-16 06:41:53,035 - INFO - ./outputs/inat21_mini/res50_image_only/fold1_latest.pth saved !!!
2023-03-16 06:41:53,036 - INFO - **********latest test***********
2023-03-16 06:41:53,036 - INFO - eval epoch 12
2023-03-16 06:41:55,287 - INFO - Test: [0/782]	Time 2.249 (2.249)	Loss 3.7163 (3.7163)	Acc@1 39.062 (39.062)	Acc@5 73.438 (73.438)
2023-03-16 06:49:13,697 - INFO - Test: [200/782]	Time 2.395 (2.192)	Loss 4.1037 (4.1732)	Acc@1 31.250 (36.995)	Acc@5 68.750 (62.652)
2023-03-16 06:57:24,651 - INFO - Test: [400/782]	Time 2.208 (2.323)	Loss 3.9997 (4.1389)	Acc@1 42.969 (37.625)	Acc@5 65.625 (63.349)
2023-03-16 07:05:10,938 - INFO - Test: [600/782]	Time 2.182 (2.326)	Loss 4.1087 (4.0936)	Acc@1 31.250 (38.463)	Acc@5 58.594 (64.182)
2023-03-16 07:13:09,858 - INFO -  * Acc@1 38.744 Acc@5 64.652
2023-03-16 07:13:09,858 - INFO - Max accuracy: 38.7440%
2023-03-16 07:13:13,399 - INFO - ./outputs/inat21_mini/res50_image_only/fold1_best.pth saved !!!
2023-03-16 07:13:13,400 - INFO - Exp path: ./outputs/inat21_mini/res50_image_only
2023-03-16 07:13:21,948 - INFO - Train: [13/90][0/3907]	eta 9:16:15 lr 0.03827091	time 8.5425 (8.5425)	loss 5.6540 (5.6540)	acc@1: 31.4760	acc@5: 51.9306	
2023-03-16 07:18:10,632 - INFO - Train: [13/90][300/3907]	eta 0:59:21 lr 0.03827091	time 0.2782 (0.9875)	loss 7.0166 (5.1606)	acc@1: 13.7898	acc@5: 29.0059	
2023-03-16 07:23:03,518 - INFO - Train: [13/90][600/3907]	eta 0:54:07 lr 0.03827091	time 0.2685 (0.9819)	loss 7.2688 (5.1917)	acc@1: 8.3609	acc@5: 18.4311	
2023-03-16 07:27:54,973 - INFO - Train: [13/90][900/3907]	eta 0:49:02 lr 0.03827091	time 0.2683 (0.9784)	loss 5.3832 (5.2040)	acc@1: 37.0677	acc@5: 49.8497	
2023-03-16 07:33:08,121 - INFO - Train: [13/90][1200/3907]	eta 0:44:52 lr 0.03827091	time 0.2689 (0.9948)	loss 4.2505 (5.2076)	acc@1: 38.5547	acc@5: 60.9165	
2023-03-16 07:38:14,523 - INFO - Train: [13/90][1500/3907]	eta 0:40:07 lr 0.03827091	time 7.0389 (1.0001)	loss 4.7063 (5.2546)	acc@1: 29.0141	acc@5: 55.7032	
2023-03-16 07:43:39,592 - INFO - Train: [13/90][1800/3907]	eta 0:35:36 lr 0.03827091	time 0.2683 (1.0140)	loss 4.2061 (5.2507)	acc@1: 41.1809	acc@5: 59.0518	
2023-03-16 07:48:44,739 - INFO - Train: [13/90][2100/3907]	eta 0:30:33 lr 0.03827091	time 0.2687 (1.0144)	loss 4.9427 (5.2667)	acc@1: 36.3285	acc@5: 52.7792	
2023-03-16 07:53:49,734 - INFO - Train: [13/90][2400/3907]	eta 0:25:29 lr 0.03827091	time 0.2697 (1.0147)	loss 4.7962 (5.2750)	acc@1: 42.6033	acc@5: 58.2957	
2023-03-16 07:58:58,456 - INFO - Train: [13/90][2700/3907]	eta 0:20:26 lr 0.03827091	time 0.2697 (1.0163)	loss 6.8182 (5.2779)	acc@1: 16.6565	acc@5: 27.9824	
2023-03-16 08:04:12,224 - INFO - Train: [13/90][3000/3907]	eta 0:15:24 lr 0.03827091	time 1.0928 (1.0193)	loss 5.4663 (5.2941)	acc@1: 32.1457	acc@5: 52.4828	
2023-03-16 08:09:38,754 - INFO - Train: [13/90][3300/3907]	eta 0:10:22 lr 0.03827091	time 0.2686 (1.0255)	loss 5.1814 (5.3011)	acc@1: 30.9619	acc@5: 57.4349	
2023-03-16 08:15:19,871 - INFO - Train: [13/90][3600/3907]	eta 0:05:17 lr 0.03827091	time 0.2760 (1.0348)	loss 5.3251 (5.3095)	acc@1: 30.7983	acc@5: 50.8841	
2023-03-16 08:21:07,926 - INFO - Train: [13/90][3900/3907]	eta 0:00:07 lr 0.03827091	time 4.0264 (1.0445)	loss 5.2752 (5.3131)	acc@1: 30.0836	acc@5: 55.4875	
2023-03-16 08:21:09,608 - INFO - EPOCH 13 training takes 1:07:56
2023-03-16 08:21:12,622 - INFO - ./outputs/inat21_mini/res50_image_only/fold1_latest.pth saved !!!
2023-03-16 08:21:12,622 - INFO - **********latest test***********
2023-03-16 08:21:12,622 - INFO - eval epoch 13
2023-03-16 08:21:14,840 - INFO - Test: [0/782]	Time 2.217 (2.217)	Loss 3.8081 (3.8081)	Acc@1 34.375 (34.375)	Acc@5 67.188 (67.188)
2023-03-16 08:29:03,925 - INFO - Test: [200/782]	Time 2.338 (2.345)	Loss 4.0143 (4.1584)	Acc@1 39.844 (37.741)	Acc@5 64.062 (62.687)
2023-03-16 08:37:56,880 - INFO - Test: [400/782]	Time 2.198 (2.504)	Loss 3.8272 (4.1302)	Acc@1 44.531 (38.036)	Acc@5 65.625 (63.324)
2023-03-16 08:52:26,317 - INFO - Test: [600/782]	Time 2.184 (3.118)	Loss 4.1529 (4.0841)	Acc@1 38.281 (39.072)	Acc@5 64.062 (64.251)
2023-03-16 08:59:06,906 - INFO -  * Acc@1 39.221 Acc@5 64.639
2023-03-16 08:59:06,906 - INFO - Max accuracy: 39.2210%
2023-03-16 08:59:09,821 - INFO - ./outputs/inat21_mini/res50_image_only/fold1_best.pth saved !!!
2023-03-16 08:59:09,821 - INFO - Exp path: ./outputs/inat21_mini/res50_image_only
2023-03-16 08:59:16,767 - INFO - Train: [14/90][0/3907]	eta 7:31:39 lr 0.03797588	time 6.9361 (6.9361)	loss 4.6004 (4.6004)	acc@1: 37.4119	acc@5: 61.8735	
2023-03-16 09:03:57,690 - INFO - Train: [14/90][300/3907]	eta 0:57:29 lr 0.03797588	time 0.2685 (0.9563)	loss 4.5245 (5.1635)	acc@1: 39.8817	acc@5: 63.4123	
2023-03-16 09:08:39,303 - INFO - Train: [14/90][600/3907]	eta 0:52:13 lr 0.03797588	time 0.2676 (0.9475)	loss 4.6631 (5.1512)	acc@1: 32.2887	acc@5: 58.7068	
2023-03-16 09:13:22,738 - INFO - Train: [14/90][900/3907]	eta 0:47:26 lr 0.03797588	time 0.2673 (0.9466)	loss 4.4925 (5.1863)	acc@1: 39.8587	acc@5: 55.6518	
2023-03-16 09:18:04,964 - INFO - Train: [14/90][1200/3907]	eta 0:42:38 lr 0.03797588	time 0.2690 (0.9452)	loss 5.2269 (5.2176)	acc@1: 31.8141	acc@5: 54.8285	
2023-03-16 09:22:54,185 - INFO - Train: [14/90][1500/3907]	eta 0:38:04 lr 0.03797588	time 1.3717 (0.9489)	loss 4.1426 (5.2273)	acc@1: 38.7468	acc@5: 60.4450	
2023-03-16 09:28:03,745 - INFO - Train: [14/90][1800/3907]	eta 0:33:48 lr 0.03797588	time 0.2673 (0.9627)	loss 4.0594 (5.2252)	acc@1: 37.9735	acc@5: 63.5474	
2023-03-16 09:33:34,004 - INFO - Train: [14/90][2100/3907]	eta 0:29:35 lr 0.03797588	time 0.2681 (0.9825)	loss 4.7499 (5.2314)	acc@1: 36.6206	acc@5: 56.0042	
2023-03-16 09:39:19,144 - INFO - Train: [14/90][2400/3907]	eta 0:25:12 lr 0.03797588	time 7.1792 (1.0035)	loss 6.3616 (5.2521)	acc@1: 22.5550	acc@5: 37.2148	
2023-03-16 09:45:09,345 - INFO - Train: [14/90][2700/3907]	eta 0:20:33 lr 0.03797588	time 0.2689 (1.0217)	loss 4.2474 (5.2697)	acc@1: 40.4564	acc@5: 62.9322	
2023-03-16 09:51:09,955 - INFO - Train: [14/90][3000/3907]	eta 0:15:42 lr 0.03797588	time 0.2687 (1.0397)	loss 6.3674 (5.2649)	acc@1: 19.7379	acc@5: 36.0291	
2023-03-16 09:57:14,792 - INFO - Train: [14/90][3300/3907]	eta 0:10:40 lr 0.03797588	time 6.3440 (1.0557)	loss 4.7493 (5.2588)	acc@1: 32.1655	acc@5: 56.5348	
2023-03-16 10:03:22,431 - INFO - Train: [14/90][3600/3907]	eta 0:05:28 lr 0.03797588	time 0.2679 (1.0699)	loss 4.3119 (5.2622)	acc@1: 37.3224	acc@5: 60.6488	
2023-03-16 10:09:30,427 - INFO - Train: [14/90][3900/3907]	eta 0:00:07 lr 0.03797588	time 0.2675 (1.0819)	loss 4.5878 (5.2743)	acc@1: 37.7873	acc@5: 54.8286	
2023-03-16 10:09:32,249 - INFO - EPOCH 14 training takes 1:10:22
2023-03-16 10:09:35,290 - INFO - ./outputs/inat21_mini/res50_image_only/fold1_latest.pth saved !!!
2023-03-16 10:09:35,290 - INFO - **********latest test***********
2023-03-16 10:09:35,290 - INFO - eval epoch 14
2023-03-16 10:09:37,548 - INFO - Test: [0/782]	Time 2.257 (2.257)	Loss 3.6470 (3.6470)	Acc@1 42.969 (42.969)	Acc@5 76.562 (76.562)
2023-03-16 10:17:03,498 - INFO - Test: [200/782]	Time 2.431 (2.230)	Loss 3.9831 (4.1313)	Acc@1 42.969 (37.275)	Acc@5 64.062 (62.834)
2023-03-16 10:25:47,011 - INFO - Test: [400/782]	Time 2.189 (2.423)	Loss 3.8757 (4.0955)	Acc@1 43.750 (38.042)	Acc@5 68.750 (63.747)
2023-03-16 10:33:14,824 - INFO - Test: [600/782]	Time 2.233 (2.362)	Loss 3.9841 (4.0498)	Acc@1 39.844 (39.005)	Acc@5 67.969 (64.638)
2023-03-16 10:39:53,076 - INFO -  * Acc@1 39.261 Acc@5 65.030
2023-03-16 10:39:53,076 - INFO - Max accuracy: 39.2610%
2023-03-16 10:39:56,148 - INFO - ./outputs/inat21_mini/res50_image_only/fold1_best.pth saved !!!
2023-03-16 10:39:56,149 - INFO - Exp path: ./outputs/inat21_mini/res50_image_only
2023-03-16 10:40:01,824 - INFO - Train: [15/90][0/3907]	eta 6:08:51 lr 0.03765895	time 5.6646 (5.6646)	loss 3.8172 (3.8172)	acc@1: 49.1763	acc@5: 70.2525	
2023-03-16 10:42:46,827 - INFO - Train: [15/90][300/3907]	eta 0:34:05 lr 0.03765895	time 0.2693 (0.5670)	loss 4.1066 (5.1294)	acc@1: 39.5919	acc@5: 66.4845	
2023-03-16 10:45:49,121 - INFO - Train: [15/90][600/3907]	eta 0:32:22 lr 0.03765895	time 0.2694 (0.5873)	loss 6.8806 (5.2191)	acc@1: 16.8002	acc@5: 28.2466	
2023-03-16 10:49:09,512 - INFO - Train: [15/90][900/3907]	eta 0:30:46 lr 0.03765895	time 0.2689 (0.6142)	loss 6.9255 (5.2023)	acc@1: 16.1468	acc@5: 26.3934	
2023-03-16 10:52:49,383 - INFO - Train: [15/90][1200/3907]	eta 0:29:02 lr 0.03765895	time 0.2695 (0.6438)	loss 5.0747 (5.2002)	acc@1: 32.9900	acc@5: 55.0772	
2023-03-16 10:56:56,318 - INFO - Train: [15/90][1500/3907]	eta 0:27:15 lr 0.03765895	time 0.2711 (0.6796)	loss 6.8189 (5.1867)	acc@1: 13.7779	acc@5: 25.9934	
2023-03-16 11:01:34,930 - INFO - Train: [15/90][1800/3907]	eta 0:25:19 lr 0.03765895	time 0.2700 (0.7211)	loss 4.3764 (5.2113)	acc@1: 37.4290	acc@5: 57.7030	
2023-03-16 11:06:48,300 - INFO - Train: [15/90][2100/3907]	eta 0:23:06 lr 0.03765895	time 0.2685 (0.7673)	loss 5.8372 (5.2103)	acc@1: 24.3409	acc@5: 47.5907	
2023-03-16 11:12:34,641 - INFO - Train: [15/90][2400/3907]	eta 0:20:29 lr 0.03765895	time 0.5310 (0.8157)	loss 5.3553 (5.2194)	acc@1: 32.3253	acc@5: 50.6160	
2023-03-16 11:18:35,071 - INFO - Train: [15/90][2700/3907]	eta 0:17:16 lr 0.03765895	time 3.1120 (0.8585)	loss 4.0113 (5.2282)	acc@1: 46.7872	acc@5: 65.1953	
2023-03-16 11:25:17,846 - INFO - Train: [15/90][3000/3907]	eta 0:13:42 lr 0.03765895	time 0.2679 (0.9069)	loss 4.3080 (5.2339)	acc@1: 36.7124	acc@5: 62.4890	
2023-03-16 11:31:39,366 - INFO - Train: [15/90][3300/3907]	eta 0:09:30 lr 0.03765895	time 4.8976 (0.9401)	loss 7.2206 (5.2403)	acc@1: 10.4412	acc@5: 20.3850	
2023-03-16 11:37:54,726 - INFO - Train: [15/90][3600/3907]	eta 0:04:56 lr 0.03765895	time 0.2688 (0.9660)	loss 5.0567 (5.2370)	acc@1: 32.4653	acc@5: 53.1289	
2023-03-16 11:44:15,565 - INFO - Train: [15/90][3900/3907]	eta 0:00:06 lr 0.03765895	time 0.2684 (0.9893)	loss 6.4356 (5.2409)	acc@1: 19.2184	acc@5: 34.1351	
2023-03-16 11:44:18,487 - INFO - EPOCH 15 training takes 1:04:22
2023-03-16 11:44:21,620 - INFO - ./outputs/inat21_mini/res50_image_only/fold1_latest.pth saved !!!
2023-03-16 11:44:21,620 - INFO - **********latest test***********
2023-03-16 11:44:21,621 - INFO - eval epoch 15
2023-03-16 11:44:23,877 - INFO - Test: [0/782]	Time 2.255 (2.255)	Loss 4.0743 (4.0743)	Acc@1 37.500 (37.500)	Acc@5 66.406 (66.406)
2023-03-16 11:51:49,954 - INFO - Test: [200/782]	Time 2.319 (2.231)	Loss 4.3179 (4.3833)	Acc@1 36.719 (35.463)	Acc@5 64.062 (60.564)
2023-03-16 12:01:48,585 - INFO - Test: [400/782]	Time 4.199 (2.611)	Loss 4.3340 (4.3535)	Acc@1 36.719 (36.019)	Acc@5 63.281 (61.175)
2023-03-16 12:15:54,577 - INFO - Test: [600/782]	Time 4.017 (3.150)	Loss 4.2684 (4.3075)	Acc@1 33.594 (36.932)	Acc@5 62.500 (62.062)
2023-03-16 12:27:21,410 - INFO -  * Acc@1 37.086 Acc@5 62.491
2023-03-16 12:27:21,410 - INFO - Max accuracy: 39.2610%
2023-03-16 12:27:21,410 - INFO - Exp path: ./outputs/inat21_mini/res50_image_only
2023-03-16 12:27:31,572 - INFO - Train: [16/90][0/3907]	eta 11:01:20 lr 0.03732051	time 10.1564 (10.1564)	loss 4.1489 (4.1489)	acc@1: 39.0369	acc@5: 62.4591	
2023-03-16 12:33:37,635 - INFO - Train: [16/90][300/3907]	eta 1:15:08 lr 0.03732051	time 0.2681 (1.2499)	loss 4.6603 (5.0683)	acc@1: 37.9961	acc@5: 59.7632	
2023-03-16 12:39:34,313 - INFO - Train: [16/90][600/3907]	eta 1:07:12 lr 0.03732051	time 0.2699 (1.2195)	loss 5.6975 (5.1298)	acc@1: 27.6582	acc@5: 48.5544	
2023-03-16 12:46:07,639 - INFO - Train: [16/90][900/3907]	eta 1:02:38 lr 0.03732051	time 4.3541 (1.2500)	loss 3.8709 (5.1316)	acc@1: 43.0141	acc@5: 66.8255	
2023-03-16 12:53:03,438 - INFO - Train: [16/90][1200/3907]	eta 0:57:55 lr 0.03732051	time 0.2682 (1.2839)	loss 4.1181 (5.1655)	acc@1: 35.0733	acc@5: 71.7035	
2023-03-16 12:59:37,327 - INFO - Train: [16/90][1500/3907]	eta 0:51:44 lr 0.03732051	time 0.2762 (1.2897)	loss 6.9454 (5.1709)	acc@1: 13.7511	acc@5: 24.2504	
2023-03-16 13:06:34,837 - INFO - Train: [16/90][1800/3907]	eta 0:45:53 lr 0.03732051	time 0.2682 (1.3067)	loss 5.3372 (5.1675)	acc@1: 35.0445	acc@5: 51.5749	
2023-03-16 13:13:35,429 - INFO - Train: [16/90][2100/3907]	eta 0:39:45 lr 0.03732051	time 0.2684 (1.3203)	loss 6.8006 (5.1811)	acc@1: 19.1449	acc@5: 32.4776	
2023-03-16 13:20:41,047 - INFO - Train: [16/90][2400/3907]	eta 0:33:28 lr 0.03732051	time 0.2678 (1.3326)	loss 4.0294 (5.1954)	acc@1: 43.6307	acc@5: 67.3597	
2023-03-16 13:27:57,089 - INFO - Train: [16/90][2700/3907]	eta 0:27:04 lr 0.03732051	time 0.2679 (1.3460)	loss 4.2042 (5.1979)	acc@1: 40.6837	acc@5: 63.7122	
2023-03-16 13:35:05,448 - INFO - Train: [16/90][3000/3907]	eta 0:20:28 lr 0.03732051	time 0.2679 (1.3542)	loss 4.6538 (5.2002)	acc@1: 35.8781	acc@5: 57.1121	
2023-03-16 13:42:30,217 - INFO - Train: [16/90][3300/3907]	eta 0:13:49 lr 0.03732051	time 0.2682 (1.3659)	loss 4.2593 (5.2171)	acc@1: 38.2770	acc@5: 57.8060	
2023-03-16 13:49:42,766 - INFO - Train: [16/90][3600/3907]	eta 0:07:01 lr 0.03732051	time 7.2700 (1.3722)	loss 4.5136 (5.2136)	acc@1: 40.3911	acc@5: 58.3277	
2023-03-16 13:57:01,688 - INFO - Train: [16/90][3900/3907]	eta 0:00:09 lr 0.03732051	time 0.2682 (1.3792)	loss 4.4016 (5.2173)	acc@1: 36.2057	acc@5: 65.8037	
2023-03-16 13:57:03,973 - INFO - EPOCH 16 training takes 1:29:42
2023-03-16 13:57:07,009 - INFO - ./outputs/inat21_mini/res50_image_only/fold1_latest.pth saved !!!
2023-03-16 13:57:07,010 - INFO - **********latest test***********
2023-03-16 13:57:07,010 - INFO - eval epoch 16
2023-03-16 13:57:09,316 - INFO - Test: [0/782]	Time 2.305 (2.305)	Loss 3.7300 (3.7300)	Acc@1 38.281 (38.281)	Acc@5 67.969 (67.969)
2023-03-16 14:05:22,507 - INFO - Test: [200/782]	Time 2.889 (2.465)	Loss 3.8467 (4.0124)	Acc@1 43.750 (39.253)	Acc@5 68.750 (64.548)
2023-03-16 14:30:59,201 - INFO - Test: [400/782]	Time 3.079 (5.068)	Loss 3.8341 (3.9967)	Acc@1 42.188 (39.487)	Acc@5 70.312 (64.865)
2023-03-16 14:41:28,819 - INFO - Test: [600/782]	Time 3.029 (4.429)	Loss 3.7386 (3.9495)	Acc@1 42.969 (40.412)	Acc@5 71.875 (65.784)
2023-03-16 14:50:30,893 - INFO -  * Acc@1 40.654 Acc@5 66.251
2023-03-16 14:50:30,893 - INFO - Max accuracy: 40.6540%
2023-03-16 14:50:34,009 - INFO - ./outputs/inat21_mini/res50_image_only/fold1_best.pth saved !!!
2023-03-16 14:50:34,009 - INFO - Exp path: ./outputs/inat21_mini/res50_image_only
2023-03-16 14:50:42,460 - INFO - Train: [17/90][0/3907]	eta 9:09:58 lr 0.03696096	time 8.4461 (8.4461)	loss 4.4989 (4.4989)	acc@1: 41.7803	acc@5: 60.4817	
2023-03-16 14:56:38,190 - INFO - Train: [17/90][300/3907]	eta 1:12:44 lr 0.03696096	time 0.2667 (1.2099)	loss 4.0545 (5.1201)	acc@1: 44.1190	acc@5: 64.2435	
2023-03-16 15:02:58,088 - INFO - Train: [17/90][600/3907]	eta 1:08:14 lr 0.03696096	time 0.2683 (1.2381)	loss 5.2037 (5.1524)	acc@1: 29.2151	acc@5: 55.0039	
2023-03-16 15:09:29,975 - INFO - Train: [17/90][900/3907]	eta 1:03:11 lr 0.03696096	time 4.1246 (1.2608)	loss 7.0490 (5.1593)	acc@1: 9.9260	acc@5: 23.0228	
2023-03-16 15:16:04,356 - INFO - Train: [17/90][1200/3907]	eta 0:57:29 lr 0.03696096	time 0.2716 (1.2742)	loss 5.1097 (5.1543)	acc@1: 37.3153	acc@5: 58.6842	
2023-03-16 15:22:54,537 - INFO - Train: [17/90][1500/3907]	eta 0:51:51 lr 0.03696096	time 7.2262 (1.2928)	loss 4.2485 (5.1509)	acc@1: 38.8837	acc@5: 59.1032	
2023-03-16 15:29:56,220 - INFO - Train: [17/90][1800/3907]	eta 0:46:03 lr 0.03696096	time 0.2680 (1.3116)	loss 5.1437 (5.1651)	acc@1: 32.0536	acc@5: 52.5133	
2023-03-16 15:37:05,488 - INFO - Train: [17/90][2100/3907]	eta 0:40:00 lr 0.03696096	time 0.2682 (1.3286)	loss 4.4283 (5.1726)	acc@1: 43.5592	acc@5: 63.5535	
2023-03-16 15:44:27,312 - INFO - Train: [17/90][2400/3907]	eta 0:33:49 lr 0.03696096	time 0.2678 (1.3466)	loss 5.1202 (5.1872)	acc@1: 36.2407	acc@5: 54.0316	
2023-03-16 15:51:57,039 - INFO - Train: [17/90][2700/3907]	eta 0:27:25 lr 0.03696096	time 5.2129 (1.3636)	loss 4.7395 (5.1839)	acc@1: 35.7578	acc@5: 64.5044	
2023-03-16 15:59:28,810 - INFO - Train: [17/90][3000/3907]	eta 0:20:49 lr 0.03696096	time 6.8625 (1.3778)	loss 5.7980 (5.1871)	acc@1: 26.0362	acc@5: 46.1960	
2023-03-16 16:06:48,431 - INFO - Train: [17/90][3300/3907]	eta 0:14:01 lr 0.03696096	time 0.2679 (1.3858)	loss 5.1320 (5.1891)	acc@1: 31.0297	acc@5: 58.0982	
2023-03-16 16:14:20,537 - INFO - Train: [17/90][3600/3907]	eta 0:07:08 lr 0.03696096	time 1.1789 (1.3959)	loss 7.0443 (5.1913)	acc@1: 11.8227	acc@5: 22.8641	
2023-03-16 16:21:50,707 - INFO - Train: [17/90][3900/3907]	eta 0:00:09 lr 0.03696096	time 0.2676 (1.4039)	loss 6.4472 (5.2001)	acc@1: 21.3846	acc@5: 36.4668	
2023-03-16 16:21:53,027 - INFO - EPOCH 17 training takes 1:31:19
2023-03-16 16:21:56,183 - INFO - ./outputs/inat21_mini/res50_image_only/fold1_latest.pth saved !!!
2023-03-16 16:21:56,184 - INFO - **********latest test***********
2023-03-16 16:21:56,184 - INFO - eval epoch 17
2023-03-16 16:21:58,481 - INFO - Test: [0/782]	Time 2.296 (2.296)	Loss 3.6510 (3.6510)	Acc@1 39.062 (39.062)	Acc@5 77.344 (77.344)
2023-03-16 16:29:25,406 - INFO - Test: [200/782]	Time 2.368 (2.235)	Loss 3.8296 (4.0592)	Acc@1 42.188 (39.082)	Acc@5 71.094 (64.319)
2023-03-16 16:36:51,927 - INFO - Test: [400/782]	Time 2.188 (2.234)	Loss 3.8032 (4.0203)	Acc@1 46.094 (39.898)	Acc@5 70.312 (64.961)
2023-03-16 16:44:20,517 - INFO - Test: [600/782]	Time 2.138 (2.237)	Loss 3.9933 (3.9737)	Acc@1 34.375 (40.721)	Acc@5 63.281 (65.765)
2023-03-16 16:51:01,237 - INFO -  * Acc@1 40.879 Acc@5 66.149
2023-03-16 16:51:01,237 - INFO - Max accuracy: 40.8790%
2023-03-16 16:51:04,390 - INFO - ./outputs/inat21_mini/res50_image_only/fold1_best.pth saved !!!
2023-03-16 16:51:04,391 - INFO - Exp path: ./outputs/inat21_mini/res50_image_only
2023-03-16 16:51:10,583 - INFO - Train: [18/90][0/3907]	eta 6:42:39 lr 0.03658075	time 6.1836 (6.1836)	loss 6.2385 (6.2385)	acc@1: 22.1329	acc@5: 37.2057	
2023-03-16 16:54:18,781 - INFO - Train: [18/90][300/3907]	eta 0:38:49 lr 0.03658075	time 0.2691 (0.6458)	loss 4.0223 (4.9194)	acc@1: 39.4949	acc@5: 65.8248	
2023-03-16 16:57:47,011 - INFO - Train: [18/90][600/3907]	eta 0:36:55 lr 0.03658075	time 5.1642 (0.6699)	loss 6.9327 (5.0219)	acc@1: 14.4102	acc@5: 23.5142	
2023-03-16 17:01:21,664 - INFO - Train: [18/90][900/3907]	eta 0:34:20 lr 0.03658075	time 0.2691 (0.6851)	loss 3.7557 (5.0540)	acc@1: 47.5876	acc@5: 70.9908	
2023-03-16 17:05:17,258 - INFO - Train: [18/90][1200/3907]	eta 0:32:02 lr 0.03658075	time 2.3720 (0.7101)	loss 4.2681 (5.0983)	acc@1: 32.8086	acc@5: 60.9302	
2023-03-16 17:09:46,251 - INFO - Train: [18/90][1500/3907]	eta 0:29:58 lr 0.03658075	time 4.4939 (0.7474)	loss 5.0737 (5.1194)	acc@1: 35.5935	acc@5: 56.4809	
2023-03-16 17:14:28,955 - INFO - Train: [18/90][1800/3907]	eta 0:27:23 lr 0.03658075	time 0.2688 (0.7799)	loss 6.2213 (5.1383)	acc@1: 25.9128	acc@5: 39.8310	
2023-03-16 17:19:52,162 - INFO - Train: [18/90][2100/3907]	eta 0:24:45 lr 0.03658075	time 0.2911 (0.8223)	loss 6.1096 (5.1643)	acc@1: 24.8333	acc@5: 43.8920	
2023-03-16 17:25:54,376 - INFO - Train: [18/90][2400/3907]	eta 0:21:51 lr 0.03658075	time 0.2678 (0.8705)	loss 3.9633 (5.1610)	acc@1: 42.8839	acc@5: 64.7157	
2023-03-16 17:32:54,666 - INFO - Train: [18/90][2700/3907]	eta 0:18:41 lr 0.03658075	time 0.2669 (0.9294)	loss 3.9114 (5.1624)	acc@1: 44.8426	acc@5: 67.6439	
2023-03-16 17:40:24,667 - INFO - Train: [18/90][3000/3907]	eta 0:14:54 lr 0.03658075	time 0.2693 (0.9864)	loss 4.5245 (5.1664)	acc@1: 39.7424	acc@5: 58.8776	
2023-03-16 17:48:01,396 - INFO - Train: [18/90][3300/3907]	eta 0:10:28 lr 0.03658075	time 2.3934 (1.0351)	loss 3.9278 (5.1624)	acc@1: 45.2480	acc@5: 67.8715	
2023-03-16 17:55:41,102 - INFO - Train: [18/90][3600/3907]	eta 0:05:30 lr 0.03658075	time 6.8960 (1.0766)	loss 3.9651 (5.1674)	acc@1: 40.1905	acc@5: 71.8655	
2023-03-16 18:03:15,745 - INFO - Train: [18/90][3900/3907]	eta 0:00:07 lr 0.03658075	time 0.2677 (1.1103)	loss 5.0235 (5.1706)	acc@1: 30.7788	acc@5: 58.2349	
2023-03-16 18:03:17,948 - INFO - EPOCH 18 training takes 1:12:13
2023-03-16 18:03:21,159 - INFO - ./outputs/inat21_mini/res50_image_only/fold1_latest.pth saved !!!
2023-03-16 18:03:21,160 - INFO - **********latest test***********
2023-03-16 18:03:21,160 - INFO - eval epoch 18
2023-03-16 18:03:23,497 - INFO - Test: [0/782]	Time 2.336 (2.336)	Loss 3.5266 (3.5266)	Acc@1 46.875 (46.875)	Acc@5 71.094 (71.094)
2023-03-16 18:10:48,460 - INFO - Test: [200/782]	Time 2.288 (2.225)	Loss 3.9770 (4.0458)	Acc@1 37.500 (38.911)	Acc@5 67.969 (64.078)
2023-03-16 18:18:12,717 - INFO - Test: [400/782]	Time 2.158 (2.223)	Loss 3.8118 (4.0160)	Acc@1 42.188 (39.341)	Acc@5 64.844 (64.931)
2023-03-16 18:25:40,757 - INFO - Test: [600/782]	Time 2.184 (2.229)	Loss 3.9277 (3.9653)	Acc@1 38.281 (40.446)	Acc@5 66.406 (65.912)
2023-03-16 18:32:21,017 - INFO -  * Acc@1 40.730 Acc@5 66.423
2023-03-16 18:32:21,017 - INFO - Max accuracy: 40.8790%
2023-03-16 18:32:21,017 - INFO - Exp path: ./outputs/inat21_mini/res50_image_only
2023-03-16 18:32:23,527 - INFO - Train: [19/90][0/3907]	eta 2:43:05 lr 0.03618034	time 2.5047 (2.5047)	loss 5.4125 (5.4125)	acc@1: 33.7103	acc@5: 56.2623	
2023-03-16 18:34:06,526 - INFO - Train: [19/90][300/3907]	eta 0:21:04 lr 0.03618034	time 0.2697 (0.3505)	loss 6.5315 (5.0780)	acc@1: 22.3002	acc@5: 37.8398	
2023-03-16 18:36:09,277 - INFO - Train: [19/90][600/3907]	eta 0:20:55 lr 0.03618034	time 0.2816 (0.3798)	loss 4.4237 (5.0756)	acc@1: 34.8055	acc@5: 57.2357	
2023-03-16 18:38:25,371 - INFO - Train: [19/90][900/3907]	eta 0:20:15 lr 0.03618034	time 0.2684 (0.4044)	loss 4.5767 (5.0676)	acc@1: 37.1329	acc@5: 62.6162	
2023-03-16 18:40:54,596 - INFO - Train: [19/90][1200/3907]	eta 0:19:17 lr 0.03618034	time 0.2696 (0.4276)	loss 6.4712 (5.0901)	acc@1: 20.2965	acc@5: 39.1980	
2023-03-16 18:43:31,670 - INFO - Train: [19/90][1500/3907]	eta 0:17:55 lr 0.03618034	time 0.2694 (0.4468)	loss 4.0956 (5.0948)	acc@1: 36.7279	acc@5: 68.9302	
2023-03-16 18:46:28,818 - INFO - Train: [19/90][1800/3907]	eta 0:16:31 lr 0.03618034	time 0.2691 (0.4707)	loss 7.0520 (5.1019)	acc@1: 13.2504	acc@5: 25.0925	
2023-03-16 18:49:53,610 - INFO - Train: [19/90][2100/3907]	eta 0:15:05 lr 0.03618034	time 2.8303 (0.5010)	loss 4.2744 (5.1103)	acc@1: 35.8640	acc@5: 60.5205	
2023-03-16 18:53:43,579 - INFO - Train: [19/90][2400/3907]	eta 0:13:24 lr 0.03618034	time 0.2676 (0.5342)	loss 4.1226 (5.1071)	acc@1: 37.2890	acc@5: 65.2601	
2023-03-16 18:58:52,066 - INFO - Train: [19/90][2700/3907]	eta 0:11:50 lr 0.03618034	time 0.2682 (0.5891)	loss 5.5461 (5.1096)	acc@1: 31.9830	acc@5: 53.4341	
2023-03-16 19:05:02,204 - INFO - Train: [19/90][3000/3907]	eta 0:09:52 lr 0.03618034	time 0.2740 (0.6535)	loss 4.8047 (5.1130)	acc@1: 39.6055	acc@5: 58.7750	
2023-03-16 19:11:54,432 - INFO - Train: [19/90][3300/3907]	eta 0:07:16 lr 0.03618034	time 7.6473 (0.7190)	loss 6.4739 (5.1290)	acc@1: 19.6530	acc@5: 33.7722	
2023-03-16 19:18:41,168 - INFO - Train: [19/90][3600/3907]	eta 0:03:57 lr 0.03618034	time 0.2685 (0.7720)	loss 6.9267 (5.1402)	acc@1: 12.3349	acc@5: 24.0537	
2023-03-16 19:25:33,751 - INFO - Train: [19/90][3900/3907]	eta 0:00:05 lr 0.03618034	time 0.2672 (0.8184)	loss 4.3150 (5.1387)	acc@1: 36.4970	acc@5: 60.5694	
2023-03-16 19:25:35,286 - INFO - EPOCH 19 training takes 0:53:14
2023-03-16 19:25:38,783 - INFO - ./outputs/inat21_mini/res50_image_only/fold1_latest.pth saved !!!
2023-03-16 19:25:38,783 - INFO - **********latest test***********
2023-03-16 19:25:38,783 - INFO - eval epoch 19
2023-03-16 19:25:48,489 - INFO - Test: [0/782]	Time 9.705 (9.705)	Loss 3.6574 (3.6574)	Acc@1 39.844 (39.844)	Acc@5 71.875 (71.875)
2023-03-16 19:47:25,581 - INFO - Test: [200/782]	Time 6.493 (6.501)	Loss 3.7765 (3.9888)	Acc@1 45.312 (39.976)	Acc@5 70.312 (65.559)
2023-03-16 20:06:40,026 - INFO - Test: [400/782]	Time 5.111 (6.138)	Loss 3.6960 (3.9580)	Acc@1 46.094 (40.578)	Acc@5 71.875 (66.190)
2023-03-16 20:16:41,931 - INFO - Test: [600/782]	Time 2.237 (5.097)	Loss 4.1793 (3.9071)	Acc@1 29.688 (41.486)	Acc@5 62.500 (67.099)
2023-03-16 20:21:30,764 - INFO -  * Acc@1 41.802 Acc@5 67.514
2023-03-16 20:21:30,764 - INFO - Max accuracy: 41.8020%
2023-03-16 20:21:33,874 - INFO - ./outputs/inat21_mini/res50_image_only/fold1_best.pth saved !!!
2023-03-16 20:21:33,874 - INFO - Exp path: ./outputs/inat21_mini/res50_image_only
2023-03-16 20:21:38,969 - INFO - Train: [20/90][0/3907]	eta 5:31:10 lr 0.03576022	time 5.0859 (5.0859)	loss 5.1321 (5.1321)	acc@1: 34.8010	acc@5: 57.2508	
2023-03-16 20:24:35,049 - INFO - Train: [20/90][300/3907]	eta 0:36:10 lr 0.03576022	time 0.2690 (0.6019)	loss 6.8748 (4.9560)	acc@1: 16.0991	acc@5: 26.3556	
2023-03-16 20:27:54,969 - INFO - Train: [20/90][600/3907]	eta 0:34:56 lr 0.03576022	time 0.2682 (0.6341)	loss 5.5494 (4.9880)	acc@1: 33.8456	acc@5: 52.7187	
2023-03-16 20:31:17,695 - INFO - Train: [20/90][900/3907]	eta 0:32:28 lr 0.03576022	time 0.2713 (0.6480)	loss 6.5432 (5.0004)	acc@1: 20.9165	acc@5: 35.9773	
2023-03-16 20:34:56,562 - INFO - Train: [20/90][1200/3907]	eta 0:30:09 lr 0.03576022	time 0.2685 (0.6683)	loss 3.6834 (5.0289)	acc@1: 43.4188	acc@5: 71.3309	
2023-03-16 20:38:48,732 - INFO - Train: [20/90][1500/3907]	eta 0:27:39 lr 0.03576022	time 0.2690 (0.6894)	loss 4.6240 (5.0412)	acc@1: 32.4270	acc@5: 58.1851	
2023-03-16 20:43:08,156 - INFO - Train: [20/90][1800/3907]	eta 0:25:14 lr 0.03576022	time 0.2671 (0.7186)	loss 4.3448 (5.0554)	acc@1: 41.6015	acc@5: 59.8248	
2023-03-16 20:47:55,825 - INFO - Train: [20/90][2100/3907]	eta 0:22:40 lr 0.03576022	time 1.0692 (0.7529)	loss 5.1853 (5.0590)	acc@1: 28.8243	acc@5: 53.5308	
2023-03-16 20:53:09,256 - INFO - Train: [20/90][2400/3907]	eta 0:19:49 lr 0.03576022	time 0.2785 (0.7894)	loss 5.9142 (5.0713)	acc@1: 28.2804	acc@5: 39.9917	
2023-03-16 20:58:28,258 - INFO - Train: [20/90][2700/3907]	eta 0:16:29 lr 0.03576022	time 0.2743 (0.8198)	loss 5.4645 (5.0819)	acc@1: 29.6785	acc@5: 49.9514	
2023-03-16 21:03:56,831 - INFO - Train: [20/90][3000/3907]	eta 0:12:48 lr 0.03576022	time 0.2730 (0.8474)	loss 4.9164 (5.0886)	acc@1: 36.1368	acc@5: 54.9001	
2023-03-16 21:10:18,874 - INFO - Train: [20/90][3300/3907]	eta 0:08:57 lr 0.03576022	time 0.2665 (0.8861)	loss 4.9923 (5.0989)	acc@1: 34.8531	acc@5: 59.2504	
2023-03-16 21:16:38,087 - INFO - Train: [20/90][3600/3907]	eta 0:04:41 lr 0.03576022	time 0.2669 (0.9176)	loss 4.8017 (5.1008)	acc@1: 35.3633	acc@5: 51.9338	
2023-03-16 21:23:05,769 - INFO - Train: [20/90][3900/3907]	eta 0:00:06 lr 0.03576022	time 0.2678 (0.9464)	loss 4.1756 (5.1062)	acc@1: 38.0377	acc@5: 60.5468	
2023-03-16 21:23:07,760 - INFO - EPOCH 20 training takes 1:01:33
2023-03-16 21:23:10,973 - INFO - ./outputs/inat21_mini/res50_image_only/fold1_latest.pth saved !!!
2023-03-16 21:23:10,974 - INFO - **********latest test***********
2023-03-16 21:23:10,974 - INFO - eval epoch 20
2023-03-16 21:23:14,676 - INFO - Test: [0/782]	Time 3.701 (3.701)	Loss 3.5531 (3.5531)	Acc@1 46.094 (46.094)	Acc@5 75.000 (75.000)
2023-03-16 21:31:55,771 - INFO - Test: [200/782]	Time 2.367 (2.611)	Loss 3.8848 (3.9890)	Acc@1 38.281 (39.144)	Acc@5 66.406 (64.770)
2023-03-16 21:39:28,280 - INFO - Test: [400/782]	Time 2.211 (2.437)	Loss 3.9208 (3.9616)	Acc@1 41.406 (39.764)	Acc@5 63.281 (65.274)
2023-03-16 21:46:45,963 - INFO - Test: [600/782]	Time 2.128 (2.354)	Loss 3.7520 (3.9183)	Acc@1 37.500 (40.695)	Acc@5 69.531 (66.111)
2023-03-16 21:53:22,228 - INFO -  * Acc@1 40.936 Acc@5 66.531
2023-03-16 21:53:22,228 - INFO - Max accuracy: 41.8020%
2023-03-16 21:53:22,228 - INFO - Exp path: ./outputs/inat21_mini/res50_image_only
2023-03-16 21:53:25,807 - INFO - Train: [21/90][0/3907]	eta 3:52:43 lr 0.03532089	time 3.5739 (3.5739)	loss 6.3065 (6.3065)	acc@1: 22.5044	acc@5: 38.1489	
2023-03-16 21:55:11,411 - INFO - Train: [21/90][300/3907]	eta 0:21:48 lr 0.03532089	time 0.2700 (0.3627)	loss 5.1789 (4.9991)	acc@1: 37.8708	acc@5: 57.3387	
2023-03-16 21:57:06,288 - INFO - Train: [21/90][600/3907]	eta 0:20:32 lr 0.03532089	time 0.2702 (0.3728)	loss 6.9848 (4.9871)	acc@1: 12.6683	acc@5: 25.6220	
2023-03-16 21:59:19,675 - INFO - Train: [21/90][900/3907]	eta 0:19:52 lr 0.03532089	time 0.2694 (0.3967)	loss 5.4470 (4.9993)	acc@1: 29.3059	acc@5: 50.6661	
2023-03-16 22:01:45,096 - INFO - Train: [21/90][1200/3907]	eta 0:18:53 lr 0.03532089	time 0.2692 (0.4187)	loss 6.6875 (5.0108)	acc@1: 18.6237	acc@5: 32.8711	
2023-03-16 22:04:23,699 - INFO - Train: [21/90][1500/3907]	eta 0:17:40 lr 0.03532089	time 0.2765 (0.4407)	loss 6.9646 (5.0300)	acc@1: 12.1884	acc@5: 25.5373	
2023-03-16 22:07:24,556 - INFO - Train: [21/90][1800/3907]	eta 0:16:25 lr 0.03532089	time 0.2689 (0.4677)	loss 6.5113 (5.0387)	acc@1: 17.1984	acc@5: 35.1781	
2023-03-16 22:10:47,830 - INFO - Train: [21/90][2100/3907]	eta 0:14:59 lr 0.03532089	time 1.5150 (0.4977)	loss 3.6181 (5.0429)	acc@1: 48.9498	acc@5: 77.6999	
2023-03-16 22:14:42,656 - INFO - Train: [21/90][2400/3907]	eta 0:13:23 lr 0.03532089	time 0.2685 (0.5333)	loss 4.0650 (5.0496)	acc@1: 43.7495	acc@5: 63.2805	
2023-03-16 22:19:18,774 - INFO - Train: [21/90][2700/3907]	eta 0:11:35 lr 0.03532089	time 0.2708 (0.5763)	loss 6.1677 (5.0600)	acc@1: 27.2080	acc@5: 39.0945	
2023-03-16 22:25:01,607 - INFO - Train: [21/90][3000/3907]	eta 0:09:34 lr 0.03532089	time 0.2760 (0.6329)	loss 6.4458 (5.0722)	acc@1: 22.1048	acc@5: 36.9864	
2023-03-16 22:30:58,390 - INFO - Train: [21/90][3300/3907]	eta 0:06:54 lr 0.03532089	time 8.7618 (0.6835)	loss 6.5732 (5.0791)	acc@1: 20.6731	acc@5: 36.1213	
2023-03-16 22:36:51,922 - INFO - Train: [21/90][3600/3907]	eta 0:03:42 lr 0.03532089	time 0.2680 (0.7247)	loss 4.6363 (5.0910)	acc@1: 38.6841	acc@5: 66.4061	
2023-03-16 22:42:53,695 - INFO - Train: [21/90][3900/3907]	eta 0:00:05 lr 0.03532089	time 0.2671 (0.7617)	loss 6.3154 (5.0974)	acc@1: 23.8430	acc@5: 37.0711	
2023-03-16 22:42:55,218 - INFO - EPOCH 21 training takes 0:49:32
2023-03-16 22:42:58,399 - INFO - ./outputs/inat21_mini/res50_image_only/fold1_latest.pth saved !!!
2023-03-16 22:42:58,400 - INFO - **********latest test***********
2023-03-16 22:42:58,400 - INFO - eval epoch 21
2023-03-16 22:43:00,618 - INFO - Test: [0/782]	Time 2.216 (2.216)	Loss 3.7606 (3.7606)	Acc@1 40.625 (40.625)	Acc@5 71.875 (71.875)
2023-03-16 22:50:27,044 - INFO - Test: [200/782]	Time 2.363 (2.232)	Loss 3.9282 (4.0875)	Acc@1 43.750 (39.346)	Acc@5 69.531 (64.638)
2023-03-16 22:57:52,525 - INFO - Test: [400/782]	Time 2.268 (2.230)	Loss 4.0166 (4.0573)	Acc@1 40.625 (39.830)	Acc@5 63.281 (65.387)
2023-03-16 23:05:10,794 - INFO - Test: [600/782]	Time 2.110 (2.217)	Loss 4.0363 (4.0067)	Acc@1 38.281 (40.937)	Acc@5 62.500 (66.317)
2023-03-16 23:11:46,475 - INFO -  * Acc@1 41.123 Acc@5 66.662
2023-03-16 23:11:46,476 - INFO - Max accuracy: 41.8020%
2023-03-16 23:11:46,476 - INFO - Exp path: ./outputs/inat21_mini/res50_image_only
2023-03-16 23:11:48,320 - INFO - Train: [22/90][0/3907]	eta 1:59:45 lr 0.03486290	time 1.8392 (1.8392)	loss 6.9717 (6.9717)	acc@1: 18.0910	acc@5: 29.4395	
2023-03-16 23:13:12,495 - INFO - Train: [22/90][300/3907]	eta 0:17:10 lr 0.03486290	time 0.2837 (0.2858)	loss 3.7089 (4.9979)	acc@1: 48.4311	acc@5: 68.7409	
2023-03-16 23:14:46,348 - INFO - Train: [22/90][600/3907]	eta 0:16:29 lr 0.03486290	time 0.2735 (0.2993)	loss 6.8432 (5.1039)	acc@1: 17.1034	acc@5: 26.8140	
2023-03-16 23:16:31,770 - INFO - Train: [22/90][900/3907]	eta 0:15:52 lr 0.03486290	time 0.2707 (0.3166)	loss 3.7893 (5.0802)	acc@1: 51.6468	acc@5: 72.1754	
2023-03-16 23:18:28,570 - INFO - Train: [22/90][1200/3907]	eta 0:15:06 lr 0.03486290	time 0.2702 (0.3348)	loss 5.4033 (5.0892)	acc@1: 31.5966	acc@5: 50.9414	
2023-03-16 23:20:34,800 - INFO - Train: [22/90][1500/3907]	eta 0:14:07 lr 0.03486290	time 0.2774 (0.3520)	loss 4.1866 (5.0990)	acc@1: 45.5081	acc@5: 66.8197	
2023-03-16 23:22:59,082 - INFO - Train: [22/90][1800/3907]	eta 0:13:06 lr 0.03486290	time 0.2694 (0.3735)	loss 5.5015 (5.0987)	acc@1: 31.8429	acc@5: 49.9496	
2023-03-16 23:25:38,080 - INFO - Train: [22/90][2100/3907]	eta 0:11:55 lr 0.03486290	time 0.2769 (0.3958)	loss 3.8385 (5.0851)	acc@1: 44.4328	acc@5: 72.7578	
2023-03-16 23:28:40,137 - INFO - Train: [22/90][2400/3907]	eta 0:10:36 lr 0.03486290	time 0.2688 (0.4222)	loss 4.0211 (5.0833)	acc@1: 41.3992	acc@5: 62.4895	
2023-03-16 23:32:12,634 - INFO - Train: [22/90][2700/3907]	eta 0:09:07 lr 0.03486290	time 0.2687 (0.4540)	loss 3.8581 (5.0792)	acc@1: 43.1610	acc@5: 70.1300	
2023-03-16 23:36:29,018 - INFO - Train: [22/90][3000/3907]	eta 0:07:28 lr 0.03486290	time 0.2688 (0.4940)	loss 4.7390 (5.0787)	acc@1: 37.7924	acc@5: 61.9363	
2023-03-16 23:41:01,902 - INFO - Train: [22/90][3300/3907]	eta 0:05:22 lr 0.03486290	time 0.2686 (0.5318)	loss 4.0019 (5.0872)	acc@1: 43.7255	acc@5: 70.5886	
2023-03-16 23:45:35,228 - INFO - Train: [22/90][3600/3907]	eta 0:02:52 lr 0.03486290	time 0.2705 (0.5634)	loss 6.5838 (5.0995)	acc@1: 15.2919	acc@5: 32.9276	
2023-03-16 23:50:34,892 - INFO - Train: [22/90][3900/3907]	eta 0:00:04 lr 0.03486290	time 3.0389 (0.5969)	loss 5.5120 (5.0983)	acc@1: 33.7468	acc@5: 50.9386	
2023-03-16 23:50:36,412 - INFO - EPOCH 22 training takes 0:38:49
2023-03-16 23:50:39,541 - INFO - ./outputs/inat21_mini/res50_image_only/fold1_latest.pth saved !!!
2023-03-16 23:50:39,542 - INFO - **********latest test***********
2023-03-16 23:50:39,542 - INFO - eval epoch 22
2023-03-16 23:50:41,866 - INFO - Test: [0/782]	Time 2.323 (2.323)	Loss 3.6697 (3.6697)	Acc@1 46.875 (46.875)	Acc@5 73.438 (73.438)
2023-03-16 23:57:58,143 - INFO - Test: [200/782]	Time 2.278 (2.182)	Loss 3.8655 (4.0452)	Acc@1 41.406 (40.026)	Acc@5 68.750 (65.248)
2023-03-17 00:05:22,767 - INFO - Test: [400/782]	Time 2.211 (2.203)	Loss 4.0609 (4.0222)	Acc@1 45.312 (40.272)	Acc@5 64.844 (65.518)
2023-03-17 00:09:55,580 - INFO - Test: [600/782]	Time 1.170 (1.924)	Loss 4.0237 (3.9805)	Acc@1 38.281 (41.099)	Acc@5 62.500 (66.350)
2023-03-17 00:21:27,939 - INFO -  * Acc@1 41.355 Acc@5 66.754
2023-03-17 00:21:27,939 - INFO - Max accuracy: 41.8020%
2023-03-17 00:21:27,939 - INFO - Exp path: ./outputs/inat21_mini/res50_image_only
2023-03-17 00:21:33,712 - INFO - Train: [23/90][0/3907]	eta 6:15:05 lr 0.03438680	time 5.7604 (5.7604)	loss 6.7830 (6.7830)	acc@1: 17.9946	acc@5: 29.3421	
2023-03-17 00:26:27,399 - INFO - Train: [23/90][300/3907]	eta 0:59:48 lr 0.03438680	time 0.2711 (0.9948)	loss 3.5228 (4.9027)	acc@1: 51.6836	acc@5: 74.0541	
2023-03-17 00:32:11,909 - INFO - Train: [23/90][600/3907]	eta 0:59:03 lr 0.03438680	time 0.2692 (1.0715)	loss 3.8334 (4.9131)	acc@1: 49.3486	acc@5: 71.7097	
2023-03-17 00:37:23,230 - INFO - Train: [23/90][900/3907]	eta 0:53:08 lr 0.03438680	time 0.2661 (1.0602)	loss 4.2973 (4.9766)	acc@1: 46.9838	acc@5: 61.6258	
2023-03-17 00:42:39,860 - INFO - Train: [23/90][1200/3907]	eta 0:47:46 lr 0.03438680	time 0.2681 (1.0590)	loss 7.0185 (4.9888)	acc@1: 13.6736	acc@5: 25.1979	
2023-03-17 00:48:32,969 - INFO - Train: [23/90][1500/3907]	eta 0:43:25 lr 0.03438680	time 0.2681 (1.0826)	loss 6.5396 (5.0287)	acc@1: 19.2385	acc@5: 35.4266	
2023-03-17 00:54:27,179 - INFO - Train: [23/90][1800/3907]	eta 0:38:35 lr 0.03438680	time 6.0003 (1.0990)	loss 7.0295 (5.0271)	acc@1: 11.4652	acc@5: 24.8972	
2023-03-17 01:00:52,128 - INFO - Train: [23/90][2100/3907]	eta 0:33:53 lr 0.03438680	time 8.8584 (1.1253)	loss 3.6522 (5.0350)	acc@1: 52.3413	acc@5: 70.3092	
2023-03-17 01:07:24,721 - INFO - Train: [23/90][2400/3907]	eta 0:28:50 lr 0.03438680	time 0.2681 (1.1482)	loss 4.2829 (5.0315)	acc@1: 40.8595	acc@5: 65.3752	
2023-03-17 01:14:11,600 - INFO - Train: [23/90][2700/3907]	eta 0:23:33 lr 0.03438680	time 0.2697 (1.1713)	loss 6.7115 (5.0420)	acc@1: 17.0811	acc@5: 31.3212	
2023-03-17 01:21:15,469 - INFO - Train: [23/90][3000/3907]	eta 0:18:04 lr 0.03438680	time 0.2690 (1.1954)	loss 6.6285 (5.0487)	acc@1: 17.9098	acc@5: 31.3890	
2023-03-17 01:28:00,939 - INFO - Train: [23/90][3300/3907]	eta 0:12:14 lr 0.03438680	time 0.2777 (1.2096)	loss 6.5236 (5.0593)	acc@1: 19.4239	acc@5: 32.5298	
2023-03-17 01:35:05,268 - INFO - Train: [23/90][3600/3907]	eta 0:06:16 lr 0.03438680	time 10.5789 (1.2267)	loss 4.4582 (5.0698)	acc@1: 45.3253	acc@5: 61.5874	
2023-03-17 01:42:17,756 - INFO - Train: [23/90][3900/3907]	eta 0:00:08 lr 0.03438680	time 0.2679 (1.2432)	loss 3.7105 (5.0672)	acc@1: 46.2363	acc@5: 70.8956	
2023-03-17 01:42:20,636 - INFO - EPOCH 23 training takes 1:20:52
2023-03-17 01:42:24,069 - INFO - ./outputs/inat21_mini/res50_image_only/fold1_latest.pth saved !!!
2023-03-17 01:42:24,070 - INFO - **********latest test***********
2023-03-17 01:42:24,070 - INFO - eval epoch 23
2023-03-17 01:42:28,584 - INFO - Test: [0/782]	Time 4.513 (4.513)	Loss 3.4685 (3.4685)	Acc@1 41.406 (41.406)	Acc@5 75.000 (75.000)
2023-03-17 01:54:47,828 - INFO - Test: [200/782]	Time 4.237 (3.700)	Loss 3.7699 (3.9215)	Acc@1 42.969 (41.111)	Acc@5 69.531 (66.060)
2023-03-17 02:03:42,203 - INFO - Test: [400/782]	Time 2.195 (3.187)	Loss 3.7399 (3.8906)	Acc@1 44.531 (41.660)	Acc@5 69.531 (66.722)
2023-03-17 02:13:23,178 - INFO - Test: [600/782]	Time 2.516 (3.093)	Loss 3.8854 (3.8407)	Acc@1 42.969 (42.615)	Acc@5 69.531 (67.650)
2023-03-17 02:20:28,858 - INFO -  * Acc@1 42.861 Acc@5 68.116
2023-03-17 02:20:28,858 - INFO - Max accuracy: 42.8610%
2023-03-17 02:20:32,038 - INFO - ./outputs/inat21_mini/res50_image_only/fold1_best.pth saved !!!
2023-03-17 02:20:32,039 - INFO - Exp path: ./outputs/inat21_mini/res50_image_only
2023-03-17 02:20:41,801 - INFO - Train: [24/90][0/3907]	eta 10:35:13 lr 0.03389317	time 9.7551 (9.7551)	loss 3.7303 (3.7303)	acc@1: 49.8196	acc@5: 70.8401	
2023-03-17 02:26:31,815 - INFO - Train: [24/90][300/3907]	eta 1:11:51 lr 0.03389317	time 1.4734 (1.1952)	loss 6.5890 (4.9065)	acc@1: 16.3101	acc@5: 35.7821	
2023-03-17 02:32:25,818 - INFO - Train: [24/90][600/3907]	eta 1:05:27 lr 0.03389317	time 0.2679 (1.1876)	loss 5.9843 (4.9431)	acc@1: 31.9238	acc@5: 44.2364	
2023-03-17 02:38:18,162 - INFO - Train: [24/90][900/3907]	eta 0:59:18 lr 0.03389317	time 0.2688 (1.1833)	loss 6.6822 (4.9656)	acc@1: 14.2430	acc@5: 34.2252	
2023-03-17 02:44:34,395 - INFO - Train: [24/90][1200/3907]	eta 0:54:10 lr 0.03389317	time 0.2674 (1.2010)	loss 3.4573 (4.9656)	acc@1: 50.7547	acc@5: 75.7416	
2023-03-17 02:50:58,098 - INFO - Train: [24/90][1500/3907]	eta 0:48:48 lr 0.03389317	time 0.2681 (1.2166)	loss 4.1292 (4.9874)	acc@1: 50.4310	acc@5: 65.7796	
2023-03-17 02:57:35,622 - INFO - Train: [24/90][1800/3907]	eta 0:43:21 lr 0.03389317	time 0.2682 (1.2346)	loss 4.4798 (4.9772)	acc@1: 37.9378	acc@5: 67.2858	
2023-03-17 03:04:18,301 - INFO - Train: [24/90][2100/3907]	eta 0:37:38 lr 0.03389317	time 0.2662 (1.2500)	loss 4.0340 (4.9864)	acc@1: 42.9428	acc@5: 63.2435	
2023-03-17 03:11:01,877 - INFO - Train: [24/90][2400/3907]	eta 0:31:41 lr 0.03389317	time 0.2700 (1.2619)	loss 4.6667 (4.9881)	acc@1: 44.1946	acc@5: 65.2010	
2023-03-17 03:17:39,149 - INFO - Train: [24/90][2700/3907]	eta 0:25:31 lr 0.03389317	time 1.6959 (1.2688)	loss 4.3607 (4.9917)	acc@1: 40.2560	acc@5: 64.4095	
2023-03-17 03:24:31,625 - INFO - Train: [24/90][3000/3907]	eta 0:19:20 lr 0.03389317	time 0.2674 (1.2794)	loss 3.8637 (4.9930)	acc@1: 46.7086	acc@5: 68.5033	
2023-03-17 03:31:11,621 - INFO - Train: [24/90][3300/3907]	eta 0:12:59 lr 0.03389317	time 0.4731 (1.2843)	loss 5.0954 (5.0119)	acc@1: 37.9082	acc@5: 54.7840	
2023-03-17 03:38:06,049 - INFO - Train: [24/90][3600/3907]	eta 0:06:36 lr 0.03389317	time 0.9821 (1.2924)	loss 7.2698 (5.0068)	acc@1: 11.5339	acc@5: 24.8900	
2023-03-17 03:44:56,833 - INFO - Train: [24/90][3900/3907]	eta 0:00:09 lr 0.03389317	time 0.2676 (1.2983)	loss 4.1125 (5.0193)	acc@1: 42.8940	acc@5: 60.5112	
2023-03-17 03:45:00,566 - INFO - EPOCH 24 training takes 1:24:28
2023-03-17 03:45:03,862 - INFO - ./outputs/inat21_mini/res50_image_only/fold1_latest.pth saved !!!
2023-03-17 03:45:03,862 - INFO - **********latest test***********
2023-03-17 03:45:03,863 - INFO - eval epoch 24
2023-03-17 03:45:06,128 - INFO - Test: [0/782]	Time 2.264 (2.264)	Loss 3.5505 (3.5505)	Acc@1 41.406 (41.406)	Acc@5 78.125 (78.125)
2023-03-17 03:52:32,736 - INFO - Test: [200/782]	Time 2.323 (2.233)	Loss 3.7198 (3.8899)	Acc@1 47.656 (41.810)	Acc@5 73.438 (67.168)
2023-03-17 03:59:31,695 - INFO - Test: [400/782]	Time 2.042 (2.164)	Loss 3.7207 (3.8584)	Acc@1 44.531 (42.468)	Acc@5 70.312 (68.068)
2023-03-17 04:07:03,296 - INFO - Test: [600/782]	Time 2.305 (2.195)	Loss 3.8778 (3.8114)	Acc@1 39.844 (43.519)	Acc@5 70.312 (68.901)
2023-03-17 04:13:48,058 - INFO -  * Acc@1 43.779 Acc@5 69.330
2023-03-17 04:13:48,058 - INFO - Max accuracy: 43.7790%
2023-03-17 04:13:51,211 - INFO - ./outputs/inat21_mini/res50_image_only/fold1_best.pth saved !!!
2023-03-17 04:13:51,211 - INFO - Exp path: ./outputs/inat21_mini/res50_image_only
2023-03-17 04:13:55,965 - INFO - Train: [25/90][0/3907]	eta 5:09:01 lr 0.03338261	time 4.7456 (4.7456)	loss 3.8871 (3.8871)	acc@1: 44.1997	acc@5: 65.9118	
2023-03-17 04:16:34,082 - INFO - Train: [25/90][300/3907]	eta 0:32:31 lr 0.03338261	time 0.2899 (0.5411)	loss 5.6291 (4.9013)	acc@1: 31.5716	acc@5: 47.9135	
2023-03-17 04:19:27,778 - INFO - Train: [25/90][600/3907]	eta 0:30:51 lr 0.03338261	time 0.2773 (0.5600)	loss 3.7777 (4.9221)	acc@1: 45.4848	acc@5: 70.4885	
2023-03-17 04:22:37,970 - INFO - Train: [25/90][900/3907]	eta 0:29:17 lr 0.03338261	time 0.2689 (0.5846)	loss 6.8075 (4.9409)	acc@1: 14.0801	acc@5: 29.7404	
2023-03-17 04:26:01,570 - INFO - Train: [25/90][1200/3907]	eta 0:27:26 lr 0.03338261	time 0.3325 (0.6081)	loss 4.0222 (4.9538)	acc@1: 39.8307	acc@5: 65.6037	
2023-03-17 04:29:53,511 - INFO - Train: [25/90][1500/3907]	eta 0:25:43 lr 0.03338261	time 0.2662 (0.6411)	loss 3.5909 (4.9398)	acc@1: 48.4239	acc@5: 74.9788	
2023-03-17 04:33:59,038 - INFO - Train: [25/90][1800/3907]	eta 0:23:33 lr 0.03338261	time 0.2742 (0.6706)	loss 5.1016 (4.9705)	acc@1: 35.1626	acc@5: 55.0659	
2023-03-17 04:38:36,300 - INFO - Train: [25/90][2100/3907]	eta 0:21:17 lr 0.03338261	time 0.2687 (0.7068)	loss 4.8267 (4.9667)	acc@1: 34.5274	acc@5: 59.5767	
2023-03-17 04:43:49,942 - INFO - Train: [25/90][2400/3907]	eta 0:18:48 lr 0.03338261	time 0.2680 (0.7492)	loss 3.9702 (4.9841)	acc@1: 44.4074	acc@5: 64.6634	
2023-03-17 04:49:55,059 - INFO - Train: [25/90][2700/3907]	eta 0:16:06 lr 0.03338261	time 0.2673 (0.8011)	loss 5.6876 (5.0048)	acc@1: 26.8550	acc@5: 52.6722	
2023-03-17 04:56:42,822 - INFO - Train: [25/90][3000/3907]	eta 0:12:57 lr 0.03338261	time 4.0794 (0.8569)	loss 4.0203 (5.0078)	acc@1: 42.3790	acc@5: 63.9538	
2023-03-17 05:03:32,861 - INFO - Train: [25/90][3300/3907]	eta 0:09:08 lr 0.03338261	time 0.2681 (0.9033)	loss 4.5269 (5.0059)	acc@1: 37.1092	acc@5: 63.5138	
2023-03-17 05:10:27,894 - INFO - Train: [25/90][3600/3907]	eta 0:04:49 lr 0.03338261	time 0.2678 (0.9433)	loss 6.8720 (5.0171)	acc@1: 15.6855	acc@5: 29.3453	
2023-03-17 05:17:15,701 - INFO - Train: [25/90][3900/3907]	eta 0:00:06 lr 0.03338261	time 0.2679 (0.9753)	loss 4.7110 (5.0317)	acc@1: 35.5658	acc@5: 59.0393	
2023-03-17 05:17:18,932 - INFO - EPOCH 25 training takes 1:03:27
2023-03-17 05:17:22,197 - INFO - ./outputs/inat21_mini/res50_image_only/fold1_latest.pth saved !!!
2023-03-17 05:17:22,197 - INFO - **********latest test***********
2023-03-17 05:17:22,198 - INFO - eval epoch 25
2023-03-17 05:17:24,572 - INFO - Test: [0/782]	Time 2.373 (2.373)	Loss 3.4781 (3.4781)	Acc@1 47.656 (47.656)	Acc@5 74.219 (74.219)
2023-03-17 05:24:51,204 - INFO - Test: [200/782]	Time 2.346 (2.234)	Loss 3.6415 (3.8309)	Acc@1 45.312 (42.739)	Acc@5 74.219 (68.361)
2023-03-17 05:31:47,513 - INFO - Test: [400/782]	Time 1.950 (2.158)	Loss 3.6439 (3.7997)	Acc@1 50.781 (43.469)	Acc@5 68.750 (68.949)
2023-03-17 05:39:17,817 - INFO - Test: [600/782]	Time 2.173 (2.189)	Loss 3.7055 (3.7449)	Acc@1 46.875 (44.611)	Acc@5 66.406 (69.863)
2023-03-17 05:46:01,662 - INFO -  * Acc@1 44.785 Acc@5 70.249
2023-03-17 05:46:01,662 - INFO - Max accuracy: 44.7850%
2023-03-17 05:46:04,899 - INFO - ./outputs/inat21_mini/res50_image_only/fold1_best.pth saved !!!
2023-03-17 05:46:04,899 - INFO - Exp path: ./outputs/inat21_mini/res50_image_only
2023-03-17 05:46:07,881 - INFO - Train: [26/90][0/3907]	eta 3:13:45 lr 0.03285575	time 2.9754 (2.9754)	loss 6.9391 (6.9391)	acc@1: 12.1415	acc@5: 28.5605	
2023-03-17 05:47:37,911 - INFO - Train: [26/90][300/3907]	eta 0:18:34 lr 0.03285575	time 0.2823 (0.3090)	loss 3.8657 (5.0266)	acc@1: 42.0141	acc@5: 70.7970	
2023-03-17 05:49:22,700 - INFO - Train: [26/90][600/3907]	eta 0:18:08 lr 0.03285575	time 0.2758 (0.3291)	loss 3.4738 (4.9785)	acc@1: 52.1759	acc@5: 73.9797	
2023-03-17 05:51:14,802 - INFO - Train: [26/90][900/3907]	eta 0:17:14 lr 0.03285575	time 1.5899 (0.3439)	loss 6.0688 (5.0085)	acc@1: 23.2287	acc@5: 40.2428	
2023-03-17 05:53:20,926 - INFO - Train: [26/90][1200/3907]	eta 0:16:22 lr 0.03285575	time 1.8070 (0.3630)	loss 4.5767 (4.9919)	acc@1: 39.9004	acc@5: 63.0006	
2023-03-17 05:55:37,147 - INFO - Train: [26/90][1500/3907]	eta 0:15:17 lr 0.03285575	time 0.2799 (0.3812)	loss 3.8669 (4.9947)	acc@1: 43.6944	acc@5: 66.3219	
2023-03-17 05:58:11,283 - INFO - Train: [26/90][1800/3907]	eta 0:14:09 lr 0.03285575	time 1.5101 (0.4033)	loss 4.2207 (4.9931)	acc@1: 38.9583	acc@5: 60.7725	
2023-03-17 06:00:58,271 - INFO - Train: [26/90][2100/3907]	eta 0:12:48 lr 0.03285575	time 0.2691 (0.4252)	loss 3.5853 (4.9976)	acc@1: 47.6475	acc@5: 72.6430	
2023-03-17 06:04:07,317 - INFO - Train: [26/90][2400/3907]	eta 0:11:19 lr 0.03285575	time 0.2692 (0.4508)	loss 3.7903 (5.0067)	acc@1: 46.8191	acc@5: 68.6680	
2023-03-17 06:07:48,522 - INFO - Train: [26/90][2700/3907]	eta 0:09:42 lr 0.03285575	time 0.2713 (0.4826)	loss 4.8247 (4.9981)	acc@1: 38.4544	acc@5: 59.0034	
2023-03-17 06:12:32,243 - INFO - Train: [26/90][3000/3907]	eta 0:07:59 lr 0.03285575	time 0.2689 (0.5289)	loss 6.9055 (5.0077)	acc@1: 11.7942	acc@5: 29.3019	
2023-03-17 06:17:59,284 - INFO - Train: [26/90][3300/3907]	eta 0:05:52 lr 0.03285575	time 0.2683 (0.5799)	loss 7.0278 (5.0007)	acc@1: 10.8934	acc@5: 23.1462	
2023-03-17 06:23:31,151 - INFO - Train: [26/90][3600/3907]	eta 0:03:11 lr 0.03285575	time 0.2683 (0.6238)	loss 3.8024 (5.0106)	acc@1: 54.1322	acc@5: 70.1566	
2023-03-17 06:29:13,947 - INFO - Train: [26/90][3900/3907]	eta 0:00:04 lr 0.03285575	time 0.2677 (0.6637)	loss 5.3906 (5.0163)	acc@1: 31.6743	acc@5: 51.0667	
2023-03-17 06:29:17,523 - INFO - EPOCH 26 training takes 0:43:12
2023-03-17 06:29:20,725 - INFO - ./outputs/inat21_mini/res50_image_only/fold1_latest.pth saved !!!
2023-03-17 06:29:20,725 - INFO - **********latest test***********
2023-03-17 06:29:20,725 - INFO - eval epoch 26
2023-03-17 06:29:23,148 - INFO - Test: [0/782]	Time 2.421 (2.421)	Loss 3.6046 (3.6046)	Acc@1 43.750 (43.750)	Acc@5 73.438 (73.438)
2023-03-17 06:38:10,102 - INFO - Test: [200/782]	Time 2.328 (2.634)	Loss 3.7766 (4.0290)	Acc@1 42.969 (39.774)	Acc@5 70.312 (65.166)
2023-03-17 06:45:10,591 - INFO - Test: [400/782]	Time 2.009 (2.369)	Loss 3.8627 (3.9933)	Acc@1 43.750 (40.728)	Acc@5 69.531 (65.907)
2023-03-17 06:52:41,803 - INFO - Test: [600/782]	Time 2.157 (2.331)	Loss 3.9322 (3.9405)	Acc@1 39.844 (41.956)	Acc@5 68.750 (66.902)
