2023-03-18 00:44:02,815 - INFO - NVIDIA GeForce RTX 3090
2023-03-18 00:44:02,815 - INFO - --batch_size 128
2023-03-18 00:44:02,815 - INFO - --data inat21_mini
2023-03-18 00:44:02,815 - INFO - --data_dir ./datasets/iNat2021
2023-03-18 00:44:02,816 - INFO - --evaluate False
2023-03-18 00:44:02,816 - INFO - --fold 1
2023-03-18 00:44:02,816 - INFO - --image_only False
2023-03-18 00:44:02,816 - INFO - --metadata geo_temporal
2023-03-18 00:44:02,816 - INFO - --mlp_cin 6
2023-03-18 00:44:02,816 - INFO - --mlp_hidden 64
2023-03-18 00:44:02,816 - INFO - --mlp_num_layers 2
2023-03-18 00:44:02,816 - INFO - --mlp_out_channel 256
2023-03-18 00:44:02,816 - INFO - --mlp_type d
2023-03-18 00:44:02,816 - INFO - --model_file resnet_dynamic_mlp
2023-03-18 00:44:02,816 - INFO - --model_name resnet50
2023-03-18 00:44:02,816 - INFO - --name res50_dynamic_mlp_d
2023-03-18 00:44:02,816 - INFO - --num_classes 10000
2023-03-18 00:44:02,816 - INFO - --num_workers 8
2023-03-18 00:44:02,816 - INFO - --path_log ./outputs/inat21_mini/res50_dynamic_mlp_d
2023-03-18 00:44:02,816 - INFO - --pretrained True
2023-03-18 00:44:02,816 - INFO - --random_seed 37
2023-03-18 00:44:02,816 - INFO - --resume latest
2023-03-18 00:44:02,816 - INFO - --save_dir ./outputs
2023-03-18 00:44:02,816 - INFO - --start_lr 0.04
2023-03-18 00:44:02,816 - INFO - --stop_epoch 90
2023-03-18 00:44:02,816 - INFO - --tencrop False
2023-03-18 00:44:02,816 - INFO - --warmup 2
2023-03-18 00:44:02,816 - INFO - Creating model:resnet_dynamic_mlp -> resnet50
2023-03-18 00:44:02,816 - INFO - type: d, cin: 6, d: 256, h: 64, N: 2
2023-03-18 00:44:07,476 - INFO - => no checkpoint found at './outputs/inat21_mini/res50_dynamic_mlp_d/fold1_latest.pth'
2023-03-18 00:44:07,476 - INFO - Start training
2023-03-18 00:44:12,250 - INFO - Train: [1/90][0/3907]	eta 5:10:45 lr 0.00000000	time 4.7722 (4.7722)	loss 9.3808 (9.3808)	acc@1: 0.0000	acc@5: 0.0000	
2023-03-18 00:45:06,019 - INFO - Train: [1/90][300/3907]	eta 0:11:41 lr 0.00153571	time 0.1854 (0.1945)	loss 9.2976 (9.3829)	acc@1: 0.0000	acc@5: 0.0000	
2023-03-18 00:45:59,978 - INFO - Train: [1/90][600/3907]	eta 0:10:19 lr 0.00307141	time 0.1822 (0.1872)	loss 9.2891 (9.3471)	acc@1: 0.0000	acc@5: 0.0000	
2023-03-18 00:46:54,260 - INFO - Train: [1/90][900/3907]	eta 0:09:16 lr 0.00460712	time 0.1797 (0.1851)	loss 8.9838 (9.2866)	acc@1: 0.0000	acc@5: 0.6354	
2023-03-18 00:47:48,567 - INFO - Train: [1/90][1200/3907]	eta 0:08:18 lr 0.00614282	time 0.1799 (0.1841)	loss 8.2938 (9.1401)	acc@1: 0.0000	acc@5: 0.7160	
2023-03-18 00:48:42,686 - INFO - Train: [1/90][1500/3907]	eta 0:07:21 lr 0.00767853	time 0.1799 (0.1833)	loss 7.8030 (8.9609)	acc@1: 0.7409	acc@5: 5.1863	
2023-03-18 00:49:36,791 - INFO - Train: [1/90][1800/3907]	eta 0:06:25 lr 0.00921423	time 0.1883 (0.1828)	loss 7.2123 (8.7764)	acc@1: 3.0078	acc@5: 9.8047	
