2023-03-15 14:51:31,455 - INFO - --batch_size 128
2023-03-15 14:51:31,455 - INFO - --data inat21_mini
2023-03-15 14:51:31,455 - INFO - --data_dir ./datasets/iNat2021
2023-03-15 14:51:31,455 - INFO - --evaluate False
2023-03-15 14:51:31,455 - INFO - --fold 1
2023-03-15 14:51:31,455 - INFO - --image_only False
2023-03-15 14:51:31,455 - INFO - --metadata geo_temporal
2023-03-15 14:51:31,455 - INFO - --mlp_cin 6
2023-03-15 14:51:31,455 - INFO - --mlp_d 256
2023-03-15 14:51:31,455 - INFO - --mlp_h 64
2023-03-15 14:51:31,455 - INFO - --mlp_n 2
2023-03-15 14:51:31,455 - INFO - --mlp_type c
2023-03-15 14:51:31,455 - INFO - --model_file resnet_dynamic_mlp
2023-03-15 14:51:31,455 - INFO - --model_name resnet50
2023-03-15 14:51:31,456 - INFO - --name res50_dynamic_mlp
2023-03-15 14:51:31,456 - INFO - --num_classes 10000
2023-03-15 14:51:31,456 - INFO - --num_workers 8
2023-03-15 14:51:31,456 - INFO - --path_log ./outputs/inat21_mini/res50_dynamic_mlp
2023-03-15 14:51:31,456 - INFO - --pretrained True
2023-03-15 14:51:31,456 - INFO - --random_seed 37
2023-03-15 14:51:31,456 - INFO - --resume latest
2023-03-15 14:51:31,456 - INFO - --save_dir ./outputs
2023-03-15 14:51:31,456 - INFO - --start_lr 0.04
2023-03-15 14:51:31,456 - INFO - --stop_epoch 90
2023-03-15 14:51:31,456 - INFO - --tencrop False
2023-03-15 14:51:31,456 - INFO - --warmup 2
2023-03-15 14:51:31,456 - INFO - Creating model:resnet_dynamic_mlp -> resnet50
2023-03-15 14:51:31,456 - INFO - type: c, cin: 6, d: 256, h: 64, N: 2
2023-03-15 14:51:36,191 - INFO - => no checkpoint found at './outputs/inat21_mini/res50_dynamic_mlp/fold1_latest.pth'
2023-03-15 14:51:36,191 - INFO - Start training
2023-03-15 14:51:44,129 - INFO - Train: [1/90][0/3907]	eta 8:36:48 lr 0.00000000	time 7.9366 (7.9366)	loss 9.3340 (9.3340)	acc@1: 0.0000	acc@5: 0.0000	
2023-03-15 14:53:42,476 - INFO - Train: [1/90][200/3907]	eta 0:38:48 lr 0.00102380	time 0.5755 (0.6283)	loss 9.4273 (9.4080)	acc@1: 0.0000	acc@5: 0.0000	
2023-03-15 14:55:41,761 - INFO - Train: [1/90][400/3907]	eta 0:35:47 lr 0.00204761	time 0.5743 (0.6124)	loss 9.2640 (9.3685)	acc@1: 0.0000	acc@5: 0.0000	
2023-03-15 14:57:41,384 - INFO - Train: [1/90][600/3907]	eta 0:33:29 lr 0.00307141	time 0.5609 (0.6076)	loss 9.2672 (9.3452)	acc@1: 0.0000	acc@5: 0.0000	
2023-03-15 14:59:42,658 - INFO - Train: [1/90][800/3907]	eta 0:31:26 lr 0.00409521	time 0.6225 (0.6073)	loss 8.9361 (9.3071)	acc@1: 0.0000	acc@5: 0.7392	
2023-03-15 15:01:42,196 - INFO - Train: [1/90][1000/3907]	eta 0:29:19 lr 0.00511902	time 0.6184 (0.6054)	loss 8.6995 (9.2257)	acc@1: 0.7495	acc@5: 1.4991	
2023-03-15 15:03:45,091 - INFO - Train: [1/90][1200/3907]	eta 0:27:22 lr 0.00614282	time 0.6185 (0.6069)	loss 8.3336 (9.1247)	acc@1: 0.0000	acc@5: 0.7160	
2023-03-15 15:05:47,183 - INFO - Train: [1/90][1400/3907]	eta 0:25:22 lr 0.00716662	time 0.6244 (0.6074)	loss 8.8129 (9.0130)	acc@1: 0.0000	acc@5: 0.0000	
2023-03-15 15:07:47,976 - INFO - Train: [1/90][1600/3907]	eta 0:23:20 lr 0.00819043	time 0.5602 (0.6070)	loss 8.0715 (8.8998)	acc@1: 0.6928	acc@5: 0.6928	
2023-03-15 15:09:45,914 - INFO - Train: [1/90][1800/3907]	eta 0:21:14 lr 0.00921423	time 0.5639 (0.6051)	loss 7.6527 (8.7846)	acc@1: 1.5039	acc@5: 6.7676	
2023-03-15 15:11:45,671 - INFO - Train: [1/90][2000/3907]	eta 0:19:12 lr 0.01023803	time 0.5486 (0.6044)	loss 7.2521 (8.6695)	acc@1: 0.7472	acc@5: 5.2645	
2023-03-15 15:13:42,912 - INFO - Train: [1/90][2200/3907]	eta 0:17:08 lr 0.01126184	time 0.6440 (0.6028)	loss 7.3183 (8.5612)	acc@1: 2.0776	acc@5: 11.7732	
2023-03-15 15:15:39,428 - INFO - Train: [1/90][2400/3907]	eta 0:15:05 lr 0.01228564	time 0.5925 (0.6011)	loss 7.3248 (8.4592)	acc@1: 5.0656	acc@5: 14.5635	
2023-03-15 15:17:39,660 - INFO - Train: [1/90][2600/3907]	eta 0:13:05 lr 0.01330944	time 0.5782 (0.6011)	loss 7.0901 (8.3681)	acc@1: 2.7704	acc@5: 11.7742	
2023-03-15 15:19:41,446 - INFO - Train: [1/90][2800/3907]	eta 0:11:06 lr 0.01433325	time 0.6258 (0.6017)	loss 6.9597 (8.2762)	acc@1: 5.4255	acc@5: 13.5638	
2023-03-15 15:21:43,191 - INFO - Train: [1/90][3000/3907]	eta 0:09:06 lr 0.01535705	time 0.6161 (0.6021)	loss 6.9411 (8.1922)	acc@1: 5.4909	acc@5: 12.3544	
2023-03-15 15:23:43,361 - INFO - Train: [1/90][3200/3907]	eta 0:07:05 lr 0.01638085	time 0.5737 (0.6020)	loss 6.6251 (8.1156)	acc@1: 2.0844	acc@5: 16.8484	
2023-03-15 15:25:39,357 - INFO - Train: [1/90][3400/3907]	eta 0:05:04 lr 0.01740466	time 0.5839 (0.6007)	loss 7.6815 (8.0400)	acc@1: 2.6934	acc@5: 10.7738	
2023-03-15 15:27:38,571 - INFO - Train: [1/90][3600/3907]	eta 0:03:04 lr 0.01842846	time 0.6084 (0.6005)	loss 7.5620 (7.9680)	acc@1: 3.7954	acc@5: 12.7097	
2023-03-15 15:29:38,213 - INFO - Train: [1/90][3800/3907]	eta 0:01:04 lr 0.01945227	time 0.5557 (0.6004)	loss 6.0240 (7.8979)	acc@1: 8.8753	acc@5: 25.0633	
2023-03-15 15:30:40,593 - INFO - EPOCH 1 training takes 0:39:04
2023-03-15 15:30:41,168 - INFO - ./outputs/inat21_mini/res50_dynamic_mlp/fold1_latest.pth saved !!!
2023-03-15 15:30:41,169 - INFO - **********latest test***********
2023-03-15 15:30:41,169 - INFO - eval epoch 1
2023-03-15 15:39:37,016 - INFO -  * Acc@1 13.193 Acc@5 32.916
2023-03-15 15:39:37,016 - INFO - Max accuracy: 13.1930%
2023-03-15 15:39:37,594 - INFO - ./outputs/inat21_mini/res50_dynamic_mlp/fold1_best.pth saved !!!
2023-03-15 15:39:37,595 - INFO - Exp path: ./outputs/inat21_mini/res50_dynamic_mlp
2023-03-15 15:39:38,177 - INFO - Train: [2/90][0/3907]	eta 0:37:43 lr 0.02000000	time 0.5793 (0.5793)	loss 6.7120 (6.7120)	acc@1: 13.0166	acc@5: 24.7934	
2023-03-15 15:41:37,104 - INFO - Train: [2/90][200/3907]	eta 0:36:44 lr 0.02102380	time 0.6096 (0.5946)	loss 7.5454 (6.4930)	acc@1: 5.3547	acc@5: 14.9053	
2023-03-15 15:43:34,763 - INFO - Train: [2/90][400/3907]	eta 0:34:34 lr 0.02204761	time 0.5401 (0.5914)	loss 5.4153 (6.3993)	acc@1: 14.6401	acc@5: 35.4660	
2023-03-15 15:45:29,441 - INFO - Train: [2/90][600/3907]	eta 0:32:15 lr 0.02307141	time 0.5822 (0.5854)	loss 7.5341 (6.4100)	acc@1: 1.5912	acc@5: 7.4936	
2023-03-15 15:47:26,408 - INFO - Train: [2/90][800/3907]	eta 0:30:18 lr 0.02409521	time 0.6281 (0.5853)	loss 6.1567 (6.3767)	acc@1: 13.5977	acc@5: 30.5948	
2023-03-15 15:49:26,082 - INFO - Train: [2/90][1000/3907]	eta 0:28:28 lr 0.02511902	time 0.5700 (0.5879)	loss 7.6836 (6.3319)	acc@1: 3.9067	acc@5: 8.9841	
2023-03-15 15:51:28,166 - INFO - Train: [2/90][1200/3907]	eta 0:26:41 lr 0.02614282	time 0.6075 (0.5916)	loss 5.4254 (6.2984)	acc@1: 14.6508	acc@5: 38.5547	
2023-03-15 15:53:29,164 - INFO - Train: [2/90][1400/3907]	eta 0:24:48 lr 0.02716662	time 0.5826 (0.5935)	loss 5.5984 (6.2937)	acc@1: 22.1673	acc@5: 40.8709	
2023-03-15 15:55:27,907 - INFO - Train: [2/90][1600/3907]	eta 0:22:49 lr 0.02819043	time 0.6235 (0.5936)	loss 5.5346 (6.2712)	acc@1: 17.1145	acc@5: 34.2290	
2023-03-15 15:57:25,214 - INFO - Train: [2/90][1800/3907]	eta 0:20:49 lr 0.02921423	time 0.5344 (0.5928)	loss 5.1784 (6.2394)	acc@1: 19.4292	acc@5: 42.7391	
2023-03-15 15:59:22,257 - INFO - Train: [2/90][2000/3907]	eta 0:18:48 lr 0.03023803	time 0.5546 (0.5920)	loss 7.4020 (6.2247)	acc@1: 6.4845	acc@5: 13.8285	
2023-03-15 16:01:18,366 - INFO - Train: [2/90][2200/3907]	eta 0:16:48 lr 0.03126184	time 0.5614 (0.5910)	loss 6.9704 (6.2009)	acc@1: 13.9668	acc@5: 22.4396	
2023-03-15 16:03:16,985 - INFO - Train: [2/90][2400/3907]	eta 0:14:50 lr 0.03228564	time 0.6453 (0.5912)	loss 5.9291 (6.1803)	acc@1: 10.6508	acc@5: 34.7927	
2023-03-15 16:05:19,258 - INFO - Train: [2/90][2600/3907]	eta 0:12:54 lr 0.03330944	time 0.6188 (0.5927)	loss 4.9469 (6.1540)	acc@1: 24.9534	acc@5: 52.2491	
2023-03-15 16:07:18,314 - INFO - Train: [2/90][2800/3907]	eta 0:10:56 lr 0.03433325	time 0.6467 (0.5929)	loss 5.8989 (6.1435)	acc@1: 19.6250	acc@5: 36.6334	
2023-03-15 16:09:20,569 - INFO - Train: [2/90][3000/3907]	eta 0:08:58 lr 0.03535705	time 0.6328 (0.5941)	loss 5.9632 (6.1305)	acc@1: 15.0888	acc@5: 36.0819	
2023-03-15 16:11:21,793 - INFO - Train: [2/90][3200/3907]	eta 0:07:00 lr 0.03638085	time 0.5360 (0.5949)	loss 4.8655 (6.1144)	acc@1: 22.3744	acc@5: 47.0829	
2023-03-15 16:13:17,825 - INFO - Train: [2/90][3400/3907]	eta 0:05:01 lr 0.03740466	time 0.6280 (0.5940)	loss 4.5874 (6.0985)	acc@1: 30.9231	acc@5: 56.4277	
2023-03-15 16:15:16,689 - INFO - Train: [2/90][3600/3907]	eta 0:03:02 lr 0.03842846	time 0.6213 (0.5940)	loss 5.9614 (6.0887)	acc@1: 18.1890	acc@5: 33.5881	
2023-03-15 16:17:14,704 - INFO - Train: [2/90][3800/3907]	eta 0:01:03 lr 0.03945227	time 0.5593 (0.5938)	loss 7.2178 (6.0747)	acc@1: 7.1346	acc@5: 17.3943	
2023-03-15 16:18:18,104 - INFO - EPOCH 2 training takes 0:38:40
2023-03-15 16:18:18,713 - INFO - ./outputs/inat21_mini/res50_dynamic_mlp/fold1_latest.pth saved !!!
2023-03-15 16:18:18,714 - INFO - **********latest test***********
2023-03-15 16:18:18,714 - INFO - eval epoch 2
2023-03-15 16:26:17,015 - INFO -  * Acc@1 28.133 Acc@5 54.398
2023-03-15 16:26:17,015 - INFO - Max accuracy: 28.1330%
2023-03-15 16:26:17,733 - INFO - ./outputs/inat21_mini/res50_dynamic_mlp/fold1_best.pth saved !!!
2023-03-15 16:26:17,733 - INFO - Exp path: ./outputs/inat21_mini/res50_dynamic_mlp
2023-03-15 16:26:18,410 - INFO - Train: [3/90][0/3907]	eta 0:43:50 lr 0.03995128	time 0.6734 (0.6734)	loss 5.0744 (5.0744)	acc@1: 26.6200	acc@5: 48.9850	
2023-03-15 16:28:15,825 - INFO - Train: [3/90][200/3907]	eta 0:36:17 lr 0.03995128	time 0.5455 (0.5875)	loss 4.4718 (5.5636)	acc@1: 30.4686	acc@5: 59.3746	
2023-03-15 16:30:13,682 - INFO - Train: [3/90][400/3907]	eta 0:34:23 lr 0.03995128	time 0.5875 (0.5884)	loss 5.9415 (5.5877)	acc@1: 21.1376	acc@5: 42.4159	
2023-03-15 16:32:14,495 - INFO - Train: [3/90][600/3907]	eta 0:32:43 lr 0.03995128	time 0.5522 (0.5936)	loss 5.1155 (5.5664)	acc@1: 28.6670	acc@5: 48.4805	
2023-03-15 16:34:11,808 - INFO - Train: [3/90][800/3907]	eta 0:30:38 lr 0.03995128	time 0.6391 (0.5918)	loss 4.6740 (5.5556)	acc@1: 27.5435	acc@5: 52.7916	
2023-03-15 16:36:09,075 - INFO - Train: [3/90][1000/3907]	eta 0:28:37 lr 0.03995128	time 0.5736 (0.5907)	loss 4.9245 (5.5794)	acc@1: 33.3744	acc@5: 56.7565	
2023-03-15 16:38:11,160 - INFO - Train: [3/90][1200/3907]	eta 0:26:48 lr 0.03995128	time 0.5544 (0.5940)	loss 5.2764 (5.5890)	acc@1: 31.1372	acc@5: 48.8408	
2023-03-15 16:40:08,449 - INFO - Train: [3/90][1400/3907]	eta 0:24:46 lr 0.03995128	time 0.5307 (0.5929)	loss 4.3799 (5.5862)	acc@1: 26.5461	acc@5: 60.1186	
2023-03-15 16:42:02,974 - INFO - Train: [3/90][1600/3907]	eta 0:22:42 lr 0.03995128	time 0.5497 (0.5904)	loss 4.3636 (5.5738)	acc@1: 33.4899	acc@5: 58.4108	
2023-03-15 16:44:00,543 - INFO - Train: [3/90][1800/3907]	eta 0:20:43 lr 0.03995128	time 0.5546 (0.5901)	loss 3.8556 (5.5596)	acc@1: 43.3982	acc@5: 68.1972	
2023-03-15 16:45:59,200 - INFO - Train: [3/90][2000/3907]	eta 0:18:45 lr 0.03995128	time 0.5458 (0.5904)	loss 4.7448 (5.5546)	acc@1: 26.2322	acc@5: 51.6831	
2023-03-15 16:47:57,249 - INFO - Train: [3/90][2200/3907]	eta 0:16:47 lr 0.03995128	time 0.6001 (0.5904)	loss 4.9159 (5.5501)	acc@1: 24.6731	acc@5: 52.3705	
2023-03-15 16:49:53,193 - INFO - Train: [3/90][2400/3907]	eta 0:14:48 lr 0.03995128	time 0.6410 (0.5895)	loss 6.2698 (5.5484)	acc@1: 27.2020	acc@5: 36.8656	
2023-03-15 16:51:47,468 - INFO - Train: [3/90][2600/3907]	eta 0:12:48 lr 0.03995128	time 0.5583 (0.5881)	loss 7.1633 (5.5468)	acc@1: 8.3463	acc@5: 19.3654	
2023-03-15 16:53:44,827 - INFO - Train: [3/90][2800/3907]	eta 0:10:50 lr 0.03995128	time 0.6334 (0.5880)	loss 4.2150 (5.5497)	acc@1: 37.4072	acc@5: 61.5661	
2023-03-15 16:55:39,166 - INFO - Train: [3/90][3000/3907]	eta 0:08:52 lr 0.03995128	time 0.6094 (0.5869)	loss 6.3224 (5.5291)	acc@1: 20.1055	acc@5: 35.8223	
2023-03-15 16:57:37,632 - INFO - Train: [3/90][3200/3907]	eta 0:06:55 lr 0.03995128	time 0.6086 (0.5873)	loss 4.5637 (5.5161)	acc@1: 36.5869	acc@5: 57.8073	
2023-03-15 16:59:30,112 - INFO - Train: [3/90][3400/3907]	eta 0:04:57 lr 0.03995128	time 0.5344 (0.5858)	loss 5.9972 (5.5021)	acc@1: 26.8261	acc@5: 38.0557	
2023-03-15 17:01:22,242 - INFO - Train: [3/90][3600/3907]	eta 0:02:59 lr 0.03995128	time 0.5321 (0.5844)	loss 4.4482 (5.4961)	acc@1: 29.5469	acc@5: 53.6509	
2023-03-15 17:03:24,537 - INFO - Train: [3/90][3800/3907]	eta 0:01:02 lr 0.03995128	time 0.5391 (0.5858)	loss 6.2299 (5.4945)	acc@1: 21.8728	acc@5: 39.0164	
2023-03-15 17:04:22,039 - INFO - EPOCH 3 training takes 0:38:04
2023-03-15 17:04:22,739 - INFO - ./outputs/inat21_mini/res50_dynamic_mlp/fold1_latest.pth saved !!!
2023-03-15 17:04:22,739 - INFO - **********latest test***********
2023-03-15 17:04:22,739 - INFO - eval epoch 3
2023-03-15 17:12:06,906 - INFO -  * Acc@1 38.103 Acc@5 65.584
2023-03-15 17:12:06,906 - INFO - Max accuracy: 38.1030%
2023-03-15 17:12:07,598 - INFO - ./outputs/inat21_mini/res50_dynamic_mlp/fold1_best.pth saved !!!
2023-03-15 17:12:07,598 - INFO - Exp path: ./outputs/inat21_mini/res50_dynamic_mlp
2023-03-15 17:12:08,247 - INFO - Train: [4/90][0/3907]	eta 0:42:01 lr 0.03989044	time 0.6453 (0.6453)	loss 3.9257 (3.9257)	acc@1: 41.3712	acc@5: 65.5691	
2023-03-15 17:14:04,458 - INFO - Train: [4/90][200/3907]	eta 0:35:55 lr 0.03989044	time 0.5467 (0.5814)	loss 6.8635 (5.1054)	acc@1: 8.6244	acc@5: 22.3498	
2023-03-15 17:16:01,660 - INFO - Train: [4/90][400/3907]	eta 0:34:06 lr 0.03989044	time 0.6102 (0.5837)	loss 3.5358 (5.1640)	acc@1: 50.5599	acc@5: 73.8952	
2023-03-15 17:18:02,185 - INFO - Train: [4/90][600/3907]	eta 0:32:31 lr 0.03989044	time 0.6246 (0.5900)	loss 7.1056 (5.2056)	acc@1: 8.3213	acc@5: 14.9653	
2023-03-15 17:20:03,812 - INFO - Train: [4/90][800/3907]	eta 0:30:47 lr 0.03989044	time 0.5622 (0.5945)	loss 4.1408 (5.1873)	acc@1: 37.5289	acc@5: 64.3352	
2023-03-15 17:22:05,100 - INFO - Train: [4/90][1000/3907]	eta 0:28:55 lr 0.03989044	time 0.5584 (0.5969)	loss 3.9035 (5.1695)	acc@1: 47.6075	acc@5: 72.5835	
2023-03-15 17:24:02,683 - INFO - Train: [4/90][1200/3907]	eta 0:26:51 lr 0.03989044	time 0.5336 (0.5954)	loss 4.9594 (5.1806)	acc@1: 33.6772	acc@5: 55.6705	
2023-03-15 17:25:57,593 - INFO - Train: [4/90][1400/3907]	eta 0:24:45 lr 0.03989044	time 0.5545 (0.5924)	loss 3.8306 (5.1621)	acc@1: 39.0591	acc@5: 69.5251	
2023-03-15 17:27:53,876 - INFO - Train: [4/90][1600/3907]	eta 0:22:43 lr 0.03989044	time 0.5507 (0.5910)	loss 3.9005 (5.1714)	acc@1: 41.3030	acc@5: 71.6963	
2023-03-15 17:29:50,880 - INFO - Train: [4/90][1800/3907]	eta 0:20:43 lr 0.03989044	time 0.5467 (0.5904)	loss 3.9771 (5.1823)	acc@1: 36.6507	acc@5: 66.2819	
2023-03-15 17:31:47,150 - INFO - Train: [4/90][2000/3907]	eta 0:18:44 lr 0.03989044	time 0.6047 (0.5895)	loss 4.0208 (5.1843)	acc@1: 38.1415	acc@5: 67.7212	
2023-03-15 17:33:46,446 - INFO - Train: [4/90][2200/3907]	eta 0:16:47 lr 0.03989044	time 0.6243 (0.5901)	loss 5.3053 (5.1758)	acc@1: 24.4532	acc@5: 52.9921	
2023-03-15 17:35:43,939 - INFO - Train: [4/90][2400/3907]	eta 0:14:48 lr 0.03989044	time 0.6514 (0.5899)	loss 5.2068 (5.1756)	acc@1: 36.4737	acc@5: 52.7442	
2023-03-15 17:37:45,885 - INFO - Train: [4/90][2600/3907]	eta 0:12:52 lr 0.03989044	time 0.5496 (0.5914)	loss 6.7450 (5.1783)	acc@1: 15.5689	acc@5: 26.5234	
2023-03-15 17:39:39,710 - INFO - Train: [4/90][2800/3907]	eta 0:10:52 lr 0.03989044	time 0.5455 (0.5898)	loss 4.1838 (5.1745)	acc@1: 35.9014	acc@5: 60.8774	
2023-03-15 17:41:37,593 - INFO - Train: [4/90][3000/3907]	eta 0:08:54 lr 0.03989044	time 0.6116 (0.5898)	loss 4.1439 (5.1800)	acc@1: 42.1801	acc@5: 59.3646	
2023-03-15 17:43:33,804 - INFO - Train: [4/90][3200/3907]	eta 0:06:56 lr 0.03989044	time 0.5379 (0.5892)	loss 4.3184 (5.1788)	acc@1: 35.6440	acc@5: 60.8919	
2023-03-15 17:45:32,505 - INFO - Train: [4/90][3400/3907]	eta 0:04:58 lr 0.03989044	time 0.5535 (0.5895)	loss 3.9680 (5.1757)	acc@1: 38.2145	acc@5: 68.7861	
2023-03-15 17:47:28,425 - INFO - Train: [4/90][3600/3907]	eta 0:03:00 lr 0.03989044	time 0.5578 (0.5889)	loss 4.8920 (5.1698)	acc@1: 31.6841	acc@5: 56.4803	
2023-03-15 17:49:24,677 - INFO - Train: [4/90][3800/3907]	eta 0:01:02 lr 0.03989044	time 0.5498 (0.5885)	loss 3.8345 (5.1670)	acc@1: 42.3815	acc@5: 73.9856	
2023-03-15 17:50:29,192 - INFO - EPOCH 4 training takes 0:38:21
2023-03-15 17:50:29,906 - INFO - ./outputs/inat21_mini/res50_dynamic_mlp/fold1_latest.pth saved !!!
2023-03-15 17:50:29,906 - INFO - **********latest test***********
2023-03-15 17:50:29,906 - INFO - eval epoch 4
2023-03-15 17:58:20,937 - INFO -  * Acc@1 44.153 Acc@5 70.921
2023-03-15 17:58:20,937 - INFO - Max accuracy: 44.1530%
2023-03-15 17:58:21,648 - INFO - ./outputs/inat21_mini/res50_dynamic_mlp/fold1_best.pth saved !!!
2023-03-15 17:58:21,648 - INFO - Exp path: ./outputs/inat21_mini/res50_dynamic_mlp
2023-03-15 17:58:22,249 - INFO - Train: [5/90][0/3907]	eta 0:38:52 lr 0.03980536	time 0.5969 (0.5969)	loss 3.5454 (3.5454)	acc@1: 44.5031	acc@5: 74.9525	
2023-03-15 18:00:23,862 - INFO - Train: [5/90][200/3907]	eta 0:37:33 lr 0.03980536	time 0.6140 (0.6080)	loss 4.3339 (4.8498)	acc@1: 41.0007	acc@5: 66.6261	
2023-03-15 18:02:23,901 - INFO - Train: [5/90][400/3907]	eta 0:35:18 lr 0.03980536	time 0.6241 (0.6041)	loss 6.4801 (4.9255)	acc@1: 21.6612	acc@5: 34.1786	
2023-03-15 18:04:25,195 - INFO - Train: [5/90][600/3907]	eta 0:33:20 lr 0.03980536	time 0.6209 (0.6049)	loss 5.4299 (4.9584)	acc@1: 31.5824	acc@5: 50.4402	
2023-03-15 18:06:22,915 - INFO - Train: [5/90][800/3907]	eta 0:31:06 lr 0.03980536	time 0.5471 (0.6008)	loss 4.7361 (4.9614)	acc@1: 39.1860	acc@5: 63.0440	
2023-03-15 18:08:25,291 - INFO - Train: [5/90][1000/3907]	eta 0:29:13 lr 0.03980536	time 0.6304 (0.6030)	loss 6.1650 (4.9568)	acc@1: 21.5192	acc@5: 38.0427	
2023-03-15 18:10:27,987 - INFO - Train: [5/90][1200/3907]	eta 0:27:17 lr 0.03980536	time 0.6278 (0.6048)	loss 3.8050 (4.9717)	acc@1: 46.7638	acc@5: 65.4705	
2023-03-15 18:12:28,422 - INFO - Train: [5/90][1400/3907]	eta 0:25:15 lr 0.03980536	time 0.6076 (0.6044)	loss 4.3390 (4.9717)	acc@1: 34.3215	acc@5: 64.0693	
2023-03-15 18:14:23,548 - INFO - Train: [5/90][1600/3907]	eta 0:23:06 lr 0.03980536	time 0.5591 (0.6008)	loss 3.7776 (4.9737)	acc@1: 42.8678	acc@5: 67.0296	
2023-03-15 18:16:18,757 - INFO - Train: [5/90][1800/3907]	eta 0:21:00 lr 0.03980536	time 0.6336 (0.5981)	loss 4.7922 (4.9721)	acc@1: 41.1154	acc@5: 62.9356	
2023-03-15 18:18:21,944 - INFO - Train: [5/90][2000/3907]	eta 0:19:03 lr 0.03980536	time 0.6191 (0.5998)	loss 4.4738 (4.9690)	acc@1: 35.7568	acc@5: 64.2520	
2023-03-15 18:20:22,202 - INFO - Train: [5/90][2200/3907]	eta 0:17:04 lr 0.03980536	time 0.5762 (0.6000)	loss 3.8900 (4.9921)	acc@1: 42.1874	acc@5: 64.0624	
2023-03-15 18:22:17,937 - INFO - Train: [5/90][2400/3907]	eta 0:15:01 lr 0.03980536	time 0.6356 (0.5982)	loss 3.8722 (4.9947)	acc@1: 48.2550	acc@5: 73.5149	
2023-03-15 18:24:16,785 - INFO - Train: [5/90][2600/3907]	eta 0:13:01 lr 0.03980536	time 0.6317 (0.5979)	loss 4.5030 (4.9975)	acc@1: 42.8265	acc@5: 61.7825	
2023-03-15 18:26:18,213 - INFO - Train: [5/90][2800/3907]	eta 0:11:02 lr 0.03980536	time 0.5728 (0.5986)	loss 6.8139 (4.9887)	acc@1: 13.2556	acc@5: 25.9989	
2023-03-15 18:28:15,714 - INFO - Train: [5/90][3000/3907]	eta 0:09:02 lr 0.03980536	time 0.5839 (0.5978)	loss 4.4314 (4.9922)	acc@1: 39.5392	acc@5: 63.7020	
2023-03-15 18:30:09,027 - INFO - Train: [5/90][3200/3907]	eta 0:07:01 lr 0.03980536	time 0.6145 (0.5959)	loss 6.7324 (5.0031)	acc@1: 12.5542	acc@5: 26.7997	
2023-03-15 18:32:06,083 - INFO - Train: [5/90][3400/3907]	eta 0:05:01 lr 0.03980536	time 0.5453 (0.5952)	loss 5.6015 (5.0077)	acc@1: 32.8906	acc@5: 49.3360	
2023-03-15 18:34:06,882 - INFO - Train: [5/90][3600/3907]	eta 0:03:02 lr 0.03980536	time 0.6099 (0.5957)	loss 4.2919 (5.0002)	acc@1: 38.8625	acc@5: 59.0411	
2023-03-15 18:36:06,559 - INFO - Train: [5/90][3800/3907]	eta 0:01:03 lr 0.03980536	time 0.6435 (0.5959)	loss 4.7167 (5.0045)	acc@1: 36.4734	acc@5: 59.3587	
2023-03-15 18:37:11,547 - INFO - EPOCH 5 training takes 0:38:49
2023-03-15 18:37:12,152 - INFO - ./outputs/inat21_mini/res50_dynamic_mlp/fold1_latest.pth saved !!!
2023-03-15 18:37:12,152 - INFO - **********latest test***********
2023-03-15 18:37:12,153 - INFO - eval epoch 5
2023-03-15 18:45:01,037 - INFO -  * Acc@1 46.627 Acc@5 73.026
2023-03-15 18:45:01,037 - INFO - Max accuracy: 46.6270%
2023-03-15 18:45:01,764 - INFO - ./outputs/inat21_mini/res50_dynamic_mlp/fold1_best.pth saved !!!
2023-03-15 18:45:01,765 - INFO - Exp path: ./outputs/inat21_mini/res50_dynamic_mlp
2023-03-15 18:45:02,419 - INFO - Train: [6/90][0/3907]	eta 0:42:10 lr 0.03969616	time 0.6477 (0.6477)	loss 4.3537 (4.3537)	acc@1: 45.3148	acc@5: 64.0161	
2023-03-15 18:46:59,518 - INFO - Train: [6/90][200/3907]	eta 0:36:11 lr 0.03969616	time 0.5489 (0.5858)	loss 3.9129 (4.7805)	acc@1: 46.1116	acc@5: 69.9359	
2023-03-15 18:48:57,387 - INFO - Train: [6/90][400/3907]	eta 0:34:20 lr 0.03969616	time 0.6138 (0.5876)	loss 4.9507 (4.7865)	acc@1: 42.1824	acc@5: 60.8167	
2023-03-15 18:50:53,093 - INFO - Train: [6/90][600/3907]	eta 0:32:13 lr 0.03969616	time 0.6086 (0.5846)	loss 5.1530 (4.8808)	acc@1: 35.9476	acc@5: 55.7852	
2023-03-15 18:52:54,445 - INFO - Train: [6/90][800/3907]	eta 0:30:33 lr 0.03969616	time 0.5426 (0.5901)	loss 5.4879 (4.9019)	acc@1: 34.9340	acc@5: 50.2438	
2023-03-15 18:54:46,844 - INFO - Train: [6/90][1000/3907]	eta 0:28:19 lr 0.03969616	time 0.5436 (0.5845)	loss 3.7297 (4.8798)	acc@1: 51.0047	acc@5: 70.0364	
2023-03-15 18:56:43,494 - INFO - Train: [6/90][1200/3907]	eta 0:26:21 lr 0.03969616	time 0.5650 (0.5843)	loss 4.7498 (4.8776)	acc@1: 36.5340	acc@5: 60.6603	
2023-03-15 18:58:37,921 - INFO - Train: [6/90][1400/3907]	eta 0:24:20 lr 0.03969616	time 0.5682 (0.5825)	loss 3.4230 (4.8761)	acc@1: 54.6839	acc@5: 76.5575	
2023-03-15 19:00:30,295 - INFO - Train: [6/90][1600/3907]	eta 0:22:17 lr 0.03969616	time 0.5376 (0.5800)	loss 3.6337 (4.8660)	acc@1: 51.0351	acc@5: 75.7794	
2023-03-15 19:02:28,371 - INFO - Train: [6/90][1800/3907]	eta 0:20:24 lr 0.03969616	time 0.5844 (0.5811)	loss 4.7430 (4.8791)	acc@1: 34.0995	acc@5: 62.1604	
2023-03-15 19:04:27,977 - INFO - Train: [6/90][2000/3907]	eta 0:18:31 lr 0.03969616	time 0.5788 (0.5828)	loss 6.9355 (4.8806)	acc@1: 8.2361	acc@5: 16.8738	
2023-03-15 19:06:27,291 - INFO - Train: [6/90][2200/3907]	eta 0:16:36 lr 0.03969616	time 0.5792 (0.5841)	loss 6.6776 (4.8914)	acc@1: 12.7939	acc@5: 24.5916	
2023-03-15 19:08:23,012 - INFO - Train: [6/90][2400/3907]	eta 0:14:39 lr 0.03969616	time 0.6031 (0.5836)	loss 4.9809 (4.8968)	acc@1: 34.9229	acc@5: 54.0316	
2023-03-15 19:10:18,830 - INFO - Train: [6/90][2600/3907]	eta 0:12:42 lr 0.03969616	time 0.5304 (0.5833)	loss 3.5584 (4.8923)	acc@1: 47.5364	acc@5: 72.4754	
2023-03-15 19:12:13,151 - INFO - Train: [6/90][2800/3907]	eta 0:10:44 lr 0.03969616	time 0.6293 (0.5824)	loss 6.2242 (4.8917)	acc@1: 25.0779	acc@5: 40.8795	
2023-03-15 19:14:10,951 - INFO - Train: [6/90][3000/3907]	eta 0:08:48 lr 0.03969616	time 0.5418 (0.5829)	loss 5.5316 (4.8940)	acc@1: 30.3756	acc@5: 47.1131	
2023-03-15 19:16:12,485 - INFO - Train: [6/90][3200/3907]	eta 0:06:53 lr 0.03969616	time 0.6144 (0.5844)	loss 4.0051 (4.8912)	acc@1: 45.9471	acc@5: 69.6189	
2023-03-15 19:18:09,199 - INFO - Train: [6/90][3400/3907]	eta 0:04:56 lr 0.03969616	time 0.6228 (0.5844)	loss 4.7900 (4.8932)	acc@1: 41.2640	acc@5: 61.1147	
2023-03-15 19:20:10,705 - INFO - Train: [6/90][3600/3907]	eta 0:02:59 lr 0.03969616	time 0.6234 (0.5856)	loss 6.6102 (4.8897)	acc@1: 12.1684	acc@5: 22.4285	
2023-03-15 19:22:08,922 - INFO - Train: [6/90][3800/3907]	eta 0:01:02 lr 0.03969616	time 0.5601 (0.5859)	loss 4.7143 (4.8925)	acc@1: 37.4798	acc@5: 59.2271	
2023-03-15 19:23:09,752 - INFO - EPOCH 6 training takes 0:38:07
2023-03-15 19:23:10,447 - INFO - ./outputs/inat21_mini/res50_dynamic_mlp/fold1_latest.pth saved !!!
2023-03-15 19:23:10,448 - INFO - **********latest test***********
2023-03-15 19:23:10,448 - INFO - eval epoch 6
2023-03-15 19:31:00,130 - INFO -  * Acc@1 50.452 Acc@5 76.227
2023-03-15 19:31:00,130 - INFO - Max accuracy: 50.4520%
2023-03-15 19:31:00,756 - INFO - ./outputs/inat21_mini/res50_dynamic_mlp/fold1_best.pth saved !!!
2023-03-15 19:31:00,757 - INFO - Exp path: ./outputs/inat21_mini/res50_dynamic_mlp
2023-03-15 19:31:01,353 - INFO - Train: [7/90][0/3907]	eta 0:38:36 lr 0.03956295	time 0.5929 (0.5929)	loss 6.1933 (6.1933)	acc@1: 21.7233	acc@5: 35.9481	
2023-03-15 19:32:57,706 - INFO - Train: [7/90][200/3907]	eta 0:35:56 lr 0.03956295	time 0.5620 (0.5818)	loss 3.4632 (4.5273)	acc@1: 49.9994	acc@5: 78.1240	
2023-03-15 19:34:59,820 - INFO - Train: [7/90][400/3907]	eta 0:34:50 lr 0.03956295	time 0.6144 (0.5962)	loss 5.3070 (4.6415)	acc@1: 32.7515	acc@5: 52.5259	
2023-03-15 19:37:00,210 - INFO - Train: [7/90][600/3907]	eta 0:32:57 lr 0.03956295	time 0.5473 (0.5981)	loss 6.3601 (4.6634)	acc@1: 21.1704	acc@5: 36.1376	
2023-03-15 19:38:56,067 - INFO - Train: [7/90][800/3907]	eta 0:30:43 lr 0.03956295	time 0.5559 (0.5934)	loss 3.4439 (4.7001)	acc@1: 48.3964	acc@5: 75.7169	
2023-03-15 19:40:49,651 - INFO - Train: [7/90][1000/3907]	eta 0:28:30 lr 0.03956295	time 0.5935 (0.5883)	loss 6.4499 (4.7088)	acc@1: 15.3409	acc@5: 28.9477	
2023-03-15 19:42:45,731 - INFO - Train: [7/90][1200/3907]	eta 0:26:28 lr 0.03956295	time 0.5521 (0.5870)	loss 3.3591 (4.7476)	acc@1: 49.2128	acc@5: 78.1156	
2023-03-15 19:44:38,508 - INFO - Train: [7/90][1400/3907]	eta 0:24:23 lr 0.03956295	time 0.6374 (0.5837)	loss 4.0771 (4.7654)	acc@1: 46.1806	acc@5: 64.1298	
2023-03-15 19:46:39,200 - INFO - Train: [7/90][1600/3907]	eta 0:22:32 lr 0.03956295	time 0.6046 (0.5862)	loss 3.7207 (4.7670)	acc@1: 49.7982	acc@5: 70.1702	
2023-03-15 19:48:37,953 - INFO - Train: [7/90][1800/3907]	eta 0:20:36 lr 0.03956295	time 0.6157 (0.5870)	loss 5.5970 (4.7850)	acc@1: 30.1211	acc@5: 47.6764	
2023-03-15 19:50:32,457 - INFO - Train: [7/90][2000/3907]	eta 0:18:36 lr 0.03956295	time 0.6054 (0.5856)	loss 6.2689 (4.8079)	acc@1: 20.7559	acc@5: 34.2758	
2023-03-15 19:52:30,471 - INFO - Train: [7/90][2200/3907]	eta 0:16:40 lr 0.03956295	time 0.5918 (0.5860)	loss 6.2623 (4.8132)	acc@1: 23.4522	acc@5: 35.5779	
2023-03-15 19:54:30,997 - INFO - Train: [7/90][2400/3907]	eta 0:14:45 lr 0.03956295	time 0.6357 (0.5873)	loss 3.4983 (4.8067)	acc@1: 50.6809	acc@5: 71.7346	
2023-03-15 19:56:30,328 - INFO - Train: [7/90][2600/3907]	eta 0:12:48 lr 0.03956295	time 0.5497 (0.5881)	loss 4.9325 (4.8052)	acc@1: 35.3674	acc@5: 58.8372	
2023-03-15 19:58:24,796 - INFO - Train: [7/90][2800/3907]	eta 0:10:49 lr 0.03956295	time 0.6365 (0.5869)	loss 3.4297 (4.8066)	acc@1: 55.4261	acc@5: 76.9807	
2023-03-15 20:00:19,399 - INFO - Train: [7/90][3000/3907]	eta 0:08:51 lr 0.03956295	time 0.5493 (0.5860)	loss 3.9032 (4.8108)	acc@1: 52.2539	acc@5: 73.5970	
2023-03-15 20:02:18,610 - INFO - Train: [7/90][3200/3907]	eta 0:06:54 lr 0.03956295	time 0.5393 (0.5866)	loss 4.4002 (4.8069)	acc@1: 44.6759	acc@5: 65.2073	
2023-03-15 20:04:11,482 - INFO - Train: [7/90][3400/3907]	eta 0:04:56 lr 0.03956295	time 0.5654 (0.5853)	loss 3.9311 (4.8062)	acc@1: 44.8556	acc@5: 72.9721	
2023-03-15 20:06:05,402 - INFO - Train: [7/90][3600/3907]	eta 0:02:59 lr 0.03956295	time 0.6090 (0.5845)	loss 3.7073 (4.8084)	acc@1: 41.7270	acc@5: 73.4019	
2023-03-15 20:08:00,278 - INFO - Train: [7/90][3800/3907]	eta 0:01:02 lr 0.03956295	time 0.6043 (0.5839)	loss 3.8244 (4.8094)	acc@1: 51.4499	acc@5: 75.3463	
2023-03-15 20:09:01,760 - INFO - EPOCH 7 training takes 0:38:01
2023-03-15 20:09:02,441 - INFO - ./outputs/inat21_mini/res50_dynamic_mlp/fold1_latest.pth saved !!!
2023-03-15 20:09:02,441 - INFO - **********latest test***********
2023-03-15 20:09:02,441 - INFO - eval epoch 7
2023-03-15 20:16:45,236 - INFO -  * Acc@1 49.354 Acc@5 74.928
2023-03-15 20:16:45,236 - INFO - Max accuracy: 50.4520%
2023-03-15 20:16:45,236 - INFO - Exp path: ./outputs/inat21_mini/res50_dynamic_mlp
2023-03-15 20:16:45,804 - INFO - Train: [8/90][0/3907]	eta 0:36:49 lr 0.03940591	time 0.5656 (0.5656)	loss 5.1029 (5.1029)	acc@1: 35.9089	acc@5: 55.1354	
2023-03-15 20:18:39,117 - INFO - Train: [8/90][200/3907]	eta 0:35:00 lr 0.03940591	time 0.6044 (0.5666)	loss 6.3927 (4.6514)	acc@1: 15.4140	acc@5: 29.8448	
2023-03-15 20:20:37,360 - INFO - Train: [8/90][400/3907]	eta 0:33:50 lr 0.03940591	time 0.6386 (0.5789)	loss 6.1553 (4.7108)	acc@1: 22.8879	acc@5: 36.0885	
2023-03-15 20:22:33,209 - INFO - Train: [8/90][600/3907]	eta 0:31:54 lr 0.03940591	time 0.5617 (0.5790)	loss 3.6523 (4.6830)	acc@1: 51.8293	acc@5: 71.9392	
2023-03-15 20:24:30,486 - INFO - Train: [8/90][800/3907]	eta 0:30:04 lr 0.03940591	time 0.6006 (0.5808)	loss 5.9152 (4.6840)	acc@1: 24.8591	acc@5: 45.5051	
2023-03-15 20:26:21,869 - INFO - Train: [8/90][1000/3907]	eta 0:27:54 lr 0.03940591	time 0.5449 (0.5760)	loss 3.7058 (4.6742)	acc@1: 50.6119	acc@5: 76.6621	
2023-03-15 20:28:19,889 - INFO - Train: [8/90][1200/3907]	eta 0:26:05 lr 0.03940591	time 0.6210 (0.5784)	loss 5.9825 (4.6939)	acc@1: 26.6661	acc@5: 42.9368	
2023-03-15 20:30:19,774 - INFO - Train: [8/90][1400/3907]	eta 0:24:17 lr 0.03940591	time 0.5498 (0.5814)	loss 5.8084 (4.7122)	acc@1: 25.5729	acc@5: 46.2926	
2023-03-15 20:32:14,707 - INFO - Train: [8/90][1600/3907]	eta 0:22:19 lr 0.03940591	time 0.5622 (0.5806)	loss 3.1421 (4.7062)	acc@1: 57.7311	acc@5: 79.5753	
2023-03-15 20:34:08,606 - INFO - Train: [8/90][1800/3907]	eta 0:20:20 lr 0.03940591	time 0.6233 (0.5793)	loss 6.7928 (4.7083)	acc@1: 14.9670	acc@5: 25.5910	
2023-03-15 20:36:06,610 - INFO - Train: [8/90][2000/3907]	eta 0:18:26 lr 0.03940591	time 0.6050 (0.5804)	loss 3.8056 (4.7158)	acc@1: 45.8286	acc@5: 70.6849	
2023-03-15 20:38:01,453 - INFO - Train: [8/90][2200/3907]	eta 0:16:29 lr 0.03940591	time 0.5476 (0.5798)	loss 5.1150 (4.7126)	acc@1: 33.6291	acc@5: 54.8614	
2023-03-15 20:39:57,211 - INFO - Train: [8/90][2400/3907]	eta 0:14:33 lr 0.03940591	time 0.5493 (0.5797)	loss 3.3712 (4.7102)	acc@1: 56.7103	acc@5: 80.0159	
2023-03-15 20:41:52,636 - INFO - Train: [8/90][2600/3907]	eta 0:12:37 lr 0.03940591	time 0.6196 (0.5795)	loss 4.2893 (4.7184)	acc@1: 46.7618	acc@5: 68.7257	
2023-03-15 20:43:48,338 - INFO - Train: [8/90][2800/3907]	eta 0:10:41 lr 0.03940591	time 0.5674 (0.5795)	loss 5.3698 (4.7153)	acc@1: 32.2890	acc@5: 55.2767	
2023-03-15 20:45:41,377 - INFO - Train: [8/90][3000/3907]	eta 0:08:44 lr 0.03940591	time 0.5296 (0.5785)	loss 4.1383 (4.7169)	acc@1: 42.5824	acc@5: 72.9938	
2023-03-15 20:47:34,364 - INFO - Train: [8/90][3200/3907]	eta 0:06:48 lr 0.03940591	time 0.5368 (0.5777)	loss 4.1732 (4.7234)	acc@1: 44.6085	acc@5: 69.0368	
2023-03-15 20:49:25,198 - INFO - Train: [8/90][3400/3907]	eta 0:04:52 lr 0.03940591	time 0.5482 (0.5763)	loss 3.4981 (4.7356)	acc@1: 53.0111	acc@5: 75.7301	
2023-03-15 20:51:20,904 - INFO - Train: [8/90][3600/3907]	eta 0:02:56 lr 0.03940591	time 0.5429 (0.5764)	loss 6.5626 (4.7410)	acc@1: 12.5694	acc@5: 25.9200	
2023-03-15 20:53:12,536 - INFO - Train: [8/90][3800/3907]	eta 0:01:01 lr 0.03940591	time 0.6099 (0.5754)	loss 6.4243 (4.7403)	acc@1: 16.5356	acc@5: 26.4253	
2023-03-15 20:54:12,540 - INFO - EPOCH 8 training takes 0:37:27
2023-03-15 20:54:13,229 - INFO - ./outputs/inat21_mini/res50_dynamic_mlp/fold1_latest.pth saved !!!
2023-03-15 20:54:13,230 - INFO - **********latest test***********
2023-03-15 20:54:13,230 - INFO - eval epoch 8
2023-03-15 21:01:53,984 - INFO -  * Acc@1 51.056 Acc@5 76.068
2023-03-15 21:01:53,985 - INFO - Max accuracy: 51.0560%
2023-03-15 21:01:54,680 - INFO - ./outputs/inat21_mini/res50_dynamic_mlp/fold1_best.pth saved !!!
2023-03-15 21:01:54,681 - INFO - Exp path: ./outputs/inat21_mini/res50_dynamic_mlp
2023-03-15 21:01:55,345 - INFO - Train: [9/90][0/3907]	eta 0:43:03 lr 0.03922523	time 0.6613 (0.6613)	loss 4.8849 (4.8849)	acc@1: 40.0540	acc@5: 57.3754	
