# 2080Ti
2023-03-17 06:57:44,642 - INFO - --batch_size 128
2023-03-17 06:57:44,642 - INFO - --data inat21_mini
2023-03-17 06:57:44,642 - INFO - --data_dir ./datasets/iNat2021
2023-03-17 06:57:44,642 - INFO - --evaluate False
2023-03-17 06:57:44,642 - INFO - --fold 1
2023-03-17 06:57:44,642 - INFO - --image_only False
2023-03-17 06:57:44,642 - INFO - --metadata geo_temporal
2023-03-17 06:57:44,642 - INFO - --mlp_cin 6
2023-03-17 06:57:44,642 - INFO - --mlp_d 256
2023-03-17 06:57:44,642 - INFO - --mlp_h 64
2023-03-17 06:57:44,643 - INFO - --mlp_n 2
2023-03-17 06:57:44,643 - INFO - --mlp_type c
2023-03-17 06:57:44,643 - INFO - --model_file resnet_dynamic_mlp
2023-03-17 06:57:44,643 - INFO - --model_name resnet50
2023-03-17 06:57:44,643 - INFO - --name res50_dynamic_mlp
2023-03-17 06:57:44,643 - INFO - --num_classes 10000
2023-03-17 06:57:44,643 - INFO - --num_workers 8
2023-03-17 06:57:44,643 - INFO - --path_log ./outputs/inat21_mini/res50_dynamic_mlp
2023-03-17 06:57:44,643 - INFO - --pretrained True
2023-03-17 06:57:44,643 - INFO - --random_seed 37
2023-03-17 06:57:44,643 - INFO - --resume latest
2023-03-17 06:57:44,643 - INFO - --save_dir ./outputs
2023-03-17 06:57:44,643 - INFO - --start_lr 0.04
2023-03-17 06:57:44,643 - INFO - --stop_epoch 90
2023-03-17 06:57:44,643 - INFO - --tencrop False
2023-03-17 06:57:44,643 - INFO - --warmup 2
2023-03-17 06:57:44,643 - INFO - Creating model:resnet_dynamic_mlp -> resnet50
2023-03-17 06:57:44,643 - INFO - type: c, cin: 6, d: 256, h: 64, N: 2
2023-03-17 06:57:54,112 - INFO - => no checkpoint found at './outputs/inat21_mini/res50_dynamic_mlp/fold1_latest.pth'
2023-03-17 06:57:54,113 - INFO - Start training
2023-03-17 06:58:00,657 - INFO - Train: [1/90][0/3907]	eta 7:06:04 lr 0.00000000	time 6.5432 (6.5432)	loss 9.4072 (9.4072)	acc@1: 0.0000	acc@5: 0.0000	
2023-03-17 06:59:44,322 - INFO - Train: [1/90][300/3907]	eta 0:22:00 lr 0.00153571	time 2.2464 (0.3661)	loss 9.3158 (9.3867)	acc@1: 0.0000	acc@5: 0.0000	
2023-03-17 07:01:43,050 - INFO - Train: [1/90][600/3907]	eta 0:20:59 lr 0.00307141	time 0.2729 (0.3809)	loss 9.2807 (9.3459)	acc@1: 0.0000	acc@5: 0.0000	
2023-03-17 07:03:57,298 - INFO - Train: [1/90][900/3907]	eta 0:20:12 lr 0.00460712	time 0.2726 (0.4031)	loss 8.9369 (9.2719)	acc@1: 0.6354	acc@5: 0.6354	
2023-03-17 07:06:27,750 - INFO - Train: [1/90][1200/3907]	eta 0:19:17 lr 0.00614282	time 0.2723 (0.4277)	loss 8.2797 (9.1204)	acc@1: 0.0000	acc@5: 1.4320	
2023-03-17 07:09:10,343 - INFO - Train: [1/90][1500/3907]	eta 0:18:04 lr 0.00767853	time 0.2722 (0.4505)	loss 7.7575 (8.9410)	acc@1: 2.2227	acc@5: 5.9272	
2023-03-17 07:12:12,697 - INFO - Train: [1/90][1800/3907]	eta 0:16:44 lr 0.00921423	time 0.2769 (0.4767)	loss 7.1107 (8.7584)	acc@1: 3.7598	acc@5: 12.0313	
2023-03-17 07:15:47,192 - INFO - Train: [1/90][2100/3907]	eta 0:15:22 lr 0.01074994	time 0.2713 (0.5107)	loss 8.0960 (8.5790)	acc@1: 2.0390	acc@5: 3.9452	
2023-03-17 07:19:43,090 - INFO - Train: [1/90][2400/3907]	eta 0:13:41 lr 0.01228564	time 0.2790 (0.5452)	loss 7.4690 (8.4184)	acc@1: 5.0656	acc@5: 11.3975	
2023-03-17 07:24:05,373 - INFO - Train: [1/90][2700/3907]	eta 0:11:42 lr 0.01382135	time 0.2770 (0.5817)	loss 6.5538 (8.2756)	acc@1: 5.1213	acc@5: 18.2905	
2023-03-17 07:28:42,248 - INFO - Train: [1/90][3000/3907]	eta 0:09:18 lr 0.01535705	time 0.2913 (0.6158)	loss 6.8320 (8.1411)	acc@1: 7.5499	acc@5: 13.8220	
2023-03-17 07:33:34,658 - INFO - Train: [1/90][3300/3907]	eta 0:06:33 lr 0.01689276	time 0.2714 (0.6484)	loss 5.8098 (8.0211)	acc@1: 7.0291	acc@5: 24.2113	
2023-03-17 07:39:22,048 - INFO - Train: [1/90][3600/3907]	eta 0:03:32 lr 0.01842846	time 3.1151 (0.6909)	loss 7.3618 (7.9126)	acc@1: 5.4220	acc@5: 13.5551	
2023-03-17 07:45:21,913 - INFO - Train: [1/90][3900/3907]	eta 0:00:05 lr 0.01996417	time 1.6896 (0.7300)	loss 7.3308 (7.8118)	acc@1: 6.1792	acc@5: 14.6053	
2023-03-17 07:45:24,294 - INFO - EPOCH 1 training takes 0:47:30
2023-03-17 07:45:25,290 - INFO - ./outputs/inat21_mini/res50_dynamic_mlp/fold1_latest.pth saved !!!
2023-03-17 07:45:25,290 - INFO - **********latest test***********
2023-03-17 07:45:25,290 - INFO - eval epoch 1
2023-03-17 07:45:28,225 - INFO - Test: [0/782]	Time 2.934 (2.934)	Loss 4.9227 (4.9227)	Acc@1 21.094 (21.094)	Acc@5 39.844 (39.844)
2023-03-17 07:52:58,519 - INFO - Test: [200/782]	Time 2.315 (2.255)	Loss 5.3140 (5.4843)	Acc@1 15.625 (13.176)	Acc@5 39.062 (32.645)
2023-03-17 08:00:35,671 - INFO - Test: [400/782]	Time 2.240 (2.270)	Loss 5.4508 (5.4558)	Acc@1 15.625 (13.457)	Acc@5 39.844 (33.259)
2023-03-17 08:07:28,680 - INFO - Test: [600/782]	Time 1.909 (2.202)	Loss 5.6576 (5.4539)	Acc@1 14.062 (13.543)	Acc@5 28.125 (33.248)
2023-03-17 08:13:53,287 - INFO -  * Acc@1 13.905 Acc@5 34.105
2023-03-17 08:13:53,287 - INFO - Max accuracy: 13.9050%
2023-03-17 08:13:54,163 - INFO - ./outputs/inat21_mini/res50_dynamic_mlp/fold1_best.pth saved !!!
2023-03-17 08:13:54,163 - INFO - Exp path: ./outputs/inat21_mini/res50_dynamic_mlp
2023-03-17 08:13:57,349 - INFO - Train: [2/90][0/3907]	eta 3:27:08 lr 0.02000000	time 3.1811 (3.1811)	loss 6.8553 (6.8553)	acc@1: 8.0579	acc@5: 26.6529	
2023-03-17 08:15:41,157 - INFO - Train: [2/90][300/3907]	eta 0:21:22 lr 0.02153571	time 0.2811 (0.3554)	loss 7.8062 (6.3386)	acc@1: 5.1836	acc@5: 9.8960	
2023-03-17 08:17:30,084 - INFO - Train: [2/90][600/3907]	eta 0:19:48 lr 0.02307141	time 1.7998 (0.3593)	loss 7.8242 (6.3252)	acc@1: 3.5013	acc@5: 10.9662	
2023-03-17 08:19:32,931 - INFO - Train: [2/90][900/3907]	eta 0:18:50 lr 0.02460712	time 1.3866 (0.3760)	loss 6.4037 (6.2806)	acc@1: 13.4211	acc@5: 31.3158	
2023-03-17 08:21:55,099 - INFO - Train: [2/90][1200/3907]	eta 0:18:03 lr 0.02614282	time 0.2729 (0.4004)	loss 4.9775 (6.2212)	acc@1: 20.0485	acc@5: 47.0469	
2023-03-17 08:24:29,630 - INFO - Train: [2/90][1500/3907]	eta 0:16:59 lr 0.02767853	time 1.3974 (0.4234)	loss 5.1804 (6.2113)	acc@1: 19.0636	acc@5: 44.9902	
2023-03-17 08:27:24,317 - INFO - Train: [2/90][1800/3907]	eta 0:15:47 lr 0.02921423	time 0.2816 (0.4498)	loss 5.1908 (6.1629)	acc@1: 20.9789	acc@5: 42.7349	
2023-03-17 08:30:41,038 - INFO - Train: [2/90][2100/3907]	eta 0:14:25 lr 0.03074994	time 0.2738 (0.4792)	loss 5.7247 (6.1347)	acc@1: 19.1924	acc@5: 40.4412	
2023-03-17 08:34:32,621 - INFO - Train: [2/90][2400/3907]	eta 0:12:57 lr 0.03228564	time 4.8035 (0.5158)	loss 5.6218 (6.1037)	acc@1: 17.0413	acc@5: 38.3430	
2023-03-17 08:39:02,845 - INFO - Train: [2/90][2700/3907]	eta 0:11:14 lr 0.03382135	time 0.2700 (0.5586)	loss 7.3119 (6.0733)	acc@1: 6.8305	acc@5: 13.5315	
2023-03-17 08:43:55,032 - INFO - Train: [2/90][3000/3907]	eta 0:09:04 lr 0.03535705	time 0.2715 (0.6001)	loss 5.8686 (6.0539)	acc@1: 19.6810	acc@5: 39.3621	
2023-03-17 08:48:50,748 - INFO - Train: [2/90][3300/3907]	eta 0:06:25 lr 0.03689276	time 0.2833 (0.6351)	loss 5.5015 (6.0315)	acc@1: 29.1081	acc@5: 48.8709	
2023-03-17 08:54:19,557 - INFO - Train: [2/90][3600/3907]	eta 0:03:26 lr 0.03842846	time 0.2711 (0.6735)	loss 5.5655 (6.0134)	acc@1: 21.7600	acc@5: 43.4084	
2023-03-17 09:00:05,096 - INFO - Train: [2/90][3900/3907]	eta 0:00:04 lr 0.03996417	time 0.2821 (0.7103)	loss 5.6200 (5.9925)	acc@1: 20.7243	acc@5: 42.8983	
2023-03-17 09:00:06,723 - INFO - EPOCH 2 training takes 0:46:12
2023-03-17 09:00:10,458 - INFO - ./outputs/inat21_mini/res50_dynamic_mlp/fold1_latest.pth saved !!!
2023-03-17 09:00:10,459 - INFO - **********latest test***********
2023-03-17 09:00:10,459 - INFO - eval epoch 2
2023-03-17 09:00:12,787 - INFO - Test: [0/782]	Time 2.327 (2.327)	Loss 3.9763 (3.9763)	Acc@1 40.625 (40.625)	Acc@5 64.844 (64.844)
2023-03-17 09:07:30,510 - INFO - Test: [200/782]	Time 2.310 (2.189)	Loss 4.2866 (4.5285)	Acc@1 30.469 (28.187)	Acc@5 58.594 (54.466)
2023-03-17 09:12:34,123 - INFO - Test: [400/782]	Time 0.776 (1.855)	Loss 4.3998 (4.5006)	Acc@1 27.344 (28.517)	Acc@5 56.250 (55.073)
2023-03-17 09:15:11,295 - INFO - Test: [600/782]	Time 0.786 (1.499)	Loss 4.6766 (4.4833)	Acc@1 26.562 (28.934)	Acc@5 53.906 (55.523)
2023-03-17 09:18:35,343 - INFO -  * Acc@1 29.383 Acc@5 56.212
2023-03-17 09:18:35,343 - INFO - Max accuracy: 29.3830%
2023-03-17 09:18:39,029 - INFO - ./outputs/inat21_mini/res50_dynamic_mlp/fold1_best.pth saved !!!
2023-03-17 09:18:39,030 - INFO - Exp path: ./outputs/inat21_mini/res50_dynamic_mlp
2023-03-17 09:18:41,455 - INFO - Train: [3/90][0/3907]	eta 2:37:27 lr 0.03995128	time 2.4180 (2.4180)	loss 4.8776 (4.8776)	acc@1: 25.9623	acc@5: 51.1434	
2023-03-17 09:20:18,802 - INFO - Train: [3/90][300/3907]	eta 0:19:55 lr 0.03995128	time 0.2851 (0.3314)	loss 4.9719 (5.5006)	acc@1: 32.7022	acc@5: 54.8110	
2023-03-17 09:22:10,927 - INFO - Train: [3/90][600/3907]	eta 0:19:25 lr 0.03995128	time 0.2846 (0.3526)	loss 5.1088 (5.4837)	acc@1: 22.0150	acc@5: 48.4331	
2023-03-17 09:24:14,405 - INFO - Train: [3/90][900/3907]	eta 0:18:39 lr 0.03995128	time 0.2824 (0.3722)	loss 4.7734 (5.4991)	acc@1: 27.8259	acc@5: 48.9125	
2023-03-17 09:26:29,208 - INFO - Train: [3/90][1200/3907]	eta 0:17:39 lr 0.03995128	time 0.2730 (0.3915)	loss 5.3439 (5.5098)	acc@1: 25.0451	acc@5: 47.4870	
2023-03-17 09:28:59,762 - INFO - Train: [3/90][1500/3907]	eta 0:16:35 lr 0.03995128	time 0.2796 (0.4135)	loss 4.3842 (5.5036)	acc@1: 28.6726	acc@5: 58.8952	
2023-03-17 09:31:47,852 - INFO - Train: [3/90][1800/3907]	eta 0:15:22 lr 0.03995128	time 0.2910 (0.4380)	loss 4.5001 (5.4832)	acc@1: 30.9987	acc@5: 53.4728	
2023-03-17 09:34:57,158 - INFO - Train: [3/90][2100/3907]	eta 0:14:01 lr 0.03995128	time 0.2773 (0.4655)	loss 4.8242 (5.4706)	acc@1: 32.9117	acc@5: 54.3759	
2023-03-17 09:38:35,243 - INFO - Train: [3/90][2400/3907]	eta 0:12:30 lr 0.03995128	time 4.2529 (0.4982)	loss 6.5732 (5.4731)	acc@1: 16.6543	acc@5: 30.9851	
2023-03-17 09:42:40,137 - INFO - Train: [3/90][2700/3907]	eta 0:10:43 lr 0.03995128	time 0.2717 (0.5335)	loss 4.2986 (5.4741)	acc@1: 37.5238	acc@5: 65.2759	
2023-03-17 09:46:55,896 - INFO - Train: [3/90][3000/3907]	eta 0:08:32 lr 0.03995128	time 0.2743 (0.5654)	loss 6.2167 (5.4541)	acc@1: 20.3123	acc@5: 36.6035	
2023-03-17 09:51:12,584 - INFO - Train: [3/90][3300/3907]	eta 0:05:59 lr 0.03995128	time 0.2769 (0.5918)	loss 5.1075 (5.4327)	acc@1: 31.5837	acc@5: 48.0238	
2023-03-17 09:56:00,304 - INFO - Train: [3/90][3600/3907]	eta 0:03:11 lr 0.03995128	time 0.2721 (0.6224)	loss 3.8598 (5.4206)	acc@1: 46.6567	acc@5: 68.4280	
2023-03-17 10:01:00,497 - INFO - Train: [3/90][3900/3907]	eta 0:00:04 lr 0.03995128	time 0.2710 (0.6515)	loss 4.3062 (5.4173)	acc@1: 39.2692	acc@5: 60.7561	
2023-03-17 10:01:04,021 - INFO - EPOCH 3 training takes 0:42:24
2023-03-17 10:01:07,827 - INFO - ./outputs/inat21_mini/res50_dynamic_mlp/fold1_latest.pth saved !!!
2023-03-17 10:01:07,828 - INFO - **********latest test***********
2023-03-17 10:01:07,828 - INFO - eval epoch 3
2023-03-17 10:01:10,113 - INFO - Test: [0/782]	Time 2.284 (2.284)	Loss 3.5622 (3.5622)	Acc@1 46.875 (46.875)	Acc@5 75.000 (75.000)
2023-03-17 10:08:26,310 - INFO - Test: [200/782]	Time 2.290 (2.181)	Loss 3.6970 (4.0570)	Acc@1 42.188 (36.692)	Acc@5 73.438 (63.689)
2023-03-17 10:13:31,259 - INFO - Test: [400/782]	Time 0.762 (1.854)	Loss 3.7050 (4.0165)	Acc@1 42.969 (37.519)	Acc@5 70.312 (64.639)
2023-03-17 10:16:07,956 - INFO - Test: [600/782]	Time 0.794 (1.498)	Loss 4.1030 (3.9834)	Acc@1 38.281 (38.363)	Acc@5 61.719 (65.286)
2023-03-17 10:19:31,551 - INFO -  * Acc@1 38.863 Acc@5 65.879
2023-03-17 10:19:31,551 - INFO - Max accuracy: 38.8630%
2023-03-17 10:19:35,340 - INFO - ./outputs/inat21_mini/res50_dynamic_mlp/fold1_best.pth saved !!!
2023-03-17 10:19:35,341 - INFO - Exp path: ./outputs/inat21_mini/res50_dynamic_mlp
2023-03-17 10:19:38,036 - INFO - Train: [4/90][0/3907]	eta 2:55:01 lr 0.03989044	time 2.6878 (2.6878)	loss 4.2017 (4.2017)	acc@1: 36.6878	acc@5: 60.8856	
2023-03-17 10:21:03,477 - INFO - Train: [4/90][300/3907]	eta 0:17:36 lr 0.03989044	time 0.2733 (0.2928)	loss 4.3885 (5.0554)	acc@1: 33.6158	acc@5: 62.7836	
2023-03-17 10:22:48,158 - INFO - Train: [4/90][600/3907]	eta 0:17:40 lr 0.03989044	time 0.9730 (0.3208)	loss 6.9601 (5.1455)	acc@1: 10.5502	acc@5: 18.4415	
2023-03-17 10:24:50,780 - INFO - Train: [4/90][900/3907]	eta 0:17:32 lr 0.03989044	time 0.2725 (0.3501)	loss 6.9962 (5.1251)	acc@1: 8.8590	acc@5: 17.2836	
2023-03-17 10:27:03,120 - INFO - Train: [4/90][1200/3907]	eta 0:16:49 lr 0.03989044	time 0.2750 (0.3728)	loss 4.6382 (5.1166)	acc@1: 43.3933	acc@5: 66.0739	
2023-03-17 10:29:23,158 - INFO - Train: [4/90][1500/3907]	eta 0:15:42 lr 0.03989044	time 0.2732 (0.3916)	loss 6.7190 (5.0925)	acc@1: 12.6080	acc@5: 28.1487	
2023-03-17 10:32:04,390 - INFO - Train: [4/90][1800/3907]	eta 0:14:36 lr 0.03989044	time 0.2719 (0.4159)	loss 3.4900 (5.1107)	acc@1: 49.9053	acc@5: 74.8579	
2023-03-17 10:34:57,282 - INFO - Train: [4/90][2100/3907]	eta 0:13:12 lr 0.03989044	time 0.2724 (0.4388)	loss 5.3379 (5.1037)	acc@1: 31.8304	acc@5: 56.1713	
2023-03-17 10:38:15,582 - INFO - Train: [4/90][2400/3907]	eta 0:11:43 lr 0.03989044	time 0.2724 (0.4666)	loss 5.1637 (5.1048)	acc@1: 35.9081	acc@5: 56.7848	
2023-03-17 10:42:02,207 - INFO - Train: [4/90][2700/3907]	eta 0:10:01 lr 0.03989044	time 1.1331 (0.4986)	loss 4.0918 (5.1056)	acc@1: 39.8984	acc@5: 65.2095	
2023-03-17 10:46:14,927 - INFO - Train: [4/90][3000/3907]	eta 0:08:03 lr 0.03989044	time 0.2759 (0.5330)	loss 3.8100 (5.1078)	acc@1: 43.7422	acc@5: 67.1760	
2023-03-17 10:50:36,259 - INFO - Train: [4/90][3300/3907]	eta 0:05:42 lr 0.03989044	time 5.1144 (0.5637)	loss 6.9776 (5.1063)	acc@1: 10.5825	acc@5: 22.4450	
2023-03-17 10:56:12,002 - INFO - Train: [4/90][3600/3907]	eta 0:03:07 lr 0.03989044	time 0.2705 (0.6100)	loss 4.6903 (5.0970)	acc@1: 35.1280	acc@5: 64.1494	
2023-03-17 11:00:59,522 - INFO - Train: [4/90][3900/3907]	eta 0:00:04 lr 0.03989044	time 0.2730 (0.6368)	loss 6.5985 (5.0935)	acc@1: 14.0817	acc@5: 28.7201	
2023-03-17 11:01:01,133 - INFO - EPOCH 4 training takes 0:41:25
2023-03-17 11:01:04,949 - INFO - ./outputs/inat21_mini/res50_dynamic_mlp/fold1_latest.pth saved !!!
2023-03-17 11:01:04,950 - INFO - **********latest test***********
2023-03-17 11:01:04,950 - INFO - eval epoch 4
2023-03-17 11:01:07,308 - INFO - Test: [0/782]	Time 2.357 (2.357)	Loss 3.4257 (3.4257)	Acc@1 47.656 (47.656)	Acc@5 77.344 (77.344)
2023-03-17 11:08:22,882 - INFO - Test: [200/782]	Time 2.275 (2.179)	Loss 3.6362 (3.8255)	Acc@1 45.312 (41.993)	Acc@5 71.094 (68.287)
2023-03-17 11:13:25,681 - INFO - Test: [400/782]	Time 0.823 (1.847)	Loss 3.6747 (3.7980)	Acc@1 46.094 (42.489)	Acc@5 70.312 (68.919)
2023-03-17 11:16:03,432 - INFO - Test: [600/782]	Time 0.782 (1.495)	Loss 3.8847 (3.7756)	Acc@1 38.281 (42.830)	Acc@5 70.312 (69.471)
2023-03-17 11:19:27,017 - INFO -  * Acc@1 43.526 Acc@5 70.181
2023-03-17 11:19:27,018 - INFO - Max accuracy: 43.5260%
2023-03-17 11:19:30,728 - INFO - ./outputs/inat21_mini/res50_dynamic_mlp/fold1_best.pth saved !!!
2023-03-17 11:19:30,728 - INFO - Exp path: ./outputs/inat21_mini/res50_dynamic_mlp
2023-03-17 11:19:33,334 - INFO - Train: [5/90][0/3907]	eta 2:49:03 lr 0.03980536	time 2.5962 (2.5962)	loss 3.6669 (3.6669)	acc@1: 45.2829	acc@5: 67.9243	
2023-03-17 11:20:57,914 - INFO - Train: [5/90][300/3907]	eta 0:17:24 lr 0.03980536	time 0.2736 (0.2896)	loss 4.5756 (4.8206)	acc@1: 39.3213	acc@5: 63.1950	
2023-03-17 11:22:32,753 - INFO - Train: [5/90][600/3907]	eta 0:16:41 lr 0.03980536	time 0.2747 (0.3028)	loss 5.2178 (4.8881)	acc@1: 30.9538	acc@5: 55.6216	
2023-03-17 11:24:24,786 - INFO - Train: [5/90][900/3907]	eta 0:16:21 lr 0.03980536	time 0.3011 (0.3264)	loss 3.6393 (4.8762)	acc@1: 49.9271	acc@5: 72.2022	
2023-03-17 11:26:34,449 - INFO - Train: [5/90][1200/3907]	eta 0:15:55 lr 0.03980536	time 0.2908 (0.3528)	loss 3.4820 (4.9063)	acc@1: 49.8813	acc@5: 75.6004	
2023-03-17 11:29:02,380 - INFO - Train: [5/90][1500/3907]	eta 0:15:16 lr 0.03980536	time 0.2750 (0.3808)	loss 7.0767 (4.9091)	acc@1: 10.5627	acc@5: 21.2205	
2023-03-17 11:31:48,798 - INFO - Train: [5/90][1800/3907]	eta 0:14:23 lr 0.03980536	time 0.2832 (0.4098)	loss 5.1875 (4.9060)	acc@1: 29.0935	acc@5: 52.8973	
2023-03-17 11:34:49,704 - INFO - Train: [5/90][2100/3907]	eta 0:13:10 lr 0.03980536	time 0.2725 (0.4374)	loss 6.5608 (4.9119)	acc@1: 17.4364	acc@5: 29.6960	
2023-03-17 11:38:15,207 - INFO - Train: [5/90][2400/3907]	eta 0:11:45 lr 0.03980536	time 0.2714 (0.4683)	loss 3.9370 (4.9260)	acc@1: 48.2234	acc@5: 67.3597	
2023-03-17 11:41:58,897 - INFO - Train: [5/90][2700/3907]	eta 0:10:02 lr 0.03980536	time 0.2781 (0.4991)	loss 3.5535 (4.9231)	acc@1: 48.3735	acc@5: 74.4861	
2023-03-17 11:45:57,632 - INFO - Train: [5/90][3000/3907]	eta 0:07:59 lr 0.03980536	time 1.7467 (0.5288)	loss 4.1365 (4.9216)	acc@1: 43.2002	acc@5: 67.3630	
2023-03-17 11:49:59,595 - INFO - Train: [5/90][3300/3907]	eta 0:05:36 lr 0.03980536	time 3.4860 (0.5540)	loss 3.5848 (4.9355)	acc@1: 49.9944	acc@5: 72.6481	
2023-03-17 11:54:19,145 - INFO - Train: [5/90][3600/3907]	eta 0:02:58 lr 0.03980536	time 0.2777 (0.5799)	loss 4.0049 (4.9294)	acc@1: 46.3361	acc@5: 68.7567	
2023-03-17 11:58:58,518 - INFO - Train: [5/90][3900/3907]	eta 0:00:04 lr 0.03980536	time 0.2810 (0.6070)	loss 4.2437 (4.9293)	acc@1: 40.6390	acc@5: 64.2836	
2023-03-17 11:59:00,172 - INFO - EPOCH 5 training takes 0:39:29
2023-03-17 11:59:04,423 - INFO - ./outputs/inat21_mini/res50_dynamic_mlp/fold1_latest.pth saved !!!
2023-03-17 11:59:04,423 - INFO - **********latest test***********
2023-03-17 11:59:04,423 - INFO - eval epoch 5
2023-03-17 11:59:06,718 - INFO - Test: [0/782]	Time 2.294 (2.294)	Loss 3.2793 (3.2793)	Acc@1 45.312 (45.312)	Acc@5 81.250 (81.250)
2023-03-17 12:06:21,782 - INFO - Test: [200/782]	Time 2.288 (2.176)	Loss 3.3590 (3.6267)	Acc@1 48.438 (45.176)	Acc@5 79.688 2023-03-17 12:11:28,268 - INFO - Test: [400/782]	Time 0.790 (1.855)	Loss 3.5219 (3.5890)	Acc@1 48.438 (46.037)	Acc@5 71.875 (72.526)
2023-03-17 12:14:06,355 - INFO - Test: [600/782]	Time 0.785 (1.501)	Loss 3.7212 (3.5593)	Acc@1 45.312 (46.771)	Acc@5 67.969 (73.062)
2023-03-17 12:17:31,960 - INFO -  * Acc@1 47.317 Acc@5 73.639
2023-03-17 12:17:31,961 - INFO - Max accuracy: 47.3170%
2023-03-17 12:17:35,781 - INFO - ./outputs/inat21_mini/res50_dynamic_mlp/fold1_best.pth saved !!!
2023-03-17 12:17:35,781 - INFO - Exp path: ./outputs/inat21_mini/res50_dynamic_mlp
2023-03-17 12:17:38,222 - INFO - Train: [6/90][0/3907]	eta 2:38:24 lr 0.03969616	time 2.4328 (2.4328)	loss 4.1498 (4.1498)	acc@1: 46.0341	acc@5: 68.3938	
2023-03-17 12:19:10,096 - INFO - Train: [6/90][300/3907]	eta 0:18:50 lr 0.03969616	time 0.2731 (0.3133)	loss 3.6676 (4.7658)	acc@1: 47.9963	acc@5: 71.9981	
2023-03-17 12:21:01,408 - INFO - Train: [6/90][600/3907]	eta 0:18:51 lr 0.03969616	time 0.5309 (0.3421)	loss 4.8198 (4.8073)	acc@1: 34.5051	acc@5: 67.0265	
2023-03-17 12:23:10,988 - INFO - Train: [6/90][900/3907]	eta 0:18:38 lr 0.03969616	time 0.2731 (0.3720)	loss 6.8542 (4.8186)	acc@1: 9.1906	acc@5: 20.7707	
2023-03-17 12:25:35,324 - INFO - Train: [6/90][1200/3907]	eta 0:18:00 lr 0.03969616	time 0.2723 (0.3993)	loss 4.7943 (4.8056)	acc@1: 39.9806	acc@5: 58.5923	
2023-03-17 12:28:11,385 - INFO - Train: [6/90][1500/3907]	eta 0:16:59 lr 0.03969616	time 0.2738 (0.4234)	loss 3.5588 (4.8003)	acc@1: 53.6667	acc@5: 76.2192	
2023-03-17 12:31:02,421 - INFO - Train: [6/90][1800/3907]	eta 0:15:43 lr 0.03969616	time 0.2721 (0.4479)	loss 4.4622 (4.8122)	acc@1: 47.1566	acc@5: 62.8424	
2023-03-17 12:34:09,863 - INFO - Train: [6/90][2100/3907]	eta 0:14:14 lr 0.03969616	time 0.2798 (0.4731)	loss 4.3894 (4.8145)	acc@1: 41.4841	acc@5: 68.6864	
2023-03-17 12:37:41,579 - INFO - Train: [6/90][2400/3907]	eta 0:12:36 lr 0.03969616	time 1.2103 (0.5022)	loss 5.0190 (4.8298)	acc@1: 37.6809	acc@5: 58.7664	
2023-03-17 12:41:41,913 - INFO - Train: [6/90][2700/3907]	eta 0:10:46 lr 0.03969616	time 3.7728 (0.5354)	loss 4.5161 (4.8222)	acc@1: 42.7692	acc@5: 63.1021	
2023-03-17 12:45:42,543 - INFO - Train: [6/90][3000/3907]	eta 0:08:29 lr 0.03969616	time 0.2829 (0.5621)	loss 5.1453 (4.8243)	acc@1: 42.9351	acc@5: 60.2925	
2023-03-17 12:49:58,657 - INFO - Train: [6/90][3300/3907]	eta 0:05:57 lr 0.03969616	time 0.2719 (0.5886)	loss 4.8640 (4.8223)	acc@1: 40.2726	acc@5: 64.1611	
2023-03-17 12:54:36,239 - INFO - Train: [6/90][3600/3907]	eta 0:03:09 lr 0.03969616	time 0.2847 (0.6166)	loss 6.7024 (4.8202)	acc@1: 11.6428	acc@5: 25.2978	
2023-03-17 12:59:26,569 - INFO - Train: [6/90][3900/3907]	eta 0:00:04 lr 0.03969616	time 0.2825 (0.6436)	loss 6.2348 (4.8272)	acc@1: 19.8667	acc@5: 32.5606	
2023-03-17 12:59:29,031 - INFO - EPOCH 6 training takes 0:41:53
2023-03-17 12:59:32,804 - INFO - ./outputs/inat21_mini/res50_dynamic_mlp/fold1_latest.pth saved !!!
2023-03-17 12:59:32,804 - INFO - **********latest test***********
2023-03-17 12:59:32,805 - INFO - eval epoch 6
2023-03-17 12:59:35,152 - INFO - Test: [0/782]	Time 2.347 (2.347)	Loss 2.8909 (2.8909)	Acc@1 61.719 (61.719)	Acc@5 86.719 (86.719)
2023-03-17 13:06:48,330 - INFO - Test: [200/782]	Time 2.306 (2.167)	Loss 3.3343 (3.5190)	Acc@1 52.344 (48.134)	Acc@5 74.219 (73.958)
